<?xml version="1.0" encoding="UTF-8"?>
<testsuite xmlns:xsi="http://www.w3.org/2001/XMLSchema-instance" xsi:noNamespaceSchemaLocation="https://maven.apache.org/surefire/maven-surefire-plugin/xsd/surefire-test-report-3.0.xsd" version="3.0" name="uk.ac.ed.inf.pizzadrone.controllerUnitTest.CalcDeliveryPathControllerTest" time="1.206" tests="1" errors="0" skipped="0" failures="0">
  <properties>
    <property name="java.specification.version" value="22"/>
    <property name="sun.cpu.isalist" value="amd64"/>
    <property name="sun.jnu.encoding" value="Cp1252"/>
    <property name="java.class.path" value="C:\Users\13785\OneDrive\Desktop\s2465111ILP\target\test-classes;C:\Users\13785\OneDrive\Desktop\s2465111ILP\target\classes;C:\Users\13785\.m2\repository\org\springframework\boot\spring-boot-starter-web\3.3.4\spring-boot-starter-web-3.3.4.jar;C:\Users\13785\.m2\repository\org\springframework\boot\spring-boot-starter\3.3.4\spring-boot-starter-3.3.4.jar;C:\Users\13785\.m2\repository\org\springframework\boot\spring-boot\3.3.4\spring-boot-3.3.4.jar;C:\Users\13785\.m2\repository\org\springframework\boot\spring-boot-autoconfigure\3.3.4\spring-boot-autoconfigure-3.3.4.jar;C:\Users\13785\.m2\repository\org\springframework\boot\spring-boot-starter-logging\3.3.4\spring-boot-starter-logging-3.3.4.jar;C:\Users\13785\.m2\repository\ch\qos\logback\logback-classic\1.5.8\logback-classic-1.5.8.jar;C:\Users\13785\.m2\repository\ch\qos\logback\logback-core\1.5.8\logback-core-1.5.8.jar;C:\Users\13785\.m2\repository\org\apache\logging\log4j\log4j-to-slf4j\2.23.1\log4j-to-slf4j-2.23.1.jar;C:\Users\13785\.m2\repository\org\apache\logging\log4j\log4j-api\2.23.1\log4j-api-2.23.1.jar;C:\Users\13785\.m2\repository\org\slf4j\jul-to-slf4j\2.0.16\jul-to-slf4j-2.0.16.jar;C:\Users\13785\.m2\repository\jakarta\annotation\jakarta.annotation-api\2.1.1\jakarta.annotation-api-2.1.1.jar;C:\Users\13785\.m2\repository\org\yaml\snakeyaml\2.2\snakeyaml-2.2.jar;C:\Users\13785\.m2\repository\org\springframework\boot\spring-boot-starter-json\3.3.4\spring-boot-starter-json-3.3.4.jar;C:\Users\13785\.m2\repository\com\fasterxml\jackson\datatype\jackson-datatype-jdk8\2.17.2\jackson-datatype-jdk8-2.17.2.jar;C:\Users\13785\.m2\repository\com\fasterxml\jackson\datatype\jackson-datatype-jsr310\2.17.2\jackson-datatype-jsr310-2.17.2.jar;C:\Users\13785\.m2\repository\com\fasterxml\jackson\module\jackson-module-parameter-names\2.17.2\jackson-module-parameter-names-2.17.2.jar;C:\Users\13785\.m2\repository\org\springframework\boot\spring-boot-starter-tomcat\3.3.4\spring-boot-starter-tomcat-3.3.4.jar;C:\Users\13785\.m2\repository\org\apache\tomcat\embed\tomcat-embed-core\10.1.30\tomcat-embed-core-10.1.30.jar;C:\Users\13785\.m2\repository\org\apache\tomcat\embed\tomcat-embed-el\10.1.30\tomcat-embed-el-10.1.30.jar;C:\Users\13785\.m2\repository\org\apache\tomcat\embed\tomcat-embed-websocket\10.1.30\tomcat-embed-websocket-10.1.30.jar;C:\Users\13785\.m2\repository\org\springframework\spring-web\6.1.13\spring-web-6.1.13.jar;C:\Users\13785\.m2\repository\org\springframework\spring-beans\6.1.13\spring-beans-6.1.13.jar;C:\Users\13785\.m2\repository\io\micrometer\micrometer-observation\1.13.4\micrometer-observation-1.13.4.jar;C:\Users\13785\.m2\repository\io\micrometer\micrometer-commons\1.13.4\micrometer-commons-1.13.4.jar;C:\Users\13785\.m2\repository\org\springframework\spring-webmvc\6.1.13\spring-webmvc-6.1.13.jar;C:\Users\13785\.m2\repository\org\springframework\spring-aop\6.1.13\spring-aop-6.1.13.jar;C:\Users\13785\.m2\repository\org\springframework\spring-context\6.1.13\spring-context-6.1.13.jar;C:\Users\13785\.m2\repository\org\springframework\spring-expression\6.1.13\spring-expression-6.1.13.jar;C:\Users\13785\.m2\repository\org\springframework\boot\spring-boot-starter-test\3.3.4\spring-boot-starter-test-3.3.4.jar;C:\Users\13785\.m2\repository\org\springframework\boot\spring-boot-test\3.3.4\spring-boot-test-3.3.4.jar;C:\Users\13785\.m2\repository\org\springframework\boot\spring-boot-test-autoconfigure\3.3.4\spring-boot-test-autoconfigure-3.3.4.jar;C:\Users\13785\.m2\repository\com\jayway\jsonpath\json-path\2.9.0\json-path-2.9.0.jar;C:\Users\13785\.m2\repository\org\slf4j\slf4j-api\2.0.16\slf4j-api-2.0.16.jar;C:\Users\13785\.m2\repository\jakarta\xml\bind\jakarta.xml.bind-api\4.0.2\jakarta.xml.bind-api-4.0.2.jar;C:\Users\13785\.m2\repository\jakarta\activation\jakarta.activation-api\2.1.3\jakarta.activation-api-2.1.3.jar;C:\Users\13785\.m2\repository\net\minidev\json-smart\2.5.1\json-smart-2.5.1.jar;C:\Users\13785\.m2\repository\net\minidev\accessors-smart\2.5.1\accessors-smart-2.5.1.jar;C:\Users\13785\.m2\repository\org\ow2\asm\asm\9.6\asm-9.6.jar;C:\Users\13785\.m2\repository\org\assertj\assertj-core\3.25.3\assertj-core-3.25.3.jar;C:\Users\13785\.m2\repository\org\awaitility\awaitility\4.2.2\awaitility-4.2.2.jar;C:\Users\13785\.m2\repository\org\junit\jupiter\junit-jupiter\5.10.3\junit-jupiter-5.10.3.jar;C:\Users\13785\.m2\repository\org\junit\jupiter\junit-jupiter-api\5.10.3\junit-jupiter-api-5.10.3.jar;C:\Users\13785\.m2\repository\org\opentest4j\opentest4j\1.3.0\opentest4j-1.3.0.jar;C:\Users\13785\.m2\repository\org\junit\platform\junit-platform-commons\1.10.3\junit-platform-commons-1.10.3.jar;C:\Users\13785\.m2\repository\org\apiguardian\apiguardian-api\1.1.2\apiguardian-api-1.1.2.jar;C:\Users\13785\.m2\repository\org\junit\jupiter\junit-jupiter-params\5.10.3\junit-jupiter-params-5.10.3.jar;C:\Users\13785\.m2\repository\org\junit\jupiter\junit-jupiter-engine\5.10.3\junit-jupiter-engine-5.10.3.jar;C:\Users\13785\.m2\repository\org\junit\platform\junit-platform-engine\1.10.3\junit-platform-engine-1.10.3.jar;C:\Users\13785\.m2\repository\org\mockito\mockito-junit-jupiter\5.11.0\mockito-junit-jupiter-5.11.0.jar;C:\Users\13785\.m2\repository\org\skyscreamer\jsonassert\1.5.3\jsonassert-1.5.3.jar;C:\Users\13785\.m2\repository\com\vaadin\external\google\android-json\0.0.20131108.vaadin1\android-json-0.0.20131108.vaadin1.jar;C:\Users\13785\.m2\repository\org\springframework\spring-core\6.1.13\spring-core-6.1.13.jar;C:\Users\13785\.m2\repository\org\springframework\spring-jcl\6.1.13\spring-jcl-6.1.13.jar;C:\Users\13785\.m2\repository\org\springframework\spring-test\6.1.13\spring-test-6.1.13.jar;C:\Users\13785\.m2\repository\org\xmlunit\xmlunit-core\2.9.1\xmlunit-core-2.9.1.jar;C:\Users\13785\.m2\repository\com\google\code\gson\gson\2.8.9\gson-2.8.9.jar;C:\Users\13785\.m2\repository\com\fasterxml\jackson\core\jackson-databind\2.15.2\jackson-databind-2.15.2.jar;C:\Users\13785\.m2\repository\com\fasterxml\jackson\core\jackson-annotations\2.17.2\jackson-annotations-2.17.2.jar;C:\Users\13785\.m2\repository\com\fasterxml\jackson\core\jackson-core\2.17.2\jackson-core-2.17.2.jar;C:\Users\13785\.m2\repository\org\mockito\mockito-core\4.11.0\mockito-core-4.11.0.jar;C:\Users\13785\.m2\repository\net\bytebuddy\byte-buddy\1.14.19\byte-buddy-1.14.19.jar;C:\Users\13785\.m2\repository\net\bytebuddy\byte-buddy-agent\1.14.19\byte-buddy-agent-1.14.19.jar;C:\Users\13785\.m2\repository\org\objenesis\objenesis\3.3\objenesis-3.3.jar;C:\Users\13785\.m2\repository\org\hamcrest\hamcrest\2.2\hamcrest-2.2.jar;"/>
    <property name="java.vm.vendor" value="Oracle Corporation"/>
    <property name="sun.arch.data.model" value="64"/>
    <property name="user.variant" value=""/>
    <property name="java.vendor.url" value="https://java.oracle.com/"/>
    <property name="user.timezone" value="Europe/London"/>
    <property name="os.name" value="Windows 11"/>
    <property name="java.vm.specification.version" value="22"/>
    <property name="sun.java.launcher" value="SUN_STANDARD"/>
    <property name="user.country" value="CN"/>
    <property name="sun.boot.library.path" value="C:\Program Files\Java\jdk-22\bin"/>
    <property name="sun.java.command" value="C:\Users\13785\AppData\Local\Temp\surefire8997216769398622572\surefirebooter-20250116165812009_3.jar C:\Users\13785\AppData\Local\Temp\surefire8997216769398622572 2025-01-16T16-58-11_703-jvmRun1 surefire-20250116165812009_1tmp surefire_0-20250116165812009_2tmp"/>
    <property name="jdk.debug" value="release"/>
    <property name="surefire.test.class.path" value="C:\Users\13785\OneDrive\Desktop\s2465111ILP\target\test-classes;C:\Users\13785\OneDrive\Desktop\s2465111ILP\target\classes;C:\Users\13785\.m2\repository\org\springframework\boot\spring-boot-starter-web\3.3.4\spring-boot-starter-web-3.3.4.jar;C:\Users\13785\.m2\repository\org\springframework\boot\spring-boot-starter\3.3.4\spring-boot-starter-3.3.4.jar;C:\Users\13785\.m2\repository\org\springframework\boot\spring-boot\3.3.4\spring-boot-3.3.4.jar;C:\Users\13785\.m2\repository\org\springframework\boot\spring-boot-autoconfigure\3.3.4\spring-boot-autoconfigure-3.3.4.jar;C:\Users\13785\.m2\repository\org\springframework\boot\spring-boot-starter-logging\3.3.4\spring-boot-starter-logging-3.3.4.jar;C:\Users\13785\.m2\repository\ch\qos\logback\logback-classic\1.5.8\logback-classic-1.5.8.jar;C:\Users\13785\.m2\repository\ch\qos\logback\logback-core\1.5.8\logback-core-1.5.8.jar;C:\Users\13785\.m2\repository\org\apache\logging\log4j\log4j-to-slf4j\2.23.1\log4j-to-slf4j-2.23.1.jar;C:\Users\13785\.m2\repository\org\apache\logging\log4j\log4j-api\2.23.1\log4j-api-2.23.1.jar;C:\Users\13785\.m2\repository\org\slf4j\jul-to-slf4j\2.0.16\jul-to-slf4j-2.0.16.jar;C:\Users\13785\.m2\repository\jakarta\annotation\jakarta.annotation-api\2.1.1\jakarta.annotation-api-2.1.1.jar;C:\Users\13785\.m2\repository\org\yaml\snakeyaml\2.2\snakeyaml-2.2.jar;C:\Users\13785\.m2\repository\org\springframework\boot\spring-boot-starter-json\3.3.4\spring-boot-starter-json-3.3.4.jar;C:\Users\13785\.m2\repository\com\fasterxml\jackson\datatype\jackson-datatype-jdk8\2.17.2\jackson-datatype-jdk8-2.17.2.jar;C:\Users\13785\.m2\repository\com\fasterxml\jackson\datatype\jackson-datatype-jsr310\2.17.2\jackson-datatype-jsr310-2.17.2.jar;C:\Users\13785\.m2\repository\com\fasterxml\jackson\module\jackson-module-parameter-names\2.17.2\jackson-module-parameter-names-2.17.2.jar;C:\Users\13785\.m2\repository\org\springframework\boot\spring-boot-starter-tomcat\3.3.4\spring-boot-starter-tomcat-3.3.4.jar;C:\Users\13785\.m2\repository\org\apache\tomcat\embed\tomcat-embed-core\10.1.30\tomcat-embed-core-10.1.30.jar;C:\Users\13785\.m2\repository\org\apache\tomcat\embed\tomcat-embed-el\10.1.30\tomcat-embed-el-10.1.30.jar;C:\Users\13785\.m2\repository\org\apache\tomcat\embed\tomcat-embed-websocket\10.1.30\tomcat-embed-websocket-10.1.30.jar;C:\Users\13785\.m2\repository\org\springframework\spring-web\6.1.13\spring-web-6.1.13.jar;C:\Users\13785\.m2\repository\org\springframework\spring-beans\6.1.13\spring-beans-6.1.13.jar;C:\Users\13785\.m2\repository\io\micrometer\micrometer-observation\1.13.4\micrometer-observation-1.13.4.jar;C:\Users\13785\.m2\repository\io\micrometer\micrometer-commons\1.13.4\micrometer-commons-1.13.4.jar;C:\Users\13785\.m2\repository\org\springframework\spring-webmvc\6.1.13\spring-webmvc-6.1.13.jar;C:\Users\13785\.m2\repository\org\springframework\spring-aop\6.1.13\spring-aop-6.1.13.jar;C:\Users\13785\.m2\repository\org\springframework\spring-context\6.1.13\spring-context-6.1.13.jar;C:\Users\13785\.m2\repository\org\springframework\spring-expression\6.1.13\spring-expression-6.1.13.jar;C:\Users\13785\.m2\repository\org\springframework\boot\spring-boot-starter-test\3.3.4\spring-boot-starter-test-3.3.4.jar;C:\Users\13785\.m2\repository\org\springframework\boot\spring-boot-test\3.3.4\spring-boot-test-3.3.4.jar;C:\Users\13785\.m2\repository\org\springframework\boot\spring-boot-test-autoconfigure\3.3.4\spring-boot-test-autoconfigure-3.3.4.jar;C:\Users\13785\.m2\repository\com\jayway\jsonpath\json-path\2.9.0\json-path-2.9.0.jar;C:\Users\13785\.m2\repository\org\slf4j\slf4j-api\2.0.16\slf4j-api-2.0.16.jar;C:\Users\13785\.m2\repository\jakarta\xml\bind\jakarta.xml.bind-api\4.0.2\jakarta.xml.bind-api-4.0.2.jar;C:\Users\13785\.m2\repository\jakarta\activation\jakarta.activation-api\2.1.3\jakarta.activation-api-2.1.3.jar;C:\Users\13785\.m2\repository\net\minidev\json-smart\2.5.1\json-smart-2.5.1.jar;C:\Users\13785\.m2\repository\net\minidev\accessors-smart\2.5.1\accessors-smart-2.5.1.jar;C:\Users\13785\.m2\repository\org\ow2\asm\asm\9.6\asm-9.6.jar;C:\Users\13785\.m2\repository\org\assertj\assertj-core\3.25.3\assertj-core-3.25.3.jar;C:\Users\13785\.m2\repository\org\awaitility\awaitility\4.2.2\awaitility-4.2.2.jar;C:\Users\13785\.m2\repository\org\junit\jupiter\junit-jupiter\5.10.3\junit-jupiter-5.10.3.jar;C:\Users\13785\.m2\repository\org\junit\jupiter\junit-jupiter-api\5.10.3\junit-jupiter-api-5.10.3.jar;C:\Users\13785\.m2\repository\org\opentest4j\opentest4j\1.3.0\opentest4j-1.3.0.jar;C:\Users\13785\.m2\repository\org\junit\platform\junit-platform-commons\1.10.3\junit-platform-commons-1.10.3.jar;C:\Users\13785\.m2\repository\org\apiguardian\apiguardian-api\1.1.2\apiguardian-api-1.1.2.jar;C:\Users\13785\.m2\repository\org\junit\jupiter\junit-jupiter-params\5.10.3\junit-jupiter-params-5.10.3.jar;C:\Users\13785\.m2\repository\org\junit\jupiter\junit-jupiter-engine\5.10.3\junit-jupiter-engine-5.10.3.jar;C:\Users\13785\.m2\repository\org\junit\platform\junit-platform-engine\1.10.3\junit-platform-engine-1.10.3.jar;C:\Users\13785\.m2\repository\org\mockito\mockito-junit-jupiter\5.11.0\mockito-junit-jupiter-5.11.0.jar;C:\Users\13785\.m2\repository\org\skyscreamer\jsonassert\1.5.3\jsonassert-1.5.3.jar;C:\Users\13785\.m2\repository\com\vaadin\external\google\android-json\0.0.20131108.vaadin1\android-json-0.0.20131108.vaadin1.jar;C:\Users\13785\.m2\repository\org\springframework\spring-core\6.1.13\spring-core-6.1.13.jar;C:\Users\13785\.m2\repository\org\springframework\spring-jcl\6.1.13\spring-jcl-6.1.13.jar;C:\Users\13785\.m2\repository\org\springframework\spring-test\6.1.13\spring-test-6.1.13.jar;C:\Users\13785\.m2\repository\org\xmlunit\xmlunit-core\2.9.1\xmlunit-core-2.9.1.jar;C:\Users\13785\.m2\repository\com\google\code\gson\gson\2.8.9\gson-2.8.9.jar;C:\Users\13785\.m2\repository\com\fasterxml\jackson\core\jackson-databind\2.15.2\jackson-databind-2.15.2.jar;C:\Users\13785\.m2\repository\com\fasterxml\jackson\core\jackson-annotations\2.17.2\jackson-annotations-2.17.2.jar;C:\Users\13785\.m2\repository\com\fasterxml\jackson\core\jackson-core\2.17.2\jackson-core-2.17.2.jar;C:\Users\13785\.m2\repository\org\mockito\mockito-core\4.11.0\mockito-core-4.11.0.jar;C:\Users\13785\.m2\repository\net\bytebuddy\byte-buddy\1.14.19\byte-buddy-1.14.19.jar;C:\Users\13785\.m2\repository\net\bytebuddy\byte-buddy-agent\1.14.19\byte-buddy-agent-1.14.19.jar;C:\Users\13785\.m2\repository\org\objenesis\objenesis\3.3\objenesis-3.3.jar;C:\Users\13785\.m2\repository\org\hamcrest\hamcrest\2.2\hamcrest-2.2.jar;"/>
    <property name="sun.cpu.endian" value="little"/>
    <property name="user.home" value="C:\Users\13785"/>
    <property name="user.language" value="zh"/>
    <property name="java.specification.vendor" value="Oracle Corporation"/>
    <property name="java.version.date" value="2024-04-16"/>
    <property name="java.home" value="C:\Program Files\Java\jdk-22"/>
    <property name="file.separator" value="\"/>
    <property name="basedir" value="C:\Users\13785\OneDrive\Desktop\s2465111ILP"/>
    <property name="java.vm.compressedOopsMode" value="Zero based"/>
    <property name="line.separator" value="&#10;"/>
    <property name="java.vm.specification.vendor" value="Oracle Corporation"/>
    <property name="java.specification.name" value="Java Platform API Specification"/>
    <property name="FILE_LOG_CHARSET" value="UTF-8"/>
    <property name="java.awt.headless" value="true"/>
    <property name="surefire.real.class.path" value="C:\Users\13785\AppData\Local\Temp\surefire8997216769398622572\surefirebooter-20250116165812009_3.jar"/>
    <property name="user.script" value=""/>
    <property name="sun.management.compiler" value="HotSpot 64-Bit Tiered Compilers"/>
    <property name="java.runtime.version" value="22.0.1+8-16"/>
    <property name="user.name" value="13785"/>
    <property name="stdout.encoding" value="Cp1252"/>
    <property name="path.separator" value=";"/>
    <property name="os.version" value="10.0"/>
    <property name="java.runtime.name" value="Java(TM) SE Runtime Environment"/>
    <property name="file.encoding" value="UTF-8"/>
    <property name="java.vm.name" value="Java HotSpot(TM) 64-Bit Server VM"/>
    <property name="localRepository" value="C:\Users\13785\.m2\repository"/>
    <property name="java.vendor.url.bug" value="https://bugreport.java.com/bugreport/"/>
    <property name="java.io.tmpdir" value="C:\Users\13785\AppData\Local\Temp\"/>
    <property name="idea.version" value="2024.1"/>
    <property name="java.version" value="22.0.1"/>
    <property name="user.dir" value="C:\Users\13785\OneDrive\Desktop\s2465111ILP"/>
    <property name="os.arch" value="amd64"/>
    <property name="java.vm.specification.name" value="Java Virtual Machine Specification"/>
    <property name="PID" value="26144"/>
    <property name="sun.os.patch.level" value=""/>
    <property name="CONSOLE_LOG_CHARSET" value="UTF-8"/>
    <property name="native.encoding" value="Cp1252"/>
    <property name="java.library.path" value="C:\Program Files\Java\jdk-22\bin;C:\Windows\Sun\Java\bin;C:\Windows\system32;C:\Windows;C:\Program Files\Common Files\Oracle\Java\javapath;C:\Windows\system32;C:\Windows;C:\Windows\System32\Wbem;C:\Windows\System32\WindowsPowerShell\v1.0\;C:\Windows\System32\OpenSSH\;C:\Program Files\dotnet\;C:\Program Files\Java\jdk-21\\bin;C:\Program Files\Docker\Docker\resources\bin;C:\Program Files\Git\cmd;C:\Users\13785\AppData\Local\Programs\Python\Python312\Scripts\;C:\Users\13785\AppData\Local\Programs\Python\Python312\;C:\Users\13785\AppData\Local\Programs\Python\Launcher\;C:\Users\13785\AppData\Local\Microsoft\WindowsApps;C:\Users\13785\AppData\Local\Programs\Microsoft VS Code\bin;C:\Program Files\JetBrains\IntelliJ IDEA 2024.1\bin;;C:\Program Files\JetBrains\PyCharm Community Edition 2024.1\bin;;C:\Program Files\JetBrains\PyCharm 2024.1\bin;;C:\Users\13785\AppData\Local\GitHubDesktop\bin;."/>
    <property name="java.vm.info" value="mixed mode, sharing"/>
    <property name="stderr.encoding" value="Cp1252"/>
    <property name="java.vendor" value="Oracle Corporation"/>
    <property name="java.vm.version" value="22.0.1+8-16"/>
    <property name="sun.io.unicode.encoding" value="UnicodeLittle"/>
    <property name="java.class.version" value="66.0"/>
    <property name="LOGGED_APPLICATION_NAME" value="[PizzaDrone] "/>
  </properties>
  <testcase name="testCalcDeliveryPaths" classname="uk.ac.ed.inf.pizzadrone.controllerUnitTest.CalcDeliveryPathControllerTest" time="0.297">
    <system-out><![CDATA[2025-01-16T16:58:20.388Z  INFO 26144 --- [PizzaDrone] [           main] t.c.s.AnnotationConfigContextLoaderUtils : Could not detect default configuration classes for test class [uk.ac.ed.inf.pizzadrone.controllerUnitTest.CalcDeliveryPathControllerTest]: CalcDeliveryPathControllerTest does not declare any static, non-private, non-final, nested classes annotated with @Configuration.
2025-01-16T16:58:20.394Z  INFO 26144 --- [PizzaDrone] [           main] .b.t.c.SpringBootTestContextBootstrapper : Found @SpringBootConfiguration uk.ac.ed.inf.pizzadrone.PizzaDroneApplication for test class uk.ac.ed.inf.pizzadrone.controllerUnitTest.CalcDeliveryPathControllerTest

  .   ____          _            __ _ _
 /\\ / ___'_ __ _ _(_)_ __  __ _ \ \ \ \
( ( )\___ | '_ | '_| | '_ \/ _` | \ \ \ \
 \\/  ___)| |_)| | | | | || (_| |  ) ) ) )
  '  |____| .__|_| |_|_| |_\__, | / / / /
 =========|_|==============|___/=/_/_/_/

 :: Spring Boot ::                (v3.3.4)

2025-01-16T16:58:20.505Z  INFO 26144 --- [PizzaDrone] [           main] a.e.i.p.c.CalcDeliveryPathControllerTest : Starting CalcDeliveryPathControllerTest using Java 22.0.1 with PID 26144 (started by 13785 in C:\Users\13785\OneDrive\Desktop\s2465111ILP)
2025-01-16T16:58:20.506Z  INFO 26144 --- [PizzaDrone] [           main] a.e.i.p.c.CalcDeliveryPathControllerTest : No active profile set, falling back to 1 default profile: "default"
2025-01-16T16:58:21.276Z  INFO 26144 --- [PizzaDrone] [           main] a.e.i.p.c.CalcDeliveryPathControllerTest : Started CalcDeliveryPathControllerTest in 0.87 seconds (process running for 9.015)
2025-01-16T16:58:21.320Z  INFO 26144 --- [PizzaDrone] [           main] o.s.mock.web.MockServletContext          : Initializing Spring TestDispatcherServlet ''
2025-01-16T16:58:21.320Z  INFO 26144 --- [PizzaDrone] [           main] o.s.t.web.servlet.TestDispatcherServlet  : Initializing Servlet ''
2025-01-16T16:58:21.321Z  INFO 26144 --- [PizzaDrone] [           main] o.s.t.web.servlet.TestDispatcherServlet  : Completed initialization in 1 ms
2025-01-16T16:58:21.432Z  WARN 26144 --- [PizzaDrone] [           main] a.e.i.p.c.CalcDeliveryPathControllerTest : Skipping order due to missing 'valid' field: {orderNo=0432B7BB, orderDate=2025-01-16, orderStatus=INVALID, orderValidationCode=CARD_NUMBER_INVALID, priceTotalInPence=2400, pizzasInOrder=[{name=R3: Super Cheese, priceInPence=1400}, {name=R3: All Shrooms, priceInPence=900}], creditCardInformation={creditCardNumber=315516, creditCardExpiry=01/26, cvv=395}}
2025-01-16T16:58:21.433Z  WARN 26144 --- [PizzaDrone] [           main] a.e.i.p.c.CalcDeliveryPathControllerTest : Skipping order due to missing 'valid' field: {orderNo=49CEBFE2, orderDate=2025-01-16, orderStatus=INVALID, orderValidationCode=EXPIRY_DATE_INVALID, priceTotalInPence=2400, pizzasInOrder=[{name=R3: Super Cheese, priceInPence=1400}, {name=R3: All Shrooms, priceInPence=900}], creditCardInformation={creditCardNumber=5384306995608086, creditCardExpiry=16/11, cvv=284}}
2025-01-16T16:58:21.433Z  WARN 26144 --- [PizzaDrone] [           main] a.e.i.p.c.CalcDeliveryPathControllerTest : Skipping order due to missing 'valid' field: {orderNo=4C819EB1, orderDate=2025-01-16, orderStatus=INVALID, orderValidationCode=CVV_INVALID, priceTotalInPence=2400, pizzasInOrder=[{name=R3: Super Cheese, priceInPence=1400}, {name=R3: All Shrooms, priceInPence=900}], creditCardInformation={creditCardNumber=5184418681979374, creditCardExpiry=03/25, cvv=59710}}
2025-01-16T16:58:21.433Z  WARN 26144 --- [PizzaDrone] [           main] a.e.i.p.c.CalcDeliveryPathControllerTest : Skipping order due to missing 'valid' field: {orderNo=37ED2A32, orderDate=2025-01-16, orderStatus=INVALID, orderValidationCode=TOTAL_INCORRECT, priceTotalInPence=2323, pizzasInOrder=[{name=R3: Super Cheese, priceInPence=1400}, {name=R3: All Shrooms, priceInPence=900}], creditCardInformation={creditCardNumber=4978586835242627, creditCardExpiry=12/25, cvv=712}}
2025-01-16T16:58:21.433Z  WARN 26144 --- [PizzaDrone] [           main] a.e.i.p.c.CalcDeliveryPathControllerTest : Skipping order due to missing 'valid' field: {orderNo=1C41925C, orderDate=2025-01-16, orderStatus=INVALID, orderValidationCode=PIZZA_NOT_DEFINED, priceTotalInPence=498705280, pizzasInOrder=[{name=R7: Hot, hotter, the hottest, priceInPence=1400}, {name=R7: All you ever wanted, priceInPence=900}, {name=Pizza-Surprise , priceInPence=498702880}], creditCardInformation={creditCardNumber=4757090678689470, creditCardExpiry=09/25, cvv=884}}
2025-01-16T16:58:21.434Z  WARN 26144 --- [PizzaDrone] [           main] a.e.i.p.c.CalcDeliveryPathControllerTest : Skipping order due to missing 'valid' field: {orderNo=747AA78E, orderDate=2025-01-16, orderStatus=INVALID, orderValidationCode=MAX_PIZZA_COUNT_EXCEEDED, priceTotalInPence=8200, pizzasInOrder=[{name=R2: Meat Lover, priceInPence=1400}, {name=R2: Vegan Delight, priceInPence=1100}, {name=R2: Meat Lover, priceInPence=1400}, {name=R2: Meat Lover, priceInPence=1400}, {name=R2: Meat Lover, priceInPence=1400}, {name=R2: Meat Lover, priceInPence=1400}], creditCardInformation={creditCardNumber=4098666711234081, creditCardExpiry=05/25, cvv=283}}
2025-01-16T16:58:21.434Z  WARN 26144 --- [PizzaDrone] [           main] a.e.i.p.c.CalcDeliveryPathControllerTest : Skipping order due to missing 'valid' field: {orderNo=6567EC9D, orderDate=2025-01-16, orderStatus=INVALID, orderValidationCode=PIZZA_FROM_MULTIPLE_RESTAURANTS, priceTotalInPence=3800, pizzasInOrder=[{name=R5: Pizza Dream, priceInPence=1400}, {name=R5: My kind of pizza, priceInPence=900}, {name=R2: Meat Lover, priceInPence=1400}], creditCardInformation={creditCardNumber=4660697408655732, creditCardExpiry=09/25, cvv=207}}
2025-01-16T16:58:21.434Z  WARN 26144 --- [PizzaDrone] [           main] a.e.i.p.c.CalcDeliveryPathControllerTest : Skipping order due to missing 'valid' field: {orderNo=4A9C1ACA, orderDate=2025-01-16, orderStatus=INVALID, orderValidationCode=RESTAURANT_CLOSED, priceTotalInPence=1100, pizzasInOrder=[{name=R1: Margarita, priceInPence=1000}], creditCardInformation={creditCardNumber=4903617705650118, creditCardExpiry=08/25, cvv=073}}
2025-01-16T16:58:21.434Z  WARN 26144 --- [PizzaDrone] [           main] a.e.i.p.c.CalcDeliveryPathControllerTest : Skipping order due to missing 'valid' field: {orderNo=0CA0D236, orderDate=2025-01-16, orderStatus=INVALID, orderValidationCode=PRICE_FOR_PIZZA_INVALID, priceTotalInPence=2500, pizzasInOrder=[{name=R3: All Shrooms, priceInPence=900}, {name=R3: Super Cheese, priceInPence=1500}], creditCardInformation={creditCardNumber=5491586837494544, creditCardExpiry=11/25, cvv=744}}
2025-01-16T16:58:21.434Z  WARN 26144 --- [PizzaDrone] [           main] a.e.i.p.c.CalcDeliveryPathControllerTest : Skipping order due to missing 'valid' field: {orderNo=738E0A3E, orderDate=2025-01-16, orderStatus=INVALID, orderValidationCode=EMPTY_ORDER, priceTotalInPence=100, pizzasInOrder=[], creditCardInformation={creditCardNumber=4936937225999089, creditCardExpiry=12/25, cvv=205}}
2025-01-16T16:58:21.434Z  WARN 26144 --- [PizzaDrone] [           main] a.e.i.p.c.CalcDeliveryPathControllerTest : Skipping order due to missing 'valid' field: {orderNo=0E76668B, orderDate=2025-01-17, orderStatus=INVALID, orderValidationCode=CARD_NUMBER_INVALID, priceTotalInPence=2400, pizzasInOrder=[{name=R7: Hot, hotter, the hottest, priceInPence=1400}, {name=R7: All you ever wanted, priceInPence=900}], creditCardInformation={creditCardNumber=699414871, creditCardExpiry=03/25, cvv=093}}
2025-01-16T16:58:21.435Z  WARN 26144 --- [PizzaDrone] [           main] a.e.i.p.c.CalcDeliveryPathControllerTest : Skipping order due to missing 'valid' field: {orderNo=032B7564, orderDate=2025-01-17, orderStatus=INVALID, orderValidationCode=EXPIRY_DATE_INVALID, priceTotalInPence=2400, pizzasInOrder=[{name=R3: Super Cheese, priceInPence=1400}, {name=R3: All Shrooms, priceInPence=900}], creditCardInformation={creditCardNumber=4549725810764664, creditCardExpiry=14/09, cvv=501}}
2025-01-16T16:58:21.435Z  WARN 26144 --- [PizzaDrone] [           main] a.e.i.p.c.CalcDeliveryPathControllerTest : Skipping order due to missing 'valid' field: {orderNo=2C3AEF62, orderDate=2025-01-17, orderStatus=INVALID, orderValidationCode=CVV_INVALID, priceTotalInPence=2400, pizzasInOrder=[{name=R3: Super Cheese, priceInPence=1400}, {name=R3: All Shrooms, priceInPence=900}], creditCardInformation={creditCardNumber=4146274226538385, creditCardExpiry=02/26, cvv=6790907}}
2025-01-16T16:58:21.435Z  WARN 26144 --- [PizzaDrone] [           main] a.e.i.p.c.CalcDeliveryPathControllerTest : Skipping order due to missing 'valid' field: {orderNo=4E3AC25E, orderDate=2025-01-17, orderStatus=INVALID, orderValidationCode=TOTAL_INCORRECT, priceTotalInPence=2790, pizzasInOrder=[{name=R2: Meat Lover, priceInPence=1400}, {name=R2: Vegan Delight, priceInPence=1100}], creditCardInformation={creditCardNumber=5494750059688814, creditCardExpiry=06/25, cvv=416}}
2025-01-16T16:58:21.435Z  WARN 26144 --- [PizzaDrone] [           main] a.e.i.p.c.CalcDeliveryPathControllerTest : Skipping order due to missing 'valid' field: {orderNo=20C54589, orderDate=2025-01-17, orderStatus=INVALID, orderValidationCode=PIZZA_NOT_DEFINED, priceTotalInPence=498705480, pizzasInOrder=[{name=R2: Meat Lover, priceInPence=1400}, {name=R2: Vegan Delight, priceInPence=1100}, {name=Pizza-Surprise , priceInPence=498702880}], creditCardInformation={creditCardNumber=4596750359249366, creditCardExpiry=05/25, cvv=724}}
2025-01-16T16:58:21.435Z  WARN 26144 --- [PizzaDrone] [           main] a.e.i.p.c.CalcDeliveryPathControllerTest : Skipping order due to missing 'valid' field: {orderNo=1EC40E6E, orderDate=2025-01-17, orderStatus=INVALID, orderValidationCode=MAX_PIZZA_COUNT_EXCEEDED, priceTotalInPence=8200, pizzasInOrder=[{name=R2: Meat Lover, priceInPence=1400}, {name=R2: Vegan Delight, priceInPence=1100}, {name=R2: Meat Lover, priceInPence=1400}, {name=R2: Meat Lover, priceInPence=1400}, {name=R2: Meat Lover, priceInPence=1400}, {name=R2: Meat Lover, priceInPence=1400}], creditCardInformation={creditCardNumber=4114951687942325, creditCardExpiry=12/25, cvv=632}}
2025-01-16T16:58:21.436Z  WARN 26144 --- [PizzaDrone] [           main] a.e.i.p.c.CalcDeliveryPathControllerTest : Skipping order due to missing 'valid' field: {orderNo=5039AE28, orderDate=2025-01-17, orderStatus=INVALID, orderValidationCode=PIZZA_FROM_MULTIPLE_RESTAURANTS, priceTotalInPence=3400, pizzasInOrder=[{name=R3: Super Cheese, priceInPence=1400}, {name=R3: All Shrooms, priceInPence=900}, {name=R1: Margarita, priceInPence=1000}], creditCardInformation={creditCardNumber=4632345477823097, creditCardExpiry=11/25, cvv=021}}
2025-01-16T16:58:21.436Z  WARN 26144 --- [PizzaDrone] [           main] a.e.i.p.c.CalcDeliveryPathControllerTest : Skipping order due to missing 'valid' field: {orderNo=198E7CDF, orderDate=2025-01-17, orderStatus=INVALID, orderValidationCode=RESTAURANT_CLOSED, priceTotalInPence=1500, pizzasInOrder=[{name=R4: Proper Pizza, priceInPence=1400}], creditCardInformation={creditCardNumber=2221724980552529, creditCardExpiry=10/25, cvv=089}}
2025-01-16T16:58:21.436Z  WARN 26144 --- [PizzaDrone] [           main] a.e.i.p.c.CalcDeliveryPathControllerTest : Skipping order due to missing 'valid' field: {orderNo=67815AD2, orderDate=2025-01-17, orderStatus=INVALID, orderValidationCode=PRICE_FOR_PIZZA_INVALID, priceTotalInPence=2500, pizzasInOrder=[{name=R7: All you ever wanted, priceInPence=900}, {name=R7: Hot, hotter, the hottest, priceInPence=1500}], creditCardInformation={creditCardNumber=4226185745955004, creditCardExpiry=04/25, cvv=877}}
2025-01-16T16:58:21.436Z  WARN 26144 --- [PizzaDrone] [           main] a.e.i.p.c.CalcDeliveryPathControllerTest : Skipping order due to missing 'valid' field: {orderNo=505360E4, orderDate=2025-01-17, orderStatus=INVALID, orderValidationCode=EMPTY_ORDER, priceTotalInPence=100, pizzasInOrder=[], creditCardInformation={creditCardNumber=4406096625679139, creditCardExpiry=08/25, cvv=357}}
2025-01-16T16:58:21.436Z  WARN 26144 --- [PizzaDrone] [           main] a.e.i.p.c.CalcDeliveryPathControllerTest : Skipping order due to missing 'valid' field: {orderNo=3C371692, orderDate=2025-01-18, orderStatus=INVALID, orderValidationCode=CARD_NUMBER_INVALID, priceTotalInPence=2400, pizzasInOrder=[{name=R4: Proper Pizza, priceInPence=1400}, {name=R4: Pineapple & Ham & Cheese, priceInPence=900}], creditCardInformation={creditCardNumber=657145, creditCardExpiry=02/26, cvv=474}}
2025-01-16T16:58:21.437Z  WARN 26144 --- [PizzaDrone] [           main] a.e.i.p.c.CalcDeliveryPathControllerTest : Skipping order due to missing 'valid' field: {orderNo=19AFC33A, orderDate=2025-01-18, orderStatus=INVALID, orderValidationCode=EXPIRY_DATE_INVALID, priceTotalInPence=2400, pizzasInOrder=[{name=R4: Proper Pizza, priceInPence=1400}, {name=R4: Pineapple & Ham & Cheese, priceInPence=900}], creditCardInformation={creditCardNumber=2720209290873332, creditCardExpiry=06/03, cvv=513}}
2025-01-16T16:58:21.437Z  WARN 26144 --- [PizzaDrone] [           main] a.e.i.p.c.CalcDeliveryPathControllerTest : Skipping order due to missing 'valid' field: {orderNo=2FADA956, orderDate=2025-01-18, orderStatus=INVALID, orderValidationCode=CVV_INVALID, priceTotalInPence=2400, pizzasInOrder=[{name=R6: Sucuk delight, priceInPence=1400}, {name=R6: Dreams of Syria, priceInPence=900}], creditCardInformation={creditCardNumber=5289906771514568, creditCardExpiry=05/25, cvv=4829}}
2025-01-16T16:58:21.437Z  WARN 26144 --- [PizzaDrone] [           main] a.e.i.p.c.CalcDeliveryPathControllerTest : Skipping order due to missing 'valid' field: {orderNo=69AA213C, orderDate=2025-01-18, orderStatus=INVALID, orderValidationCode=TOTAL_INCORRECT, priceTotalInPence=2472, pizzasInOrder=[{name=R1: Margarita, priceInPence=1000}, {name=R1: Calzone, priceInPence=1400}], creditCardInformation={creditCardNumber=2720293857969089, creditCardExpiry=07/25, cvv=189}}
2025-01-16T16:58:21.437Z  WARN 26144 --- [PizzaDrone] [           main] a.e.i.p.c.CalcDeliveryPathControllerTest : Skipping order due to missing 'valid' field: {orderNo=78BEEC14, orderDate=2025-01-18, orderStatus=INVALID, orderValidationCode=PIZZA_NOT_DEFINED, priceTotalInPence=498705280, pizzasInOrder=[{name=R6: Sucuk delight, priceInPence=1400}, {name=R6: Dreams of Syria, priceInPence=900}, {name=Pizza-Surprise , priceInPence=498702880}], creditCardInformation={creditCardNumber=4293996791319046, creditCardExpiry=04/25, cvv=374}}
2025-01-16T16:58:21.437Z  WARN 26144 --- [PizzaDrone] [           main] a.e.i.p.c.CalcDeliveryPathControllerTest : Skipping order due to missing 'valid' field: {orderNo=0D6E8B58, orderDate=2025-01-18, orderStatus=INVALID, orderValidationCode=MAX_PIZZA_COUNT_EXCEEDED, priceTotalInPence=8000, pizzasInOrder=[{name=R3: Super Cheese, priceInPence=1400}, {name=R3: All Shrooms, priceInPence=900}, {name=R3: Super Cheese, priceInPence=1400}, {name=R3: Super Cheese, priceInPence=1400}, {name=R3: Super Cheese, priceInPence=1400}, {name=R3: Super Cheese, priceInPence=1400}], creditCardInformation={creditCardNumber=5259241677111095, creditCardExpiry=06/25, cvv=467}}
2025-01-16T16:58:21.437Z  WARN 26144 --- [PizzaDrone] [           main] a.e.i.p.c.CalcDeliveryPathControllerTest : Skipping order due to missing 'valid' field: {orderNo=65B59621, orderDate=2025-01-18, orderStatus=INVALID, orderValidationCode=PIZZA_FROM_MULTIPLE_RESTAURANTS, priceTotalInPence=3400, pizzasInOrder=[{name=R6: Sucuk delight, priceInPence=1400}, {name=R6: Dreams of Syria, priceInPence=900}, {name=R1: Margarita, priceInPence=1000}], creditCardInformation={creditCardNumber=2221630011361857, creditCardExpiry=06/25, cvv=136}}
2025-01-16T16:58:21.437Z  WARN 26144 --- [PizzaDrone] [           main] a.e.i.p.c.CalcDeliveryPathControllerTest : Skipping order due to missing 'valid' field: {orderNo=056D9E28, orderDate=2025-01-18, orderStatus=INVALID, orderValidationCode=RESTAURANT_CLOSED, priceTotalInPence=1500, pizzasInOrder=[{name=R2: Meat Lover, priceInPence=1400}], creditCardInformation={creditCardNumber=2221172988696221, creditCardExpiry=11/25, cvv=204}}
2025-01-16T16:58:21.437Z  WARN 26144 --- [PizzaDrone] [           main] a.e.i.p.c.CalcDeliveryPathControllerTest : Skipping order due to missing 'valid' field: {orderNo=437B2C48, orderDate=2025-01-18, orderStatus=INVALID, orderValidationCode=PRICE_FOR_PIZZA_INVALID, priceTotalInPence=2500, pizzasInOrder=[{name=R4: Pineapple & Ham & Cheese, priceInPence=900}, {name=R4: Proper Pizza, priceInPence=1500}], creditCardInformation={creditCardNumber=4913232859852227, creditCardExpiry=01/26, cvv=960}}
2025-01-16T16:58:21.438Z  WARN 26144 --- [PizzaDrone] [           main] a.e.i.p.c.CalcDeliveryPathControllerTest : Skipping order due to missing 'valid' field: {orderNo=594AD08E, orderDate=2025-01-18, orderStatus=INVALID, orderValidationCode=EMPTY_ORDER, priceTotalInPence=100, pizzasInOrder=[], creditCardInformation={creditCardNumber=4957946013661425, creditCardExpiry=04/25, cvv=463}}
2025-01-16T16:58:21.438Z  WARN 26144 --- [PizzaDrone] [           main] a.e.i.p.c.CalcDeliveryPathControllerTest : Skipping order due to missing 'valid' field: {orderNo=5EC7238A, orderDate=2025-01-19, orderStatus=INVALID, orderValidationCode=CARD_NUMBER_INVALID, priceTotalInPence=2400, pizzasInOrder=[{name=R4: Proper Pizza, priceInPence=1400}, {name=R4: Pineapple & Ham & Cheese, priceInPence=900}], creditCardInformation={creditCardNumber=58825984, creditCardExpiry=03/26, cvv=362}}
2025-01-16T16:58:21.438Z  WARN 26144 --- [PizzaDrone] [           main] a.e.i.p.c.CalcDeliveryPathControllerTest : Skipping order due to missing 'valid' field: {orderNo=2755CB99, orderDate=2025-01-19, orderStatus=INVALID, orderValidationCode=EXPIRY_DATE_INVALID, priceTotalInPence=2500, pizzasInOrder=[{name=R1: Margarita, priceInPence=1000}, {name=R1: Calzone, priceInPence=1400}], creditCardInformation={creditCardNumber=5406248117762983, creditCardExpiry=03/05, cvv=831}}
2025-01-16T16:58:21.438Z  WARN 26144 --- [PizzaDrone] [           main] a.e.i.p.c.CalcDeliveryPathControllerTest : Skipping order due to missing 'valid' field: {orderNo=5531734C, orderDate=2025-01-19, orderStatus=INVALID, orderValidationCode=CVV_INVALID, priceTotalInPence=2400, pizzasInOrder=[{name=R6: Sucuk delight, priceInPence=1400}, {name=R6: Dreams of Syria, priceInPence=900}], creditCardInformation={creditCardNumber=4000645412851747, creditCardExpiry=02/26, cvv=597706}}
2025-01-16T16:58:21.438Z  WARN 26144 --- [PizzaDrone] [           main] a.e.i.p.c.CalcDeliveryPathControllerTest : Skipping order due to missing 'valid' field: {orderNo=0F505909, orderDate=2025-01-19, orderStatus=INVALID, orderValidationCode=TOTAL_INCORRECT, priceTotalInPence=3371, pizzasInOrder=[{name=R4: Proper Pizza, priceInPence=1400}, {name=R4: Pineapple & Ham & Cheese, priceInPence=900}], creditCardInformation={creditCardNumber=4305624644154990, creditCardExpiry=09/25, cvv=306}}
2025-01-16T16:58:21.439Z  WARN 26144 --- [PizzaDrone] [           main] a.e.i.p.c.CalcDeliveryPathControllerTest : Skipping order due to missing 'valid' field: {orderNo=52085A5E, orderDate=2025-01-19, orderStatus=INVALID, orderValidationCode=PIZZA_NOT_DEFINED, priceTotalInPence=498705380, pizzasInOrder=[{name=R1: Margarita, priceInPence=1000}, {name=R1: Calzone, priceInPence=1400}, {name=Pizza-Surprise , priceInPence=498702880}], creditCardInformation={creditCardNumber=2221135780859248, creditCardExpiry=12/25, cvv=509}}
2025-01-16T16:58:21.439Z  WARN 26144 --- [PizzaDrone] [           main] a.e.i.p.c.CalcDeliveryPathControllerTest : Skipping order due to missing 'valid' field: {orderNo=18590BA6, orderDate=2025-01-19, orderStatus=INVALID, orderValidationCode=MAX_PIZZA_COUNT_EXCEEDED, priceTotalInPence=8000, pizzasInOrder=[{name=R3: Super Cheese, priceInPence=1400}, {name=R3: All Shrooms, priceInPence=900}, {name=R3: Super Cheese, priceInPence=1400}, {name=R3: Super Cheese, priceInPence=1400}, {name=R3: Super Cheese, priceInPence=1400}, {name=R3: Super Cheese, priceInPence=1400}], creditCardInformation={creditCardNumber=5159512067061327, creditCardExpiry=02/25, cvv=774}}
2025-01-16T16:58:21.439Z  WARN 26144 --- [PizzaDrone] [           main] a.e.i.p.c.CalcDeliveryPathControllerTest : Skipping order due to missing 'valid' field: {orderNo=236ED53A, orderDate=2025-01-19, orderStatus=INVALID, orderValidationCode=PIZZA_FROM_MULTIPLE_RESTAURANTS, priceTotalInPence=3400, pizzasInOrder=[{name=R4: Proper Pizza, priceInPence=1400}, {name=R4: Pineapple & Ham & Cheese, priceInPence=900}, {name=R1: Margarita, priceInPence=1000}], creditCardInformation={creditCardNumber=2221437256455463, creditCardExpiry=02/26, cvv=460}}
2025-01-16T16:58:21.439Z  WARN 26144 --- [PizzaDrone] [           main] a.e.i.p.c.CalcDeliveryPathControllerTest : Skipping order due to missing 'valid' field: {orderNo=535A0276, orderDate=2025-01-19, orderStatus=INVALID, orderValidationCode=RESTAURANT_CLOSED, priceTotalInPence=1500, pizzasInOrder=[{name=R2: Meat Lover, priceInPence=1400}], creditCardInformation={creditCardNumber=5380154373097892, creditCardExpiry=01/26, cvv=701}}
2025-01-16T16:58:21.439Z  WARN 26144 --- [PizzaDrone] [           main] a.e.i.p.c.CalcDeliveryPathControllerTest : Skipping order due to missing 'valid' field: {orderNo=34B7A7B3, orderDate=2025-01-19, orderStatus=INVALID, orderValidationCode=PRICE_FOR_PIZZA_INVALID, priceTotalInPence=2600, pizzasInOrder=[{name=R1: Calzone, priceInPence=1400}, {name=R1: Margarita, priceInPence=1100}], creditCardInformation={creditCardNumber=5535941781630494, creditCardExpiry=07/25, cvv=849}}
2025-01-16T16:58:21.439Z  WARN 26144 --- [PizzaDrone] [           main] a.e.i.p.c.CalcDeliveryPathControllerTest : Skipping order due to missing 'valid' field: {orderNo=2131AAB7, orderDate=2025-01-19, orderStatus=INVALID, orderValidationCode=EMPTY_ORDER, priceTotalInPence=100, pizzasInOrder=[], creditCardInformation={creditCardNumber=4657312829483483, creditCardExpiry=02/26, cvv=082}}
2025-01-16T16:58:21.439Z  WARN 26144 --- [PizzaDrone] [           main] a.e.i.p.c.CalcDeliveryPathControllerTest : Skipping order due to missing 'valid' field: {orderNo=20DD1A7E, orderDate=2025-01-20, orderStatus=INVALID, orderValidationCode=CARD_NUMBER_INVALID, priceTotalInPence=2600, pizzasInOrder=[{name=R2: Meat Lover, priceInPence=1400}, {name=R2: Vegan Delight, priceInPence=1100}], creditCardInformation={creditCardNumber=6234339, creditCardExpiry=10/25, cvv=387}}
2025-01-16T16:58:21.439Z  WARN 26144 --- [PizzaDrone] [           main] a.e.i.p.c.CalcDeliveryPathControllerTest : Skipping order due to missing 'valid' field: {orderNo=014A4B65, orderDate=2025-01-20, orderStatus=INVALID, orderValidationCode=EXPIRY_DATE_INVALID, priceTotalInPence=2400, pizzasInOrder=[{name=R6: Sucuk delight, priceInPence=1400}, {name=R6: Dreams of Syria, priceInPence=900}], creditCardInformation={creditCardNumber=4898263291474782, creditCardExpiry=03/06, cvv=555}}
2025-01-16T16:58:21.439Z  WARN 26144 --- [PizzaDrone] [           main] a.e.i.p.c.CalcDeliveryPathControllerTest : Skipping order due to missing 'valid' field: {orderNo=5FF2CE4E, orderDate=2025-01-20, orderStatus=INVALID, orderValidationCode=CVV_INVALID, priceTotalInPence=2400, pizzasInOrder=[{name=R5: Pizza Dream, priceInPence=1400}, {name=R5: My kind of pizza, priceInPence=900}], creditCardInformation={creditCardNumber=4004355374244131, creditCardExpiry=03/25, cvv=37}}
2025-01-16T16:58:21.440Z  WARN 26144 --- [PizzaDrone] [           main] a.e.i.p.c.CalcDeliveryPathControllerTest : Skipping order due to missing 'valid' field: {orderNo=1CEB2C13, orderDate=2025-01-20, orderStatus=INVALID, orderValidationCode=TOTAL_INCORRECT, priceTotalInPence=2481, pizzasInOrder=[{name=R5: Pizza Dream, priceInPence=1400}, {name=R5: My kind of pizza, priceInPence=900}], creditCardInformation={creditCardNumber=2720630377317572, creditCardExpiry=08/25, cvv=668}}
2025-01-16T16:58:21.440Z  WARN 26144 --- [PizzaDrone] [           main] a.e.i.p.c.CalcDeliveryPathControllerTest : Skipping order due to missing 'valid' field: {orderNo=173C4E32, orderDate=2025-01-20, orderStatus=INVALID, orderValidationCode=PIZZA_NOT_DEFINED, priceTotalInPence=498705380, pizzasInOrder=[{name=R1: Margarita, priceInPence=1000}, {name=R1: Calzone, priceInPence=1400}, {name=Pizza-Surprise , priceInPence=498702880}], creditCardInformation={creditCardNumber=4088393688734181, creditCardExpiry=04/25, cvv=107}}
2025-01-16T16:58:21.440Z  WARN 26144 --- [PizzaDrone] [           main] a.e.i.p.c.CalcDeliveryPathControllerTest : Skipping order due to missing 'valid' field: {orderNo=0569AA9B, orderDate=2025-01-20, orderStatus=INVALID, orderValidationCode=MAX_PIZZA_COUNT_EXCEEDED, priceTotalInPence=8000, pizzasInOrder=[{name=R5: Pizza Dream, priceInPence=1400}, {name=R5: My kind of pizza, priceInPence=900}, {name=R5: Pizza Dream, priceInPence=1400}, {name=R5: Pizza Dream, priceInPence=1400}, {name=R5: Pizza Dream, priceInPence=1400}, {name=R5: Pizza Dream, priceInPence=1400}], creditCardInformation={creditCardNumber=5181232712265213, creditCardExpiry=07/25, cvv=415}}
2025-01-16T16:58:21.440Z  WARN 26144 --- [PizzaDrone] [           main] a.e.i.p.c.CalcDeliveryPathControllerTest : Skipping order due to missing 'valid' field: {orderNo=7D1AB46F, orderDate=2025-01-20, orderStatus=INVALID, orderValidationCode=PIZZA_FROM_MULTIPLE_RESTAURANTS, priceTotalInPence=3900, pizzasInOrder=[{name=R1: Margarita, priceInPence=1000}, {name=R1: Calzone, priceInPence=1400}, {name=R2: Meat Lover, priceInPence=1400}], creditCardInformation={creditCardNumber=5564349861308227, creditCardExpiry=06/25, cvv=088}}
2025-01-16T16:58:21.440Z  WARN 26144 --- [PizzaDrone] [           main] a.e.i.p.c.CalcDeliveryPathControllerTest : Skipping order due to missing 'valid' field: {orderNo=137FEE43, orderDate=2025-01-20, orderStatus=INVALID, orderValidationCode=RESTAURANT_CLOSED, priceTotalInPence=1500, pizzasInOrder=[{name=R3: Super Cheese, priceInPence=1400}], creditCardInformation={creditCardNumber=5277835339971917, creditCardExpiry=05/25, cvv=700}}
2025-01-16T16:58:21.440Z  WARN 26144 --- [PizzaDrone] [           main] a.e.i.p.c.CalcDeliveryPathControllerTest : Skipping order due to missing 'valid' field: {orderNo=55DC3AB4, orderDate=2025-01-20, orderStatus=INVALID, orderValidationCode=PRICE_FOR_PIZZA_INVALID, priceTotalInPence=2500, pizzasInOrder=[{name=R5: My kind of pizza, priceInPence=900}, {name=R5: Pizza Dream, priceInPence=1500}], creditCardInformation={creditCardNumber=5492146380129804, creditCardExpiry=10/25, cvv=352}}
2025-01-16T16:58:21.440Z  WARN 26144 --- [PizzaDrone] [           main] a.e.i.p.c.CalcDeliveryPathControllerTest : Skipping order due to missing 'valid' field: {orderNo=6D962C7A, orderDate=2025-01-20, orderStatus=INVALID, orderValidationCode=EMPTY_ORDER, priceTotalInPence=100, pizzasInOrder=[], creditCardInformation={creditCardNumber=2720592503288079, creditCardExpiry=08/25, cvv=489}}
2025-01-16T16:58:21.440Z  WARN 26144 --- [PizzaDrone] [           main] a.e.i.p.c.CalcDeliveryPathControllerTest : Skipping order due to missing 'valid' field: {orderNo=015ED5EA, orderDate=2025-01-21, orderStatus=INVALID, orderValidationCode=CARD_NUMBER_INVALID, priceTotalInPence=2600, pizzasInOrder=[{name=R2: Meat Lover, priceInPence=1400}, {name=R2: Vegan Delight, priceInPence=1100}], creditCardInformation={creditCardNumber=3246038731586, creditCardExpiry=09/25, cvv=385}}
2025-01-16T16:58:21.440Z  WARN 26144 --- [PizzaDrone] [           main] a.e.i.p.c.CalcDeliveryPathControllerTest : Skipping order due to missing 'valid' field: {orderNo=13AA34E2, orderDate=2025-01-21, orderStatus=INVALID, orderValidationCode=EXPIRY_DATE_INVALID, priceTotalInPence=2400, pizzasInOrder=[{name=R4: Proper Pizza, priceInPence=1400}, {name=R4: Pineapple & Ham & Cheese, priceInPence=900}], creditCardInformation={creditCardNumber=5420903555671706, creditCardExpiry=13/15, cvv=246}}
2025-01-16T16:58:21.441Z  WARN 26144 --- [PizzaDrone] [           main] a.e.i.p.c.CalcDeliveryPathControllerTest : Skipping order due to missing 'valid' field: {orderNo=153A8DB3, orderDate=2025-01-21, orderStatus=INVALID, orderValidationCode=CVV_INVALID, priceTotalInPence=2400, pizzasInOrder=[{name=R4: Proper Pizza, priceInPence=1400}, {name=R4: Pineapple & Ham & Cheese, priceInPence=900}], creditCardInformation={creditCardNumber=4659286090703365, creditCardExpiry=06/25, cvv=26}}
2025-01-16T16:58:21.441Z  WARN 26144 --- [PizzaDrone] [           main] a.e.i.p.c.CalcDeliveryPathControllerTest : Skipping order due to missing 'valid' field: {orderNo=1D4A82F3, orderDate=2025-01-21, orderStatus=INVALID, orderValidationCode=TOTAL_INCORRECT, priceTotalInPence=2313, pizzasInOrder=[{name=R6: Sucuk delight, priceInPence=1400}, {name=R6: Dreams of Syria, priceInPence=900}], creditCardInformation={creditCardNumber=4379510316086449, creditCardExpiry=02/26, cvv=343}}
2025-01-16T16:58:21.441Z  WARN 26144 --- [PizzaDrone] [           main] a.e.i.p.c.CalcDeliveryPathControllerTest : Skipping order due to missing 'valid' field: {orderNo=5BE241AA, orderDate=2025-01-21, orderStatus=INVALID, orderValidationCode=PIZZA_NOT_DEFINED, priceTotalInPence=498705280, pizzasInOrder=[{name=R4: Proper Pizza, priceInPence=1400}, {name=R4: Pineapple & Ham & Cheese, priceInPence=900}, {name=Pizza-Surprise , priceInPence=498702880}], creditCardInformation={creditCardNumber=4457017057483210, creditCardExpiry=05/25, cvv=083}}
2025-01-16T16:58:21.441Z  WARN 26144 --- [PizzaDrone] [           main] a.e.i.p.c.CalcDeliveryPathControllerTest : Skipping order due to missing 'valid' field: {orderNo=0AF959AB, orderDate=2025-01-21, orderStatus=INVALID, orderValidationCode=MAX_PIZZA_COUNT_EXCEEDED, priceTotalInPence=8000, pizzasInOrder=[{name=R7: Hot, hotter, the hottest, priceInPence=1400}, {name=R7: All you ever wanted, priceInPence=900}, {name=R7: Hot, hotter, the hottest, priceInPence=1400}, {name=R7: Hot, hotter, the hottest, priceInPence=1400}, {name=R7: Hot, hotter, the hottest, priceInPence=1400}, {name=R7: Hot, hotter, the hottest, priceInPence=1400}], creditCardInformation={creditCardNumber=5334660896178925, creditCardExpiry=02/26, cvv=041}}
2025-01-16T16:58:21.441Z  WARN 26144 --- [PizzaDrone] [           main] a.e.i.p.c.CalcDeliveryPathControllerTest : Skipping order due to missing 'valid' field: {orderNo=03363BFC, orderDate=2025-01-21, orderStatus=INVALID, orderValidationCode=PIZZA_FROM_MULTIPLE_RESTAURANTS, priceTotalInPence=3900, pizzasInOrder=[{name=R1: Margarita, priceInPence=1000}, {name=R1: Calzone, priceInPence=1400}, {name=R2: Meat Lover, priceInPence=1400}], creditCardInformation={creditCardNumber=5526433655170980, creditCardExpiry=03/26, cvv=985}}
2025-01-16T16:58:21.441Z  WARN 26144 --- [PizzaDrone] [           main] a.e.i.p.c.CalcDeliveryPathControllerTest : Skipping order due to missing 'valid' field: {orderNo=74097827, orderDate=2025-01-21, orderStatus=INVALID, orderValidationCode=RESTAURANT_CLOSED, priceTotalInPence=1500, pizzasInOrder=[{name=R3: Super Cheese, priceInPence=1400}], creditCardInformation={creditCardNumber=4930019542608770, creditCardExpiry=11/25, cvv=539}}
2025-01-16T16:58:21.441Z  WARN 26144 --- [PizzaDrone] [           main] a.e.i.p.c.CalcDeliveryPathControllerTest : Skipping order due to missing 'valid' field: {orderNo=68E7E2DF, orderDate=2025-01-21, orderStatus=INVALID, orderValidationCode=PRICE_FOR_PIZZA_INVALID, priceTotalInPence=2500, pizzasInOrder=[{name=R4: Pineapple & Ham & Cheese, priceInPence=900}, {name=R4: Proper Pizza, priceInPence=1500}], creditCardInformation={creditCardNumber=5378411930552460, creditCardExpiry=11/25, cvv=147}}
2025-01-16T16:58:21.441Z  WARN 26144 --- [PizzaDrone] [           main] a.e.i.p.c.CalcDeliveryPathControllerTest : Skipping order due to missing 'valid' field: {orderNo=57685F09, orderDate=2025-01-21, orderStatus=INVALID, orderValidationCode=EMPTY_ORDER, priceTotalInPence=100, pizzasInOrder=[], creditCardInformation={creditCardNumber=4589560302232032, creditCardExpiry=07/25, cvv=948}}
2025-01-16T16:58:21.441Z  WARN 26144 --- [PizzaDrone] [           main] a.e.i.p.c.CalcDeliveryPathControllerTest : Skipping order due to missing 'valid' field: {orderNo=4010EED5, orderDate=2025-01-22, orderStatus=INVALID, orderValidationCode=CARD_NUMBER_INVALID, priceTotalInPence=2400, pizzasInOrder=[{name=R4: Proper Pizza, priceInPence=1400}, {name=R4: Pineapple & Ham & Cheese, priceInPence=900}], creditCardInformation={creditCardNumber=96861228, creditCardExpiry=07/25, cvv=279}}
2025-01-16T16:58:21.442Z  WARN 26144 --- [PizzaDrone] [           main] a.e.i.p.c.CalcDeliveryPathControllerTest : Skipping order due to missing 'valid' field: {orderNo=3A2406EF, orderDate=2025-01-22, orderStatus=INVALID, orderValidationCode=EXPIRY_DATE_INVALID, priceTotalInPence=2600, pizzasInOrder=[{name=R2: Meat Lover, priceInPence=1400}, {name=R2: Vegan Delight, priceInPence=1100}], creditCardInformation={creditCardNumber=5346929769188303, creditCardExpiry=15/03, cvv=511}}
2025-01-16T16:58:21.442Z  WARN 26144 --- [PizzaDrone] [           main] a.e.i.p.c.CalcDeliveryPathControllerTest : Skipping order due to missing 'valid' field: {orderNo=325F142D, orderDate=2025-01-22, orderStatus=INVALID, orderValidationCode=CVV_INVALID, priceTotalInPence=2600, pizzasInOrder=[{name=R2: Meat Lover, priceInPence=1400}, {name=R2: Vegan Delight, priceInPence=1100}], creditCardInformation={creditCardNumber=4534037304452435, creditCardExpiry=12/25, cvv=1124}}
2025-01-16T16:58:21.442Z  WARN 26144 --- [PizzaDrone] [           main] a.e.i.p.c.CalcDeliveryPathControllerTest : Skipping order due to missing 'valid' field: {orderNo=1F13D9F6, orderDate=2025-01-22, orderStatus=INVALID, orderValidationCode=TOTAL_INCORRECT, priceTotalInPence=2415, pizzasInOrder=[{name=R3: Super Cheese, priceInPence=1400}, {name=R3: All Shrooms, priceInPence=900}], creditCardInformation={creditCardNumber=5545325719678189, creditCardExpiry=09/25, cvv=367}}
2025-01-16T16:58:21.442Z  WARN 26144 --- [PizzaDrone] [           main] a.e.i.p.c.CalcDeliveryPathControllerTest : Skipping order due to missing 'valid' field: {orderNo=7C9D096F, orderDate=2025-01-22, orderStatus=INVALID, orderValidationCode=PIZZA_NOT_DEFINED, priceTotalInPence=498705480, pizzasInOrder=[{name=R2: Meat Lover, priceInPence=1400}, {name=R2: Vegan Delight, priceInPence=1100}, {name=Pizza-Surprise , priceInPence=498702880}], creditCardInformation={creditCardNumber=4892898698918539, creditCardExpiry=02/26, cvv=100}}
2025-01-16T16:58:21.442Z  WARN 26144 --- [PizzaDrone] [           main] a.e.i.p.c.CalcDeliveryPathControllerTest : Skipping order due to missing 'valid' field: {orderNo=4F3B3593, orderDate=2025-01-22, orderStatus=INVALID, orderValidationCode=MAX_PIZZA_COUNT_EXCEEDED, priceTotalInPence=8000, pizzasInOrder=[{name=R3: Super Cheese, priceInPence=1400}, {name=R3: All Shrooms, priceInPence=900}, {name=R3: Super Cheese, priceInPence=1400}, {name=R3: Super Cheese, priceInPence=1400}, {name=R3: Super Cheese, priceInPence=1400}, {name=R3: Super Cheese, priceInPence=1400}], creditCardInformation={creditCardNumber=4231247241056159, creditCardExpiry=10/25, cvv=423}}
2025-01-16T16:58:21.442Z  WARN 26144 --- [PizzaDrone] [           main] a.e.i.p.c.CalcDeliveryPathControllerTest : Skipping order due to missing 'valid' field: {orderNo=745F615C, orderDate=2025-01-22, orderStatus=INVALID, orderValidationCode=PIZZA_FROM_MULTIPLE_RESTAURANTS, priceTotalInPence=3800, pizzasInOrder=[{name=R6: Sucuk delight, priceInPence=1400}, {name=R6: Dreams of Syria, priceInPence=900}, {name=R2: Meat Lover, priceInPence=1400}], creditCardInformation={creditCardNumber=4019397435075792, creditCardExpiry=10/25, cvv=035}}
2025-01-16T16:58:21.442Z  WARN 26144 --- [PizzaDrone] [           main] a.e.i.p.c.CalcDeliveryPathControllerTest : Skipping order due to missing 'valid' field: {orderNo=7A95960F, orderDate=2025-01-22, orderStatus=INVALID, orderValidationCode=RESTAURANT_CLOSED, priceTotalInPence=1100, pizzasInOrder=[{name=R1: Margarita, priceInPence=1000}], creditCardInformation={creditCardNumber=5358459164819877, creditCardExpiry=02/25, cvv=512}}
2025-01-16T16:58:21.442Z  WARN 26144 --- [PizzaDrone] [           main] a.e.i.p.c.CalcDeliveryPathControllerTest : Skipping order due to missing 'valid' field: {orderNo=61D98F9B, orderDate=2025-01-22, orderStatus=INVALID, orderValidationCode=PRICE_FOR_PIZZA_INVALID, priceTotalInPence=2700, pizzasInOrder=[{name=R2: Vegan Delight, priceInPence=1100}, {name=R2: Meat Lover, priceInPence=1500}], creditCardInformation={creditCardNumber=2221222289894304, creditCardExpiry=09/25, cvv=655}}
2025-01-16T16:58:21.442Z  WARN 26144 --- [PizzaDrone] [           main] a.e.i.p.c.CalcDeliveryPathControllerTest : Skipping order due to missing 'valid' field: {orderNo=5824A9E9, orderDate=2025-01-22, orderStatus=INVALID, orderValidationCode=EMPTY_ORDER, priceTotalInPence=100, pizzasInOrder=[], creditCardInformation={creditCardNumber=5141381459498997, creditCardExpiry=12/25, cvv=394}}
2025-01-16T16:58:21.443Z  WARN 26144 --- [PizzaDrone] [           main] a.e.i.p.c.CalcDeliveryPathControllerTest : Skipping order due to missing 'valid' field: {orderNo=0CDFBCF2, orderDate=2025-01-23, orderStatus=INVALID, orderValidationCode=CARD_NUMBER_INVALID, priceTotalInPence=2600, pizzasInOrder=[{name=R2: Meat Lover, priceInPence=1400}, {name=R2: Vegan Delight, priceInPence=1100}], creditCardInformation={creditCardNumber=26191, creditCardExpiry=10/25, cvv=265}}
2025-01-16T16:58:21.443Z  WARN 26144 --- [PizzaDrone] [           main] a.e.i.p.c.CalcDeliveryPathControllerTest : Skipping order due to missing 'valid' field: {orderNo=20CF6624, orderDate=2025-01-23, orderStatus=INVALID, orderValidationCode=EXPIRY_DATE_INVALID, priceTotalInPence=2400, pizzasInOrder=[{name=R3: Super Cheese, priceInPence=1400}, {name=R3: All Shrooms, priceInPence=900}], creditCardInformation={creditCardNumber=5283150572121184, creditCardExpiry=15/11, cvv=380}}
2025-01-16T16:58:21.443Z  WARN 26144 --- [PizzaDrone] [           main] a.e.i.p.c.CalcDeliveryPathControllerTest : Skipping order due to missing 'valid' field: {orderNo=2692EE01, orderDate=2025-01-23, orderStatus=INVALID, orderValidationCode=CVV_INVALID, priceTotalInPence=2400, pizzasInOrder=[{name=R5: Pizza Dream, priceInPence=1400}, {name=R5: My kind of pizza, priceInPence=900}], creditCardInformation={creditCardNumber=4197106183744655, creditCardExpiry=04/25, cvv=4642179}}
2025-01-16T16:58:21.443Z  WARN 26144 --- [PizzaDrone] [           main] a.e.i.p.c.CalcDeliveryPathControllerTest : Skipping order due to missing 'valid' field: {orderNo=53C062DD, orderDate=2025-01-23, orderStatus=INVALID, orderValidationCode=TOTAL_INCORRECT, priceTotalInPence=3061, pizzasInOrder=[{name=R3: Super Cheese, priceInPence=1400}, {name=R3: All Shrooms, priceInPence=900}], creditCardInformation={creditCardNumber=4294651681779812, creditCardExpiry=07/25, cvv=654}}
2025-01-16T16:58:21.443Z  WARN 26144 --- [PizzaDrone] [           main] a.e.i.p.c.CalcDeliveryPathControllerTest : Skipping order due to missing 'valid' field: {orderNo=4C39A631, orderDate=2025-01-23, orderStatus=INVALID, orderValidationCode=PIZZA_NOT_DEFINED, priceTotalInPence=498705280, pizzasInOrder=[{name=R7: Hot, hotter, the hottest, priceInPence=1400}, {name=R7: All you ever wanted, priceInPence=900}, {name=Pizza-Surprise , priceInPence=498702880}], creditCardInformation={creditCardNumber=4071939433076309, creditCardExpiry=08/25, cvv=560}}
2025-01-16T16:58:21.443Z  WARN 26144 --- [PizzaDrone] [           main] a.e.i.p.c.CalcDeliveryPathControllerTest : Skipping order due to missing 'valid' field: {orderNo=24E194D9, orderDate=2025-01-23, orderStatus=INVALID, orderValidationCode=MAX_PIZZA_COUNT_EXCEEDED, priceTotalInPence=8000, pizzasInOrder=[{name=R3: Super Cheese, priceInPence=1400}, {name=R3: All Shrooms, priceInPence=900}, {name=R3: Super Cheese, priceInPence=1400}, {name=R3: Super Cheese, priceInPence=1400}, {name=R3: Super Cheese, priceInPence=1400}, {name=R3: Super Cheese, priceInPence=1400}], creditCardInformation={creditCardNumber=4833297743092691, creditCardExpiry=01/26, cvv=346}}
2025-01-16T16:58:21.443Z  WARN 26144 --- [PizzaDrone] [           main] a.e.i.p.c.CalcDeliveryPathControllerTest : Skipping order due to missing 'valid' field: {orderNo=5BAA5504, orderDate=2025-01-23, orderStatus=INVALID, orderValidationCode=PIZZA_FROM_MULTIPLE_RESTAURANTS, priceTotalInPence=3800, pizzasInOrder=[{name=R7: Hot, hotter, the hottest, priceInPence=1400}, {name=R7: All you ever wanted, priceInPence=900}, {name=R2: Meat Lover, priceInPence=1400}], creditCardInformation={creditCardNumber=4972478640218198, creditCardExpiry=06/25, cvv=218}}
2025-01-16T16:58:21.443Z  WARN 26144 --- [PizzaDrone] [           main] a.e.i.p.c.CalcDeliveryPathControllerTest : Skipping order due to missing 'valid' field: {orderNo=637FB0A5, orderDate=2025-01-23, orderStatus=INVALID, orderValidationCode=RESTAURANT_CLOSED, priceTotalInPence=1100, pizzasInOrder=[{name=R1: Margarita, priceInPence=1000}], creditCardInformation={creditCardNumber=4284448022576649, creditCardExpiry=03/26, cvv=299}}
2025-01-16T16:58:21.443Z  WARN 26144 --- [PizzaDrone] [           main] a.e.i.p.c.CalcDeliveryPathControllerTest : Skipping order due to missing 'valid' field: {orderNo=11B7924E, orderDate=2025-01-23, orderStatus=INVALID, orderValidationCode=PRICE_FOR_PIZZA_INVALID, priceTotalInPence=2500, pizzasInOrder=[{name=R5: My kind of pizza, priceInPence=900}, {name=R5: Pizza Dream, priceInPence=1500}], creditCardInformation={creditCardNumber=5491536758306839, creditCardExpiry=08/25, cvv=689}}
2025-01-16T16:58:21.443Z  WARN 26144 --- [PizzaDrone] [           main] a.e.i.p.c.CalcDeliveryPathControllerTest : Skipping order due to missing 'valid' field: {orderNo=7FED375E, orderDate=2025-01-23, orderStatus=INVALID, orderValidationCode=EMPTY_ORDER, priceTotalInPence=100, pizzasInOrder=[], creditCardInformation={creditCardNumber=4163544929436378, creditCardExpiry=08/25, cvv=017}}
2025-01-16T16:58:21.444Z  WARN 26144 --- [PizzaDrone] [           main] a.e.i.p.c.CalcDeliveryPathControllerTest : Skipping order due to missing 'valid' field: {orderNo=74888ABE, orderDate=2025-01-24, orderStatus=INVALID, orderValidationCode=CARD_NUMBER_INVALID, priceTotalInPence=2400, pizzasInOrder=[{name=R3: Super Cheese, priceInPence=1400}, {name=R3: All Shrooms, priceInPence=900}], creditCardInformation={creditCardNumber=965807, creditCardExpiry=09/25, cvv=632}}
2025-01-16T16:58:21.444Z  WARN 26144 --- [PizzaDrone] [           main] a.e.i.p.c.CalcDeliveryPathControllerTest : Skipping order due to missing 'valid' field: {orderNo=1442475C, orderDate=2025-01-24, orderStatus=INVALID, orderValidationCode=EXPIRY_DATE_INVALID, priceTotalInPence=2600, pizzasInOrder=[{name=R2: Meat Lover, priceInPence=1400}, {name=R2: Vegan Delight, priceInPence=1100}], creditCardInformation={creditCardNumber=4816529647978471, creditCardExpiry=08/13, cvv=404}}
2025-01-16T16:58:21.444Z  WARN 26144 --- [PizzaDrone] [           main] a.e.i.p.c.CalcDeliveryPathControllerTest : Skipping order due to missing 'valid' field: {orderNo=2F829E1C, orderDate=2025-01-24, orderStatus=INVALID, orderValidationCode=CVV_INVALID, priceTotalInPence=2400, pizzasInOrder=[{name=R7: Hot, hotter, the hottest, priceInPence=1400}, {name=R7: All you ever wanted, priceInPence=900}], creditCardInformation={creditCardNumber=2720918099331165, creditCardExpiry=06/25, cvv=8377}}
2025-01-16T16:58:21.444Z  WARN 26144 --- [PizzaDrone] [           main] a.e.i.p.c.CalcDeliveryPathControllerTest : Skipping order due to missing 'valid' field: {orderNo=549C3A67, orderDate=2025-01-24, orderStatus=INVALID, orderValidationCode=TOTAL_INCORRECT, priceTotalInPence=2743, pizzasInOrder=[{name=R1: Margarita, priceInPence=1000}, {name=R1: Calzone, priceInPence=1400}], creditCardInformation={creditCardNumber=5524259956919854, creditCardExpiry=10/25, cvv=536}}
2025-01-16T16:58:21.444Z  WARN 26144 --- [PizzaDrone] [           main] a.e.i.p.c.CalcDeliveryPathControllerTest : Skipping order due to missing 'valid' field: {orderNo=491C54BC, orderDate=2025-01-24, orderStatus=INVALID, orderValidationCode=PIZZA_NOT_DEFINED, priceTotalInPence=498705280, pizzasInOrder=[{name=R3: Super Cheese, priceInPence=1400}, {name=R3: All Shrooms, priceInPence=900}, {name=Pizza-Surprise , priceInPence=498702880}], creditCardInformation={creditCardNumber=4259978659811993, creditCardExpiry=07/25, cvv=095}}
2025-01-16T16:58:21.444Z  WARN 26144 --- [PizzaDrone] [           main] a.e.i.p.c.CalcDeliveryPathControllerTest : Skipping order due to missing 'valid' field: {orderNo=6EB85F67, orderDate=2025-01-24, orderStatus=INVALID, orderValidationCode=MAX_PIZZA_COUNT_EXCEEDED, priceTotalInPence=8200, pizzasInOrder=[{name=R2: Meat Lover, priceInPence=1400}, {name=R2: Vegan Delight, priceInPence=1100}, {name=R2: Meat Lover, priceInPence=1400}, {name=R2: Meat Lover, priceInPence=1400}, {name=R2: Meat Lover, priceInPence=1400}, {name=R2: Meat Lover, priceInPence=1400}], creditCardInformation={creditCardNumber=4345982340445050, creditCardExpiry=05/25, cvv=049}}
2025-01-16T16:58:21.444Z  WARN 26144 --- [PizzaDrone] [           main] a.e.i.p.c.CalcDeliveryPathControllerTest : Skipping order due to missing 'valid' field: {orderNo=6B2092F8, orderDate=2025-01-24, orderStatus=INVALID, orderValidationCode=PIZZA_FROM_MULTIPLE_RESTAURANTS, priceTotalInPence=3400, pizzasInOrder=[{name=R7: Hot, hotter, the hottest, priceInPence=1400}, {name=R7: All you ever wanted, priceInPence=900}, {name=R1: Margarita, priceInPence=1000}], creditCardInformation={creditCardNumber=4579426056991920, creditCardExpiry=02/25, cvv=590}}
2025-01-16T16:58:21.444Z  WARN 26144 --- [PizzaDrone] [           main] a.e.i.p.c.CalcDeliveryPathControllerTest : Skipping order due to missing 'valid' field: {orderNo=7F843EFE, orderDate=2025-01-24, orderStatus=INVALID, orderValidationCode=RESTAURANT_CLOSED, priceTotalInPence=1500, pizzasInOrder=[{name=R4: Proper Pizza, priceInPence=1400}], creditCardInformation={creditCardNumber=4209242539406495, creditCardExpiry=10/25, cvv=280}}
2025-01-16T16:58:21.444Z  WARN 26144 --- [PizzaDrone] [           main] a.e.i.p.c.CalcDeliveryPathControllerTest : Skipping order due to missing 'valid' field: {orderNo=52C3FCFA, orderDate=2025-01-24, orderStatus=INVALID, orderValidationCode=PRICE_FOR_PIZZA_INVALID, priceTotalInPence=2600, pizzasInOrder=[{name=R1: Calzone, priceInPence=1400}, {name=R1: Margarita, priceInPence=1100}], creditCardInformation={creditCardNumber=5171117695500987, creditCardExpiry=09/25, cvv=841}}
2025-01-16T16:58:21.445Z  WARN 26144 --- [PizzaDrone] [           main] a.e.i.p.c.CalcDeliveryPathControllerTest : Skipping order due to missing 'valid' field: {orderNo=6CC79E66, orderDate=2025-01-24, orderStatus=INVALID, orderValidationCode=EMPTY_ORDER, priceTotalInPence=100, pizzasInOrder=[], creditCardInformation={creditCardNumber=5504543937256336, creditCardExpiry=03/26, cvv=198}}
2025-01-16T16:58:21.445Z  WARN 26144 --- [PizzaDrone] [           main] a.e.i.p.c.CalcDeliveryPathControllerTest : Skipping order due to missing 'valid' field: {orderNo=059C2E10, orderDate=2025-01-25, orderStatus=INVALID, orderValidationCode=CARD_NUMBER_INVALID, priceTotalInPence=2400, pizzasInOrder=[{name=R6: Sucuk delight, priceInPence=1400}, {name=R6: Dreams of Syria, priceInPence=900}], creditCardInformation={creditCardNumber=1943, creditCardExpiry=02/25, cvv=379}}
2025-01-16T16:58:21.446Z  WARN 26144 --- [PizzaDrone] [           main] a.e.i.p.c.CalcDeliveryPathControllerTest : Skipping order due to missing 'valid' field: {orderNo=08EDC23A, orderDate=2025-01-25, orderStatus=INVALID, orderValidationCode=EXPIRY_DATE_INVALID, priceTotalInPence=2500, pizzasInOrder=[{name=R1: Margarita, priceInPence=1000}, {name=R1: Calzone, priceInPence=1400}], creditCardInformation={creditCardNumber=4804385363601035, creditCardExpiry=08/11, cvv=599}}
2025-01-16T16:58:21.446Z  WARN 26144 --- [PizzaDrone] [           main] a.e.i.p.c.CalcDeliveryPathControllerTest : Skipping order due to missing 'valid' field: {orderNo=7A360C61, orderDate=2025-01-25, orderStatus=INVALID, orderValidationCode=CVV_INVALID, priceTotalInPence=2400, pizzasInOrder=[{name=R4: Proper Pizza, priceInPence=1400}, {name=R4: Pineapple & Ham & Cheese, priceInPence=900}], creditCardInformation={creditCardNumber=4691584728496497, creditCardExpiry=10/25, cvv=2}}
2025-01-16T16:58:21.446Z  WARN 26144 --- [PizzaDrone] [           main] a.e.i.p.c.CalcDeliveryPathControllerTest : Skipping order due to missing 'valid' field: {orderNo=12D4F56C, orderDate=2025-01-25, orderStatus=INVALID, orderValidationCode=TOTAL_INCORRECT, priceTotalInPence=2554, pizzasInOrder=[{name=R1: Margarita, priceInPence=1000}, {name=R1: Calzone, priceInPence=1400}], creditCardInformation={creditCardNumber=5249370423558383, creditCardExpiry=11/25, cvv=330}}
2025-01-16T16:58:21.446Z  WARN 26144 --- [PizzaDrone] [           main] a.e.i.p.c.CalcDeliveryPathControllerTest : Skipping order due to missing 'valid' field: {orderNo=2E0C4BFA, orderDate=2025-01-25, orderStatus=INVALID, orderValidationCode=PIZZA_NOT_DEFINED, priceTotalInPence=498705280, pizzasInOrder=[{name=R6: Sucuk delight, priceInPence=1400}, {name=R6: Dreams of Syria, priceInPence=900}, {name=Pizza-Surprise , priceInPence=498702880}], creditCardInformation={creditCardNumber=2221238871400284, creditCardExpiry=03/26, cvv=377}}
2025-01-16T16:58:21.447Z  WARN 26144 --- [PizzaDrone] [           main] a.e.i.p.c.CalcDeliveryPathControllerTest : Skipping order due to missing 'valid' field: {orderNo=1899A080, orderDate=2025-01-25, orderStatus=INVALID, orderValidationCode=MAX_PIZZA_COUNT_EXCEEDED, priceTotalInPence=6500, pizzasInOrder=[{name=R1: Margarita, priceInPence=1000}, {name=R1: Calzone, priceInPence=1400}, {name=R1: Margarita, priceInPence=1000}, {name=R1: Margarita, priceInPence=1000}, {name=R1: Margarita, priceInPence=1000}, {name=R1: Margarita, priceInPence=1000}], creditCardInformation={creditCardNumber=2720299668774642, creditCardExpiry=10/25, cvv=276}}
2025-01-16T16:58:21.447Z  WARN 26144 --- [PizzaDrone] [           main] a.e.i.p.c.CalcDeliveryPathControllerTest : Skipping order due to missing 'valid' field: {orderNo=69BD381E, orderDate=2025-01-25, orderStatus=INVALID, orderValidationCode=PIZZA_FROM_MULTIPLE_RESTAURANTS, priceTotalInPence=3400, pizzasInOrder=[{name=R6: Sucuk delight, priceInPence=1400}, {name=R6: Dreams of Syria, priceInPence=900}, {name=R1: Margarita, priceInPence=1000}], creditCardInformation={creditCardNumber=2720917520828724, creditCardExpiry=03/25, cvv=197}}
2025-01-16T16:58:21.447Z  WARN 26144 --- [PizzaDrone] [           main] a.e.i.p.c.CalcDeliveryPathControllerTest : Skipping order due to missing 'valid' field: {orderNo=38FA96C3, orderDate=2025-01-25, orderStatus=INVALID, orderValidationCode=RESTAURANT_CLOSED, priceTotalInPence=1500, pizzasInOrder=[{name=R2: Meat Lover, priceInPence=1400}], creditCardInformation={creditCardNumber=4179451848883189, creditCardExpiry=06/25, cvv=761}}
2025-01-16T16:58:21.447Z  WARN 26144 --- [PizzaDrone] [           main] a.e.i.p.c.CalcDeliveryPathControllerTest : Skipping order due to missing 'valid' field: {orderNo=692FD9D0, orderDate=2025-01-25, orderStatus=INVALID, orderValidationCode=PRICE_FOR_PIZZA_INVALID, priceTotalInPence=2500, pizzasInOrder=[{name=R4: Pineapple & Ham & Cheese, priceInPence=900}, {name=R4: Proper Pizza, priceInPence=1500}], creditCardInformation={creditCardNumber=5342076436590331, creditCardExpiry=05/25, cvv=368}}
2025-01-16T16:58:21.447Z  WARN 26144 --- [PizzaDrone] [           main] a.e.i.p.c.CalcDeliveryPathControllerTest : Skipping order due to missing 'valid' field: {orderNo=69E51637, orderDate=2025-01-25, orderStatus=INVALID, orderValidationCode=EMPTY_ORDER, priceTotalInPence=100, pizzasInOrder=[], creditCardInformation={creditCardNumber=4884470147974651, creditCardExpiry=05/25, cvv=774}}
2025-01-16T16:58:21.448Z  WARN 26144 --- [PizzaDrone] [           main] a.e.i.p.c.CalcDeliveryPathControllerTest : Skipping order due to missing 'valid' field: {orderNo=4A542B4A, orderDate=2025-01-26, orderStatus=INVALID, orderValidationCode=CARD_NUMBER_INVALID, priceTotalInPence=2400, pizzasInOrder=[{name=R5: Pizza Dream, priceInPence=1400}, {name=R5: My kind of pizza, priceInPence=900}], creditCardInformation={creditCardNumber=54713772017, creditCardExpiry=08/25, cvv=431}}
2025-01-16T16:58:21.448Z  WARN 26144 --- [PizzaDrone] [           main] a.e.i.p.c.CalcDeliveryPathControllerTest : Skipping order due to missing 'valid' field: {orderNo=5B30ED66, orderDate=2025-01-26, orderStatus=INVALID, orderValidationCode=EXPIRY_DATE_INVALID, priceTotalInPence=2400, pizzasInOrder=[{name=R5: Pizza Dream, priceInPence=1400}, {name=R5: My kind of pizza, priceInPence=900}], creditCardInformation={creditCardNumber=2221246175332848, creditCardExpiry=10/17, cvv=998}}
2025-01-16T16:58:21.448Z  WARN 26144 --- [PizzaDrone] [           main] a.e.i.p.c.CalcDeliveryPathControllerTest : Skipping order due to missing 'valid' field: {orderNo=23F215C6, orderDate=2025-01-26, orderStatus=INVALID, orderValidationCode=CVV_INVALID, priceTotalInPence=2500, pizzasInOrder=[{name=R1: Margarita, priceInPence=1000}, {name=R1: Calzone, priceInPence=1400}], creditCardInformation={creditCardNumber=5528301727533741, creditCardExpiry=08/25, cvv=498309}}
2025-01-16T16:58:21.448Z  WARN 26144 --- [PizzaDrone] [           main] a.e.i.p.c.CalcDeliveryPathControllerTest : Skipping order due to missing 'valid' field: {orderNo=507FDF08, orderDate=2025-01-26, orderStatus=INVALID, orderValidationCode=TOTAL_INCORRECT, priceTotalInPence=3032, pizzasInOrder=[{name=R4: Proper Pizza, priceInPence=1400}, {name=R4: Pineapple & Ham & Cheese, priceInPence=900}], creditCardInformation={creditCardNumber=4712844947023000, creditCardExpiry=05/25, cvv=421}}
2025-01-16T16:58:21.448Z  WARN 26144 --- [PizzaDrone] [           main] a.e.i.p.c.CalcDeliveryPathControllerTest : Skipping order due to missing 'valid' field: {orderNo=5A06B806, orderDate=2025-01-26, orderStatus=INVALID, orderValidationCode=PIZZA_NOT_DEFINED, priceTotalInPence=498705280, pizzasInOrder=[{name=R6: Sucuk delight, priceInPence=1400}, {name=R6: Dreams of Syria, priceInPence=900}, {name=Pizza-Surprise , priceInPence=498702880}], creditCardInformation={creditCardNumber=5415540412979638, creditCardExpiry=08/25, cvv=301}}
2025-01-16T16:58:21.448Z  WARN 26144 --- [PizzaDrone] [           main] a.e.i.p.c.CalcDeliveryPathControllerTest : Skipping order due to missing 'valid' field: {orderNo=6654A8C9, orderDate=2025-01-26, orderStatus=INVALID, orderValidationCode=MAX_PIZZA_COUNT_EXCEEDED, priceTotalInPence=8000, pizzasInOrder=[{name=R5: Pizza Dream, priceInPence=1400}, {name=R5: My kind of pizza, priceInPence=900}, {name=R5: Pizza Dream, priceInPence=1400}, {name=R5: Pizza Dream, priceInPence=1400}, {name=R5: Pizza Dream, priceInPence=1400}, {name=R5: Pizza Dream, priceInPence=1400}], creditCardInformation={creditCardNumber=5522165667971211, creditCardExpiry=04/25, cvv=335}}
2025-01-16T16:58:21.448Z  WARN 26144 --- [PizzaDrone] [           main] a.e.i.p.c.CalcDeliveryPathControllerTest : Skipping order due to missing 'valid' field: {orderNo=0A484307, orderDate=2025-01-26, orderStatus=INVALID, orderValidationCode=PIZZA_FROM_MULTIPLE_RESTAURANTS, priceTotalInPence=3400, pizzasInOrder=[{name=R4: Proper Pizza, priceInPence=1400}, {name=R4: Pineapple & Ham & Cheese, priceInPence=900}, {name=R1: Margarita, priceInPence=1000}], creditCardInformation={creditCardNumber=2221688072802136, creditCardExpiry=05/25, cvv=984}}
2025-01-16T16:58:21.449Z  WARN 26144 --- [PizzaDrone] [           main] a.e.i.p.c.CalcDeliveryPathControllerTest : Skipping order due to missing 'valid' field: {orderNo=2A3C73C9, orderDate=2025-01-26, orderStatus=INVALID, orderValidationCode=RESTAURANT_CLOSED, priceTotalInPence=1500, pizzasInOrder=[{name=R2: Meat Lover, priceInPence=1400}], creditCardInformation={creditCardNumber=2221372711960759, creditCardExpiry=07/25, cvv=282}}
2025-01-16T16:58:21.449Z  WARN 26144 --- [PizzaDrone] [           main] a.e.i.p.c.CalcDeliveryPathControllerTest : Skipping order due to missing 'valid' field: {orderNo=64E90B4B, orderDate=2025-01-26, orderStatus=INVALID, orderValidationCode=PRICE_FOR_PIZZA_INVALID, priceTotalInPence=2500, pizzasInOrder=[{name=R5: My kind of pizza, priceInPence=900}, {name=R5: Pizza Dream, priceInPence=1500}], creditCardInformation={creditCardNumber=4405145256030103, creditCardExpiry=09/25, cvv=441}}
2025-01-16T16:58:21.449Z  WARN 26144 --- [PizzaDrone] [           main] a.e.i.p.c.CalcDeliveryPathControllerTest : Skipping order due to missing 'valid' field: {orderNo=7FD68CCD, orderDate=2025-01-26, orderStatus=INVALID, orderValidationCode=EMPTY_ORDER, priceTotalInPence=100, pizzasInOrder=[], creditCardInformation={creditCardNumber=4306975241670294, creditCardExpiry=11/25, cvv=391}}
2025-01-16T16:58:21.449Z  WARN 26144 --- [PizzaDrone] [           main] a.e.i.p.c.CalcDeliveryPathControllerTest : Skipping order due to missing 'valid' field: {orderNo=17276CC6, orderDate=2025-01-27, orderStatus=INVALID, orderValidationCode=CARD_NUMBER_INVALID, priceTotalInPence=2400, pizzasInOrder=[{name=R5: Pizza Dream, priceInPence=1400}, {name=R5: My kind of pizza, priceInPence=900}], creditCardInformation={creditCardNumber=8285125, creditCardExpiry=09/25, cvv=807}}
2025-01-16T16:58:21.449Z  WARN 26144 --- [PizzaDrone] [           main] a.e.i.p.c.CalcDeliveryPathControllerTest : Skipping order due to missing 'valid' field: {orderNo=24150967, orderDate=2025-01-27, orderStatus=INVALID, orderValidationCode=EXPIRY_DATE_INVALID, priceTotalInPence=2500, pizzasInOrder=[{name=R1: Margarita, priceInPence=1000}, {name=R1: Calzone, priceInPence=1400}], creditCardInformation={creditCardNumber=4128616755903640, creditCardExpiry=08/14, cvv=036}}
2025-01-16T16:58:21.449Z  WARN 26144 --- [PizzaDrone] [           main] a.e.i.p.c.CalcDeliveryPathControllerTest : Skipping order due to missing 'valid' field: {orderNo=5819C6C7, orderDate=2025-01-27, orderStatus=INVALID, orderValidationCode=CVV_INVALID, priceTotalInPence=2400, pizzasInOrder=[{name=R6: Sucuk delight, priceInPence=1400}, {name=R6: Dreams of Syria, priceInPence=900}], creditCardInformation={creditCardNumber=5541191770670752, creditCardExpiry=03/26, cvv=8}}
2025-01-16T16:58:21.449Z  WARN 26144 --- [PizzaDrone] [           main] a.e.i.p.c.CalcDeliveryPathControllerTest : Skipping order due to missing 'valid' field: {orderNo=09D293F9, orderDate=2025-01-27, orderStatus=INVALID, orderValidationCode=TOTAL_INCORRECT, priceTotalInPence=2408, pizzasInOrder=[{name=R6: Sucuk delight, priceInPence=1400}, {name=R6: Dreams of Syria, priceInPence=900}], creditCardInformation={creditCardNumber=4242699911798865, creditCardExpiry=09/25, cvv=867}}
2025-01-16T16:58:21.450Z  WARN 26144 --- [PizzaDrone] [           main] a.e.i.p.c.CalcDeliveryPathControllerTest : Skipping order due to missing 'valid' field: {orderNo=461447BD, orderDate=2025-01-27, orderStatus=INVALID, orderValidationCode=PIZZA_NOT_DEFINED, priceTotalInPence=498705280, pizzasInOrder=[{name=R6: Sucuk delight, priceInPence=1400}, {name=R6: Dreams of Syria, priceInPence=900}, {name=Pizza-Surprise , priceInPence=498702880}], creditCardInformation={creditCardNumber=4153181603460812, creditCardExpiry=02/26, cvv=038}}
2025-01-16T16:58:21.450Z  WARN 26144 --- [PizzaDrone] [           main] a.e.i.p.c.CalcDeliveryPathControllerTest : Skipping order due to missing 'valid' field: {orderNo=00FC3530, orderDate=2025-01-27, orderStatus=INVALID, orderValidationCode=MAX_PIZZA_COUNT_EXCEEDED, priceTotalInPence=6500, pizzasInOrder=[{name=R1: Margarita, priceInPence=1000}, {name=R1: Calzone, priceInPence=1400}, {name=R1: Margarita, priceInPence=1000}, {name=R1: Margarita, priceInPence=1000}, {name=R1: Margarita, priceInPence=1000}, {name=R1: Margarita, priceInPence=1000}], creditCardInformation={creditCardNumber=4663254462909667, creditCardExpiry=06/25, cvv=126}}
2025-01-16T16:58:21.450Z  WARN 26144 --- [PizzaDrone] [           main] a.e.i.p.c.CalcDeliveryPathControllerTest : Skipping order due to missing 'valid' field: {orderNo=0469B20E, orderDate=2025-01-27, orderStatus=INVALID, orderValidationCode=PIZZA_FROM_MULTIPLE_RESTAURANTS, priceTotalInPence=3600, pizzasInOrder=[{name=R2: Meat Lover, priceInPence=1400}, {name=R2: Vegan Delight, priceInPence=1100}, {name=R1: Margarita, priceInPence=1000}], creditCardInformation={creditCardNumber=5333565066425116, creditCardExpiry=06/25, cvv=553}}
2025-01-16T16:58:21.451Z  WARN 26144 --- [PizzaDrone] [           main] a.e.i.p.c.CalcDeliveryPathControllerTest : Skipping order due to missing 'valid' field: {orderNo=3F4C62AD, orderDate=2025-01-27, orderStatus=INVALID, orderValidationCode=RESTAURANT_CLOSED, priceTotalInPence=1500, pizzasInOrder=[{name=R3: Super Cheese, priceInPence=1400}], creditCardInformation={creditCardNumber=5220584583665738, creditCardExpiry=04/25, cvv=338}}
2025-01-16T16:58:21.451Z  WARN 26144 --- [PizzaDrone] [           main] a.e.i.p.c.CalcDeliveryPathControllerTest : Skipping order due to missing 'valid' field: {orderNo=2DE74D9B, orderDate=2025-01-27, orderStatus=INVALID, orderValidationCode=PRICE_FOR_PIZZA_INVALID, priceTotalInPence=2500, pizzasInOrder=[{name=R6: Dreams of Syria, priceInPence=900}, {name=R6: Sucuk delight, priceInPence=1500}], creditCardInformation={creditCardNumber=5320046543017292, creditCardExpiry=11/25, cvv=546}}
2025-01-16T16:58:21.452Z  WARN 26144 --- [PizzaDrone] [           main] a.e.i.p.c.CalcDeliveryPathControllerTest : Skipping order due to missing 'valid' field: {orderNo=6A1B154A, orderDate=2025-01-27, orderStatus=INVALID, orderValidationCode=EMPTY_ORDER, priceTotalInPence=100, pizzasInOrder=[], creditCardInformation={creditCardNumber=4165342634145105, creditCardExpiry=08/25, cvv=033}}
2025-01-16T16:58:21.452Z  WARN 26144 --- [PizzaDrone] [           main] a.e.i.p.c.CalcDeliveryPathControllerTest : Skipping order due to missing 'valid' field: {orderNo=1D0C2E4C, orderDate=2025-01-28, orderStatus=INVALID, orderValidationCode=CARD_NUMBER_INVALID, priceTotalInPence=2500, pizzasInOrder=[{name=R1: Margarita, priceInPence=1000}, {name=R1: Calzone, priceInPence=1400}], creditCardInformation={creditCardNumber=31672482151459, creditCardExpiry=01/26, cvv=536}}
2025-01-16T16:58:21.453Z  WARN 26144 --- [PizzaDrone] [           main] a.e.i.p.c.CalcDeliveryPathControllerTest : Skipping order due to missing 'valid' field: {orderNo=71576CA1, orderDate=2025-01-28, orderStatus=INVALID, orderValidationCode=EXPIRY_DATE_INVALID, priceTotalInPence=2400, pizzasInOrder=[{name=R4: Proper Pizza, priceInPence=1400}, {name=R4: Pineapple & Ham & Cheese, priceInPence=900}], creditCardInformation={creditCardNumber=4085982943459650, creditCardExpiry=08/12, cvv=684}}
2025-01-16T16:58:21.453Z  WARN 26144 --- [PizzaDrone] [           main] a.e.i.p.c.CalcDeliveryPathControllerTest : Skipping order due to missing 'valid' field: {orderNo=73A98978, orderDate=2025-01-28, orderStatus=INVALID, orderValidationCode=CVV_INVALID, priceTotalInPence=2400, pizzasInOrder=[{name=R7: Hot, hotter, the hottest, priceInPence=1400}, {name=R7: All you ever wanted, priceInPence=900}], creditCardInformation={creditCardNumber=4433889130756963, creditCardExpiry=08/25, cvv=5}}
2025-01-16T16:58:21.454Z  WARN 26144 --- [PizzaDrone] [           main] a.e.i.p.c.CalcDeliveryPathControllerTest : Skipping order due to missing 'valid' field: {orderNo=2A025E82, orderDate=2025-01-28, orderStatus=INVALID, orderValidationCode=TOTAL_INCORRECT, priceTotalInPence=2679, pizzasInOrder=[{name=R6: Sucuk delight, priceInPence=1400}, {name=R6: Dreams of Syria, priceInPence=900}], creditCardInformation={creditCardNumber=5314226338863864, creditCardExpiry=12/25, cvv=650}}
2025-01-16T16:58:21.455Z  WARN 26144 --- [PizzaDrone] [           main] a.e.i.p.c.CalcDeliveryPathControllerTest : Skipping order due to missing 'valid' field: {orderNo=738A3004, orderDate=2025-01-28, orderStatus=INVALID, orderValidationCode=PIZZA_NOT_DEFINED, priceTotalInPence=498705280, pizzasInOrder=[{name=R6: Sucuk delight, priceInPence=1400}, {name=R6: Dreams of Syria, priceInPence=900}, {name=Pizza-Surprise , priceInPence=498702880}], creditCardInformation={creditCardNumber=4255723232554254, creditCardExpiry=04/25, cvv=974}}
2025-01-16T16:58:21.455Z  WARN 26144 --- [PizzaDrone] [           main] a.e.i.p.c.CalcDeliveryPathControllerTest : Skipping order due to missing 'valid' field: {orderNo=25F895A6, orderDate=2025-01-28, orderStatus=INVALID, orderValidationCode=MAX_PIZZA_COUNT_EXCEEDED, priceTotalInPence=8200, pizzasInOrder=[{name=R2: Meat Lover, priceInPence=1400}, {name=R2: Vegan Delight, priceInPence=1100}, {name=R2: Meat Lover, priceInPence=1400}, {name=R2: Meat Lover, priceInPence=1400}, {name=R2: Meat Lover, priceInPence=1400}, {name=R2: Meat Lover, priceInPence=1400}], creditCardInformation={creditCardNumber=4864295739531443, creditCardExpiry=05/25, cvv=450}}
2025-01-16T16:58:21.456Z  WARN 26144 --- [PizzaDrone] [           main] a.e.i.p.c.CalcDeliveryPathControllerTest : Skipping order due to missing 'valid' field: {orderNo=0869B4D0, orderDate=2025-01-28, orderStatus=INVALID, orderValidationCode=PIZZA_FROM_MULTIPLE_RESTAURANTS, priceTotalInPence=3600, pizzasInOrder=[{name=R2: Meat Lover, priceInPence=1400}, {name=R2: Vegan Delight, priceInPence=1100}, {name=R1: Margarita, priceInPence=1000}], creditCardInformation={creditCardNumber=5291418056759997, creditCardExpiry=02/25, cvv=875}}
2025-01-16T16:58:21.458Z  WARN 26144 --- [PizzaDrone] [           main] a.e.i.p.c.CalcDeliveryPathControllerTest : Skipping order due to missing 'valid' field: {orderNo=4227C9AC, orderDate=2025-01-28, orderStatus=INVALID, orderValidationCode=RESTAURANT_CLOSED, priceTotalInPence=1500, pizzasInOrder=[{name=R3: Super Cheese, priceInPence=1400}], creditCardInformation={creditCardNumber=5344209138189924, creditCardExpiry=10/25, cvv=558}}
2025-01-16T16:58:21.459Z  WARN 26144 --- [PizzaDrone] [           main] a.e.i.p.c.CalcDeliveryPathControllerTest : Skipping order due to missing 'valid' field: {orderNo=66F104F2, orderDate=2025-01-28, orderStatus=INVALID, orderValidationCode=PRICE_FOR_PIZZA_INVALID, priceTotalInPence=2500, pizzasInOrder=[{name=R7: All you ever wanted, priceInPence=900}, {name=R7: Hot, hotter, the hottest, priceInPence=1500}], creditCardInformation={creditCardNumber=2720060822653118, creditCardExpiry=05/25, cvv=998}}
2025-01-16T16:58:21.459Z  WARN 26144 --- [PizzaDrone] [           main] a.e.i.p.c.CalcDeliveryPathControllerTest : Skipping order due to missing 'valid' field: {orderNo=1DFC844D, orderDate=2025-01-28, orderStatus=INVALID, orderValidationCode=EMPTY_ORDER, priceTotalInPence=100, pizzasInOrder=[], creditCardInformation={creditCardNumber=4957615912067634, creditCardExpiry=03/25, cvv=648}}
2025-01-16T16:58:21.459Z  WARN 26144 --- [PizzaDrone] [           main] a.e.i.p.c.CalcDeliveryPathControllerTest : Skipping order due to missing 'valid' field: {orderNo=5841ACC8, orderDate=2025-01-29, orderStatus=INVALID, orderValidationCode=CARD_NUMBER_INVALID, priceTotalInPence=2400, pizzasInOrder=[{name=R6: Sucuk delight, priceInPence=1400}, {name=R6: Dreams of Syria, priceInPence=900}], creditCardInformation={creditCardNumber=49402926027, creditCardExpiry=11/25, cvv=428}}
2025-01-16T16:58:21.459Z  WARN 26144 --- [PizzaDrone] [           main] a.e.i.p.c.CalcDeliveryPathControllerTest : Skipping order due to missing 'valid' field: {orderNo=3D942FAB, orderDate=2025-01-29, orderStatus=INVALID, orderValidationCode=EXPIRY_DATE_INVALID, priceTotalInPence=2400, pizzasInOrder=[{name=R4: Proper Pizza, priceInPence=1400}, {name=R4: Pineapple & Ham & Cheese, priceInPence=900}], creditCardInformation={creditCardNumber=4999152246300697, creditCardExpiry=07/11, cvv=592}}
2025-01-16T16:58:21.459Z  WARN 26144 --- [PizzaDrone] [           main] a.e.i.p.c.CalcDeliveryPathControllerTest : Skipping order due to missing 'valid' field: {orderNo=34809619, orderDate=2025-01-29, orderStatus=INVALID, orderValidationCode=CVV_INVALID, priceTotalInPence=2400, pizzasInOrder=[{name=R6: Sucuk delight, priceInPence=1400}, {name=R6: Dreams of Syria, priceInPence=900}], creditCardInformation={creditCardNumber=4694548490676328, creditCardExpiry=03/25, cvv=779424}}
2025-01-16T16:58:21.461Z  WARN 26144 --- [PizzaDrone] [           main] a.e.i.p.c.CalcDeliveryPathControllerTest : Skipping order due to missing 'valid' field: {orderNo=0D07E461, orderDate=2025-01-29, orderStatus=INVALID, orderValidationCode=TOTAL_INCORRECT, priceTotalInPence=2979, pizzasInOrder=[{name=R6: Sucuk delight, priceInPence=1400}, {name=R6: Dreams of Syria, priceInPence=900}], creditCardInformation={creditCardNumber=4494170928863238, creditCardExpiry=09/25, cvv=638}}
2025-01-16T16:58:21.461Z  WARN 26144 --- [PizzaDrone] [           main] a.e.i.p.c.CalcDeliveryPathControllerTest : Skipping order due to missing 'valid' field: {orderNo=308F66F3, orderDate=2025-01-29, orderStatus=INVALID, orderValidationCode=PIZZA_NOT_DEFINED, priceTotalInPence=498705480, pizzasInOrder=[{name=R2: Meat Lover, priceInPence=1400}, {name=R2: Vegan Delight, priceInPence=1100}, {name=Pizza-Surprise , priceInPence=498702880}], creditCardInformation={creditCardNumber=4709280420614665, creditCardExpiry=03/26, cvv=301}}
2025-01-16T16:58:21.461Z  WARN 26144 --- [PizzaDrone] [           main] a.e.i.p.c.CalcDeliveryPathControllerTest : Skipping order due to missing 'valid' field: {orderNo=377925E5, orderDate=2025-01-29, orderStatus=INVALID, orderValidationCode=MAX_PIZZA_COUNT_EXCEEDED, priceTotalInPence=8000, pizzasInOrder=[{name=R4: Proper Pizza, priceInPence=1400}, {name=R4: Pineapple & Ham & Cheese, priceInPence=900}, {name=R4: Proper Pizza, priceInPence=1400}, {name=R4: Proper Pizza, priceInPence=1400}, {name=R4: Proper Pizza, priceInPence=1400}, {name=R4: Proper Pizza, priceInPence=1400}], creditCardInformation={creditCardNumber=4889303470011244, creditCardExpiry=07/25, cvv=674}}
2025-01-16T16:58:21.461Z  WARN 26144 --- [PizzaDrone] [           main] a.e.i.p.c.CalcDeliveryPathControllerTest : Skipping order due to missing 'valid' field: {orderNo=3EA1279B, orderDate=2025-01-29, orderStatus=INVALID, orderValidationCode=PIZZA_FROM_MULTIPLE_RESTAURANTS, priceTotalInPence=3800, pizzasInOrder=[{name=R4: Proper Pizza, priceInPence=1400}, {name=R4: Pineapple & Ham & Cheese, priceInPence=900}, {name=R2: Meat Lover, priceInPence=1400}], creditCardInformation={creditCardNumber=2720741448216147, creditCardExpiry=07/25, cvv=994}}
2025-01-16T16:58:21.461Z  WARN 26144 --- [PizzaDrone] [           main] a.e.i.p.c.CalcDeliveryPathControllerTest : Skipping order due to missing 'valid' field: {orderNo=582F98FF, orderDate=2025-01-29, orderStatus=INVALID, orderValidationCode=RESTAURANT_CLOSED, priceTotalInPence=1100, pizzasInOrder=[{name=R1: Margarita, priceInPence=1000}], creditCardInformation={creditCardNumber=5452736688983510, creditCardExpiry=09/25, cvv=762}}
2025-01-16T16:58:21.462Z  WARN 26144 --- [PizzaDrone] [           main] a.e.i.p.c.CalcDeliveryPathControllerTest : Skipping order due to missing 'valid' field: {orderNo=0EF73C8D, orderDate=2025-01-29, orderStatus=INVALID, orderValidationCode=PRICE_FOR_PIZZA_INVALID, priceTotalInPence=2700, pizzasInOrder=[{name=R2: Vegan Delight, priceInPence=1100}, {name=R2: Meat Lover, priceInPence=1500}], creditCardInformation={creditCardNumber=4395803596751422, creditCardExpiry=07/25, cvv=530}}
2025-01-16T16:58:21.462Z  WARN 26144 --- [PizzaDrone] [           main] a.e.i.p.c.CalcDeliveryPathControllerTest : Skipping order due to missing 'valid' field: {orderNo=000B5281, orderDate=2025-01-29, orderStatus=INVALID, orderValidationCode=EMPTY_ORDER, priceTotalInPence=100, pizzasInOrder=[], creditCardInformation={creditCardNumber=5159991109078574, creditCardExpiry=07/25, cvv=808}}
2025-01-16T16:58:21.462Z  WARN 26144 --- [PizzaDrone] [           main] a.e.i.p.c.CalcDeliveryPathControllerTest : Skipping order due to missing 'valid' field: {orderNo=5C1ACE28, orderDate=2025-01-30, orderStatus=INVALID, orderValidationCode=CARD_NUMBER_INVALID, priceTotalInPence=2400, pizzasInOrder=[{name=R3: Super Cheese, priceInPence=1400}, {name=R3: All Shrooms, priceInPence=900}], creditCardInformation={creditCardNumber=5869, creditCardExpiry=08/25, cvv=485}}
2025-01-16T16:58:21.462Z  WARN 26144 --- [PizzaDrone] [           main] a.e.i.p.c.CalcDeliveryPathControllerTest : Skipping order due to missing 'valid' field: {orderNo=3F51E11E, orderDate=2025-01-30, orderStatus=INVALID, orderValidationCode=EXPIRY_DATE_INVALID, priceTotalInPence=2600, pizzasInOrder=[{name=R2: Meat Lover, priceInPence=1400}, {name=R2: Vegan Delight, priceInPence=1100}], creditCardInformation={creditCardNumber=5368700499724037, creditCardExpiry=13/17, cvv=624}}
2025-01-16T16:58:21.462Z  WARN 26144 --- [PizzaDrone] [           main] a.e.i.p.c.CalcDeliveryPathControllerTest : Skipping order due to missing 'valid' field: {orderNo=125DDD4A, orderDate=2025-01-30, orderStatus=INVALID, orderValidationCode=CVV_INVALID, priceTotalInPence=2600, pizzasInOrder=[{name=R2: Meat Lover, priceInPence=1400}, {name=R2: Vegan Delight, priceInPence=1100}], creditCardInformation={creditCardNumber=4597161584771977, creditCardExpiry=10/25, cvv=735492}}
2025-01-16T16:58:21.462Z  WARN 26144 --- [PizzaDrone] [           main] a.e.i.p.c.CalcDeliveryPathControllerTest : Skipping order due to missing 'valid' field: {orderNo=72614FBB, orderDate=2025-01-30, orderStatus=INVALID, orderValidationCode=TOTAL_INCORRECT, priceTotalInPence=2977, pizzasInOrder=[{name=R7: Hot, hotter, the hottest, priceInPence=1400}, {name=R7: All you ever wanted, priceInPence=900}], creditCardInformation={creditCardNumber=2720578444025639, creditCardExpiry=02/26, cvv=817}}
2025-01-16T16:58:21.462Z  WARN 26144 --- [PizzaDrone] [           main] a.e.i.p.c.CalcDeliveryPathControllerTest : Skipping order due to missing 'valid' field: {orderNo=4C07E965, orderDate=2025-01-30, orderStatus=INVALID, orderValidationCode=PIZZA_NOT_DEFINED, priceTotalInPence=498705480, pizzasInOrder=[{name=R2: Meat Lover, priceInPence=1400}, {name=R2: Vegan Delight, priceInPence=1100}, {name=Pizza-Surprise , priceInPence=498702880}], creditCardInformation={creditCardNumber=4633301355287151, creditCardExpiry=07/25, cvv=773}}
2025-01-16T16:58:21.462Z  WARN 26144 --- [PizzaDrone] [           main] a.e.i.p.c.CalcDeliveryPathControllerTest : Skipping order due to missing 'valid' field: {orderNo=58BAA446, orderDate=2025-01-30, orderStatus=INVALID, orderValidationCode=MAX_PIZZA_COUNT_EXCEEDED, priceTotalInPence=8000, pizzasInOrder=[{name=R5: Pizza Dream, priceInPence=1400}, {name=R5: My kind of pizza, priceInPence=900}, {name=R5: Pizza Dream, priceInPence=1400}, {name=R5: Pizza Dream, priceInPence=1400}, {name=R5: Pizza Dream, priceInPence=1400}, {name=R5: Pizza Dream, priceInPence=1400}], creditCardInformation={creditCardNumber=5229774903093437, creditCardExpiry=01/26, cvv=199}}
2025-01-16T16:58:21.462Z  WARN 26144 --- [PizzaDrone] [           main] a.e.i.p.c.CalcDeliveryPathControllerTest : Skipping order due to missing 'valid' field: {orderNo=329BE320, orderDate=2025-01-30, orderStatus=INVALID, orderValidationCode=PIZZA_FROM_MULTIPLE_RESTAURANTS, priceTotalInPence=3800, pizzasInOrder=[{name=R5: Pizza Dream, priceInPence=1400}, {name=R5: My kind of pizza, priceInPence=900}, {name=R2: Meat Lover, priceInPence=1400}], creditCardInformation={creditCardNumber=5276917019352039, creditCardExpiry=11/25, cvv=498}}
2025-01-16T16:58:21.463Z  WARN 26144 --- [PizzaDrone] [           main] a.e.i.p.c.CalcDeliveryPathControllerTest : Skipping order due to missing 'valid' field: {orderNo=63A99EFB, orderDate=2025-01-30, orderStatus=INVALID, orderValidationCode=RESTAURANT_CLOSED, priceTotalInPence=1100, pizzasInOrder=[{name=R1: Margarita, priceInPence=1000}], creditCardInformation={creditCardNumber=5170722001739293, creditCardExpiry=11/25, cvv=064}}
2025-01-16T16:58:21.463Z  WARN 26144 --- [PizzaDrone] [           main] a.e.i.p.c.CalcDeliveryPathControllerTest : Skipping order due to missing 'valid' field: {orderNo=2423696B, orderDate=2025-01-30, orderStatus=INVALID, orderValidationCode=PRICE_FOR_PIZZA_INVALID, priceTotalInPence=2500, pizzasInOrder=[{name=R7: All you ever wanted, priceInPence=900}, {name=R7: Hot, hotter, the hottest, priceInPence=1500}], creditCardInformation={creditCardNumber=5261100256906927, creditCardExpiry=01/26, cvv=860}}
2025-01-16T16:58:21.463Z  WARN 26144 --- [PizzaDrone] [           main] a.e.i.p.c.CalcDeliveryPathControllerTest : Skipping order due to missing 'valid' field: {orderNo=16978538, orderDate=2025-01-30, orderStatus=INVALID, orderValidationCode=EMPTY_ORDER, priceTotalInPence=100, pizzasInOrder=[], creditCardInformation={creditCardNumber=4876049648552081, creditCardExpiry=11/25, cvv=518}}
2025-01-16T16:58:21.463Z  WARN 26144 --- [PizzaDrone] [           main] a.e.i.p.c.CalcDeliveryPathControllerTest : Skipping order due to missing 'valid' field: {orderNo=24BFE366, orderDate=2025-01-31, orderStatus=INVALID, orderValidationCode=CARD_NUMBER_INVALID, priceTotalInPence=2500, pizzasInOrder=[{name=R1: Margarita, priceInPence=1000}, {name=R1: Calzone, priceInPence=1400}], creditCardInformation={creditCardNumber=5405390407684, creditCardExpiry=03/26, cvv=109}}
2025-01-16T16:58:21.463Z  WARN 26144 --- [PizzaDrone] [           main] a.e.i.p.c.CalcDeliveryPathControllerTest : Skipping order due to missing 'valid' field: {orderNo=72C3B0A3, orderDate=2025-01-31, orderStatus=INVALID, orderValidationCode=EXPIRY_DATE_INVALID, priceTotalInPence=2400, pizzasInOrder=[{name=R7: Hot, hotter, the hottest, priceInPence=1400}, {name=R7: All you ever wanted, priceInPence=900}], creditCardInformation={creditCardNumber=4275357255890372, creditCardExpiry=01/02, cvv=933}}
2025-01-16T16:58:21.463Z  WARN 26144 --- [PizzaDrone] [           main] a.e.i.p.c.CalcDeliveryPathControllerTest : Skipping order due to missing 'valid' field: {orderNo=3622F38F, orderDate=2025-01-31, orderStatus=INVALID, orderValidationCode=CVV_INVALID, priceTotalInPence=2500, pizzasInOrder=[{name=R1: Margarita, priceInPence=1000}, {name=R1: Calzone, priceInPence=1400}], creditCardInformation={creditCardNumber=4251121540992296, creditCardExpiry=02/26, cvv=420363}}
2025-01-16T16:58:21.463Z  WARN 26144 --- [PizzaDrone] [           main] a.e.i.p.c.CalcDeliveryPathControllerTest : Skipping order due to missing 'valid' field: {orderNo=6E0211D3, orderDate=2025-01-31, orderStatus=INVALID, orderValidationCode=TOTAL_INCORRECT, priceTotalInPence=2407, pizzasInOrder=[{name=R1: Margarita, priceInPence=1000}, {name=R1: Calzone, priceInPence=1400}], creditCardInformation={creditCardNumber=5147015810156092, creditCardExpiry=12/25, cvv=096}}
2025-01-16T16:58:21.463Z  WARN 26144 --- [PizzaDrone] [           main] a.e.i.p.c.CalcDeliveryPathControllerTest : Skipping order due to missing 'valid' field: {orderNo=36324949, orderDate=2025-01-31, orderStatus=INVALID, orderValidationCode=PIZZA_NOT_DEFINED, priceTotalInPence=498705280, pizzasInOrder=[{name=R7: Hot, hotter, the hottest, priceInPence=1400}, {name=R7: All you ever wanted, priceInPence=900}, {name=Pizza-Surprise , priceInPence=498702880}], creditCardInformation={creditCardNumber=4961431753007935, creditCardExpiry=12/25, cvv=220}}
2025-01-16T16:58:21.463Z  WARN 26144 --- [PizzaDrone] [           main] a.e.i.p.c.CalcDeliveryPathControllerTest : Skipping order due to missing 'valid' field: {orderNo=7118E841, orderDate=2025-01-31, orderStatus=INVALID, orderValidationCode=MAX_PIZZA_COUNT_EXCEEDED, priceTotalInPence=8000, pizzasInOrder=[{name=R7: Hot, hotter, the hottest, priceInPence=1400}, {name=R7: All you ever wanted, priceInPence=900}, {name=R7: Hot, hotter, the hottest, priceInPence=1400}, {name=R7: Hot, hotter, the hottest, priceInPence=1400}, {name=R7: Hot, hotter, the hottest, priceInPence=1400}, {name=R7: Hot, hotter, the hottest, priceInPence=1400}], creditCardInformation={creditCardNumber=5373996580745963, creditCardExpiry=09/25, cvv=596}}
2025-01-16T16:58:21.464Z  WARN 26144 --- [PizzaDrone] [           main] a.e.i.p.c.CalcDeliveryPathControllerTest : Skipping order due to missing 'valid' field: {orderNo=439D3313, orderDate=2025-01-31, orderStatus=INVALID, orderValidationCode=PIZZA_FROM_MULTIPLE_RESTAURANTS, priceTotalInPence=3900, pizzasInOrder=[{name=R1: Margarita, priceInPence=1000}, {name=R1: Calzone, priceInPence=1400}, {name=R2: Meat Lover, priceInPence=1400}], creditCardInformation={creditCardNumber=5267214653095954, creditCardExpiry=06/25, cvv=458}}
2025-01-16T16:58:21.464Z  WARN 26144 --- [PizzaDrone] [           main] a.e.i.p.c.CalcDeliveryPathControllerTest : Skipping order due to missing 'valid' field: {orderNo=0B40E11A, orderDate=2025-01-31, orderStatus=INVALID, orderValidationCode=RESTAURANT_CLOSED, priceTotalInPence=1500, pizzasInOrder=[{name=R4: Proper Pizza, priceInPence=1400}], creditCardInformation={creditCardNumber=2720788209886642, creditCardExpiry=06/25, cvv=403}}
2025-01-16T16:58:21.464Z  WARN 26144 --- [PizzaDrone] [           main] a.e.i.p.c.CalcDeliveryPathControllerTest : Skipping order due to missing 'valid' field: {orderNo=3D365209, orderDate=2025-01-31, orderStatus=INVALID, orderValidationCode=PRICE_FOR_PIZZA_INVALID, priceTotalInPence=2700, pizzasInOrder=[{name=R2: Vegan Delight, priceInPence=1100}, {name=R2: Meat Lover, priceInPence=1500}], creditCardInformation={creditCardNumber=4235445016336691, creditCardExpiry=05/25, cvv=963}}
2025-01-16T16:58:21.464Z  WARN 26144 --- [PizzaDrone] [           main] a.e.i.p.c.CalcDeliveryPathControllerTest : Skipping order due to missing 'valid' field: {orderNo=0108BF93, orderDate=2025-01-31, orderStatus=INVALID, orderValidationCode=EMPTY_ORDER, priceTotalInPence=100, pizzasInOrder=[], creditCardInformation={creditCardNumber=4861644660675286, creditCardExpiry=03/26, cvv=161}}
2025-01-16T16:58:21.464Z  WARN 26144 --- [PizzaDrone] [           main] a.e.i.p.c.CalcDeliveryPathControllerTest : Skipping order due to missing 'valid' field: {orderNo=5EE42ED0, orderDate=2025-02-01, orderStatus=INVALID, orderValidationCode=CARD_NUMBER_INVALID, priceTotalInPence=2400, pizzasInOrder=[{name=R6: Sucuk delight, priceInPence=1400}, {name=R6: Dreams of Syria, priceInPence=900}], creditCardInformation={creditCardNumber=9958706, creditCardExpiry=04/26, cvv=347}}
2025-01-16T16:58:21.464Z  WARN 26144 --- [PizzaDrone] [           main] a.e.i.p.c.CalcDeliveryPathControllerTest : Skipping order due to missing 'valid' field: {orderNo=10795B8E, orderDate=2025-02-01, orderStatus=INVALID, orderValidationCode=EXPIRY_DATE_INVALID, priceTotalInPence=2400, pizzasInOrder=[{name=R3: Super Cheese, priceInPence=1400}, {name=R3: All Shrooms, priceInPence=900}], creditCardInformation={creditCardNumber=4609826255980588, creditCardExpiry=06/17, cvv=538}}
2025-01-16T16:58:21.465Z  WARN 26144 --- [PizzaDrone] [           main] a.e.i.p.c.CalcDeliveryPathControllerTest : Skipping order due to missing 'valid' field: {orderNo=31B0769D, orderDate=2025-02-01, orderStatus=INVALID, orderValidationCode=CVV_INVALID, priceTotalInPence=2400, pizzasInOrder=[{name=R6: Sucuk delight, priceInPence=1400}, {name=R6: Dreams of Syria, priceInPence=900}], creditCardInformation={creditCardNumber=4038450071765098, creditCardExpiry=02/26, cvv=47416}}
2025-01-16T16:58:21.465Z  WARN 26144 --- [PizzaDrone] [           main] a.e.i.p.c.CalcDeliveryPathControllerTest : Skipping order due to missing 'valid' field: {orderNo=5EA00332, orderDate=2025-02-01, orderStatus=INVALID, orderValidationCode=TOTAL_INCORRECT, priceTotalInPence=2988, pizzasInOrder=[{name=R5: Pizza Dream, priceInPence=1400}, {name=R5: My kind of pizza, priceInPence=900}], creditCardInformation={creditCardNumber=4855831400402539, creditCardExpiry=12/25, cvv=848}}
2025-01-16T16:58:21.465Z  WARN 26144 --- [PizzaDrone] [           main] a.e.i.p.c.CalcDeliveryPathControllerTest : Skipping order due to missing 'valid' field: {orderNo=73378EFB, orderDate=2025-02-01, orderStatus=INVALID, orderValidationCode=PIZZA_NOT_DEFINED, priceTotalInPence=498705280, pizzasInOrder=[{name=R4: Proper Pizza, priceInPence=1400}, {name=R4: Pineapple & Ham & Cheese, priceInPence=900}, {name=Pizza-Surprise , priceInPence=498702880}], creditCardInformation={creditCardNumber=5160292079606339, creditCardExpiry=04/25, cvv=540}}
2025-01-16T16:58:21.465Z  WARN 26144 --- [PizzaDrone] [           main] a.e.i.p.c.CalcDeliveryPathControllerTest : Skipping order due to missing 'valid' field: {orderNo=18720967, orderDate=2025-02-01, orderStatus=INVALID, orderValidationCode=MAX_PIZZA_COUNT_EXCEEDED, priceTotalInPence=8000, pizzasInOrder=[{name=R4: Proper Pizza, priceInPence=1400}, {name=R4: Pineapple & Ham & Cheese, priceInPence=900}, {name=R4: Proper Pizza, priceInPence=1400}, {name=R4: Proper Pizza, priceInPence=1400}, {name=R4: Proper Pizza, priceInPence=1400}, {name=R4: Proper Pizza, priceInPence=1400}], creditCardInformation={creditCardNumber=4485461499419570, creditCardExpiry=09/25, cvv=415}}
2025-01-16T16:58:21.466Z  WARN 26144 --- [PizzaDrone] [           main] a.e.i.p.c.CalcDeliveryPathControllerTest : Skipping order due to missing 'valid' field: {orderNo=6FDFB283, orderDate=2025-02-01, orderStatus=INVALID, orderValidationCode=PIZZA_FROM_MULTIPLE_RESTAURANTS, priceTotalInPence=3400, pizzasInOrder=[{name=R5: Pizza Dream, priceInPence=1400}, {name=R5: My kind of pizza, priceInPence=900}, {name=R1: Margarita, priceInPence=1000}], creditCardInformation={creditCardNumber=5341068811757669, creditCardExpiry=09/25, cvv=877}}
2025-01-16T16:58:21.466Z  WARN 26144 --- [PizzaDrone] [           main] a.e.i.p.c.CalcDeliveryPathControllerTest : Skipping order due to missing 'valid' field: {orderNo=5D245FAE, orderDate=2025-02-01, orderStatus=INVALID, orderValidationCode=RESTAURANT_CLOSED, priceTotalInPence=1500, pizzasInOrder=[{name=R2: Meat Lover, priceInPence=1400}], creditCardInformation={creditCardNumber=5165947444208690, creditCardExpiry=12/25, cvv=466}}
2025-01-16T16:58:21.466Z  WARN 26144 --- [PizzaDrone] [           main] a.e.i.p.c.CalcDeliveryPathControllerTest : Skipping order due to missing 'valid' field: {orderNo=25018F08, orderDate=2025-02-01, orderStatus=INVALID, orderValidationCode=PRICE_FOR_PIZZA_INVALID, priceTotalInPence=2500, pizzasInOrder=[{name=R3: All Shrooms, priceInPence=900}, {name=R3: Super Cheese, priceInPence=1500}], creditCardInformation={creditCardNumber=2720040844845959, creditCardExpiry=12/25, cvv=539}}
2025-01-16T16:58:21.466Z  WARN 26144 --- [PizzaDrone] [           main] a.e.i.p.c.CalcDeliveryPathControllerTest : Skipping order due to missing 'valid' field: {orderNo=2F59CC1B, orderDate=2025-02-01, orderStatus=INVALID, orderValidationCode=EMPTY_ORDER, priceTotalInPence=100, pizzasInOrder=[], creditCardInformation={creditCardNumber=2720736538209093, creditCardExpiry=04/26, cvv=470}}
2025-01-16T16:58:21.466Z  WARN 26144 --- [PizzaDrone] [           main] a.e.i.p.c.CalcDeliveryPathControllerTest : Skipping order due to missing 'valid' field: {orderNo=1240980C, orderDate=2025-02-02, orderStatus=INVALID, orderValidationCode=CARD_NUMBER_INVALID, priceTotalInPence=2400, pizzasInOrder=[{name=R5: Pizza Dream, priceInPence=1400}, {name=R5: My kind of pizza, priceInPence=900}], creditCardInformation={creditCardNumber=7802262427424, creditCardExpiry=12/25, cvv=598}}
2025-01-16T16:58:21.466Z  WARN 26144 --- [PizzaDrone] [           main] a.e.i.p.c.CalcDeliveryPathControllerTest : Skipping order due to missing 'valid' field: {orderNo=41A86697, orderDate=2025-02-02, orderStatus=INVALID, orderValidationCode=EXPIRY_DATE_INVALID, priceTotalInPence=2400, pizzasInOrder=[{name=R4: Proper Pizza, priceInPence=1400}, {name=R4: Pineapple & Ham & Cheese, priceInPence=900}], creditCardInformation={creditCardNumber=2720624120213592, creditCardExpiry=11/05, cvv=946}}
2025-01-16T16:58:21.466Z  WARN 26144 --- [PizzaDrone] [           main] a.e.i.p.c.CalcDeliveryPathControllerTest : Skipping order due to missing 'valid' field: {orderNo=15E73529, orderDate=2025-02-02, orderStatus=INVALID, orderValidationCode=CVV_INVALID, priceTotalInPence=2400, pizzasInOrder=[{name=R4: Proper Pizza, priceInPence=1400}, {name=R4: Pineapple & Ham & Cheese, priceInPence=900}], creditCardInformation={creditCardNumber=5420077413245480, creditCardExpiry=03/25, cvv=1745}}
2025-01-16T16:58:21.466Z  WARN 26144 --- [PizzaDrone] [           main] a.e.i.p.c.CalcDeliveryPathControllerTest : Skipping order due to missing 'valid' field: {orderNo=032EB70F, orderDate=2025-02-02, orderStatus=INVALID, orderValidationCode=TOTAL_INCORRECT, priceTotalInPence=2486, pizzasInOrder=[{name=R5: Pizza Dream, priceInPence=1400}, {name=R5: My kind of pizza, priceInPence=900}], creditCardInformation={creditCardNumber=4074849298555759, creditCardExpiry=05/25, cvv=350}}
2025-01-16T16:58:21.467Z  WARN 26144 --- [PizzaDrone] [           main] a.e.i.p.c.CalcDeliveryPathControllerTest : Skipping order due to missing 'valid' field: {orderNo=10D0823E, orderDate=2025-02-02, orderStatus=INVALID, orderValidationCode=PIZZA_NOT_DEFINED, priceTotalInPence=498705280, pizzasInOrder=[{name=R3: Super Cheese, priceInPence=1400}, {name=R3: All Shrooms, priceInPence=900}, {name=Pizza-Surprise , priceInPence=498702880}], creditCardInformation={creditCardNumber=4377433320596216, creditCardExpiry=04/25, cvv=746}}
2025-01-16T16:58:21.467Z  WARN 26144 --- [PizzaDrone] [           main] a.e.i.p.c.CalcDeliveryPathControllerTest : Skipping order due to missing 'valid' field: {orderNo=6751F11C, orderDate=2025-02-02, orderStatus=INVALID, orderValidationCode=MAX_PIZZA_COUNT_EXCEEDED, priceTotalInPence=8000, pizzasInOrder=[{name=R4: Proper Pizza, priceInPence=1400}, {name=R4: Pineapple & Ham & Cheese, priceInPence=900}, {name=R4: Proper Pizza, priceInPence=1400}, {name=R4: Proper Pizza, priceInPence=1400}, {name=R4: Proper Pizza, priceInPence=1400}, {name=R4: Proper Pizza, priceInPence=1400}], creditCardInformation={creditCardNumber=5134116024191464, creditCardExpiry=09/25, cvv=479}}
2025-01-16T16:58:21.467Z  WARN 26144 --- [PizzaDrone] [           main] a.e.i.p.c.CalcDeliveryPathControllerTest : Skipping order due to missing 'valid' field: {orderNo=1AB424BB, orderDate=2025-02-02, orderStatus=INVALID, orderValidationCode=PIZZA_FROM_MULTIPLE_RESTAURANTS, priceTotalInPence=3400, pizzasInOrder=[{name=R3: Super Cheese, priceInPence=1400}, {name=R3: All Shrooms, priceInPence=900}, {name=R1: Margarita, priceInPence=1000}], creditCardInformation={creditCardNumber=4602324438064774, creditCardExpiry=07/25, cvv=098}}
2025-01-16T16:58:21.467Z  WARN 26144 --- [PizzaDrone] [           main] a.e.i.p.c.CalcDeliveryPathControllerTest : Skipping order due to missing 'valid' field: {orderNo=2110884B, orderDate=2025-02-02, orderStatus=INVALID, orderValidationCode=RESTAURANT_CLOSED, priceTotalInPence=1500, pizzasInOrder=[{name=R2: Meat Lover, priceInPence=1400}], creditCardInformation={creditCardNumber=5428626828695853, creditCardExpiry=12/25, cvv=669}}
2025-01-16T16:58:21.467Z  WARN 26144 --- [PizzaDrone] [           main] a.e.i.p.c.CalcDeliveryPathControllerTest : Skipping order due to missing 'valid' field: {orderNo=39F07072, orderDate=2025-02-02, orderStatus=INVALID, orderValidationCode=PRICE_FOR_PIZZA_INVALID, priceTotalInPence=2500, pizzasInOrder=[{name=R6: Dreams of Syria, priceInPence=900}, {name=R6: Sucuk delight, priceInPence=1500}], creditCardInformation={creditCardNumber=4025561938853375, creditCardExpiry=09/25, cvv=888}}
2025-01-16T16:58:21.467Z  WARN 26144 --- [PizzaDrone] [           main] a.e.i.p.c.CalcDeliveryPathControllerTest : Skipping order due to missing 'valid' field: {orderNo=7A6BC27D, orderDate=2025-02-02, orderStatus=INVALID, orderValidationCode=EMPTY_ORDER, priceTotalInPence=100, pizzasInOrder=[], creditCardInformation={creditCardNumber=5599030927994676, creditCardExpiry=12/25, cvv=184}}
2025-01-16T16:58:21.467Z  WARN 26144 --- [PizzaDrone] [           main] a.e.i.p.c.CalcDeliveryPathControllerTest : Skipping order due to missing 'valid' field: {orderNo=29500C39, orderDate=2025-02-03, orderStatus=INVALID, orderValidationCode=CARD_NUMBER_INVALID, priceTotalInPence=2500, pizzasInOrder=[{name=R1: Margarita, priceInPence=1000}, {name=R1: Calzone, priceInPence=1400}], creditCardInformation={creditCardNumber=64847, creditCardExpiry=04/26, cvv=705}}
2025-01-16T16:58:21.467Z  WARN 26144 --- [PizzaDrone] [           main] a.e.i.p.c.CalcDeliveryPathControllerTest : Skipping order due to missing 'valid' field: {orderNo=18EDC539, orderDate=2025-02-03, orderStatus=INVALID, orderValidationCode=EXPIRY_DATE_INVALID, priceTotalInPence=2400, pizzasInOrder=[{name=R6: Sucuk delight, priceInPence=1400}, {name=R6: Dreams of Syria, priceInPence=900}], creditCardInformation={creditCardNumber=2720480270709651, creditCardExpiry=03/03, cvv=985}}
2025-01-16T16:58:21.468Z  WARN 26144 --- [PizzaDrone] [           main] a.e.i.p.c.CalcDeliveryPathControllerTest : Skipping order due to missing 'valid' field: {orderNo=18276583, orderDate=2025-02-03, orderStatus=INVALID, orderValidationCode=CVV_INVALID, priceTotalInPence=2400, pizzasInOrder=[{name=R5: Pizza Dream, priceInPence=1400}, {name=R5: My kind of pizza, priceInPence=900}], creditCardInformation={creditCardNumber=4151059025011227, creditCardExpiry=03/26, cvv=5466}}
2025-01-16T16:58:21.468Z  WARN 26144 --- [PizzaDrone] [           main] a.e.i.p.c.CalcDeliveryPathControllerTest : Skipping order due to missing 'valid' field: {orderNo=7F79EE9D, orderDate=2025-02-03, orderStatus=INVALID, orderValidationCode=TOTAL_INCORRECT, priceTotalInPence=3111, pizzasInOrder=[{name=R1: Margarita, priceInPence=1000}, {name=R1: Calzone, priceInPence=1400}], creditCardInformation={creditCardNumber=4512937744265386, creditCardExpiry=10/25, cvv=282}}
2025-01-16T16:58:21.468Z  WARN 26144 --- [PizzaDrone] [           main] a.e.i.p.c.CalcDeliveryPathControllerTest : Skipping order due to missing 'valid' field: {orderNo=2CD447EF, orderDate=2025-02-03, orderStatus=INVALID, orderValidationCode=PIZZA_NOT_DEFINED, priceTotalInPence=498705280, pizzasInOrder=[{name=R5: Pizza Dream, priceInPence=1400}, {name=R5: My kind of pizza, priceInPence=900}, {name=Pizza-Surprise , priceInPence=498702880}], creditCardInformation={creditCardNumber=5263706801226831, creditCardExpiry=01/26, cvv=530}}
2025-01-16T16:58:21.468Z  WARN 26144 --- [PizzaDrone] [           main] a.e.i.p.c.CalcDeliveryPathControllerTest : Skipping order due to missing 'valid' field: {orderNo=2AEC2795, orderDate=2025-02-03, orderStatus=INVALID, orderValidationCode=MAX_PIZZA_COUNT_EXCEEDED, priceTotalInPence=8000, pizzasInOrder=[{name=R5: Pizza Dream, priceInPence=1400}, {name=R5: My kind of pizza, priceInPence=900}, {name=R5: Pizza Dream, priceInPence=1400}, {name=R5: Pizza Dream, priceInPence=1400}, {name=R5: Pizza Dream, priceInPence=1400}, {name=R5: Pizza Dream, priceInPence=1400}], creditCardInformation={creditCardNumber=4005869650682433, creditCardExpiry=04/25, cvv=977}}
2025-01-16T16:58:21.468Z  WARN 26144 --- [PizzaDrone] [           main] a.e.i.p.c.CalcDeliveryPathControllerTest : Skipping order due to missing 'valid' field: {orderNo=306FDE15, orderDate=2025-02-03, orderStatus=INVALID, orderValidationCode=PIZZA_FROM_MULTIPLE_RESTAURANTS, priceTotalInPence=3400, pizzasInOrder=[{name=R6: Sucuk delight, priceInPence=1400}, {name=R6: Dreams of Syria, priceInPence=900}, {name=R1: Margarita, priceInPence=1000}], creditCardInformation={creditCardNumber=4010661088910707, creditCardExpiry=07/25, cvv=394}}
2025-01-16T16:58:21.468Z  WARN 26144 --- [PizzaDrone] [           main] a.e.i.p.c.CalcDeliveryPathControllerTest : Skipping order due to missing 'valid' field: {orderNo=7D1DD3B1, orderDate=2025-02-03, orderStatus=INVALID, orderValidationCode=RESTAURANT_CLOSED, priceTotalInPence=1500, pizzasInOrder=[{name=R3: Super Cheese, priceInPence=1400}], creditCardInformation={creditCardNumber=4026542782700549, creditCardExpiry=10/25, cvv=685}}
2025-01-16T16:58:21.468Z  WARN 26144 --- [PizzaDrone] [           main] a.e.i.p.c.CalcDeliveryPathControllerTest : Skipping order due to missing 'valid' field: {orderNo=493FED4D, orderDate=2025-02-03, orderStatus=INVALID, orderValidationCode=PRICE_FOR_PIZZA_INVALID, priceTotalInPence=2600, pizzasInOrder=[{name=R1: Calzone, priceInPence=1400}, {name=R1: Margarita, priceInPence=1100}], creditCardInformation={creditCardNumber=5299394571064902, creditCardExpiry=04/26, cvv=677}}
2025-01-16T16:58:21.468Z  WARN 26144 --- [PizzaDrone] [           main] a.e.i.p.c.CalcDeliveryPathControllerTest : Skipping order due to missing 'valid' field: {orderNo=73727076, orderDate=2025-02-03, orderStatus=INVALID, orderValidationCode=EMPTY_ORDER, priceTotalInPence=100, pizzasInOrder=[], creditCardInformation={creditCardNumber=4942932265830452, creditCardExpiry=03/25, cvv=017}}
2025-01-16T16:58:21.469Z  WARN 26144 --- [PizzaDrone] [           main] a.e.i.p.c.CalcDeliveryPathControllerTest : Skipping order due to missing 'valid' field: {orderNo=345204AF, orderDate=2025-02-04, orderStatus=INVALID, orderValidationCode=CARD_NUMBER_INVALID, priceTotalInPence=2600, pizzasInOrder=[{name=R2: Meat Lover, priceInPence=1400}, {name=R2: Vegan Delight, priceInPence=1100}], creditCardInformation={creditCardNumber=16134030040, creditCardExpiry=07/25, cvv=667}}
2025-01-16T16:58:21.469Z  WARN 26144 --- [PizzaDrone] [           main] a.e.i.p.c.CalcDeliveryPathControllerTest : Skipping order due to missing 'valid' field: {orderNo=43DF9103, orderDate=2025-02-04, orderStatus=INVALID, orderValidationCode=EXPIRY_DATE_INVALID, priceTotalInPence=2400, pizzasInOrder=[{name=R4: Proper Pizza, priceInPence=1400}, {name=R4: Pineapple & Ham & Cheese, priceInPence=900}], creditCardInformation={creditCardNumber=5485437752250958, creditCardExpiry=11/17, cvv=466}}
2025-01-16T16:58:21.469Z  WARN 26144 --- [PizzaDrone] [           main] a.e.i.p.c.CalcDeliveryPathControllerTest : Skipping order due to missing 'valid' field: {orderNo=1EF5C254, orderDate=2025-02-04, orderStatus=INVALID, orderValidationCode=CVV_INVALID, priceTotalInPence=2600, pizzasInOrder=[{name=R2: Meat Lover, priceInPence=1400}, {name=R2: Vegan Delight, priceInPence=1100}], creditCardInformation={creditCardNumber=5454031236245622, creditCardExpiry=04/25, cvv=1}}
2025-01-16T16:58:21.470Z  WARN 26144 --- [PizzaDrone] [           main] a.e.i.p.c.CalcDeliveryPathControllerTest : Skipping order due to missing 'valid' field: {orderNo=3BA3116A, orderDate=2025-02-04, orderStatus=INVALID, orderValidationCode=TOTAL_INCORRECT, priceTotalInPence=2942, pizzasInOrder=[{name=R7: Hot, hotter, the hottest, priceInPence=1400}, {name=R7: All you ever wanted, priceInPence=900}], creditCardInformation={creditCardNumber=5268995321723477, creditCardExpiry=02/26, cvv=458}}
2025-01-16T16:58:21.470Z  WARN 26144 --- [PizzaDrone] [           main] a.e.i.p.c.CalcDeliveryPathControllerTest : Skipping order due to missing 'valid' field: {orderNo=143858B0, orderDate=2025-02-04, orderStatus=INVALID, orderValidationCode=PIZZA_NOT_DEFINED, priceTotalInPence=498705280, pizzasInOrder=[{name=R4: Proper Pizza, priceInPence=1400}, {name=R4: Pineapple & Ham & Cheese, priceInPence=900}, {name=Pizza-Surprise , priceInPence=498702880}], creditCardInformation={creditCardNumber=4407600205510645, creditCardExpiry=07/25, cvv=942}}
2025-01-16T16:58:21.470Z  WARN 26144 --- [PizzaDrone] [           main] a.e.i.p.c.CalcDeliveryPathControllerTest : Skipping order due to missing 'valid' field: {orderNo=2DC03B33, orderDate=2025-02-04, orderStatus=INVALID, orderValidationCode=MAX_PIZZA_COUNT_EXCEEDED, priceTotalInPence=8200, pizzasInOrder=[{name=R2: Meat Lover, priceInPence=1400}, {name=R2: Vegan Delight, priceInPence=1100}, {name=R2: Meat Lover, priceInPence=1400}, {name=R2: Meat Lover, priceInPence=1400}, {name=R2: Meat Lover, priceInPence=1400}, {name=R2: Meat Lover, priceInPence=1400}], creditCardInformation={creditCardNumber=5598530542772754, creditCardExpiry=04/26, cvv=106}}
2025-01-16T16:58:21.470Z  WARN 26144 --- [PizzaDrone] [           main] a.e.i.p.c.CalcDeliveryPathControllerTest : Skipping order due to missing 'valid' field: {orderNo=14399195, orderDate=2025-02-04, orderStatus=INVALID, orderValidationCode=PIZZA_FROM_MULTIPLE_RESTAURANTS, priceTotalInPence=3400, pizzasInOrder=[{name=R4: Proper Pizza, priceInPence=1400}, {name=R4: Pineapple & Ham & Cheese, priceInPence=900}, {name=R1: Margarita, priceInPence=1000}], creditCardInformation={creditCardNumber=4858203689886427, creditCardExpiry=01/26, cvv=564}}
2025-01-16T16:58:21.470Z  WARN 26144 --- [PizzaDrone] [           main] a.e.i.p.c.CalcDeliveryPathControllerTest : Skipping order due to missing 'valid' field: {orderNo=46C8808F, orderDate=2025-02-04, orderStatus=INVALID, orderValidationCode=RESTAURANT_CLOSED, priceTotalInPence=1500, pizzasInOrder=[{name=R3: Super Cheese, priceInPence=1400}], creditCardInformation={creditCardNumber=4283297635399969, creditCardExpiry=12/25, cvv=481}}
2025-01-16T16:58:21.470Z  WARN 26144 --- [PizzaDrone] [           main] a.e.i.p.c.CalcDeliveryPathControllerTest : Skipping order due to missing 'valid' field: {orderNo=4E091884, orderDate=2025-02-04, orderStatus=INVALID, orderValidationCode=PRICE_FOR_PIZZA_INVALID, priceTotalInPence=2500, pizzasInOrder=[{name=R4: Pineapple & Ham & Cheese, priceInPence=900}, {name=R4: Proper Pizza, priceInPence=1500}], creditCardInformation={creditCardNumber=4974484189186406, creditCardExpiry=03/26, cvv=695}}
2025-01-16T16:58:21.471Z  WARN 26144 --- [PizzaDrone] [           main] a.e.i.p.c.CalcDeliveryPathControllerTest : Skipping order due to missing 'valid' field: {orderNo=5AED3315, orderDate=2025-02-04, orderStatus=INVALID, orderValidationCode=EMPTY_ORDER, priceTotalInPence=100, pizzasInOrder=[], creditCardInformation={creditCardNumber=4231069782433575, creditCardExpiry=08/25, cvv=349}}
2025-01-16T16:58:21.471Z  WARN 26144 --- [PizzaDrone] [           main] a.e.i.p.c.CalcDeliveryPathControllerTest : Skipping order due to missing 'valid' field: {orderNo=2D272CDC, orderDate=2025-02-05, orderStatus=INVALID, orderValidationCode=CARD_NUMBER_INVALID, priceTotalInPence=2400, pizzasInOrder=[{name=R3: Super Cheese, priceInPence=1400}, {name=R3: All Shrooms, priceInPence=900}], creditCardInformation={creditCardNumber=755329921511, creditCardExpiry=03/25, cvv=757}}
2025-01-16T16:58:21.471Z  WARN 26144 --- [PizzaDrone] [           main] a.e.i.p.c.CalcDeliveryPathControllerTest : Skipping order due to missing 'valid' field: {orderNo=4D1BF423, orderDate=2025-02-05, orderStatus=INVALID, orderValidationCode=EXPIRY_DATE_INVALID, priceTotalInPence=2400, pizzasInOrder=[{name=R3: Super Cheese, priceInPence=1400}, {name=R3: All Shrooms, priceInPence=900}], creditCardInformation={creditCardNumber=4732142290978847, creditCardExpiry=07/06, cvv=100}}
2025-01-16T16:58:21.471Z  WARN 26144 --- [PizzaDrone] [           main] a.e.i.p.c.CalcDeliveryPathControllerTest : Skipping order due to missing 'valid' field: {orderNo=121360C6, orderDate=2025-02-05, orderStatus=INVALID, orderValidationCode=CVV_INVALID, priceTotalInPence=2600, pizzasInOrder=[{name=R2: Meat Lover, priceInPence=1400}, {name=R2: Vegan Delight, priceInPence=1100}], creditCardInformation={creditCardNumber=5266816050473302, creditCardExpiry=11/25, cvv=69673}}
2025-01-16T16:58:21.471Z  WARN 26144 --- [PizzaDrone] [           main] a.e.i.p.c.CalcDeliveryPathControllerTest : Skipping order due to missing 'valid' field: {orderNo=11B731FA, orderDate=2025-02-05, orderStatus=INVALID, orderValidationCode=TOTAL_INCORRECT, priceTotalInPence=2609, pizzasInOrder=[{name=R6: Sucuk delight, priceInPence=1400}, {name=R6: Dreams of Syria, priceInPence=900}], creditCardInformation={creditCardNumber=4622857884636104, creditCardExpiry=05/25, cvv=353}}
2025-01-16T16:58:21.471Z  WARN 26144 --- [PizzaDrone] [           main] a.e.i.p.c.CalcDeliveryPathControllerTest : Skipping order due to missing 'valid' field: {orderNo=37F56DAE, orderDate=2025-02-05, orderStatus=INVALID, orderValidationCode=PIZZA_NOT_DEFINED, priceTotalInPence=498705480, pizzasInOrder=[{name=R2: Meat Lover, priceInPence=1400}, {name=R2: Vegan Delight, priceInPence=1100}, {name=Pizza-Surprise , priceInPence=498702880}], creditCardInformation={creditCardNumber=4648251090468413, creditCardExpiry=06/25, cvv=338}}
2025-01-16T16:58:21.472Z  WARN 26144 --- [PizzaDrone] [           main] a.e.i.p.c.CalcDeliveryPathControllerTest : Skipping order due to missing 'valid' field: {orderNo=204C0CB5, orderDate=2025-02-05, orderStatus=INVALID, orderValidationCode=MAX_PIZZA_COUNT_EXCEEDED, priceTotalInPence=8200, pizzasInOrder=[{name=R2: Meat Lover, priceInPence=1400}, {name=R2: Vegan Delight, priceInPence=1100}, {name=R2: Meat Lover, priceInPence=1400}, {name=R2: Meat Lover, priceInPence=1400}, {name=R2: Meat Lover, priceInPence=1400}, {name=R2: Meat Lover, priceInPence=1400}], creditCardInformation={creditCardNumber=4207640210506529, creditCardExpiry=03/25, cvv=813}}
2025-01-16T16:58:21.472Z  WARN 26144 --- [PizzaDrone] [           main] a.e.i.p.c.CalcDeliveryPathControllerTest : Skipping order due to missing 'valid' field: {orderNo=6621CC8F, orderDate=2025-02-05, orderStatus=INVALID, orderValidationCode=PIZZA_FROM_MULTIPLE_RESTAURANTS, priceTotalInPence=4000, pizzasInOrder=[{name=R2: Meat Lover, priceInPence=1400}, {name=R2: Vegan Delight, priceInPence=1100}, {name=R3: Super Cheese, priceInPence=1400}], creditCardInformation={creditCardNumber=5482361680272020, creditCardExpiry=02/26, cvv=692}}
2025-01-16T16:58:21.472Z  WARN 26144 --- [PizzaDrone] [           main] a.e.i.p.c.CalcDeliveryPathControllerTest : Skipping order due to missing 'valid' field: {orderNo=3F40F953, orderDate=2025-02-05, orderStatus=INVALID, orderValidationCode=RESTAURANT_CLOSED, priceTotalInPence=1100, pizzasInOrder=[{name=R1: Margarita, priceInPence=1000}], creditCardInformation={creditCardNumber=5257780357573969, creditCardExpiry=06/25, cvv=623}}
2025-01-16T16:58:21.472Z  WARN 26144 --- [PizzaDrone] [           main] a.e.i.p.c.CalcDeliveryPathControllerTest : Skipping order due to missing 'valid' field: {orderNo=45CFE789, orderDate=2025-02-05, orderStatus=INVALID, orderValidationCode=PRICE_FOR_PIZZA_INVALID, priceTotalInPence=2500, pizzasInOrder=[{name=R3: All Shrooms, priceInPence=900}, {name=R3: Super Cheese, priceInPence=1500}], creditCardInformation={creditCardNumber=5230213400977963, creditCardExpiry=04/25, cvv=457}}
2025-01-16T16:58:21.473Z  WARN 26144 --- [PizzaDrone] [           main] a.e.i.p.c.CalcDeliveryPathControllerTest : Skipping order due to missing 'valid' field: {orderNo=49AF56F4, orderDate=2025-02-05, orderStatus=INVALID, orderValidationCode=EMPTY_ORDER, priceTotalInPence=100, pizzasInOrder=[], creditCardInformation={creditCardNumber=4875830606027120, creditCardExpiry=04/25, cvv=737}}
2025-01-16T16:58:21.479Z  WARN 26144 --- [PizzaDrone] [           main] a.e.i.p.c.CalcDeliveryPathControllerTest : Skipping order due to missing 'valid' field: {orderNo=5EED5229, orderDate=2025-02-06, orderStatus=INVALID, orderValidationCode=CARD_NUMBER_INVALID, priceTotalInPence=2600, pizzasInOrder=[{name=R2: Meat Lover, priceInPence=1400}, {name=R2: Vegan Delight, priceInPence=1100}], creditCardInformation={creditCardNumber=13, creditCardExpiry=11/25, cvv=914}}
2025-01-16T16:58:21.479Z  WARN 26144 --- [PizzaDrone] [           main] a.e.i.p.c.CalcDeliveryPathControllerTest : Skipping order due to missing 'valid' field: {orderNo=388A93B5, orderDate=2025-02-06, orderStatus=INVALID, orderValidationCode=EXPIRY_DATE_INVALID, priceTotalInPence=2400, pizzasInOrder=[{name=R5: Pizza Dream, priceInPence=1400}, {name=R5: My kind of pizza, priceInPence=900}], creditCardInformation={creditCardNumber=2221373371215286, creditCardExpiry=14/12, cvv=684}}
2025-01-16T16:58:21.480Z  WARN 26144 --- [PizzaDrone] [           main] a.e.i.p.c.CalcDeliveryPathControllerTest : Skipping order due to missing 'valid' field: {orderNo=38E5D6F2, orderDate=2025-02-06, orderStatus=INVALID, orderValidationCode=CVV_INVALID, priceTotalInPence=2600, pizzasInOrder=[{name=R2: Meat Lover, priceInPence=1400}, {name=R2: Vegan Delight, priceInPence=1100}], creditCardInformation={creditCardNumber=4250290706153596, creditCardExpiry=10/25, cvv=1390}}
2025-01-16T16:58:21.484Z  WARN 26144 --- [PizzaDrone] [           main] a.e.i.p.c.CalcDeliveryPathControllerTest : Skipping order due to missing 'valid' field: {orderNo=1BEE0EDE, orderDate=2025-02-06, orderStatus=INVALID, orderValidationCode=TOTAL_INCORRECT, priceTotalInPence=3293, pizzasInOrder=[{name=R5: Pizza Dream, priceInPence=1400}, {name=R5: My kind of pizza, priceInPence=900}], creditCardInformation={creditCardNumber=5120464008391338, creditCardExpiry=06/25, cvv=204}}
2025-01-16T16:58:21.485Z  WARN 26144 --- [PizzaDrone] [           main] a.e.i.p.c.CalcDeliveryPathControllerTest : Skipping order due to missing 'valid' field: {orderNo=37E49836, orderDate=2025-02-06, orderStatus=INVALID, orderValidationCode=PIZZA_NOT_DEFINED, priceTotalInPence=498705280, pizzasInOrder=[{name=R3: Super Cheese, priceInPence=1400}, {name=R3: All Shrooms, priceInPence=900}, {name=Pizza-Surprise , priceInPence=498702880}], creditCardInformation={creditCardNumber=4679205496216240, creditCardExpiry=04/25, cvv=229}}
2025-01-16T16:58:21.485Z  WARN 26144 --- [PizzaDrone] [           main] a.e.i.p.c.CalcDeliveryPathControllerTest : Skipping order due to missing 'valid' field: {orderNo=535BD46E, orderDate=2025-02-06, orderStatus=INVALID, orderValidationCode=MAX_PIZZA_COUNT_EXCEEDED, priceTotalInPence=8000, pizzasInOrder=[{name=R7: Hot, hotter, the hottest, priceInPence=1400}, {name=R7: All you ever wanted, priceInPence=900}, {name=R7: Hot, hotter, the hottest, priceInPence=1400}, {name=R7: Hot, hotter, the hottest, priceInPence=1400}, {name=R7: Hot, hotter, the hottest, priceInPence=1400}, {name=R7: Hot, hotter, the hottest, priceInPence=1400}], creditCardInformation={creditCardNumber=4866040536913917, creditCardExpiry=11/25, cvv=650}}
2025-01-16T16:58:21.485Z  WARN 26144 --- [PizzaDrone] [           main] a.e.i.p.c.CalcDeliveryPathControllerTest : Skipping order due to missing 'valid' field: {orderNo=378C64EB, orderDate=2025-02-06, orderStatus=INVALID, orderValidationCode=PIZZA_FROM_MULTIPLE_RESTAURANTS, priceTotalInPence=3800, pizzasInOrder=[{name=R7: Hot, hotter, the hottest, priceInPence=1400}, {name=R7: All you ever wanted, priceInPence=900}, {name=R2: Meat Lover, priceInPence=1400}], creditCardInformation={creditCardNumber=4412755706670174, creditCardExpiry=08/25, cvv=820}}
2025-01-16T16:58:21.487Z  WARN 26144 --- [PizzaDrone] [           main] a.e.i.p.c.CalcDeliveryPathControllerTest : Skipping order due to missing 'valid' field: {orderNo=3CD62306, orderDate=2025-02-06, orderStatus=INVALID, orderValidationCode=RESTAURANT_CLOSED, priceTotalInPence=1100, pizzasInOrder=[{name=R1: Margarita, priceInPence=1000}], creditCardInformation={creditCardNumber=4529472082939617, creditCardExpiry=07/25, cvv=523}}
2025-01-16T16:58:21.488Z  WARN 26144 --- [PizzaDrone] [           main] a.e.i.p.c.CalcDeliveryPathControllerTest : Skipping order due to missing 'valid' field: {orderNo=2804FF6A, orderDate=2025-02-06, orderStatus=INVALID, orderValidationCode=PRICE_FOR_PIZZA_INVALID, priceTotalInPence=2500, pizzasInOrder=[{name=R3: All Shrooms, priceInPence=900}, {name=R3: Super Cheese, priceInPence=1500}], creditCardInformation={creditCardNumber=5573966181421049, creditCardExpiry=11/25, cvv=863}}
2025-01-16T16:58:21.488Z  WARN 26144 --- [PizzaDrone] [           main] a.e.i.p.c.CalcDeliveryPathControllerTest : Skipping order due to missing 'valid' field: {orderNo=06A9833E, orderDate=2025-02-06, orderStatus=INVALID, orderValidationCode=EMPTY_ORDER, priceTotalInPence=100, pizzasInOrder=[], creditCardInformation={creditCardNumber=4966300500810989, creditCardExpiry=04/25, cvv=584}}
2025-01-16T16:58:21.488Z  WARN 26144 --- [PizzaDrone] [           main] a.e.i.p.c.CalcDeliveryPathControllerTest : Skipping order due to missing 'valid' field: {orderNo=448DE08E, orderDate=2025-02-07, orderStatus=INVALID, orderValidationCode=CARD_NUMBER_INVALID, priceTotalInPence=2400, pizzasInOrder=[{name=R7: Hot, hotter, the hottest, priceInPence=1400}, {name=R7: All you ever wanted, priceInPence=900}], creditCardInformation={creditCardNumber=1560053759, creditCardExpiry=08/25, cvv=626}}
2025-01-16T16:58:21.489Z  WARN 26144 --- [PizzaDrone] [           main] a.e.i.p.c.CalcDeliveryPathControllerTest : Skipping order due to missing 'valid' field: {orderNo=148FFAFF, orderDate=2025-02-07, orderStatus=INVALID, orderValidationCode=EXPIRY_DATE_INVALID, priceTotalInPence=2400, pizzasInOrder=[{name=R7: Hot, hotter, the hottest, priceInPence=1400}, {name=R7: All you ever wanted, priceInPence=900}], creditCardInformation={creditCardNumber=5418236162380765, creditCardExpiry=12/18, cvv=243}}
2025-01-16T16:58:21.489Z  WARN 26144 --- [PizzaDrone] [           main] a.e.i.p.c.CalcDeliveryPathControllerTest : Skipping order due to missing 'valid' field: {orderNo=30A8022F, orderDate=2025-02-07, orderStatus=INVALID, orderValidationCode=CVV_INVALID, priceTotalInPence=2600, pizzasInOrder=[{name=R2: Meat Lover, priceInPence=1400}, {name=R2: Vegan Delight, priceInPence=1100}], creditCardInformation={creditCardNumber=4079061234486686, creditCardExpiry=07/25, cvv=322026}}
2025-01-16T16:58:21.489Z  WARN 26144 --- [PizzaDrone] [           main] a.e.i.p.c.CalcDeliveryPathControllerTest : Skipping order due to missing 'valid' field: {orderNo=1A57B7E7, orderDate=2025-02-07, orderStatus=INVALID, orderValidationCode=TOTAL_INCORRECT, priceTotalInPence=2559, pizzasInOrder=[{name=R7: Hot, hotter, the hottest, priceInPence=1400}, {name=R7: All you ever wanted, priceInPence=900}], creditCardInformation={creditCardNumber=5166166017801935, creditCardExpiry=04/25, cvv=386}}
2025-01-16T16:58:21.489Z  WARN 26144 --- [PizzaDrone] [           main] a.e.i.p.c.CalcDeliveryPathControllerTest : Skipping order due to missing 'valid' field: {orderNo=2A5AB6E3, orderDate=2025-02-07, orderStatus=INVALID, orderValidationCode=PIZZA_NOT_DEFINED, priceTotalInPence=498705480, pizzasInOrder=[{name=R2: Meat Lover, priceInPence=1400}, {name=R2: Vegan Delight, priceInPence=1100}, {name=Pizza-Surprise , priceInPence=498702880}], creditCardInformation={creditCardNumber=5590046459472948, creditCardExpiry=04/25, cvv=821}}
2025-01-16T16:58:21.490Z  WARN 26144 --- [PizzaDrone] [           main] a.e.i.p.c.CalcDeliveryPathControllerTest : Skipping order due to missing 'valid' field: {orderNo=47495DED, orderDate=2025-02-07, orderStatus=INVALID, orderValidationCode=MAX_PIZZA_COUNT_EXCEEDED, priceTotalInPence=8200, pizzasInOrder=[{name=R2: Meat Lover, priceInPence=1400}, {name=R2: Vegan Delight, priceInPence=1100}, {name=R2: Meat Lover, priceInPence=1400}, {name=R2: Meat Lover, priceInPence=1400}, {name=R2: Meat Lover, priceInPence=1400}, {name=R2: Meat Lover, priceInPence=1400}], creditCardInformation={creditCardNumber=4460610153816526, creditCardExpiry=04/25, cvv=345}}
2025-01-16T16:58:21.491Z  WARN 26144 --- [PizzaDrone] [           main] a.e.i.p.c.CalcDeliveryPathControllerTest : Skipping order due to missing 'valid' field: {orderNo=35605D28, orderDate=2025-02-07, orderStatus=INVALID, orderValidationCode=PIZZA_FROM_MULTIPLE_RESTAURANTS, priceTotalInPence=3900, pizzasInOrder=[{name=R1: Margarita, priceInPence=1000}, {name=R1: Calzone, priceInPence=1400}, {name=R2: Meat Lover, priceInPence=1400}], creditCardInformation={creditCardNumber=4946921116368115, creditCardExpiry=03/25, cvv=761}}
2025-01-16T16:58:21.494Z  WARN 26144 --- [PizzaDrone] [           main] a.e.i.p.c.CalcDeliveryPathControllerTest : Skipping order due to missing 'valid' field: {orderNo=50E3AE94, orderDate=2025-02-07, orderStatus=INVALID, orderValidationCode=RESTAURANT_CLOSED, priceTotalInPence=1500, pizzasInOrder=[{name=R4: Proper Pizza, priceInPence=1400}], creditCardInformation={creditCardNumber=4868921276877156, creditCardExpiry=04/25, cvv=567}}
2025-01-16T16:58:21.499Z  WARN 26144 --- [PizzaDrone] [           main] a.e.i.p.c.CalcDeliveryPathControllerTest : Skipping order due to missing 'valid' field: {orderNo=0B6F1221, orderDate=2025-02-07, orderStatus=INVALID, orderValidationCode=PRICE_FOR_PIZZA_INVALID, priceTotalInPence=2600, pizzasInOrder=[{name=R1: Calzone, priceInPence=1400}, {name=R1: Margarita, priceInPence=1100}], creditCardInformation={creditCardNumber=4558005094579726, creditCardExpiry=05/25, cvv=235}}
2025-01-16T16:58:21.499Z  WARN 26144 --- [PizzaDrone] [           main] a.e.i.p.c.CalcDeliveryPathControllerTest : Skipping order due to missing 'valid' field: {orderNo=36905B55, orderDate=2025-02-07, orderStatus=INVALID, orderValidationCode=EMPTY_ORDER, priceTotalInPence=100, pizzasInOrder=[], creditCardInformation={creditCardNumber=5379192647939104, creditCardExpiry=01/26, cvv=511}}
2025-01-16T16:58:21.499Z  WARN 26144 --- [PizzaDrone] [           main] a.e.i.p.c.CalcDeliveryPathControllerTest : Skipping order due to missing 'valid' field: {orderNo=0713A271, orderDate=2025-02-08, orderStatus=INVALID, orderValidationCode=CARD_NUMBER_INVALID, priceTotalInPence=2500, pizzasInOrder=[{name=R1: Margarita, priceInPence=1000}, {name=R1: Calzone, priceInPence=1400}], creditCardInformation={creditCardNumber=1844146359, creditCardExpiry=03/25, cvv=093}}
2025-01-16T16:58:21.500Z  WARN 26144 --- [PizzaDrone] [           main] a.e.i.p.c.CalcDeliveryPathControllerTest : Skipping order due to missing 'valid' field: {orderNo=13A8FB09, orderDate=2025-02-08, orderStatus=INVALID, orderValidationCode=EXPIRY_DATE_INVALID, priceTotalInPence=2500, pizzasInOrder=[{name=R1: Margarita, priceInPence=1000}, {name=R1: Calzone, priceInPence=1400}], creditCardInformation={creditCardNumber=4704683492310275, creditCardExpiry=05/15, cvv=698}}
2025-01-16T16:58:21.500Z  WARN 26144 --- [PizzaDrone] [           main] a.e.i.p.c.CalcDeliveryPathControllerTest : Skipping order due to missing 'valid' field: {orderNo=3C09AA8B, orderDate=2025-02-08, orderStatus=INVALID, orderValidationCode=CVV_INVALID, priceTotalInPence=2400, pizzasInOrder=[{name=R3: Super Cheese, priceInPence=1400}, {name=R3: All Shrooms, priceInPence=900}], creditCardInformation={creditCardNumber=2221403251357955, creditCardExpiry=12/25, cvv=3194}}
2025-01-16T16:58:21.500Z  WARN 26144 --- [PizzaDrone] [           main] a.e.i.p.c.CalcDeliveryPathControllerTest : Skipping order due to missing 'valid' field: {orderNo=5DDEFD5B, orderDate=2025-02-08, orderStatus=INVALID, orderValidationCode=TOTAL_INCORRECT, priceTotalInPence=2429, pizzasInOrder=[{name=R5: Pizza Dream, priceInPence=1400}, {name=R5: My kind of pizza, priceInPence=900}], creditCardInformation={creditCardNumber=4482349803860162, creditCardExpiry=03/25, cvv=208}}
2025-01-16T16:58:21.500Z  WARN 26144 --- [PizzaDrone] [           main] a.e.i.p.c.CalcDeliveryPathControllerTest : Skipping order due to missing 'valid' field: {orderNo=5FCDBF3B, orderDate=2025-02-08, orderStatus=INVALID, orderValidationCode=PIZZA_NOT_DEFINED, priceTotalInPence=498705280, pizzasInOrder=[{name=R4: Proper Pizza, priceInPence=1400}, {name=R4: Pineapple & Ham & Cheese, priceInPence=900}, {name=Pizza-Surprise , priceInPence=498702880}], creditCardInformation={creditCardNumber=5238436610189150, creditCardExpiry=04/26, cvv=187}}
2025-01-16T16:58:21.501Z  WARN 26144 --- [PizzaDrone] [           main] a.e.i.p.c.CalcDeliveryPathControllerTest : Skipping order due to missing 'valid' field: {orderNo=23BEC497, orderDate=2025-02-08, orderStatus=INVALID, orderValidationCode=MAX_PIZZA_COUNT_EXCEEDED, priceTotalInPence=8000, pizzasInOrder=[{name=R4: Proper Pizza, priceInPence=1400}, {name=R4: Pineapple & Ham & Cheese, priceInPence=900}, {name=R4: Proper Pizza, priceInPence=1400}, {name=R4: Proper Pizza, priceInPence=1400}, {name=R4: Proper Pizza, priceInPence=1400}, {name=R4: Proper Pizza, priceInPence=1400}], creditCardInformation={creditCardNumber=2221143159677126, creditCardExpiry=01/26, cvv=732}}
2025-01-16T16:58:21.501Z  WARN 26144 --- [PizzaDrone] [           main] a.e.i.p.c.CalcDeliveryPathControllerTest : Skipping order due to missing 'valid' field: {orderNo=18DA66B3, orderDate=2025-02-08, orderStatus=INVALID, orderValidationCode=PIZZA_FROM_MULTIPLE_RESTAURANTS, priceTotalInPence=3400, pizzasInOrder=[{name=R5: Pizza Dream, priceInPence=1400}, {name=R5: My kind of pizza, priceInPence=900}, {name=R1: Margarita, priceInPence=1000}], creditCardInformation={creditCardNumber=5505936343492520, creditCardExpiry=06/25, cvv=549}}
2025-01-16T16:58:21.501Z  WARN 26144 --- [PizzaDrone] [           main] a.e.i.p.c.CalcDeliveryPathControllerTest : Skipping order due to missing 'valid' field: {orderNo=2B2E5409, orderDate=2025-02-08, orderStatus=INVALID, orderValidationCode=RESTAURANT_CLOSED, priceTotalInPence=1500, pizzasInOrder=[{name=R2: Meat Lover, priceInPence=1400}], creditCardInformation={creditCardNumber=4085905731889317, creditCardExpiry=05/25, cvv=214}}
2025-01-16T16:58:21.501Z  WARN 26144 --- [PizzaDrone] [           main] a.e.i.p.c.CalcDeliveryPathControllerTest : Skipping order due to missing 'valid' field: {orderNo=222C4AF0, orderDate=2025-02-08, orderStatus=INVALID, orderValidationCode=PRICE_FOR_PIZZA_INVALID, priceTotalInPence=2500, pizzasInOrder=[{name=R5: My kind of pizza, priceInPence=900}, {name=R5: Pizza Dream, priceInPence=1500}], creditCardInformation={creditCardNumber=4212133813239626, creditCardExpiry=03/25, cvv=178}}
2025-01-16T16:58:21.501Z  WARN 26144 --- [PizzaDrone] [           main] a.e.i.p.c.CalcDeliveryPathControllerTest : Skipping order due to missing 'valid' field: {orderNo=156CA1E1, orderDate=2025-02-08, orderStatus=INVALID, orderValidationCode=EMPTY_ORDER, priceTotalInPence=100, pizzasInOrder=[], creditCardInformation={creditCardNumber=4366048849870877, creditCardExpiry=09/25, cvv=658}}
2025-01-16T16:58:21.501Z  WARN 26144 --- [PizzaDrone] [           main] a.e.i.p.c.CalcDeliveryPathControllerTest : Skipping order due to missing 'valid' field: {orderNo=37314B07, orderDate=2025-02-09, orderStatus=INVALID, orderValidationCode=CARD_NUMBER_INVALID, priceTotalInPence=2400, pizzasInOrder=[{name=R6: Sucuk delight, priceInPence=1400}, {name=R6: Dreams of Syria, priceInPence=900}], creditCardInformation={creditCardNumber=67533977, creditCardExpiry=12/25, cvv=091}}
2025-01-16T16:58:21.501Z  WARN 26144 --- [PizzaDrone] [           main] a.e.i.p.c.CalcDeliveryPathControllerTest : Skipping order due to missing 'valid' field: {orderNo=724140F5, orderDate=2025-02-09, orderStatus=INVALID, orderValidationCode=EXPIRY_DATE_INVALID, priceTotalInPence=2400, pizzasInOrder=[{name=R4: Proper Pizza, priceInPence=1400}, {name=R4: Pineapple & Ham & Cheese, priceInPence=900}], creditCardInformation={creditCardNumber=4632150799744058, creditCardExpiry=02/04, cvv=720}}
2025-01-16T16:58:21.502Z  WARN 26144 --- [PizzaDrone] [           main] a.e.i.p.c.CalcDeliveryPathControllerTest : Skipping order due to missing 'valid' field: {orderNo=04DF005D, orderDate=2025-02-09, orderStatus=INVALID, orderValidationCode=CVV_INVALID, priceTotalInPence=2400, pizzasInOrder=[{name=R5: Pizza Dream, priceInPence=1400}, {name=R5: My kind of pizza, priceInPence=900}], creditCardInformation={creditCardNumber=4799956056497464, creditCardExpiry=03/25, cvv=8588}}
2025-01-16T16:58:21.502Z  WARN 26144 --- [PizzaDrone] [           main] a.e.i.p.c.CalcDeliveryPathControllerTest : Skipping order due to missing 'valid' field: {orderNo=6F0993FA, orderDate=2025-02-09, orderStatus=INVALID, orderValidationCode=TOTAL_INCORRECT, priceTotalInPence=3285, pizzasInOrder=[{name=R3: Super Cheese, priceInPence=1400}, {name=R3: All Shrooms, priceInPence=900}], creditCardInformation={creditCardNumber=5479257180032770, creditCardExpiry=05/25, cvv=652}}
2025-01-16T16:58:21.502Z  WARN 26144 --- [PizzaDrone] [           main] a.e.i.p.c.CalcDeliveryPathControllerTest : Skipping order due to missing 'valid' field: {orderNo=7AB8EBEE, orderDate=2025-02-09, orderStatus=INVALID, orderValidationCode=PIZZA_NOT_DEFINED, priceTotalInPence=498705280, pizzasInOrder=[{name=R3: Super Cheese, priceInPence=1400}, {name=R3: All Shrooms, priceInPence=900}, {name=Pizza-Surprise , priceInPence=498702880}], creditCardInformation={creditCardNumber=5119153654917206, creditCardExpiry=11/25, cvv=308}}
2025-01-16T16:58:21.502Z  WARN 26144 --- [PizzaDrone] [           main] a.e.i.p.c.CalcDeliveryPathControllerTest : Skipping order due to missing 'valid' field: {orderNo=53AFE67F, orderDate=2025-02-09, orderStatus=INVALID, orderValidationCode=MAX_PIZZA_COUNT_EXCEEDED, priceTotalInPence=6500, pizzasInOrder=[{name=R1: Margarita, priceInPence=1000}, {name=R1: Calzone, priceInPence=1400}, {name=R1: Margarita, priceInPence=1000}, {name=R1: Margarita, priceInPence=1000}, {name=R1: Margarita, priceInPence=1000}, {name=R1: Margarita, priceInPence=1000}], creditCardInformation={creditCardNumber=4853294514944064, creditCardExpiry=04/25, cvv=985}}
2025-01-16T16:58:21.503Z  WARN 26144 --- [PizzaDrone] [           main] a.e.i.p.c.CalcDeliveryPathControllerTest : Skipping order due to missing 'valid' field: {orderNo=48AAEF24, orderDate=2025-02-09, orderStatus=INVALID, orderValidationCode=PIZZA_FROM_MULTIPLE_RESTAURANTS, priceTotalInPence=3400, pizzasInOrder=[{name=R3: Super Cheese, priceInPence=1400}, {name=R3: All Shrooms, priceInPence=900}, {name=R1: Margarita, priceInPence=1000}], creditCardInformation={creditCardNumber=4588024189457478, creditCardExpiry=07/25, cvv=790}}
2025-01-16T16:58:21.503Z  WARN 26144 --- [PizzaDrone] [           main] a.e.i.p.c.CalcDeliveryPathControllerTest : Skipping order due to missing 'valid' field: {orderNo=40CA5891, orderDate=2025-02-09, orderStatus=INVALID, orderValidationCode=RESTAURANT_CLOSED, priceTotalInPence=1500, pizzasInOrder=[{name=R2: Meat Lover, priceInPence=1400}], creditCardInformation={creditCardNumber=5184643740972371, creditCardExpiry=09/25, cvv=137}}
2025-01-16T16:58:21.503Z  WARN 26144 --- [PizzaDrone] [           main] a.e.i.p.c.CalcDeliveryPathControllerTest : Skipping order due to missing 'valid' field: {orderNo=581085F7, orderDate=2025-02-09, orderStatus=INVALID, orderValidationCode=PRICE_FOR_PIZZA_INVALID, priceTotalInPence=2500, pizzasInOrder=[{name=R4: Pineapple & Ham & Cheese, priceInPence=900}, {name=R4: Proper Pizza, priceInPence=1500}], creditCardInformation={creditCardNumber=5199755272622761, creditCardExpiry=07/25, cvv=644}}
2025-01-16T16:58:21.504Z  WARN 26144 --- [PizzaDrone] [           main] a.e.i.p.c.CalcDeliveryPathControllerTest : Skipping order due to missing 'valid' field: {orderNo=6217DC8F, orderDate=2025-02-09, orderStatus=INVALID, orderValidationCode=EMPTY_ORDER, priceTotalInPence=100, pizzasInOrder=[], creditCardInformation={creditCardNumber=5356562987401401, creditCardExpiry=03/26, cvv=244}}
2025-01-16T16:58:21.504Z  WARN 26144 --- [PizzaDrone] [           main] a.e.i.p.c.CalcDeliveryPathControllerTest : Skipping order due to missing 'valid' field: {orderNo=7A041A4B, orderDate=2025-02-10, orderStatus=INVALID, orderValidationCode=CARD_NUMBER_INVALID, priceTotalInPence=2400, pizzasInOrder=[{name=R6: Sucuk delight, priceInPence=1400}, {name=R6: Dreams of Syria, priceInPence=900}], creditCardInformation={creditCardNumber=660710, creditCardExpiry=04/25, cvv=338}}
2025-01-16T16:58:21.504Z  WARN 26144 --- [PizzaDrone] [           main] a.e.i.p.c.CalcDeliveryPathControllerTest : Skipping order due to missing 'valid' field: {orderNo=6DBD0866, orderDate=2025-02-10, orderStatus=INVALID, orderValidationCode=EXPIRY_DATE_INVALID, priceTotalInPence=2500, pizzasInOrder=[{name=R1: Margarita, priceInPence=1000}, {name=R1: Calzone, priceInPence=1400}], creditCardInformation={creditCardNumber=5143176764073289, creditCardExpiry=09/13, cvv=179}}
2025-01-16T16:58:21.504Z  WARN 26144 --- [PizzaDrone] [           main] a.e.i.p.c.CalcDeliveryPathControllerTest : Skipping order due to missing 'valid' field: {orderNo=7C492B99, orderDate=2025-02-10, orderStatus=INVALID, orderValidationCode=CVV_INVALID, priceTotalInPence=2500, pizzasInOrder=[{name=R1: Margarita, priceInPence=1000}, {name=R1: Calzone, priceInPence=1400}], creditCardInformation={creditCardNumber=2720166598990236, creditCardExpiry=01/26, cvv=75}}
2025-01-16T16:58:21.504Z  WARN 26144 --- [PizzaDrone] [           main] a.e.i.p.c.CalcDeliveryPathControllerTest : Skipping order due to missing 'valid' field: {orderNo=5F07CD10, orderDate=2025-02-10, orderStatus=INVALID, orderValidationCode=TOTAL_INCORRECT, priceTotalInPence=2758, pizzasInOrder=[{name=R5: Pizza Dream, priceInPence=1400}, {name=R5: My kind of pizza, priceInPence=900}], creditCardInformation={creditCardNumber=5458026843284937, creditCardExpiry=01/26, cvv=451}}
2025-01-16T16:58:21.504Z  WARN 26144 --- [PizzaDrone] [           main] a.e.i.p.c.CalcDeliveryPathControllerTest : Skipping order due to missing 'valid' field: {orderNo=6E3A9E2A, orderDate=2025-02-10, orderStatus=INVALID, orderValidationCode=PIZZA_NOT_DEFINED, priceTotalInPence=498705280, pizzasInOrder=[{name=R5: Pizza Dream, priceInPence=1400}, {name=R5: My kind of pizza, priceInPence=900}, {name=Pizza-Surprise , priceInPence=498702880}], creditCardInformation={creditCardNumber=4709775116471890, creditCardExpiry=06/25, cvv=350}}
2025-01-16T16:58:21.504Z  WARN 26144 --- [PizzaDrone] [           main] a.e.i.p.c.CalcDeliveryPathControllerTest : Skipping order due to missing 'valid' field: {orderNo=3E1496CA, orderDate=2025-02-10, orderStatus=INVALID, orderValidationCode=MAX_PIZZA_COUNT_EXCEEDED, priceTotalInPence=6500, pizzasInOrder=[{name=R1: Margarita, priceInPence=1000}, {name=R1: Calzone, priceInPence=1400}, {name=R1: Margarita, priceInPence=1000}, {name=R1: Margarita, priceInPence=1000}, {name=R1: Margarita, priceInPence=1000}, {name=R1: Margarita, priceInPence=1000}], creditCardInformation={creditCardNumber=4839235029389260, creditCardExpiry=09/25, cvv=166}}
2025-01-16T16:58:21.505Z  WARN 26144 --- [PizzaDrone] [           main] a.e.i.p.c.CalcDeliveryPathControllerTest : Skipping order due to missing 'valid' field: {orderNo=31A0DCCD, orderDate=2025-02-10, orderStatus=INVALID, orderValidationCode=PIZZA_FROM_MULTIPLE_RESTAURANTS, priceTotalInPence=3600, pizzasInOrder=[{name=R2: Meat Lover, priceInPence=1400}, {name=R2: Vegan Delight, priceInPence=1100}, {name=R1: Margarita, priceInPence=1000}], creditCardInformation={creditCardNumber=5551794100854603, creditCardExpiry=04/25, cvv=751}}
2025-01-16T16:58:21.505Z  WARN 26144 --- [PizzaDrone] [           main] a.e.i.p.c.CalcDeliveryPathControllerTest : Skipping order due to missing 'valid' field: {orderNo=4D475737, orderDate=2025-02-10, orderStatus=INVALID, orderValidationCode=RESTAURANT_CLOSED, priceTotalInPence=1500, pizzasInOrder=[{name=R3: Super Cheese, priceInPence=1400}], creditCardInformation={creditCardNumber=2221418334473199, creditCardExpiry=10/25, cvv=105}}
2025-01-16T16:58:21.505Z  WARN 26144 --- [PizzaDrone] [           main] a.e.i.p.c.CalcDeliveryPathControllerTest : Skipping order due to missing 'valid' field: {orderNo=4CCCC0B9, orderDate=2025-02-10, orderStatus=INVALID, orderValidationCode=PRICE_FOR_PIZZA_INVALID, priceTotalInPence=2500, pizzasInOrder=[{name=R6: Dreams of Syria, priceInPence=900}, {name=R6: Sucuk delight, priceInPence=1500}], creditCardInformation={creditCardNumber=5393836419858320, creditCardExpiry=08/25, cvv=938}}
2025-01-16T16:58:21.505Z  WARN 26144 --- [PizzaDrone] [           main] a.e.i.p.c.CalcDeliveryPathControllerTest : Skipping order due to missing 'valid' field: {orderNo=278F8CBE, orderDate=2025-02-10, orderStatus=INVALID, orderValidationCode=EMPTY_ORDER, priceTotalInPence=100, pizzasInOrder=[], creditCardInformation={creditCardNumber=5381664518159646, creditCardExpiry=02/26, cvv=291}}
2025-01-16T16:58:21.505Z  WARN 26144 --- [PizzaDrone] [           main] a.e.i.p.c.CalcDeliveryPathControllerTest : Skipping order due to missing 'valid' field: {orderNo=2977DB24, orderDate=2025-02-11, orderStatus=INVALID, orderValidationCode=CARD_NUMBER_INVALID, priceTotalInPence=2600, pizzasInOrder=[{name=R2: Meat Lover, priceInPence=1400}, {name=R2: Vegan Delight, priceInPence=1100}], creditCardInformation={creditCardNumber=90487970344, creditCardExpiry=11/25, cvv=703}}
2025-01-16T16:58:21.507Z  WARN 26144 --- [PizzaDrone] [           main] a.e.i.p.c.CalcDeliveryPathControllerTest : Skipping order due to missing 'valid' field: {orderNo=0B941B47, orderDate=2025-02-11, orderStatus=INVALID, orderValidationCode=EXPIRY_DATE_INVALID, priceTotalInPence=2400, pizzasInOrder=[{name=R6: Sucuk delight, priceInPence=1400}, {name=R6: Dreams of Syria, priceInPence=900}], creditCardInformation={creditCardNumber=5390546115198599, creditCardExpiry=06/18, cvv=471}}
2025-01-16T16:58:21.509Z  WARN 26144 --- [PizzaDrone] [           main] a.e.i.p.c.CalcDeliveryPathControllerTest : Skipping order due to missing 'valid' field: {orderNo=64D7E8A0, orderDate=2025-02-11, orderStatus=INVALID, orderValidationCode=CVV_INVALID, priceTotalInPence=2600, pizzasInOrder=[{name=R2: Meat Lover, priceInPence=1400}, {name=R2: Vegan Delight, priceInPence=1100}], creditCardInformation={creditCardNumber=2720004017436731, creditCardExpiry=01/26, cvv=18}}
2025-01-16T16:58:21.509Z  WARN 26144 --- [PizzaDrone] [           main] a.e.i.p.c.CalcDeliveryPathControllerTest : Skipping order due to missing 'valid' field: {orderNo=6DF4BBB3, orderDate=2025-02-11, orderStatus=INVALID, orderValidationCode=TOTAL_INCORRECT, priceTotalInPence=3186, pizzasInOrder=[{name=R2: Meat Lover, priceInPence=1400}, {name=R2: Vegan Delight, priceInPence=1100}], creditCardInformation={creditCardNumber=4897591114448927, creditCardExpiry=03/26, cvv=936}}
2025-01-16T16:58:21.509Z  WARN 26144 --- [PizzaDrone] [           main] a.e.i.p.c.CalcDeliveryPathControllerTest : Skipping order due to missing 'valid' field: {orderNo=6FEFE370, orderDate=2025-02-11, orderStatus=INVALID, orderValidationCode=PIZZA_NOT_DEFINED, priceTotalInPence=498705280, pizzasInOrder=[{name=R7: Hot, hotter, the hottest, priceInPence=1400}, {name=R7: All you ever wanted, priceInPence=900}, {name=Pizza-Surprise , priceInPence=498702880}], creditCardInformation={creditCardNumber=4736099611566113, creditCardExpiry=10/25, cvv=760}}
2025-01-16T16:58:21.509Z  WARN 26144 --- [PizzaDrone] [           main] a.e.i.p.c.CalcDeliveryPathControllerTest : Skipping order due to missing 'valid' field: {orderNo=2E085CF7, orderDate=2025-02-11, orderStatus=INVALID, orderValidationCode=MAX_PIZZA_COUNT_EXCEEDED, priceTotalInPence=8000, pizzasInOrder=[{name=R4: Proper Pizza, priceInPence=1400}, {name=R4: Pineapple & Ham & Cheese, priceInPence=900}, {name=R4: Proper Pizza, priceInPence=1400}, {name=R4: Proper Pizza, priceInPence=1400}, {name=R4: Proper Pizza, priceInPence=1400}, {name=R4: Proper Pizza, priceInPence=1400}], creditCardInformation={creditCardNumber=2720825933155256, creditCardExpiry=05/25, cvv=000}}
2025-01-16T16:58:21.510Z  WARN 26144 --- [PizzaDrone] [           main] a.e.i.p.c.CalcDeliveryPathControllerTest : Skipping order due to missing 'valid' field: {orderNo=7AD577AA, orderDate=2025-02-11, orderStatus=INVALID, orderValidationCode=PIZZA_FROM_MULTIPLE_RESTAURANTS, priceTotalInPence=3400, pizzasInOrder=[{name=R7: Hot, hotter, the hottest, priceInPence=1400}, {name=R7: All you ever wanted, priceInPence=900}, {name=R1: Margarita, priceInPence=1000}], creditCardInformation={creditCardNumber=5386549874713497, creditCardExpiry=10/25, cvv=084}}
2025-01-16T16:58:21.510Z  WARN 26144 --- [PizzaDrone] [           main] a.e.i.p.c.CalcDeliveryPathControllerTest : Skipping order due to missing 'valid' field: {orderNo=798F62F7, orderDate=2025-02-11, orderStatus=INVALID, orderValidationCode=RESTAURANT_CLOSED, priceTotalInPence=1500, pizzasInOrder=[{name=R3: Super Cheese, priceInPence=1400}], creditCardInformation={creditCardNumber=5459337772903358, creditCardExpiry=04/25, cvv=516}}
2025-01-16T16:58:21.510Z  WARN 26144 --- [PizzaDrone] [           main] a.e.i.p.c.CalcDeliveryPathControllerTest : Skipping order due to missing 'valid' field: {orderNo=42969B97, orderDate=2025-02-11, orderStatus=INVALID, orderValidationCode=PRICE_FOR_PIZZA_INVALID, priceTotalInPence=2600, pizzasInOrder=[{name=R1: Calzone, priceInPence=1400}, {name=R1: Margarita, priceInPence=1100}], creditCardInformation={creditCardNumber=5567368277817958, creditCardExpiry=05/25, cvv=636}}
2025-01-16T16:58:21.510Z  WARN 26144 --- [PizzaDrone] [           main] a.e.i.p.c.CalcDeliveryPathControllerTest : Skipping order due to missing 'valid' field: {orderNo=0D7CC231, orderDate=2025-02-11, orderStatus=INVALID, orderValidationCode=EMPTY_ORDER, priceTotalInPence=100, pizzasInOrder=[], creditCardInformation={creditCardNumber=4837554475749237, creditCardExpiry=08/25, cvv=734}}
2025-01-16T16:58:21.510Z  WARN 26144 --- [PizzaDrone] [           main] a.e.i.p.c.CalcDeliveryPathControllerTest : Skipping order due to missing 'valid' field: {orderNo=1122F0E0, orderDate=2025-02-12, orderStatus=INVALID, orderValidationCode=CARD_NUMBER_INVALID, priceTotalInPence=2400, pizzasInOrder=[{name=R4: Proper Pizza, priceInPence=1400}, {name=R4: Pineapple & Ham & Cheese, priceInPence=900}], creditCardInformation={creditCardNumber=16616617542, creditCardExpiry=11/25, cvv=446}}
2025-01-16T16:58:21.510Z  WARN 26144 --- [PizzaDrone] [           main] a.e.i.p.c.CalcDeliveryPathControllerTest : Skipping order due to missing 'valid' field: {orderNo=6CD90237, orderDate=2025-02-12, orderStatus=INVALID, orderValidationCode=EXPIRY_DATE_INVALID, priceTotalInPence=2400, pizzasInOrder=[{name=R6: Sucuk delight, priceInPence=1400}, {name=R6: Dreams of Syria, priceInPence=900}], creditCardInformation={creditCardNumber=4752170376304302, creditCardExpiry=10/10, cvv=508}}
2025-01-16T16:58:21.510Z  WARN 26144 --- [PizzaDrone] [           main] a.e.i.p.c.CalcDeliveryPathControllerTest : Skipping order due to missing 'valid' field: {orderNo=381296E0, orderDate=2025-02-12, orderStatus=INVALID, orderValidationCode=CVV_INVALID, priceTotalInPence=2400, pizzasInOrder=[{name=R3: Super Cheese, priceInPence=1400}, {name=R3: All Shrooms, priceInPence=900}], creditCardInformation={creditCardNumber=5127244694246167, creditCardExpiry=04/25, cvv=134647}}
2025-01-16T16:58:21.510Z  WARN 26144 --- [PizzaDrone] [           main] a.e.i.p.c.CalcDeliveryPathControllerTest : Skipping order due to missing 'valid' field: {orderNo=3301A7DC, orderDate=2025-02-12, orderStatus=INVALID, orderValidationCode=TOTAL_INCORRECT, priceTotalInPence=2654, pizzasInOrder=[{name=R4: Proper Pizza, priceInPence=1400}, {name=R4: Pineapple & Ham & Cheese, priceInPence=900}], creditCardInformation={creditCardNumber=2720404060520680, creditCardExpiry=04/25, cvv=697}}
2025-01-16T16:58:21.510Z  WARN 26144 --- [PizzaDrone] [           main] a.e.i.p.c.CalcDeliveryPathControllerTest : Skipping order due to missing 'valid' field: {orderNo=1FF998A5, orderDate=2025-02-12, orderStatus=INVALID, orderValidationCode=PIZZA_NOT_DEFINED, priceTotalInPence=498705280, pizzasInOrder=[{name=R4: Proper Pizza, priceInPence=1400}, {name=R4: Pineapple & Ham & Cheese, priceInPence=900}, {name=Pizza-Surprise , priceInPence=498702880}], creditCardInformation={creditCardNumber=5247425149871031, creditCardExpiry=06/25, cvv=238}}
2025-01-16T16:58:21.510Z  WARN 26144 --- [PizzaDrone] [           main] a.e.i.p.c.CalcDeliveryPathControllerTest : Skipping order due to missing 'valid' field: {orderNo=68DFA4C5, orderDate=2025-02-12, orderStatus=INVALID, orderValidationCode=MAX_PIZZA_COUNT_EXCEEDED, priceTotalInPence=8000, pizzasInOrder=[{name=R3: Super Cheese, priceInPence=1400}, {name=R3: All Shrooms, priceInPence=900}, {name=R3: Super Cheese, priceInPence=1400}, {name=R3: Super Cheese, priceInPence=1400}, {name=R3: Super Cheese, priceInPence=1400}, {name=R3: Super Cheese, priceInPence=1400}], creditCardInformation={creditCardNumber=5569292233649537, creditCardExpiry=08/25, cvv=243}}
2025-01-16T16:58:21.510Z  WARN 26144 --- [PizzaDrone] [           main] a.e.i.p.c.CalcDeliveryPathControllerTest : Skipping order due to missing 'valid' field: {orderNo=01D83174, orderDate=2025-02-12, orderStatus=INVALID, orderValidationCode=PIZZA_FROM_MULTIPLE_RESTAURANTS, priceTotalInPence=3800, pizzasInOrder=[{name=R4: Proper Pizza, priceInPence=1400}, {name=R4: Pineapple & Ham & Cheese, priceInPence=900}, {name=R2: Meat Lover, priceInPence=1400}], creditCardInformation={creditCardNumber=5568635986603690, creditCardExpiry=04/26, cvv=951}}
2025-01-16T16:58:21.510Z  WARN 26144 --- [PizzaDrone] [           main] a.e.i.p.c.CalcDeliveryPathControllerTest : Skipping order due to missing 'valid' field: {orderNo=233E8B93, orderDate=2025-02-12, orderStatus=INVALID, orderValidationCode=RESTAURANT_CLOSED, priceTotalInPence=1100, pizzasInOrder=[{name=R1: Margarita, priceInPence=1000}], creditCardInformation={creditCardNumber=5595261285787634, creditCardExpiry=07/25, cvv=243}}
2025-01-16T16:58:21.511Z  WARN 26144 --- [PizzaDrone] [           main] a.e.i.p.c.CalcDeliveryPathControllerTest : Skipping order due to missing 'valid' field: {orderNo=11AD4488, orderDate=2025-02-12, orderStatus=INVALID, orderValidationCode=PRICE_FOR_PIZZA_INVALID, priceTotalInPence=2500, pizzasInOrder=[{name=R3: All Shrooms, priceInPence=900}, {name=R3: Super Cheese, priceInPence=1500}], creditCardInformation={creditCardNumber=4337388030862432, creditCardExpiry=12/25, cvv=826}}
2025-01-16T16:58:21.511Z  WARN 26144 --- [PizzaDrone] [           main] a.e.i.p.c.CalcDeliveryPathControllerTest : Skipping order due to missing 'valid' field: {orderNo=6320E819, orderDate=2025-02-12, orderStatus=INVALID, orderValidationCode=EMPTY_ORDER, priceTotalInPence=100, pizzasInOrder=[], creditCardInformation={creditCardNumber=4986592187058546, creditCardExpiry=12/25, cvv=657}}
2025-01-16T16:58:21.511Z  WARN 26144 --- [PizzaDrone] [           main] a.e.i.p.c.CalcDeliveryPathControllerTest : Skipping order due to missing 'valid' field: {orderNo=5165ECB3, orderDate=2025-02-13, orderStatus=INVALID, orderValidationCode=CARD_NUMBER_INVALID, priceTotalInPence=2400, pizzasInOrder=[{name=R7: Hot, hotter, the hottest, priceInPence=1400}, {name=R7: All you ever wanted, priceInPence=900}], creditCardInformation={creditCardNumber=67368925016178, creditCardExpiry=09/25, cvv=277}}
2025-01-16T16:58:21.511Z  WARN 26144 --- [PizzaDrone] [           main] a.e.i.p.c.CalcDeliveryPathControllerTest : Skipping order due to missing 'valid' field: {orderNo=0820DACE, orderDate=2025-02-13, orderStatus=INVALID, orderValidationCode=EXPIRY_DATE_INVALID, priceTotalInPence=2400, pizzasInOrder=[{name=R3: Super Cheese, priceInPence=1400}, {name=R3: All Shrooms, priceInPence=900}], creditCardInformation={creditCardNumber=4073877718890275, creditCardExpiry=02/07, cvv=914}}
2025-01-16T16:58:21.511Z  WARN 26144 --- [PizzaDrone] [           main] a.e.i.p.c.CalcDeliveryPathControllerTest : Skipping order due to missing 'valid' field: {orderNo=46F6DB29, orderDate=2025-02-13, orderStatus=INVALID, orderValidationCode=CVV_INVALID, priceTotalInPence=2400, pizzasInOrder=[{name=R7: Hot, hotter, the hottest, priceInPence=1400}, {name=R7: All you ever wanted, priceInPence=900}], creditCardInformation={creditCardNumber=5468623177568063, creditCardExpiry=06/25, cvv=406195}}
2025-01-16T16:58:21.511Z  WARN 26144 --- [PizzaDrone] [           main] a.e.i.p.c.CalcDeliveryPathControllerTest : Skipping order due to missing 'valid' field: {orderNo=057AC9AB, orderDate=2025-02-13, orderStatus=INVALID, orderValidationCode=TOTAL_INCORRECT, priceTotalInPence=2980, pizzasInOrder=[{name=R5: Pizza Dream, priceInPence=1400}, {name=R5: My kind of pizza, priceInPence=900}], creditCardInformation={creditCardNumber=2720438898449985, creditCardExpiry=03/26, cvv=875}}
2025-01-16T16:58:21.511Z  WARN 26144 --- [PizzaDrone] [           main] a.e.i.p.c.CalcDeliveryPathControllerTest : Skipping order due to missing 'valid' field: {orderNo=4D7EC7B0, orderDate=2025-02-13, orderStatus=INVALID, orderValidationCode=PIZZA_NOT_DEFINED, priceTotalInPence=498705280, pizzasInOrder=[{name=R5: Pizza Dream, priceInPence=1400}, {name=R5: My kind of pizza, priceInPence=900}, {name=Pizza-Surprise , priceInPence=498702880}], creditCardInformation={creditCardNumber=4107810021116211, creditCardExpiry=01/26, cvv=297}}
2025-01-16T16:58:21.511Z  WARN 26144 --- [PizzaDrone] [           main] a.e.i.p.c.CalcDeliveryPathControllerTest : Skipping order due to missing 'valid' field: {orderNo=2CCD3BF9, orderDate=2025-02-13, orderStatus=INVALID, orderValidationCode=MAX_PIZZA_COUNT_EXCEEDED, priceTotalInPence=8000, pizzasInOrder=[{name=R3: Super Cheese, priceInPence=1400}, {name=R3: All Shrooms, priceInPence=900}, {name=R3: Super Cheese, priceInPence=1400}, {name=R3: Super Cheese, priceInPence=1400}, {name=R3: Super Cheese, priceInPence=1400}, {name=R3: Super Cheese, priceInPence=1400}], creditCardInformation={creditCardNumber=4535881424809795, creditCardExpiry=04/26, cvv=566}}
2025-01-16T16:58:21.511Z  WARN 26144 --- [PizzaDrone] [           main] a.e.i.p.c.CalcDeliveryPathControllerTest : Skipping order due to missing 'valid' field: {orderNo=57C60A7A, orderDate=2025-02-13, orderStatus=INVALID, orderValidationCode=PIZZA_FROM_MULTIPLE_RESTAURANTS, priceTotalInPence=3800, pizzasInOrder=[{name=R5: Pizza Dream, priceInPence=1400}, {name=R5: My kind of pizza, priceInPence=900}, {name=R2: Meat Lover, priceInPence=1400}], creditCardInformation={creditCardNumber=5386990289104791, creditCardExpiry=12/25, cvv=452}}
2025-01-16T16:58:21.511Z  WARN 26144 --- [PizzaDrone] [           main] a.e.i.p.c.CalcDeliveryPathControllerTest : Skipping order due to missing 'valid' field: {orderNo=6F4F73A1, orderDate=2025-02-13, orderStatus=INVALID, orderValidationCode=RESTAURANT_CLOSED, priceTotalInPence=1100, pizzasInOrder=[{name=R1: Margarita, priceInPence=1000}], creditCardInformation={creditCardNumber=5446502133958708, creditCardExpiry=08/25, cvv=392}}
2025-01-16T16:58:21.511Z  WARN 26144 --- [PizzaDrone] [           main] a.e.i.p.c.CalcDeliveryPathControllerTest : Skipping order due to missing 'valid' field: {orderNo=01D5DA07, orderDate=2025-02-13, orderStatus=INVALID, orderValidationCode=PRICE_FOR_PIZZA_INVALID, priceTotalInPence=2500, pizzasInOrder=[{name=R3: All Shrooms, priceInPence=900}, {name=R3: Super Cheese, priceInPence=1500}], creditCardInformation={creditCardNumber=5424602242198042, creditCardExpiry=02/26, cvv=557}}
2025-01-16T16:58:21.511Z  WARN 26144 --- [PizzaDrone] [           main] a.e.i.p.c.CalcDeliveryPathControllerTest : Skipping order due to missing 'valid' field: {orderNo=190A8950, orderDate=2025-02-13, orderStatus=INVALID, orderValidationCode=EMPTY_ORDER, priceTotalInPence=100, pizzasInOrder=[], creditCardInformation={creditCardNumber=5550788746877904, creditCardExpiry=06/25, cvv=286}}
2025-01-16T16:58:21.512Z  WARN 26144 --- [PizzaDrone] [           main] a.e.i.p.c.CalcDeliveryPathControllerTest : Skipping order due to missing 'valid' field: {orderNo=3B57DDF7, orderDate=2025-02-14, orderStatus=INVALID, orderValidationCode=CARD_NUMBER_INVALID, priceTotalInPence=2400, pizzasInOrder=[{name=R7: Hot, hotter, the hottest, priceInPence=1400}, {name=R7: All you ever wanted, priceInPence=900}], creditCardInformation={creditCardNumber=882804173040122, creditCardExpiry=05/25, cvv=931}}
2025-01-16T16:58:21.512Z  WARN 26144 --- [PizzaDrone] [           main] a.e.i.p.c.CalcDeliveryPathControllerTest : Skipping order due to missing 'valid' field: {orderNo=5B34B31F, orderDate=2025-02-14, orderStatus=INVALID, orderValidationCode=EXPIRY_DATE_INVALID, priceTotalInPence=2400, pizzasInOrder=[{name=R3: Super Cheese, priceInPence=1400}, {name=R3: All Shrooms, priceInPence=900}], creditCardInformation={creditCardNumber=4710255101471202, creditCardExpiry=03/14, cvv=819}}
2025-01-16T16:58:21.512Z  WARN 26144 --- [PizzaDrone] [           main] a.e.i.p.c.CalcDeliveryPathControllerTest : Skipping order due to missing 'valid' field: {orderNo=699E263C, orderDate=2025-02-14, orderStatus=INVALID, orderValidationCode=CVV_INVALID, priceTotalInPence=2400, pizzasInOrder=[{name=R7: Hot, hotter, the hottest, priceInPence=1400}, {name=R7: All you ever wanted, priceInPence=900}], creditCardInformation={creditCardNumber=5295866955709628, creditCardExpiry=01/26, cvv=343338}}
2025-01-16T16:58:21.512Z  WARN 26144 --- [PizzaDrone] [           main] a.e.i.p.c.CalcDeliveryPathControllerTest : Skipping order due to missing 'valid' field: {orderNo=184EBDA8, orderDate=2025-02-14, orderStatus=INVALID, orderValidationCode=TOTAL_INCORRECT, priceTotalInPence=2779, pizzasInOrder=[{name=R7: Hot, hotter, the hottest, priceInPence=1400}, {name=R7: All you ever wanted, priceInPence=900}], creditCardInformation={creditCardNumber=5142117006496566, creditCardExpiry=03/25, cvv=078}}
2025-01-16T16:58:21.517Z  WARN 26144 --- [PizzaDrone] [           main] a.e.i.p.c.CalcDeliveryPathControllerTest : Skipping order due to missing 'valid' field: {orderNo=12764C4D, orderDate=2025-02-14, orderStatus=INVALID, orderValidationCode=PIZZA_NOT_DEFINED, priceTotalInPence=498705280, pizzasInOrder=[{name=R7: Hot, hotter, the hottest, priceInPence=1400}, {name=R7: All you ever wanted, priceInPence=900}, {name=Pizza-Surprise , priceInPence=498702880}], creditCardInformation={creditCardNumber=4580966830364453, creditCardExpiry=10/25, cvv=461}}
2025-01-16T16:58:21.517Z  WARN 26144 --- [PizzaDrone] [           main] a.e.i.p.c.CalcDeliveryPathControllerTest : Skipping order due to missing 'valid' field: {orderNo=45158C1F, orderDate=2025-02-14, orderStatus=INVALID, orderValidationCode=MAX_PIZZA_COUNT_EXCEEDED, priceTotalInPence=6500, pizzasInOrder=[{name=R1: Margarita, priceInPence=1000}, {name=R1: Calzone, priceInPence=1400}, {name=R1: Margarita, priceInPence=1000}, {name=R1: Margarita, priceInPence=1000}, {name=R1: Margarita, priceInPence=1000}, {name=R1: Margarita, priceInPence=1000}], creditCardInformation={creditCardNumber=4985255525503901, creditCardExpiry=03/25, cvv=737}}
2025-01-16T16:58:21.517Z  WARN 26144 --- [PizzaDrone] [           main] a.e.i.p.c.CalcDeliveryPathControllerTest : Skipping order due to missing 'valid' field: {orderNo=059A4DB5, orderDate=2025-02-14, orderStatus=INVALID, orderValidationCode=PIZZA_FROM_MULTIPLE_RESTAURANTS, priceTotalInPence=3600, pizzasInOrder=[{name=R2: Meat Lover, priceInPence=1400}, {name=R2: Vegan Delight, priceInPence=1100}, {name=R1: Margarita, priceInPence=1000}], creditCardInformation={creditCardNumber=4780193670678979, creditCardExpiry=11/25, cvv=594}}
2025-01-16T16:58:21.517Z  WARN 26144 --- [PizzaDrone] [           main] a.e.i.p.c.CalcDeliveryPathControllerTest : Skipping order due to missing 'valid' field: {orderNo=736E4974, orderDate=2025-02-14, orderStatus=INVALID, orderValidationCode=RESTAURANT_CLOSED, priceTotalInPence=1500, pizzasInOrder=[{name=R4: Proper Pizza, priceInPence=1400}], creditCardInformation={creditCardNumber=2720749971532079, creditCardExpiry=11/25, cvv=655}}
2025-01-16T16:58:21.518Z  WARN 26144 --- [PizzaDrone] [           main] a.e.i.p.c.CalcDeliveryPathControllerTest : Skipping order due to missing 'valid' field: {orderNo=719AF20B, orderDate=2025-02-14, orderStatus=INVALID, orderValidationCode=PRICE_FOR_PIZZA_INVALID, priceTotalInPence=2500, pizzasInOrder=[{name=R7: All you ever wanted, priceInPence=900}, {name=R7: Hot, hotter, the hottest, priceInPence=1500}], creditCardInformation={creditCardNumber=4494539594793731, creditCardExpiry=06/25, cvv=131}}
2025-01-16T16:58:21.518Z  WARN 26144 --- [PizzaDrone] [           main] a.e.i.p.c.CalcDeliveryPathControllerTest : Skipping order due to missing 'valid' field: {orderNo=76D64BD5, orderDate=2025-02-14, orderStatus=INVALID, orderValidationCode=EMPTY_ORDER, priceTotalInPence=100, pizzasInOrder=[], creditCardInformation={creditCardNumber=5190548428420365, creditCardExpiry=11/25, cvv=436}}
2025-01-16T16:58:21.518Z  WARN 26144 --- [PizzaDrone] [           main] a.e.i.p.c.CalcDeliveryPathControllerTest : Skipping order due to missing 'valid' field: {orderNo=32753015, orderDate=2025-01-16, orderStatus=VALID, orderValidationCode=NO_ERROR, priceTotalInPence=2600, pizzasInOrder=[{name=R2: Meat Lover, priceInPence=1400}, {name=R2: Vegan Delight, priceInPence=1100}], creditCardInformation={creditCardNumber=4971136661319961, creditCardExpiry=05/25, cvv=066}}
2025-01-16T16:58:21.518Z  WARN 26144 --- [PizzaDrone] [           main] a.e.i.p.c.CalcDeliveryPathControllerTest : Skipping order due to missing 'valid' field: {orderNo=0CEDAEA1, orderDate=2025-01-16, orderStatus=VALID, orderValidationCode=NO_ERROR, priceTotalInPence=2400, pizzasInOrder=[{name=R3: Super Cheese, priceInPence=1400}, {name=R3: All Shrooms, priceInPence=900}], creditCardInformation={creditCardNumber=4509418900449010, creditCardExpiry=06/25, cvv=054}}
2025-01-16T16:58:21.518Z  WARN 26144 --- [PizzaDrone] [           main] a.e.i.p.c.CalcDeliveryPathControllerTest : Skipping order due to missing 'valid' field: {orderNo=185BCEC1, orderDate=2025-01-16, orderStatus=VALID, orderValidationCode=NO_ERROR, priceTotalInPence=2400, pizzasInOrder=[{name=R5: Pizza Dream, priceInPence=1400}, {name=R5: My kind of pizza, priceInPence=900}], creditCardInformation={creditCardNumber=5325265649790967, creditCardExpiry=02/25, cvv=057}}
2025-01-16T16:58:21.519Z  WARN 26144 --- [PizzaDrone] [           main] a.e.i.p.c.CalcDeliveryPathControllerTest : Skipping order due to missing 'valid' field: {orderNo=7DF5DA48, orderDate=2025-01-16, orderStatus=VALID, orderValidationCode=NO_ERROR, priceTotalInPence=2400, pizzasInOrder=[{name=R7: Hot, hotter, the hottest, priceInPence=1400}, {name=R7: All you ever wanted, priceInPence=900}], creditCardInformation={creditCardNumber=4202383796873576, creditCardExpiry=10/25, cvv=413}}
2025-01-16T16:58:21.520Z  WARN 26144 --- [PizzaDrone] [           main] a.e.i.p.c.CalcDeliveryPathControllerTest : Skipping order due to missing 'valid' field: {orderNo=63737C7C, orderDate=2025-01-16, orderStatus=VALID, orderValidationCode=NO_ERROR, priceTotalInPence=2600, pizzasInOrder=[{name=R2: Meat Lover, priceInPence=1400}, {name=R2: Vegan Delight, priceInPence=1100}], creditCardInformation={creditCardNumber=4632116274869793, creditCardExpiry=09/25, cvv=031}}
2025-01-16T16:58:21.521Z  WARN 26144 --- [PizzaDrone] [           main] a.e.i.p.c.CalcDeliveryPathControllerTest : Skipping order due to missing 'valid' field: {orderNo=626C97FE, orderDate=2025-01-16, orderStatus=VALID, orderValidationCode=NO_ERROR, priceTotalInPence=2400, pizzasInOrder=[{name=R3: Super Cheese, priceInPence=1400}, {name=R3: All Shrooms, priceInPence=900}], creditCardInformation={creditCardNumber=5157650636439400, creditCardExpiry=11/25, cvv=141}}
2025-01-16T16:58:21.521Z  WARN 26144 --- [PizzaDrone] [           main] a.e.i.p.c.CalcDeliveryPathControllerTest : Skipping order due to missing 'valid' field: {orderNo=38EE8699, orderDate=2025-01-16, orderStatus=VALID, orderValidationCode=NO_ERROR, priceTotalInPence=2400, pizzasInOrder=[{name=R5: Pizza Dream, priceInPence=1400}, {name=R5: My kind of pizza, priceInPence=900}], creditCardInformation={creditCardNumber=4969888625067532, creditCardExpiry=08/25, cvv=054}}
2025-01-16T16:58:21.521Z  WARN 26144 --- [PizzaDrone] [           main] a.e.i.p.c.CalcDeliveryPathControllerTest : Skipping order due to missing 'valid' field: {orderNo=7BB116A3, orderDate=2025-01-16, orderStatus=VALID, orderValidationCode=NO_ERROR, priceTotalInPence=2400, pizzasInOrder=[{name=R7: Hot, hotter, the hottest, priceInPence=1400}, {name=R7: All you ever wanted, priceInPence=900}], creditCardInformation={creditCardNumber=4410438627470477, creditCardExpiry=05/25, cvv=702}}
2025-01-16T16:58:21.523Z  WARN 26144 --- [PizzaDrone] [           main] a.e.i.p.c.CalcDeliveryPathControllerTest : Skipping order due to missing 'valid' field: {orderNo=597676AA, orderDate=2025-01-16, orderStatus=VALID, orderValidationCode=NO_ERROR, priceTotalInPence=2600, pizzasInOrder=[{name=R2: Meat Lover, priceInPence=1400}, {name=R2: Vegan Delight, priceInPence=1100}], creditCardInformation={creditCardNumber=5256631621652421, creditCardExpiry=02/25, cvv=525}}
2025-01-16T16:58:21.523Z  WARN 26144 --- [PizzaDrone] [           main] a.e.i.p.c.CalcDeliveryPathControllerTest : Skipping order due to missing 'valid' field: {orderNo=6814D7AE, orderDate=2025-01-16, orderStatus=VALID, orderValidationCode=NO_ERROR, priceTotalInPence=2400, pizzasInOrder=[{name=R3: Super Cheese, priceInPence=1400}, {name=R3: All Shrooms, priceInPence=900}], creditCardInformation={creditCardNumber=5195041084487659, creditCardExpiry=06/25, cvv=758}}
2025-01-16T16:58:21.523Z  WARN 26144 --- [PizzaDrone] [           main] a.e.i.p.c.CalcDeliveryPathControllerTest : Skipping order due to missing 'valid' field: {orderNo=16532A07, orderDate=2025-01-17, orderStatus=VALID, orderValidationCode=NO_ERROR, priceTotalInPence=2500, pizzasInOrder=[{name=R1: Margarita, priceInPence=1000}, {name=R1: Calzone, priceInPence=1400}], creditCardInformation={creditCardNumber=5259023680455200, creditCardExpiry=03/25, cvv=478}}
2025-01-16T16:58:21.523Z  WARN 26144 --- [PizzaDrone] [           main] a.e.i.p.c.CalcDeliveryPathControllerTest : Skipping order due to missing 'valid' field: {orderNo=608F1D78, orderDate=2025-01-17, orderStatus=VALID, orderValidationCode=NO_ERROR, priceTotalInPence=2600, pizzasInOrder=[{name=R2: Meat Lover, priceInPence=1400}, {name=R2: Vegan Delight, priceInPence=1100}], creditCardInformation={creditCardNumber=4599325318960291, creditCardExpiry=09/25, cvv=874}}
2025-01-16T16:58:21.523Z  WARN 26144 --- [PizzaDrone] [           main] a.e.i.p.c.CalcDeliveryPathControllerTest : Skipping order due to missing 'valid' field: {orderNo=1B72EB1C, orderDate=2025-01-17, orderStatus=VALID, orderValidationCode=NO_ERROR, priceTotalInPence=2400, pizzasInOrder=[{name=R3: Super Cheese, priceInPence=1400}, {name=R3: All Shrooms, priceInPence=900}], creditCardInformation={creditCardNumber=4601518300546591, creditCardExpiry=02/25, cvv=207}}
2025-01-16T16:58:21.523Z  WARN 26144 --- [PizzaDrone] [           main] a.e.i.p.c.CalcDeliveryPathControllerTest : Skipping order due to missing 'valid' field: {orderNo=4099F072, orderDate=2025-01-17, orderStatus=VALID, orderValidationCode=NO_ERROR, priceTotalInPence=2400, pizzasInOrder=[{name=R7: Hot, hotter, the hottest, priceInPence=1400}, {name=R7: All you ever wanted, priceInPence=900}], creditCardInformation={creditCardNumber=4763786178734631, creditCardExpiry=12/25, cvv=588}}
2025-01-16T16:58:21.523Z  WARN 26144 --- [PizzaDrone] [           main] a.e.i.p.c.CalcDeliveryPathControllerTest : Skipping order due to missing 'valid' field: {orderNo=54F3D2D7, orderDate=2025-01-17, orderStatus=VALID, orderValidationCode=NO_ERROR, priceTotalInPence=2500, pizzasInOrder=[{name=R1: Margarita, priceInPence=1000}, {name=R1: Calzone, priceInPence=1400}], creditCardInformation={creditCardNumber=2720771905964848, creditCardExpiry=01/26, cvv=885}}
2025-01-16T16:58:21.523Z  WARN 26144 --- [PizzaDrone] [           main] a.e.i.p.c.CalcDeliveryPathControllerTest : Skipping order due to missing 'valid' field: {orderNo=104701C0, orderDate=2025-01-17, orderStatus=VALID, orderValidationCode=NO_ERROR, priceTotalInPence=2600, pizzasInOrder=[{name=R2: Meat Lover, priceInPence=1400}, {name=R2: Vegan Delight, priceInPence=1100}], creditCardInformation={creditCardNumber=4524407594667947, creditCardExpiry=02/25, cvv=011}}
2025-01-16T16:58:21.524Z  WARN 26144 --- [PizzaDrone] [           main] a.e.i.p.c.CalcDeliveryPathControllerTest : Skipping order due to missing 'valid' field: {orderNo=6C1FA3E1, orderDate=2025-01-17, orderStatus=VALID, orderValidationCode=NO_ERROR, priceTotalInPence=2400, pizzasInOrder=[{name=R3: Super Cheese, priceInPence=1400}, {name=R3: All Shrooms, priceInPence=900}], creditCardInformation={creditCardNumber=4390348918305148, creditCardExpiry=05/25, cvv=057}}
2025-01-16T16:58:21.525Z  WARN 26144 --- [PizzaDrone] [           main] a.e.i.p.c.CalcDeliveryPathControllerTest : Skipping order due to missing 'valid' field: {orderNo=77B4B015, orderDate=2025-01-17, orderStatus=VALID, orderValidationCode=NO_ERROR, priceTotalInPence=2400, pizzasInOrder=[{name=R7: Hot, hotter, the hottest, priceInPence=1400}, {name=R7: All you ever wanted, priceInPence=900}], creditCardInformation={creditCardNumber=2720013095841282, creditCardExpiry=03/26, cvv=542}}
2025-01-16T16:58:21.525Z  WARN 26144 --- [PizzaDrone] [           main] a.e.i.p.c.CalcDeliveryPathControllerTest : Skipping order due to missing 'valid' field: {orderNo=5A72A378, orderDate=2025-01-17, orderStatus=VALID, orderValidationCode=NO_ERROR, priceTotalInPence=2500, pizzasInOrder=[{name=R1: Margarita, priceInPence=1000}, {name=R1: Calzone, priceInPence=1400}], creditCardInformation={creditCardNumber=4352112263432782, creditCardExpiry=03/26, cvv=263}}
2025-01-16T16:58:21.525Z  WARN 26144 --- [PizzaDrone] [           main] a.e.i.p.c.CalcDeliveryPathControllerTest : Skipping order due to missing 'valid' field: {orderNo=21E2977A, orderDate=2025-01-17, orderStatus=VALID, orderValidationCode=NO_ERROR, priceTotalInPence=2600, pizzasInOrder=[{name=R2: Meat Lover, priceInPence=1400}, {name=R2: Vegan Delight, priceInPence=1100}], creditCardInformation={creditCardNumber=5314336532841614, creditCardExpiry=09/25, cvv=658}}
2025-01-16T16:58:21.526Z  WARN 26144 --- [PizzaDrone] [           main] a.e.i.p.c.CalcDeliveryPathControllerTest : Skipping order due to missing 'valid' field: {orderNo=75B7198F, orderDate=2025-01-18, orderStatus=VALID, orderValidationCode=NO_ERROR, priceTotalInPence=2500, pizzasInOrder=[{name=R1: Margarita, priceInPence=1000}, {name=R1: Calzone, priceInPence=1400}], creditCardInformation={creditCardNumber=4587600346494578, creditCardExpiry=09/25, cvv=139}}
2025-01-16T16:58:21.526Z  WARN 26144 --- [PizzaDrone] [           main] a.e.i.p.c.CalcDeliveryPathControllerTest : Skipping order due to missing 'valid' field: {orderNo=358E32B7, orderDate=2025-01-18, orderStatus=VALID, orderValidationCode=NO_ERROR, priceTotalInPence=2400, pizzasInOrder=[{name=R3: Super Cheese, priceInPence=1400}, {name=R3: All Shrooms, priceInPence=900}], creditCardInformation={creditCardNumber=4980870102396084, creditCardExpiry=08/25, cvv=949}}
2025-01-16T16:58:21.526Z  WARN 26144 --- [PizzaDrone] [           main] a.e.i.p.c.CalcDeliveryPathControllerTest : Skipping order due to missing 'valid' field: {orderNo=4D69E585, orderDate=2025-01-18, orderStatus=VALID, orderValidationCode=NO_ERROR, priceTotalInPence=2400, pizzasInOrder=[{name=R4: Proper Pizza, priceInPence=1400}, {name=R4: Pineapple & Ham & Cheese, priceInPence=900}], creditCardInformation={creditCardNumber=4733714460198213, creditCardExpiry=02/26, cvv=806}}
2025-01-16T16:58:21.526Z  WARN 26144 --- [PizzaDrone] [           main] a.e.i.p.c.CalcDeliveryPathControllerTest : Skipping order due to missing 'valid' field: {orderNo=648DD755, orderDate=2025-01-18, orderStatus=VALID, orderValidationCode=NO_ERROR, priceTotalInPence=2400, pizzasInOrder=[{name=R5: Pizza Dream, priceInPence=1400}, {name=R5: My kind of pizza, priceInPence=900}], creditCardInformation={creditCardNumber=5347303598899630, creditCardExpiry=12/25, cvv=015}}
2025-01-16T16:58:21.526Z  WARN 26144 --- [PizzaDrone] [           main] a.e.i.p.c.CalcDeliveryPathControllerTest : Skipping order due to missing 'valid' field: {orderNo=2CFC2812, orderDate=2025-01-18, orderStatus=VALID, orderValidationCode=NO_ERROR, priceTotalInPence=2400, pizzasInOrder=[{name=R6: Sucuk delight, priceInPence=1400}, {name=R6: Dreams of Syria, priceInPence=900}], creditCardInformation={creditCardNumber=2221727383354765, creditCardExpiry=08/25, cvv=395}}
2025-01-16T16:58:21.526Z  WARN 26144 --- [PizzaDrone] [           main] a.e.i.p.c.CalcDeliveryPathControllerTest : Skipping order due to missing 'valid' field: {orderNo=6DCEF534, orderDate=2025-01-18, orderStatus=VALID, orderValidationCode=NO_ERROR, priceTotalInPence=2500, pizzasInOrder=[{name=R1: Margarita, priceInPence=1000}, {name=R1: Calzone, priceInPence=1400}], creditCardInformation={creditCardNumber=4354699722700724, creditCardExpiry=10/25, cvv=690}}
2025-01-16T16:58:21.527Z  WARN 26144 --- [PizzaDrone] [           main] a.e.i.p.c.CalcDeliveryPathControllerTest : Skipping order due to missing 'valid' field: {orderNo=1881EC9A, orderDate=2025-01-18, orderStatus=VALID, orderValidationCode=NO_ERROR, priceTotalInPence=2400, pizzasInOrder=[{name=R3: Super Cheese, priceInPence=1400}, {name=R3: All Shrooms, priceInPence=900}], creditCardInformation={creditCardNumber=4731010861551734, creditCardExpiry=06/25, cvv=842}}
2025-01-16T16:58:21.527Z  WARN 26144 --- [PizzaDrone] [           main] a.e.i.p.c.CalcDeliveryPathControllerTest : Skipping order due to missing 'valid' field: {orderNo=5A2490A1, orderDate=2025-01-18, orderStatus=VALID, orderValidationCode=NO_ERROR, priceTotalInPence=2400, pizzasInOrder=[{name=R4: Proper Pizza, priceInPence=1400}, {name=R4: Pineapple & Ham & Cheese, priceInPence=900}], creditCardInformation={creditCardNumber=2720695646530594, creditCardExpiry=04/25, cvv=363}}
2025-01-16T16:58:21.527Z  WARN 26144 --- [PizzaDrone] [           main] a.e.i.p.c.CalcDeliveryPathControllerTest : Skipping order due to missing 'valid' field: {orderNo=604B41A6, orderDate=2025-01-18, orderStatus=VALID, orderValidationCode=NO_ERROR, priceTotalInPence=2400, pizzasInOrder=[{name=R5: Pizza Dream, priceInPence=1400}, {name=R5: My kind of pizza, priceInPence=900}], creditCardInformation={creditCardNumber=4404368764552316, creditCardExpiry=07/25, cvv=954}}
2025-01-16T16:58:21.527Z  WARN 26144 --- [PizzaDrone] [           main] a.e.i.p.c.CalcDeliveryPathControllerTest : Skipping order due to missing 'valid' field: {orderNo=15931C4B, orderDate=2025-01-18, orderStatus=VALID, orderValidationCode=NO_ERROR, priceTotalInPence=2400, pizzasInOrder=[{name=R6: Sucuk delight, priceInPence=1400}, {name=R6: Dreams of Syria, priceInPence=900}], creditCardInformation={creditCardNumber=5398887486132326, creditCardExpiry=05/25, cvv=684}}
2025-01-16T16:58:21.527Z  WARN 26144 --- [PizzaDrone] [           main] a.e.i.p.c.CalcDeliveryPathControllerTest : Skipping order due to missing 'valid' field: {orderNo=494E4D4D, orderDate=2025-01-19, orderStatus=VALID, orderValidationCode=NO_ERROR, priceTotalInPence=2500, pizzasInOrder=[{name=R1: Margarita, priceInPence=1000}, {name=R1: Calzone, priceInPence=1400}], creditCardInformation={creditCardNumber=5333601550404695, creditCardExpiry=09/25, cvv=171}}
2025-01-16T16:58:21.527Z  WARN 26144 --- [PizzaDrone] [           main] a.e.i.p.c.CalcDeliveryPathControllerTest : Skipping order due to missing 'valid' field: {orderNo=767B4E10, orderDate=2025-01-19, orderStatus=VALID, orderValidationCode=NO_ERROR, priceTotalInPence=2400, pizzasInOrder=[{name=R3: Super Cheese, priceInPence=1400}, {name=R3: All Shrooms, priceInPence=900}], creditCardInformation={creditCardNumber=2720535121400204, creditCardExpiry=11/25, cvv=616}}
2025-01-16T16:58:21.527Z  WARN 26144 --- [PizzaDrone] [           main] a.e.i.p.c.CalcDeliveryPathControllerTest : Skipping order due to missing 'valid' field: {orderNo=2321058B, orderDate=2025-01-19, orderStatus=VALID, orderValidationCode=NO_ERROR, priceTotalInPence=2400, pizzasInOrder=[{name=R4: Proper Pizza, priceInPence=1400}, {name=R4: Pineapple & Ham & Cheese, priceInPence=900}], creditCardInformation={creditCardNumber=4545318094272549, creditCardExpiry=01/26, cvv=679}}
2025-01-16T16:58:21.527Z  WARN 26144 --- [PizzaDrone] [           main] a.e.i.p.c.CalcDeliveryPathControllerTest : Skipping order due to missing 'valid' field: {orderNo=2366B537, orderDate=2025-01-19, orderStatus=VALID, orderValidationCode=NO_ERROR, priceTotalInPence=2400, pizzasInOrder=[{name=R5: Pizza Dream, priceInPence=1400}, {name=R5: My kind of pizza, priceInPence=900}], creditCardInformation={creditCardNumber=5333042607643698, creditCardExpiry=04/25, cvv=520}}
2025-01-16T16:58:21.528Z  WARN 26144 --- [PizzaDrone] [           main] a.e.i.p.c.CalcDeliveryPathControllerTest : Skipping order due to missing 'valid' field: {orderNo=704A874D, orderDate=2025-01-19, orderStatus=VALID, orderValidationCode=NO_ERROR, priceTotalInPence=2400, pizzasInOrder=[{name=R6: Sucuk delight, priceInPence=1400}, {name=R6: Dreams of Syria, priceInPence=900}], creditCardInformation={creditCardNumber=5502065630144926, creditCardExpiry=05/25, cvv=013}}
2025-01-16T16:58:21.528Z  WARN 26144 --- [PizzaDrone] [           main] a.e.i.p.c.CalcDeliveryPathControllerTest : Skipping order due to missing 'valid' field: {orderNo=3C056954, orderDate=2025-01-19, orderStatus=VALID, orderValidationCode=NO_ERROR, priceTotalInPence=2500, pizzasInOrder=[{name=R1: Margarita, priceInPence=1000}, {name=R1: Calzone, priceInPence=1400}], creditCardInformation={creditCardNumber=5385900059482096, creditCardExpiry=05/25, cvv=019}}
2025-01-16T16:58:21.528Z  WARN 26144 --- [PizzaDrone] [           main] a.e.i.p.c.CalcDeliveryPathControllerTest : Skipping order due to missing 'valid' field: {orderNo=0E021DF0, orderDate=2025-01-19, orderStatus=VALID, orderValidationCode=NO_ERROR, priceTotalInPence=2400, pizzasInOrder=[{name=R3: Super Cheese, priceInPence=1400}, {name=R3: All Shrooms, priceInPence=900}], creditCardInformation={creditCardNumber=2221859806258560, creditCardExpiry=11/25, cvv=458}}
2025-01-16T16:58:21.528Z  WARN 26144 --- [PizzaDrone] [           main] a.e.i.p.c.CalcDeliveryPathControllerTest : Skipping order due to missing 'valid' field: {orderNo=394C73A9, orderDate=2025-01-19, orderStatus=VALID, orderValidationCode=NO_ERROR, priceTotalInPence=2400, pizzasInOrder=[{name=R4: Proper Pizza, priceInPence=1400}, {name=R4: Pineapple & Ham & Cheese, priceInPence=900}], creditCardInformation={creditCardNumber=2720915834169835, creditCardExpiry=03/26, cvv=970}}
2025-01-16T16:58:21.528Z  WARN 26144 --- [PizzaDrone] [           main] a.e.i.p.c.CalcDeliveryPathControllerTest : Skipping order due to missing 'valid' field: {orderNo=3F66DE36, orderDate=2025-01-19, orderStatus=VALID, orderValidationCode=NO_ERROR, priceTotalInPence=2400, pizzasInOrder=[{name=R5: Pizza Dream, priceInPence=1400}, {name=R5: My kind of pizza, priceInPence=900}], creditCardInformation={creditCardNumber=4996079267180885, creditCardExpiry=11/25, cvv=462}}
2025-01-16T16:58:21.528Z  WARN 26144 --- [PizzaDrone] [           main] a.e.i.p.c.CalcDeliveryPathControllerTest : Skipping order due to missing 'valid' field: {orderNo=3F1C9C54, orderDate=2025-01-19, orderStatus=VALID, orderValidationCode=NO_ERROR, priceTotalInPence=2400, pizzasInOrder=[{name=R6: Sucuk delight, priceInPence=1400}, {name=R6: Dreams of Syria, priceInPence=900}], creditCardInformation={creditCardNumber=4593162660063556, creditCardExpiry=01/26, cvv=535}}
2025-01-16T16:58:21.528Z  WARN 26144 --- [PizzaDrone] [           main] a.e.i.p.c.CalcDeliveryPathControllerTest : Skipping order due to missing 'valid' field: {orderNo=11A04440, orderDate=2025-01-20, orderStatus=VALID, orderValidationCode=NO_ERROR, priceTotalInPence=2500, pizzasInOrder=[{name=R1: Margarita, priceInPence=1000}, {name=R1: Calzone, priceInPence=1400}], creditCardInformation={creditCardNumber=5567740468116822, creditCardExpiry=05/25, cvv=405}}
2025-01-16T16:58:21.528Z  WARN 26144 --- [PizzaDrone] [           main] a.e.i.p.c.CalcDeliveryPathControllerTest : Skipping order due to missing 'valid' field: {orderNo=2C431F6F, orderDate=2025-01-20, orderStatus=VALID, orderValidationCode=NO_ERROR, priceTotalInPence=2600, pizzasInOrder=[{name=R2: Meat Lover, priceInPence=1400}, {name=R2: Vegan Delight, priceInPence=1100}], creditCardInformation={creditCardNumber=4944425600430201, creditCardExpiry=07/25, cvv=448}}
2025-01-16T16:58:21.530Z  WARN 26144 --- [PizzaDrone] [           main] a.e.i.p.c.CalcDeliveryPathControllerTest : Skipping order due to missing 'valid' field: {orderNo=7160A5D4, orderDate=2025-01-20, orderStatus=VALID, orderValidationCode=NO_ERROR, priceTotalInPence=2400, pizzasInOrder=[{name=R5: Pizza Dream, priceInPence=1400}, {name=R5: My kind of pizza, priceInPence=900}], creditCardInformation={creditCardNumber=4155147506667538, creditCardExpiry=03/25, cvv=610}}
2025-01-16T16:58:21.530Z  WARN 26144 --- [PizzaDrone] [           main] a.e.i.p.c.CalcDeliveryPathControllerTest : Skipping order due to missing 'valid' field: {orderNo=4932110F, orderDate=2025-01-20, orderStatus=VALID, orderValidationCode=NO_ERROR, priceTotalInPence=2400, pizzasInOrder=[{name=R6: Sucuk delight, priceInPence=1400}, {name=R6: Dreams of Syria, priceInPence=900}], creditCardInformation={creditCardNumber=5317349972211740, creditCardExpiry=11/25, cvv=552}}
2025-01-16T16:58:21.530Z  WARN 26144 --- [PizzaDrone] [           main] a.e.i.p.c.CalcDeliveryPathControllerTest : Skipping order due to missing 'valid' field: {orderNo=522950A7, orderDate=2025-01-20, orderStatus=VALID, orderValidationCode=NO_ERROR, priceTotalInPence=2500, pizzasInOrder=[{name=R1: Margarita, priceInPence=1000}, {name=R1: Calzone, priceInPence=1400}], creditCardInformation={creditCardNumber=4292136701133341, creditCardExpiry=07/25, cvv=996}}
2025-01-16T16:58:21.532Z  WARN 26144 --- [PizzaDrone] [           main] a.e.i.p.c.CalcDeliveryPathControllerTest : Skipping order due to missing 'valid' field: {orderNo=16BEBC6C, orderDate=2025-01-20, orderStatus=VALID, orderValidationCode=NO_ERROR, priceTotalInPence=2600, pizzasInOrder=[{name=R2: Meat Lover, priceInPence=1400}, {name=R2: Vegan Delight, priceInPence=1100}], creditCardInformation={creditCardNumber=5403428297680576, creditCardExpiry=05/25, cvv=161}}
2025-01-16T16:58:21.532Z  WARN 26144 --- [PizzaDrone] [           main] a.e.i.p.c.CalcDeliveryPathControllerTest : Skipping order due to missing 'valid' field: {orderNo=1ABEE7D3, orderDate=2025-01-20, orderStatus=VALID, orderValidationCode=NO_ERROR, priceTotalInPence=2400, pizzasInOrder=[{name=R5: Pizza Dream, priceInPence=1400}, {name=R5: My kind of pizza, priceInPence=900}], creditCardInformation={creditCardNumber=4752935424026150, creditCardExpiry=01/26, cvv=360}}
2025-01-16T16:58:21.533Z  WARN 26144 --- [PizzaDrone] [           main] a.e.i.p.c.CalcDeliveryPathControllerTest : Skipping order due to missing 'valid' field: {orderNo=09B01D2E, orderDate=2025-01-20, orderStatus=VALID, orderValidationCode=NO_ERROR, priceTotalInPence=2400, pizzasInOrder=[{name=R6: Sucuk delight, priceInPence=1400}, {name=R6: Dreams of Syria, priceInPence=900}], creditCardInformation={creditCardNumber=4870747126312284, creditCardExpiry=06/25, cvv=977}}
2025-01-16T16:58:21.533Z  WARN 26144 --- [PizzaDrone] [           main] a.e.i.p.c.CalcDeliveryPathControllerTest : Skipping order due to missing 'valid' field: {orderNo=060BD17B, orderDate=2025-01-20, orderStatus=VALID, orderValidationCode=NO_ERROR, priceTotalInPence=2500, pizzasInOrder=[{name=R1: Margarita, priceInPence=1000}, {name=R1: Calzone, priceInPence=1400}], creditCardInformation={creditCardNumber=2221078550362250, creditCardExpiry=07/25, cvv=049}}
2025-01-16T16:58:21.533Z  WARN 26144 --- [PizzaDrone] [           main] a.e.i.p.c.CalcDeliveryPathControllerTest : Skipping order due to missing 'valid' field: {orderNo=4701446A, orderDate=2025-01-20, orderStatus=VALID, orderValidationCode=NO_ERROR, priceTotalInPence=2600, pizzasInOrder=[{name=R2: Meat Lover, priceInPence=1400}, {name=R2: Vegan Delight, priceInPence=1100}], creditCardInformation={creditCardNumber=5495777215601869, creditCardExpiry=09/25, cvv=027}}
2025-01-16T16:58:21.533Z  WARN 26144 --- [PizzaDrone] [           main] a.e.i.p.c.CalcDeliveryPathControllerTest : Skipping order due to missing 'valid' field: {orderNo=2ABB161D, orderDate=2025-01-21, orderStatus=VALID, orderValidationCode=NO_ERROR, priceTotalInPence=2500, pizzasInOrder=[{name=R1: Margarita, priceInPence=1000}, {name=R1: Calzone, priceInPence=1400}], creditCardInformation={creditCardNumber=2720659431442498, creditCardExpiry=12/25, cvv=201}}
2025-01-16T16:58:21.533Z  WARN 26144 --- [PizzaDrone] [           main] a.e.i.p.c.CalcDeliveryPathControllerTest : Skipping order due to missing 'valid' field: {orderNo=5C7D6D5A, orderDate=2025-01-21, orderStatus=VALID, orderValidationCode=NO_ERROR, priceTotalInPence=2600, pizzasInOrder=[{name=R2: Meat Lover, priceInPence=1400}, {name=R2: Vegan Delight, priceInPence=1100}], creditCardInformation={creditCardNumber=4272610610831892, creditCardExpiry=07/25, cvv=568}}
2025-01-16T16:58:21.533Z  WARN 26144 --- [PizzaDrone] [           main] a.e.i.p.c.CalcDeliveryPathControllerTest : Skipping order due to missing 'valid' field: {orderNo=7B8447E1, orderDate=2025-01-21, orderStatus=VALID, orderValidationCode=NO_ERROR, priceTotalInPence=2400, pizzasInOrder=[{name=R4: Proper Pizza, priceInPence=1400}, {name=R4: Pineapple & Ham & Cheese, priceInPence=900}], creditCardInformation={creditCardNumber=5259012450733920, creditCardExpiry=06/25, cvv=575}}
2025-01-16T16:58:21.533Z  WARN 26144 --- [PizzaDrone] [           main] a.e.i.p.c.CalcDeliveryPathControllerTest : Skipping order due to missing 'valid' field: {orderNo=0AC418D4, orderDate=2025-01-21, orderStatus=VALID, orderValidationCode=NO_ERROR, priceTotalInPence=2400, pizzasInOrder=[{name=R6: Sucuk delight, priceInPence=1400}, {name=R6: Dreams of Syria, priceInPence=900}], creditCardInformation={creditCardNumber=2221931412133014, creditCardExpiry=03/26, cvv=268}}
2025-01-16T16:58:21.533Z  WARN 26144 --- [PizzaDrone] [           main] a.e.i.p.c.CalcDeliveryPathControllerTest : Skipping order due to missing 'valid' field: {orderNo=284778ED, orderDate=2025-01-21, orderStatus=VALID, orderValidationCode=NO_ERROR, priceTotalInPence=2400, pizzasInOrder=[{name=R7: Hot, hotter, the hottest, priceInPence=1400}, {name=R7: All you ever wanted, priceInPence=900}], creditCardInformation={creditCardNumber=5262569772252223, creditCardExpiry=11/25, cvv=054}}
2025-01-16T16:58:21.534Z  WARN 26144 --- [PizzaDrone] [           main] a.e.i.p.c.CalcDeliveryPathControllerTest : Skipping order due to missing 'valid' field: {orderNo=4903C607, orderDate=2025-01-21, orderStatus=VALID, orderValidationCode=NO_ERROR, priceTotalInPence=2500, pizzasInOrder=[{name=R1: Margarita, priceInPence=1000}, {name=R1: Calzone, priceInPence=1400}], creditCardInformation={creditCardNumber=2221537203840715, creditCardExpiry=01/26, cvv=131}}
2025-01-16T16:58:21.536Z  WARN 26144 --- [PizzaDrone] [           main] a.e.i.p.c.CalcDeliveryPathControllerTest : Skipping order due to missing 'valid' field: {orderNo=45FDA0EB, orderDate=2025-01-21, orderStatus=VALID, orderValidationCode=NO_ERROR, priceTotalInPence=2600, pizzasInOrder=[{name=R2: Meat Lover, priceInPence=1400}, {name=R2: Vegan Delight, priceInPence=1100}], creditCardInformation={creditCardNumber=2221820995066206, creditCardExpiry=09/25, cvv=220}}
2025-01-16T16:58:21.536Z  WARN 26144 --- [PizzaDrone] [           main] a.e.i.p.c.CalcDeliveryPathControllerTest : Skipping order due to missing 'valid' field: {orderNo=4AB7BE69, orderDate=2025-01-21, orderStatus=VALID, orderValidationCode=NO_ERROR, priceTotalInPence=2400, pizzasInOrder=[{name=R4: Proper Pizza, priceInPence=1400}, {name=R4: Pineapple & Ham & Cheese, priceInPence=900}], creditCardInformation={creditCardNumber=4139298303214833, creditCardExpiry=05/25, cvv=509}}
2025-01-16T16:58:21.536Z  WARN 26144 --- [PizzaDrone] [           main] a.e.i.p.c.CalcDeliveryPathControllerTest : Skipping order due to missing 'valid' field: {orderNo=33D565BA, orderDate=2025-01-21, orderStatus=VALID, orderValidationCode=NO_ERROR, priceTotalInPence=2400, pizzasInOrder=[{name=R6: Sucuk delight, priceInPence=1400}, {name=R6: Dreams of Syria, priceInPence=900}], creditCardInformation={creditCardNumber=4838446860885024, creditCardExpiry=10/25, cvv=718}}
2025-01-16T16:58:21.536Z  WARN 26144 --- [PizzaDrone] [           main] a.e.i.p.c.CalcDeliveryPathControllerTest : Skipping order due to missing 'valid' field: {orderNo=0C70EBAE, orderDate=2025-01-21, orderStatus=VALID, orderValidationCode=NO_ERROR, priceTotalInPence=2400, pizzasInOrder=[{name=R7: Hot, hotter, the hottest, priceInPence=1400}, {name=R7: All you ever wanted, priceInPence=900}], creditCardInformation={creditCardNumber=2720090684156249, creditCardExpiry=06/25, cvv=373}}
2025-01-16T16:58:21.537Z  WARN 26144 --- [PizzaDrone] [           main] a.e.i.p.c.CalcDeliveryPathControllerTest : Skipping order due to missing 'valid' field: {orderNo=5B98B780, orderDate=2025-01-22, orderStatus=VALID, orderValidationCode=NO_ERROR, priceTotalInPence=2600, pizzasInOrder=[{name=R2: Meat Lover, priceInPence=1400}, {name=R2: Vegan Delight, priceInPence=1100}], creditCardInformation={creditCardNumber=5180282983318788, creditCardExpiry=09/25, cvv=341}}
2025-01-16T16:58:21.537Z  WARN 26144 --- [PizzaDrone] [           main] a.e.i.p.c.CalcDeliveryPathControllerTest : Skipping order due to missing 'valid' field: {orderNo=7EADF6DB, orderDate=2025-01-22, orderStatus=VALID, orderValidationCode=NO_ERROR, priceTotalInPence=2400, pizzasInOrder=[{name=R3: Super Cheese, priceInPence=1400}, {name=R3: All Shrooms, priceInPence=900}], creditCardInformation={creditCardNumber=4691310041478438, creditCardExpiry=07/25, cvv=262}}
2025-01-16T16:58:21.537Z  WARN 26144 --- [PizzaDrone] [           main] a.e.i.p.c.CalcDeliveryPathControllerTest : Skipping order due to missing 'valid' field: {orderNo=46F6DA35, orderDate=2025-01-22, orderStatus=VALID, orderValidationCode=NO_ERROR, priceTotalInPence=2400, pizzasInOrder=[{name=R4: Proper Pizza, priceInPence=1400}, {name=R4: Pineapple & Ham & Cheese, priceInPence=900}], creditCardInformation={creditCardNumber=4903512565046251, creditCardExpiry=10/25, cvv=599}}
2025-01-16T16:58:21.537Z  WARN 26144 --- [PizzaDrone] [           main] a.e.i.p.c.CalcDeliveryPathControllerTest : Skipping order due to missing 'valid' field: {orderNo=1907281F, orderDate=2025-01-22, orderStatus=VALID, orderValidationCode=NO_ERROR, priceTotalInPence=2400, pizzasInOrder=[{name=R6: Sucuk delight, priceInPence=1400}, {name=R6: Dreams of Syria, priceInPence=900}], creditCardInformation={creditCardNumber=4860388377159363, creditCardExpiry=11/25, cvv=605}}
2025-01-16T16:58:21.538Z  WARN 26144 --- [PizzaDrone] [           main] a.e.i.p.c.CalcDeliveryPathControllerTest : Skipping order due to missing 'valid' field: {orderNo=74693863, orderDate=2025-01-22, orderStatus=VALID, orderValidationCode=NO_ERROR, priceTotalInPence=2600, pizzasInOrder=[{name=R2: Meat Lover, priceInPence=1400}, {name=R2: Vegan Delight, priceInPence=1100}], creditCardInformation={creditCardNumber=5486253327203953, creditCardExpiry=02/26, cvv=889}}
2025-01-16T16:58:21.539Z  WARN 26144 --- [PizzaDrone] [           main] a.e.i.p.c.CalcDeliveryPathControllerTest : Skipping order due to missing 'valid' field: {orderNo=2C15F746, orderDate=2025-01-22, orderStatus=VALID, orderValidationCode=NO_ERROR, priceTotalInPence=2400, pizzasInOrder=[{name=R3: Super Cheese, priceInPence=1400}, {name=R3: All Shrooms, priceInPence=900}], creditCardInformation={creditCardNumber=4104440148505782, creditCardExpiry=02/26, cvv=368}}
2025-01-16T16:58:21.539Z  WARN 26144 --- [PizzaDrone] [           main] a.e.i.p.c.CalcDeliveryPathControllerTest : Skipping order due to missing 'valid' field: {orderNo=7B54AEE2, orderDate=2025-01-22, orderStatus=VALID, orderValidationCode=NO_ERROR, priceTotalInPence=2400, pizzasInOrder=[{name=R4: Proper Pizza, priceInPence=1400}, {name=R4: Pineapple & Ham & Cheese, priceInPence=900}], creditCardInformation={creditCardNumber=5100225223606451, creditCardExpiry=02/26, cvv=855}}
2025-01-16T16:58:21.539Z  WARN 26144 --- [PizzaDrone] [           main] a.e.i.p.c.CalcDeliveryPathControllerTest : Skipping order due to missing 'valid' field: {orderNo=73692A05, orderDate=2025-01-22, orderStatus=VALID, orderValidationCode=NO_ERROR, priceTotalInPence=2400, pizzasInOrder=[{name=R6: Sucuk delight, priceInPence=1400}, {name=R6: Dreams of Syria, priceInPence=900}], creditCardInformation={creditCardNumber=2221191626740811, creditCardExpiry=11/25, cvv=405}}
2025-01-16T16:58:21.539Z  WARN 26144 --- [PizzaDrone] [           main] a.e.i.p.c.CalcDeliveryPathControllerTest : Skipping order due to missing 'valid' field: {orderNo=634CDDDF, orderDate=2025-01-22, orderStatus=VALID, orderValidationCode=NO_ERROR, priceTotalInPence=2600, pizzasInOrder=[{name=R2: Meat Lover, priceInPence=1400}, {name=R2: Vegan Delight, priceInPence=1100}], creditCardInformation={creditCardNumber=4039541105980445, creditCardExpiry=03/25, cvv=349}}
2025-01-16T16:58:21.539Z  WARN 26144 --- [PizzaDrone] [           main] a.e.i.p.c.CalcDeliveryPathControllerTest : Skipping order due to missing 'valid' field: {orderNo=0A38A403, orderDate=2025-01-22, orderStatus=VALID, orderValidationCode=NO_ERROR, priceTotalInPence=2400, pizzasInOrder=[{name=R3: Super Cheese, priceInPence=1400}, {name=R3: All Shrooms, priceInPence=900}], creditCardInformation={creditCardNumber=4183718813776075, creditCardExpiry=12/25, cvv=497}}
2025-01-16T16:58:21.539Z  WARN 26144 --- [PizzaDrone] [           main] a.e.i.p.c.CalcDeliveryPathControllerTest : Skipping order due to missing 'valid' field: {orderNo=0434903E, orderDate=2025-01-23, orderStatus=VALID, orderValidationCode=NO_ERROR, priceTotalInPence=2600, pizzasInOrder=[{name=R2: Meat Lover, priceInPence=1400}, {name=R2: Vegan Delight, priceInPence=1100}], creditCardInformation={creditCardNumber=2221837559460013, creditCardExpiry=07/25, cvv=453}}
2025-01-16T16:58:21.539Z  WARN 26144 --- [PizzaDrone] [           main] a.e.i.p.c.CalcDeliveryPathControllerTest : Skipping order due to missing 'valid' field: {orderNo=7F000120, orderDate=2025-01-23, orderStatus=VALID, orderValidationCode=NO_ERROR, priceTotalInPence=2400, pizzasInOrder=[{name=R3: Super Cheese, priceInPence=1400}, {name=R3: All Shrooms, priceInPence=900}], creditCardInformation={creditCardNumber=4378943308541686, creditCardExpiry=03/26, cvv=899}}
2025-01-16T16:58:21.539Z  WARN 26144 --- [PizzaDrone] [           main] a.e.i.p.c.CalcDeliveryPathControllerTest : Skipping order due to missing 'valid' field: {orderNo=5EFB8FFF, orderDate=2025-01-23, orderStatus=VALID, orderValidationCode=NO_ERROR, priceTotalInPence=2400, pizzasInOrder=[{name=R5: Pizza Dream, priceInPence=1400}, {name=R5: My kind of pizza, priceInPence=900}], creditCardInformation={creditCardNumber=4998633689162950, creditCardExpiry=11/25, cvv=354}}
2025-01-16T16:58:21.540Z  WARN 26144 --- [PizzaDrone] [           main] a.e.i.p.c.CalcDeliveryPathControllerTest : Skipping order due to missing 'valid' field: {orderNo=4FA3A1A8, orderDate=2025-01-23, orderStatus=VALID, orderValidationCode=NO_ERROR, priceTotalInPence=2400, pizzasInOrder=[{name=R7: Hot, hotter, the hottest, priceInPence=1400}, {name=R7: All you ever wanted, priceInPence=900}], creditCardInformation={creditCardNumber=5264261220922775, creditCardExpiry=08/25, cvv=868}}
2025-01-16T16:58:21.540Z  WARN 26144 --- [PizzaDrone] [           main] a.e.i.p.c.CalcDeliveryPathControllerTest : Skipping order due to missing 'valid' field: {orderNo=59661F3D, orderDate=2025-01-23, orderStatus=VALID, orderValidationCode=NO_ERROR, priceTotalInPence=2600, pizzasInOrder=[{name=R2: Meat Lover, priceInPence=1400}, {name=R2: Vegan Delight, priceInPence=1100}], creditCardInformation={creditCardNumber=5531237160960956, creditCardExpiry=02/26, cvv=795}}
2025-01-16T16:58:21.540Z  WARN 26144 --- [PizzaDrone] [           main] a.e.i.p.c.CalcDeliveryPathControllerTest : Skipping order due to missing 'valid' field: {orderNo=70194D00, orderDate=2025-01-23, orderStatus=VALID, orderValidationCode=NO_ERROR, priceTotalInPence=2400, pizzasInOrder=[{name=R3: Super Cheese, priceInPence=1400}, {name=R3: All Shrooms, priceInPence=900}], creditCardInformation={creditCardNumber=4522296098993541, creditCardExpiry=05/25, cvv=455}}
2025-01-16T16:58:21.540Z  WARN 26144 --- [PizzaDrone] [           main] a.e.i.p.c.CalcDeliveryPathControllerTest : Skipping order due to missing 'valid' field: {orderNo=50113DCC, orderDate=2025-01-23, orderStatus=VALID, orderValidationCode=NO_ERROR, priceTotalInPence=2400, pizzasInOrder=[{name=R5: Pizza Dream, priceInPence=1400}, {name=R5: My kind of pizza, priceInPence=900}], creditCardInformation={creditCardNumber=5431100339036861, creditCardExpiry=11/25, cvv=014}}
2025-01-16T16:58:21.540Z  WARN 26144 --- [PizzaDrone] [           main] a.e.i.p.c.CalcDeliveryPathControllerTest : Skipping order due to missing 'valid' field: {orderNo=5AEE275A, orderDate=2025-01-23, orderStatus=VALID, orderValidationCode=NO_ERROR, priceTotalInPence=2400, pizzasInOrder=[{name=R7: Hot, hotter, the hottest, priceInPence=1400}, {name=R7: All you ever wanted, priceInPence=900}], creditCardInformation={creditCardNumber=4217236021612867, creditCardExpiry=11/25, cvv=484}}
2025-01-16T16:58:21.540Z  WARN 26144 --- [PizzaDrone] [           main] a.e.i.p.c.CalcDeliveryPathControllerTest : Skipping order due to missing 'valid' field: {orderNo=6CAEB3B8, orderDate=2025-01-23, orderStatus=VALID, orderValidationCode=NO_ERROR, priceTotalInPence=2600, pizzasInOrder=[{name=R2: Meat Lover, priceInPence=1400}, {name=R2: Vegan Delight, priceInPence=1100}], creditCardInformation={creditCardNumber=5175546133225730, creditCardExpiry=03/26, cvv=119}}
2025-01-16T16:58:21.540Z  WARN 26144 --- [PizzaDrone] [           main] a.e.i.p.c.CalcDeliveryPathControllerTest : Skipping order due to missing 'valid' field: {orderNo=71409AB6, orderDate=2025-01-23, orderStatus=VALID, orderValidationCode=NO_ERROR, priceTotalInPence=2400, pizzasInOrder=[{name=R3: Super Cheese, priceInPence=1400}, {name=R3: All Shrooms, priceInPence=900}], creditCardInformation={creditCardNumber=5243232537286911, creditCardExpiry=10/25, cvv=092}}
2025-01-16T16:58:21.540Z  WARN 26144 --- [PizzaDrone] [           main] a.e.i.p.c.CalcDeliveryPathControllerTest : Skipping order due to missing 'valid' field: {orderNo=19F4D913, orderDate=2025-01-24, orderStatus=VALID, orderValidationCode=NO_ERROR, priceTotalInPence=2500, pizzasInOrder=[{name=R1: Margarita, priceInPence=1000}, {name=R1: Calzone, priceInPence=1400}], creditCardInformation={creditCardNumber=5486768760257083, creditCardExpiry=07/25, cvv=867}}
2025-01-16T16:58:21.540Z  WARN 26144 --- [PizzaDrone] [           main] a.e.i.p.c.CalcDeliveryPathControllerTest : Skipping order due to missing 'valid' field: {orderNo=79DE0676, orderDate=2025-01-24, orderStatus=VALID, orderValidationCode=NO_ERROR, priceTotalInPence=2600, pizzasInOrder=[{name=R2: Meat Lover, priceInPence=1400}, {name=R2: Vegan Delight, priceInPence=1100}], creditCardInformation={creditCardNumber=5185015973454758, creditCardExpiry=06/25, cvv=385}}
2025-01-16T16:58:21.540Z  WARN 26144 --- [PizzaDrone] [           main] a.e.i.p.c.CalcDeliveryPathControllerTest : Skipping order due to missing 'valid' field: {orderNo=22C83908, orderDate=2025-01-24, orderStatus=VALID, orderValidationCode=NO_ERROR, priceTotalInPence=2400, pizzasInOrder=[{name=R3: Super Cheese, priceInPence=1400}, {name=R3: All Shrooms, priceInPence=900}], creditCardInformation={creditCardNumber=4448191066975375, creditCardExpiry=01/26, cvv=221}}
2025-01-16T16:58:21.541Z  WARN 26144 --- [PizzaDrone] [           main] a.e.i.p.c.CalcDeliveryPathControllerTest : Skipping order due to missing 'valid' field: {orderNo=7C782464, orderDate=2025-01-24, orderStatus=VALID, orderValidationCode=NO_ERROR, priceTotalInPence=2400, pizzasInOrder=[{name=R7: Hot, hotter, the hottest, priceInPence=1400}, {name=R7: All you ever wanted, priceInPence=900}], creditCardInformation={creditCardNumber=4356812751026907, creditCardExpiry=11/25, cvv=098}}
2025-01-16T16:58:21.541Z  WARN 26144 --- [PizzaDrone] [           main] a.e.i.p.c.CalcDeliveryPathControllerTest : Skipping order due to missing 'valid' field: {orderNo=16218B48, orderDate=2025-01-24, orderStatus=VALID, orderValidationCode=NO_ERROR, priceTotalInPence=2500, pizzasInOrder=[{name=R1: Margarita, priceInPence=1000}, {name=R1: Calzone, priceInPence=1400}], creditCardInformation={creditCardNumber=2221642062545965, creditCardExpiry=03/25, cvv=623}}
2025-01-16T16:58:21.541Z  WARN 26144 --- [PizzaDrone] [           main] a.e.i.p.c.CalcDeliveryPathControllerTest : Skipping order due to missing 'valid' field: {orderNo=7B50D7BE, orderDate=2025-01-24, orderStatus=VALID, orderValidationCode=NO_ERROR, priceTotalInPence=2600, pizzasInOrder=[{name=R2: Meat Lover, priceInPence=1400}, {name=R2: Vegan Delight, priceInPence=1100}], creditCardInformation={creditCardNumber=5532036483588810, creditCardExpiry=04/25, cvv=234}}
2025-01-16T16:58:21.541Z  WARN 26144 --- [PizzaDrone] [           main] a.e.i.p.c.CalcDeliveryPathControllerTest : Skipping order due to missing 'valid' field: {orderNo=5C9E3CE7, orderDate=2025-01-24, orderStatus=VALID, orderValidationCode=NO_ERROR, priceTotalInPence=2400, pizzasInOrder=[{name=R3: Super Cheese, priceInPence=1400}, {name=R3: All Shrooms, priceInPence=900}], creditCardInformation={creditCardNumber=5267847578049059, creditCardExpiry=04/25, cvv=382}}
2025-01-16T16:58:21.541Z  WARN 26144 --- [PizzaDrone] [           main] a.e.i.p.c.CalcDeliveryPathControllerTest : Skipping order due to missing 'valid' field: {orderNo=69218BF1, orderDate=2025-01-24, orderStatus=VALID, orderValidationCode=NO_ERROR, priceTotalInPence=2400, pizzasInOrder=[{name=R7: Hot, hotter, the hottest, priceInPence=1400}, {name=R7: All you ever wanted, priceInPence=900}], creditCardInformation={creditCardNumber=5312919430247166, creditCardExpiry=02/26, cvv=608}}
2025-01-16T16:58:21.541Z  WARN 26144 --- [PizzaDrone] [           main] a.e.i.p.c.CalcDeliveryPathControllerTest : Skipping order due to missing 'valid' field: {orderNo=0B2B8FBD, orderDate=2025-01-24, orderStatus=VALID, orderValidationCode=NO_ERROR, priceTotalInPence=2500, pizzasInOrder=[{name=R1: Margarita, priceInPence=1000}, {name=R1: Calzone, priceInPence=1400}], creditCardInformation={creditCardNumber=4801338224994365, creditCardExpiry=11/25, cvv=022}}
2025-01-16T16:58:21.541Z  WARN 26144 --- [PizzaDrone] [           main] a.e.i.p.c.CalcDeliveryPathControllerTest : Skipping order due to missing 'valid' field: {orderNo=4A5C5C46, orderDate=2025-01-24, orderStatus=VALID, orderValidationCode=NO_ERROR, priceTotalInPence=2600, pizzasInOrder=[{name=R2: Meat Lover, priceInPence=1400}, {name=R2: Vegan Delight, priceInPence=1100}], creditCardInformation={creditCardNumber=4494618223754288, creditCardExpiry=07/25, cvv=531}}
2025-01-16T16:58:21.541Z  WARN 26144 --- [PizzaDrone] [           main] a.e.i.p.c.CalcDeliveryPathControllerTest : Skipping order due to missing 'valid' field: {orderNo=4F8B26D4, orderDate=2025-01-25, orderStatus=VALID, orderValidationCode=NO_ERROR, priceTotalInPence=2500, pizzasInOrder=[{name=R1: Margarita, priceInPence=1000}, {name=R1: Calzone, priceInPence=1400}], creditCardInformation={creditCardNumber=4288657030738696, creditCardExpiry=02/25, cvv=022}}
2025-01-16T16:58:21.541Z  WARN 26144 --- [PizzaDrone] [           main] a.e.i.p.c.CalcDeliveryPathControllerTest : Skipping order due to missing 'valid' field: {orderNo=101A0769, orderDate=2025-01-25, orderStatus=VALID, orderValidationCode=NO_ERROR, priceTotalInPence=2400, pizzasInOrder=[{name=R3: Super Cheese, priceInPence=1400}, {name=R3: All Shrooms, priceInPence=900}], creditCardInformation={creditCardNumber=4842573395736853, creditCardExpiry=07/25, cvv=867}}
2025-01-16T16:58:21.541Z  WARN 26144 --- [PizzaDrone] [           main] a.e.i.p.c.CalcDeliveryPathControllerTest : Skipping order due to missing 'valid' field: {orderNo=290F8A5E, orderDate=2025-01-25, orderStatus=VALID, orderValidationCode=NO_ERROR, priceTotalInPence=2400, pizzasInOrder=[{name=R4: Proper Pizza, priceInPence=1400}, {name=R4: Pineapple & Ham & Cheese, priceInPence=900}], creditCardInformation={creditCardNumber=5599900942043669, creditCardExpiry=02/26, cvv=175}}
2025-01-16T16:58:21.541Z  WARN 26144 --- [PizzaDrone] [           main] a.e.i.p.c.CalcDeliveryPathControllerTest : Skipping order due to missing 'valid' field: {orderNo=53E3E9ED, orderDate=2025-01-25, orderStatus=VALID, orderValidationCode=NO_ERROR, priceTotalInPence=2400, pizzasInOrder=[{name=R5: Pizza Dream, priceInPence=1400}, {name=R5: My kind of pizza, priceInPence=900}], creditCardInformation={creditCardNumber=2720257353059034, creditCardExpiry=01/26, cvv=702}}
2025-01-16T16:58:21.541Z  WARN 26144 --- [PizzaDrone] [           main] a.e.i.p.c.CalcDeliveryPathControllerTest : Skipping order due to missing 'valid' field: {orderNo=6C98A631, orderDate=2025-01-25, orderStatus=VALID, orderValidationCode=NO_ERROR, priceTotalInPence=2400, pizzasInOrder=[{name=R6: Sucuk delight, priceInPence=1400}, {name=R6: Dreams of Syria, priceInPence=900}], creditCardInformation={creditCardNumber=5115108042524902, creditCardExpiry=11/25, cvv=920}}
2025-01-16T16:58:21.544Z  WARN 26144 --- [PizzaDrone] [           main] a.e.i.p.c.CalcDeliveryPathControllerTest : Skipping order due to missing 'valid' field: {orderNo=294D7E75, orderDate=2025-01-25, orderStatus=VALID, orderValidationCode=NO_ERROR, priceTotalInPence=2500, pizzasInOrder=[{name=R1: Margarita, priceInPence=1000}, {name=R1: Calzone, priceInPence=1400}], creditCardInformation={creditCardNumber=5434636290523162, creditCardExpiry=03/25, cvv=302}}
2025-01-16T16:58:21.548Z  WARN 26144 --- [PizzaDrone] [           main] a.e.i.p.c.CalcDeliveryPathControllerTest : Skipping order due to missing 'valid' field: {orderNo=6FFF11CA, orderDate=2025-01-25, orderStatus=VALID, orderValidationCode=NO_ERROR, priceTotalInPence=2400, pizzasInOrder=[{name=R3: Super Cheese, priceInPence=1400}, {name=R3: All Shrooms, priceInPence=900}], creditCardInformation={creditCardNumber=5529709075271970, creditCardExpiry=08/25, cvv=355}}
2025-01-16T16:58:21.548Z  WARN 26144 --- [PizzaDrone] [           main] a.e.i.p.c.CalcDeliveryPathControllerTest : Skipping order due to missing 'valid' field: {orderNo=249E2F50, orderDate=2025-01-25, orderStatus=VALID, orderValidationCode=NO_ERROR, priceTotalInPence=2400, pizzasInOrder=[{name=R4: Proper Pizza, priceInPence=1400}, {name=R4: Pineapple & Ham & Cheese, priceInPence=900}], creditCardInformation={creditCardNumber=4298441772043674, creditCardExpiry=03/26, cvv=700}}
2025-01-16T16:58:21.548Z  WARN 26144 --- [PizzaDrone] [           main] a.e.i.p.c.CalcDeliveryPathControllerTest : Skipping order due to missing 'valid' field: {orderNo=0F3BCB1D, orderDate=2025-01-25, orderStatus=VALID, orderValidationCode=NO_ERROR, priceTotalInPence=2400, pizzasInOrder=[{name=R5: Pizza Dream, priceInPence=1400}, {name=R5: My kind of pizza, priceInPence=900}], creditCardInformation={creditCardNumber=4186933591042908, creditCardExpiry=08/25, cvv=280}}
2025-01-16T16:58:21.549Z  WARN 26144 --- [PizzaDrone] [           main] a.e.i.p.c.CalcDeliveryPathControllerTest : Skipping order due to missing 'valid' field: {orderNo=636AE116, orderDate=2025-01-25, orderStatus=VALID, orderValidationCode=NO_ERROR, priceTotalInPence=2400, pizzasInOrder=[{name=R6: Sucuk delight, priceInPence=1400}, {name=R6: Dreams of Syria, priceInPence=900}], creditCardInformation={creditCardNumber=4959639956003774, creditCardExpiry=02/26, cvv=830}}
2025-01-16T16:58:21.549Z  WARN 26144 --- [PizzaDrone] [           main] a.e.i.p.c.CalcDeliveryPathControllerTest : Skipping order due to missing 'valid' field: {orderNo=68528D60, orderDate=2025-01-26, orderStatus=VALID, orderValidationCode=NO_ERROR, priceTotalInPence=2500, pizzasInOrder=[{name=R1: Margarita, priceInPence=1000}, {name=R1: Calzone, priceInPence=1400}], creditCardInformation={creditCardNumber=5577756491447834, creditCardExpiry=11/25, cvv=804}}
2025-01-16T16:58:21.549Z  WARN 26144 --- [PizzaDrone] [           main] a.e.i.p.c.CalcDeliveryPathControllerTest : Skipping order due to missing 'valid' field: {orderNo=4F9586A4, orderDate=2025-01-26, orderStatus=VALID, orderValidationCode=NO_ERROR, priceTotalInPence=2400, pizzasInOrder=[{name=R3: Super Cheese, priceInPence=1400}, {name=R3: All Shrooms, priceInPence=900}], creditCardInformation={creditCardNumber=5385992514896309, creditCardExpiry=10/25, cvv=858}}
2025-01-16T16:58:21.549Z  WARN 26144 --- [PizzaDrone] [           main] a.e.i.p.c.CalcDeliveryPathControllerTest : Skipping order due to missing 'valid' field: {orderNo=5661E6F3, orderDate=2025-01-26, orderStatus=VALID, orderValidationCode=NO_ERROR, priceTotalInPence=2400, pizzasInOrder=[{name=R4: Proper Pizza, priceInPence=1400}, {name=R4: Pineapple & Ham & Cheese, priceInPence=900}], creditCardInformation={creditCardNumber=4231673287891235, creditCardExpiry=11/25, cvv=166}}
2025-01-16T16:58:21.549Z  WARN 26144 --- [PizzaDrone] [           main] a.e.i.p.c.CalcDeliveryPathControllerTest : Skipping order due to missing 'valid' field: {orderNo=79875C6E, orderDate=2025-01-26, orderStatus=VALID, orderValidationCode=NO_ERROR, priceTotalInPence=2400, pizzasInOrder=[{name=R5: Pizza Dream, priceInPence=1400}, {name=R5: My kind of pizza, priceInPence=900}], creditCardInformation={creditCardNumber=4861914507468074, creditCardExpiry=10/25, cvv=739}}
2025-01-16T16:58:21.549Z  WARN 26144 --- [PizzaDrone] [           main] a.e.i.p.c.CalcDeliveryPathControllerTest : Skipping order due to missing 'valid' field: {orderNo=002C80CF, orderDate=2025-01-26, orderStatus=VALID, orderValidationCode=NO_ERROR, priceTotalInPence=2400, pizzasInOrder=[{name=R6: Sucuk delight, priceInPence=1400}, {name=R6: Dreams of Syria, priceInPence=900}], creditCardInformation={creditCardNumber=5335542588767356, creditCardExpiry=03/25, cvv=678}}
2025-01-16T16:58:21.549Z  WARN 26144 --- [PizzaDrone] [           main] a.e.i.p.c.CalcDeliveryPathControllerTest : Skipping order due to missing 'valid' field: {orderNo=01F456F0, orderDate=2025-01-26, orderStatus=VALID, orderValidationCode=NO_ERROR, priceTotalInPence=2500, pizzasInOrder=[{name=R1: Margarita, priceInPence=1000}, {name=R1: Calzone, priceInPence=1400}], creditCardInformation={creditCardNumber=4079770625658071, creditCardExpiry=06/25, cvv=924}}
2025-01-16T16:58:21.549Z  WARN 26144 --- [PizzaDrone] [           main] a.e.i.p.c.CalcDeliveryPathControllerTest : Skipping order due to missing 'valid' field: {orderNo=17047814, orderDate=2025-01-26, orderStatus=VALID, orderValidationCode=NO_ERROR, priceTotalInPence=2400, pizzasInOrder=[{name=R3: Super Cheese, priceInPence=1400}, {name=R3: All Shrooms, priceInPence=900}], creditCardInformation={creditCardNumber=4972771912502236, creditCardExpiry=06/25, cvv=668}}
2025-01-16T16:58:21.549Z  WARN 26144 --- [PizzaDrone] [           main] a.e.i.p.c.CalcDeliveryPathControllerTest : Skipping order due to missing 'valid' field: {orderNo=081CAA02, orderDate=2025-01-26, orderStatus=VALID, orderValidationCode=NO_ERROR, priceTotalInPence=2400, pizzasInOrder=[{name=R4: Proper Pizza, priceInPence=1400}, {name=R4: Pineapple & Ham & Cheese, priceInPence=900}], creditCardInformation={creditCardNumber=5293179716182057, creditCardExpiry=11/25, cvv=874}}
2025-01-16T16:58:21.549Z  WARN 26144 --- [PizzaDrone] [           main] a.e.i.p.c.CalcDeliveryPathControllerTest : Skipping order due to missing 'valid' field: {orderNo=6089F15E, orderDate=2025-01-26, orderStatus=VALID, orderValidationCode=NO_ERROR, priceTotalInPence=2400, pizzasInOrder=[{name=R5: Pizza Dream, priceInPence=1400}, {name=R5: My kind of pizza, priceInPence=900}], creditCardInformation={creditCardNumber=4926479442972427, creditCardExpiry=12/25, cvv=443}}
2025-01-16T16:58:21.549Z  WARN 26144 --- [PizzaDrone] [           main] a.e.i.p.c.CalcDeliveryPathControllerTest : Skipping order due to missing 'valid' field: {orderNo=20400587, orderDate=2025-01-26, orderStatus=VALID, orderValidationCode=NO_ERROR, priceTotalInPence=2400, pizzasInOrder=[{name=R6: Sucuk delight, priceInPence=1400}, {name=R6: Dreams of Syria, priceInPence=900}], creditCardInformation={creditCardNumber=4870913056753182, creditCardExpiry=02/25, cvv=656}}
2025-01-16T16:58:21.549Z  WARN 26144 --- [PizzaDrone] [           main] a.e.i.p.c.CalcDeliveryPathControllerTest : Skipping order due to missing 'valid' field: {orderNo=0B9145C4, orderDate=2025-01-27, orderStatus=VALID, orderValidationCode=NO_ERROR, priceTotalInPence=2500, pizzasInOrder=[{name=R1: Margarita, priceInPence=1000}, {name=R1: Calzone, priceInPence=1400}], creditCardInformation={creditCardNumber=4026581218076280, creditCardExpiry=02/25, cvv=652}}
2025-01-16T16:58:21.549Z  WARN 26144 --- [PizzaDrone] [           main] a.e.i.p.c.CalcDeliveryPathControllerTest : Skipping order due to missing 'valid' field: {orderNo=54FE8910, orderDate=2025-01-27, orderStatus=VALID, orderValidationCode=NO_ERROR, priceTotalInPence=2600, pizzasInOrder=[{name=R2: Meat Lover, priceInPence=1400}, {name=R2: Vegan Delight, priceInPence=1100}], creditCardInformation={creditCardNumber=5167687871133361, creditCardExpiry=09/25, cvv=652}}
2025-01-16T16:58:21.549Z  WARN 26144 --- [PizzaDrone] [           main] a.e.i.p.c.CalcDeliveryPathControllerTest : Skipping order due to missing 'valid' field: {orderNo=1F632C76, orderDate=2025-01-27, orderStatus=VALID, orderValidationCode=NO_ERROR, priceTotalInPence=2400, pizzasInOrder=[{name=R5: Pizza Dream, priceInPence=1400}, {name=R5: My kind of pizza, priceInPence=900}], creditCardInformation={creditCardNumber=5246326506784075, creditCardExpiry=02/25, cvv=530}}
2025-01-16T16:58:21.549Z  WARN 26144 --- [PizzaDrone] [           main] a.e.i.p.c.CalcDeliveryPathControllerTest : Skipping order due to missing 'valid' field: {orderNo=47DEA282, orderDate=2025-01-27, orderStatus=VALID, orderValidationCode=NO_ERROR, priceTotalInPence=2400, pizzasInOrder=[{name=R6: Sucuk delight, priceInPence=1400}, {name=R6: Dreams of Syria, priceInPence=900}], creditCardInformation={creditCardNumber=5573768352502643, creditCardExpiry=08/25, cvv=872}}
2025-01-16T16:58:21.549Z  WARN 26144 --- [PizzaDrone] [           main] a.e.i.p.c.CalcDeliveryPathControllerTest : Skipping order due to missing 'valid' field: {orderNo=7BDD2591, orderDate=2025-01-27, orderStatus=VALID, orderValidationCode=NO_ERROR, priceTotalInPence=2500, pizzasInOrder=[{name=R1: Margarita, priceInPence=1000}, {name=R1: Calzone, priceInPence=1400}], creditCardInformation={creditCardNumber=5161790812886893, creditCardExpiry=02/26, cvv=758}}
2025-01-16T16:58:21.549Z  WARN 26144 --- [PizzaDrone] [           main] a.e.i.p.c.CalcDeliveryPathControllerTest : Skipping order due to missing 'valid' field: {orderNo=2B5F2554, orderDate=2025-01-27, orderStatus=VALID, orderValidationCode=NO_ERROR, priceTotalInPence=2600, pizzasInOrder=[{name=R2: Meat Lover, priceInPence=1400}, {name=R2: Vegan Delight, priceInPence=1100}], creditCardInformation={creditCardNumber=4361244249998567, creditCardExpiry=04/25, cvv=167}}
2025-01-16T16:58:21.550Z  WARN 26144 --- [PizzaDrone] [           main] a.e.i.p.c.CalcDeliveryPathControllerTest : Skipping order due to missing 'valid' field: {orderNo=42456035, orderDate=2025-01-27, orderStatus=VALID, orderValidationCode=NO_ERROR, priceTotalInPence=2400, pizzasInOrder=[{name=R5: Pizza Dream, priceInPence=1400}, {name=R5: My kind of pizza, priceInPence=900}], creditCardInformation={creditCardNumber=4231509428342821, creditCardExpiry=12/25, cvv=194}}
2025-01-16T16:58:21.550Z  WARN 26144 --- [PizzaDrone] [           main] a.e.i.p.c.CalcDeliveryPathControllerTest : Skipping order due to missing 'valid' field: {orderNo=2FB17966, orderDate=2025-01-27, orderStatus=VALID, orderValidationCode=NO_ERROR, priceTotalInPence=2400, pizzasInOrder=[{name=R6: Sucuk delight, priceInPence=1400}, {name=R6: Dreams of Syria, priceInPence=900}], creditCardInformation={creditCardNumber=4555913194987140, creditCardExpiry=10/25, cvv=054}}
2025-01-16T16:58:21.550Z  WARN 26144 --- [PizzaDrone] [           main] a.e.i.p.c.CalcDeliveryPathControllerTest : Skipping order due to missing 'valid' field: {orderNo=42B051A3, orderDate=2025-01-27, orderStatus=VALID, orderValidationCode=NO_ERROR, priceTotalInPence=2500, pizzasInOrder=[{name=R1: Margarita, priceInPence=1000}, {name=R1: Calzone, priceInPence=1400}], creditCardInformation={creditCardNumber=5351215573521562, creditCardExpiry=03/26, cvv=961}}
2025-01-16T16:58:21.550Z  WARN 26144 --- [PizzaDrone] [           main] a.e.i.p.c.CalcDeliveryPathControllerTest : Skipping order due to missing 'valid' field: {orderNo=30FC1CF0, orderDate=2025-01-27, orderStatus=VALID, orderValidationCode=NO_ERROR, priceTotalInPence=2600, pizzasInOrder=[{name=R2: Meat Lover, priceInPence=1400}, {name=R2: Vegan Delight, priceInPence=1100}], creditCardInformation={creditCardNumber=2221835005554165, creditCardExpiry=04/25, cvv=619}}
2025-01-16T16:58:21.550Z  WARN 26144 --- [PizzaDrone] [           main] a.e.i.p.c.CalcDeliveryPathControllerTest : Skipping order due to missing 'valid' field: {orderNo=1897963E, orderDate=2025-01-28, orderStatus=VALID, orderValidationCode=NO_ERROR, priceTotalInPence=2500, pizzasInOrder=[{name=R1: Margarita, priceInPence=1000}, {name=R1: Calzone, priceInPence=1400}], creditCardInformation={creditCardNumber=5266376806922391, creditCardExpiry=09/25, cvv=074}}
2025-01-16T16:58:21.550Z  WARN 26144 --- [PizzaDrone] [           main] a.e.i.p.c.CalcDeliveryPathControllerTest : Skipping order due to missing 'valid' field: {orderNo=09D727E5, orderDate=2025-01-28, orderStatus=VALID, orderValidationCode=NO_ERROR, priceTotalInPence=2600, pizzasInOrder=[{name=R2: Meat Lover, priceInPence=1400}, {name=R2: Vegan Delight, priceInPence=1100}], creditCardInformation={creditCardNumber=4142152232639260, creditCardExpiry=08/25, cvv=321}}
2025-01-16T16:58:21.550Z  WARN 26144 --- [PizzaDrone] [           main] a.e.i.p.c.CalcDeliveryPathControllerTest : Skipping order due to missing 'valid' field: {orderNo=6F36540D, orderDate=2025-01-28, orderStatus=VALID, orderValidationCode=NO_ERROR, priceTotalInPence=2400, pizzasInOrder=[{name=R4: Proper Pizza, priceInPence=1400}, {name=R4: Pineapple & Ham & Cheese, priceInPence=900}], creditCardInformation={creditCardNumber=4101121870047101, creditCardExpiry=09/25, cvv=602}}
2025-01-16T16:58:21.550Z  WARN 26144 --- [PizzaDrone] [           main] a.e.i.p.c.CalcDeliveryPathControllerTest : Skipping order due to missing 'valid' field: {orderNo=2D28D070, orderDate=2025-01-28, orderStatus=VALID, orderValidationCode=NO_ERROR, priceTotalInPence=2400, pizzasInOrder=[{name=R6: Sucuk delight, priceInPence=1400}, {name=R6: Dreams of Syria, priceInPence=900}], creditCardInformation={creditCardNumber=4713743903782378, creditCardExpiry=03/25, cvv=844}}
2025-01-16T16:58:21.551Z  WARN 26144 --- [PizzaDrone] [           main] a.e.i.p.c.CalcDeliveryPathControllerTest : Skipping order due to missing 'valid' field: {orderNo=1C5E293F, orderDate=2025-01-28, orderStatus=VALID, orderValidationCode=NO_ERROR, priceTotalInPence=2400, pizzasInOrder=[{name=R7: Hot, hotter, the hottest, priceInPence=1400}, {name=R7: All you ever wanted, priceInPence=900}], creditCardInformation={creditCardNumber=4634250402799735, creditCardExpiry=07/25, cvv=497}}
2025-01-16T16:58:21.551Z  WARN 26144 --- [PizzaDrone] [           main] a.e.i.p.c.CalcDeliveryPathControllerTest : Skipping order due to missing 'valid' field: {orderNo=59675712, orderDate=2025-01-28, orderStatus=VALID, orderValidationCode=NO_ERROR, priceTotalInPence=2500, pizzasInOrder=[{name=R1: Margarita, priceInPence=1000}, {name=R1: Calzone, priceInPence=1400}], creditCardInformation={creditCardNumber=5195035715457297, creditCardExpiry=12/25, cvv=527}}
2025-01-16T16:58:21.551Z  WARN 26144 --- [PizzaDrone] [           main] a.e.i.p.c.CalcDeliveryPathControllerTest : Skipping order due to missing 'valid' field: {orderNo=04252B7E, orderDate=2025-01-28, orderStatus=VALID, orderValidationCode=NO_ERROR, priceTotalInPence=2600, pizzasInOrder=[{name=R2: Meat Lover, priceInPence=1400}, {name=R2: Vegan Delight, priceInPence=1100}], creditCardInformation={creditCardNumber=2720308432788562, creditCardExpiry=06/25, cvv=581}}
2025-01-16T16:58:21.551Z  WARN 26144 --- [PizzaDrone] [           main] a.e.i.p.c.CalcDeliveryPathControllerTest : Skipping order due to missing 'valid' field: {orderNo=06BF1840, orderDate=2025-01-28, orderStatus=VALID, orderValidationCode=NO_ERROR, priceTotalInPence=2400, pizzasInOrder=[{name=R4: Proper Pizza, priceInPence=1400}, {name=R4: Pineapple & Ham & Cheese, priceInPence=900}], creditCardInformation={creditCardNumber=5238267713636320, creditCardExpiry=02/26, cvv=301}}
2025-01-16T16:58:21.551Z  WARN 26144 --- [PizzaDrone] [           main] a.e.i.p.c.CalcDeliveryPathControllerTest : Skipping order due to missing 'valid' field: {orderNo=019E5E0A, orderDate=2025-01-28, orderStatus=VALID, orderValidationCode=NO_ERROR, priceTotalInPence=2400, pizzasInOrder=[{name=R6: Sucuk delight, priceInPence=1400}, {name=R6: Dreams of Syria, priceInPence=900}], creditCardInformation={creditCardNumber=2221711700762926, creditCardExpiry=07/25, cvv=683}}
2025-01-16T16:58:21.551Z  WARN 26144 --- [PizzaDrone] [           main] a.e.i.p.c.CalcDeliveryPathControllerTest : Skipping order due to missing 'valid' field: {orderNo=241D10E2, orderDate=2025-01-28, orderStatus=VALID, orderValidationCode=NO_ERROR, priceTotalInPence=2400, pizzasInOrder=[{name=R7: Hot, hotter, the hottest, priceInPence=1400}, {name=R7: All you ever wanted, priceInPence=900}], creditCardInformation={creditCardNumber=5112330889572496, creditCardExpiry=10/25, cvv=995}}
2025-01-16T16:58:21.552Z  WARN 26144 --- [PizzaDrone] [           main] a.e.i.p.c.CalcDeliveryPathControllerTest : Skipping order due to missing 'valid' field: {orderNo=7631E20E, orderDate=2025-01-29, orderStatus=VALID, orderValidationCode=NO_ERROR, priceTotalInPence=2600, pizzasInOrder=[{name=R2: Meat Lover, priceInPence=1400}, {name=R2: Vegan Delight, priceInPence=1100}], creditCardInformation={creditCardNumber=4854484750263506, creditCardExpiry=02/25, cvv=888}}
2025-01-16T16:58:21.552Z  WARN 26144 --- [PizzaDrone] [           main] a.e.i.p.c.CalcDeliveryPathControllerTest : Skipping order due to missing 'valid' field: {orderNo=45CA23E0, orderDate=2025-01-29, orderStatus=VALID, orderValidationCode=NO_ERROR, priceTotalInPence=2400, pizzasInOrder=[{name=R3: Super Cheese, priceInPence=1400}, {name=R3: All Shrooms, priceInPence=900}], creditCardInformation={creditCardNumber=4930796004791000, creditCardExpiry=03/25, cvv=615}}
2025-01-16T16:58:21.552Z  WARN 26144 --- [PizzaDrone] [           main] a.e.i.p.c.CalcDeliveryPathControllerTest : Skipping order due to missing 'valid' field: {orderNo=3084AC78, orderDate=2025-01-29, orderStatus=VALID, orderValidationCode=NO_ERROR, priceTotalInPence=2400, pizzasInOrder=[{name=R4: Proper Pizza, priceInPence=1400}, {name=R4: Pineapple & Ham & Cheese, priceInPence=900}], creditCardInformation={creditCardNumber=5560285438151092, creditCardExpiry=06/25, cvv=064}}
2025-01-16T16:58:21.552Z  WARN 26144 --- [PizzaDrone] [           main] a.e.i.p.c.CalcDeliveryPathControllerTest : Skipping order due to missing 'valid' field: {orderNo=2C0DA030, orderDate=2025-01-29, orderStatus=VALID, orderValidationCode=NO_ERROR, priceTotalInPence=2400, pizzasInOrder=[{name=R6: Sucuk delight, priceInPence=1400}, {name=R6: Dreams of Syria, priceInPence=900}], creditCardInformation={creditCardNumber=4401278570178466, creditCardExpiry=06/25, cvv=748}}
2025-01-16T16:58:21.552Z  WARN 26144 --- [PizzaDrone] [           main] a.e.i.p.c.CalcDeliveryPathControllerTest : Skipping order due to missing 'valid' field: {orderNo=18C87C3E, orderDate=2025-01-29, orderStatus=VALID, orderValidationCode=NO_ERROR, priceTotalInPence=2600, pizzasInOrder=[{name=R2: Meat Lover, priceInPence=1400}, {name=R2: Vegan Delight, priceInPence=1100}], creditCardInformation={creditCardNumber=4332735628849996, creditCardExpiry=05/25, cvv=423}}
2025-01-16T16:58:21.552Z  WARN 26144 --- [PizzaDrone] [           main] a.e.i.p.c.CalcDeliveryPathControllerTest : Skipping order due to missing 'valid' field: {orderNo=1CEA4B7E, orderDate=2025-01-29, orderStatus=VALID, orderValidationCode=NO_ERROR, priceTotalInPence=2400, pizzasInOrder=[{name=R3: Super Cheese, priceInPence=1400}, {name=R3: All Shrooms, priceInPence=900}], creditCardInformation={creditCardNumber=4734391690459324, creditCardExpiry=05/25, cvv=161}}
2025-01-16T16:58:21.552Z  WARN 26144 --- [PizzaDrone] [           main] a.e.i.p.c.CalcDeliveryPathControllerTest : Skipping order due to missing 'valid' field: {orderNo=3BE0A46E, orderDate=2025-01-29, orderStatus=VALID, orderValidationCode=NO_ERROR, priceTotalInPence=2400, pizzasInOrder=[{name=R4: Proper Pizza, priceInPence=1400}, {name=R4: Pineapple & Ham & Cheese, priceInPence=900}], creditCardInformation={creditCardNumber=5403103587826235, creditCardExpiry=03/26, cvv=354}}
2025-01-16T16:58:21.552Z  WARN 26144 --- [PizzaDrone] [           main] a.e.i.p.c.CalcDeliveryPathControllerTest : Skipping order due to missing 'valid' field: {orderNo=0CC818DB, orderDate=2025-01-29, orderStatus=VALID, orderValidationCode=NO_ERROR, priceTotalInPence=2400, pizzasInOrder=[{name=R6: Sucuk delight, priceInPence=1400}, {name=R6: Dreams of Syria, priceInPence=900}], creditCardInformation={creditCardNumber=4986227082878934, creditCardExpiry=02/26, cvv=793}}
2025-01-16T16:58:21.552Z  WARN 26144 --- [PizzaDrone] [           main] a.e.i.p.c.CalcDeliveryPathControllerTest : Skipping order due to missing 'valid' field: {orderNo=7FA9EF1F, orderDate=2025-01-29, orderStatus=VALID, orderValidationCode=NO_ERROR, priceTotalInPence=2600, pizzasInOrder=[{name=R2: Meat Lover, priceInPence=1400}, {name=R2: Vegan Delight, priceInPence=1100}], creditCardInformation={creditCardNumber=4902309289928646, creditCardExpiry=06/25, cvv=366}}
2025-01-16T16:58:21.552Z  WARN 26144 --- [PizzaDrone] [           main] a.e.i.p.c.CalcDeliveryPathControllerTest : Skipping order due to missing 'valid' field: {orderNo=08D4F318, orderDate=2025-01-29, orderStatus=VALID, orderValidationCode=NO_ERROR, priceTotalInPence=2400, pizzasInOrder=[{name=R3: Super Cheese, priceInPence=1400}, {name=R3: All Shrooms, priceInPence=900}], creditCardInformation={creditCardNumber=4476850747576663, creditCardExpiry=02/26, cvv=829}}
2025-01-16T16:58:21.552Z  WARN 26144 --- [PizzaDrone] [           main] a.e.i.p.c.CalcDeliveryPathControllerTest : Skipping order due to missing 'valid' field: {orderNo=66EF5DCE, orderDate=2025-01-30, orderStatus=VALID, orderValidationCode=NO_ERROR, priceTotalInPence=2600, pizzasInOrder=[{name=R2: Meat Lover, priceInPence=1400}, {name=R2: Vegan Delight, priceInPence=1100}], creditCardInformation={creditCardNumber=2720183616442728, creditCardExpiry=02/26, cvv=115}}
2025-01-16T16:58:21.552Z  WARN 26144 --- [PizzaDrone] [           main] a.e.i.p.c.CalcDeliveryPathControllerTest : Skipping order due to missing 'valid' field: {orderNo=403421EF, orderDate=2025-01-30, orderStatus=VALID, orderValidationCode=NO_ERROR, priceTotalInPence=2400, pizzasInOrder=[{name=R3: Super Cheese, priceInPence=1400}, {name=R3: All Shrooms, priceInPence=900}], creditCardInformation={creditCardNumber=2720456663901162, creditCardExpiry=01/26, cvv=195}}
2025-01-16T16:58:21.552Z  WARN 26144 --- [PizzaDrone] [           main] a.e.i.p.c.CalcDeliveryPathControllerTest : Skipping order due to missing 'valid' field: {orderNo=4D3C1132, orderDate=2025-01-30, orderStatus=VALID, orderValidationCode=NO_ERROR, priceTotalInPence=2400, pizzasInOrder=[{name=R5: Pizza Dream, priceInPence=1400}, {name=R5: My kind of pizza, priceInPence=900}], creditCardInformation={creditCardNumber=5317758412313678, creditCardExpiry=07/25, cvv=255}}
2025-01-16T16:58:21.552Z  WARN 26144 --- [PizzaDrone] [           main] a.e.i.p.c.CalcDeliveryPathControllerTest : Skipping order due to missing 'valid' field: {orderNo=16D6C871, orderDate=2025-01-30, orderStatus=VALID, orderValidationCode=NO_ERROR, priceTotalInPence=2400, pizzasInOrder=[{name=R7: Hot, hotter, the hottest, priceInPence=1400}, {name=R7: All you ever wanted, priceInPence=900}], creditCardInformation={creditCardNumber=5513266931913236, creditCardExpiry=09/25, cvv=376}}
2025-01-16T16:58:21.552Z  WARN 26144 --- [PizzaDrone] [           main] a.e.i.p.c.CalcDeliveryPathControllerTest : Skipping order due to missing 'valid' field: {orderNo=3730563B, orderDate=2025-01-30, orderStatus=VALID, orderValidationCode=NO_ERROR, priceTotalInPence=2600, pizzasInOrder=[{name=R2: Meat Lover, priceInPence=1400}, {name=R2: Vegan Delight, priceInPence=1100}], creditCardInformation={creditCardNumber=4522945372822145, creditCardExpiry=11/25, cvv=805}}
2025-01-16T16:58:21.552Z  WARN 26144 --- [PizzaDrone] [           main] a.e.i.p.c.CalcDeliveryPathControllerTest : Skipping order due to missing 'valid' field: {orderNo=04B7DE64, orderDate=2025-01-30, orderStatus=VALID, orderValidationCode=NO_ERROR, priceTotalInPence=2400, pizzasInOrder=[{name=R3: Super Cheese, priceInPence=1400}, {name=R3: All Shrooms, priceInPence=900}], creditCardInformation={creditCardNumber=4727017248949677, creditCardExpiry=12/25, cvv=400}}
2025-01-16T16:58:21.552Z  WARN 26144 --- [PizzaDrone] [           main] a.e.i.p.c.CalcDeliveryPathControllerTest : Skipping order due to missing 'valid' field: {orderNo=419BCA19, orderDate=2025-01-30, orderStatus=VALID, orderValidationCode=NO_ERROR, priceTotalInPence=2400, pizzasInOrder=[{name=R5: Pizza Dream, priceInPence=1400}, {name=R5: My kind of pizza, priceInPence=900}], creditCardInformation={creditCardNumber=4114302553148581, creditCardExpiry=01/26, cvv=026}}
2025-01-16T16:58:21.552Z  WARN 26144 --- [PizzaDrone] [           main] a.e.i.p.c.CalcDeliveryPathControllerTest : Skipping order due to missing 'valid' field: {orderNo=04A8EFC4, orderDate=2025-01-30, orderStatus=VALID, orderValidationCode=NO_ERROR, priceTotalInPence=2400, pizzasInOrder=[{name=R7: Hot, hotter, the hottest, priceInPence=1400}, {name=R7: All you ever wanted, priceInPence=900}], creditCardInformation={creditCardNumber=4398590067588584, creditCardExpiry=01/26, cvv=039}}
2025-01-16T16:58:21.552Z  WARN 26144 --- [PizzaDrone] [           main] a.e.i.p.c.CalcDeliveryPathControllerTest : Skipping order due to missing 'valid' field: {orderNo=250FB4B0, orderDate=2025-01-30, orderStatus=VALID, orderValidationCode=NO_ERROR, priceTotalInPence=2600, pizzasInOrder=[{name=R2: Meat Lover, priceInPence=1400}, {name=R2: Vegan Delight, priceInPence=1100}], creditCardInformation={creditCardNumber=5111626277645161, creditCardExpiry=09/25, cvv=795}}
2025-01-16T16:58:21.552Z  WARN 26144 --- [PizzaDrone] [           main] a.e.i.p.c.CalcDeliveryPathControllerTest : Skipping order due to missing 'valid' field: {orderNo=3DE4595A, orderDate=2025-01-30, orderStatus=VALID, orderValidationCode=NO_ERROR, priceTotalInPence=2400, pizzasInOrder=[{name=R3: Super Cheese, priceInPence=1400}, {name=R3: All Shrooms, priceInPence=900}], creditCardInformation={creditCardNumber=4501151320854802, creditCardExpiry=05/25, cvv=802}}
2025-01-16T16:58:21.552Z  WARN 26144 --- [PizzaDrone] [           main] a.e.i.p.c.CalcDeliveryPathControllerTest : Skipping order due to missing 'valid' field: {orderNo=27ED4DAB, orderDate=2025-01-31, orderStatus=VALID, orderValidationCode=NO_ERROR, priceTotalInPence=2500, pizzasInOrder=[{name=R1: Margarita, priceInPence=1000}, {name=R1: Calzone, priceInPence=1400}], creditCardInformation={creditCardNumber=2221073068659503, creditCardExpiry=06/25, cvv=826}}
2025-01-16T16:58:21.552Z  WARN 26144 --- [PizzaDrone] [           main] a.e.i.p.c.CalcDeliveryPathControllerTest : Skipping order due to missing 'valid' field: {orderNo=1EDD1804, orderDate=2025-01-31, orderStatus=VALID, orderValidationCode=NO_ERROR, priceTotalInPence=2600, pizzasInOrder=[{name=R2: Meat Lover, priceInPence=1400}, {name=R2: Vegan Delight, priceInPence=1100}], creditCardInformation={creditCardNumber=5173940466036487, creditCardExpiry=05/25, cvv=357}}
2025-01-16T16:58:21.552Z  WARN 26144 --- [PizzaDrone] [           main] a.e.i.p.c.CalcDeliveryPathControllerTest : Skipping order due to missing 'valid' field: {orderNo=44D6D7F0, orderDate=2025-01-31, orderStatus=VALID, orderValidationCode=NO_ERROR, priceTotalInPence=2400, pizzasInOrder=[{name=R3: Super Cheese, priceInPence=1400}, {name=R3: All Shrooms, priceInPence=900}], creditCardInformation={creditCardNumber=4169663005911478, creditCardExpiry=02/25, cvv=322}}
2025-01-16T16:58:21.552Z  WARN 26144 --- [PizzaDrone] [           main] a.e.i.p.c.CalcDeliveryPathControllerTest : Skipping order due to missing 'valid' field: {orderNo=008CF667, orderDate=2025-01-31, orderStatus=VALID, orderValidationCode=NO_ERROR, priceTotalInPence=2400, pizzasInOrder=[{name=R7: Hot, hotter, the hottest, priceInPence=1400}, {name=R7: All you ever wanted, priceInPence=900}], creditCardInformation={creditCardNumber=5594157180410283, creditCardExpiry=10/25, cvv=917}}
2025-01-16T16:58:21.552Z  WARN 26144 --- [PizzaDrone] [           main] a.e.i.p.c.CalcDeliveryPathControllerTest : Skipping order due to missing 'valid' field: {orderNo=73E73976, orderDate=2025-01-31, orderStatus=VALID, orderValidationCode=NO_ERROR, priceTotalInPence=2500, pizzasInOrder=[{name=R1: Margarita, priceInPence=1000}, {name=R1: Calzone, priceInPence=1400}], creditCardInformation={creditCardNumber=4099526417813738, creditCardExpiry=02/26, cvv=338}}
2025-01-16T16:58:21.552Z  WARN 26144 --- [PizzaDrone] [           main] a.e.i.p.c.CalcDeliveryPathControllerTest : Skipping order due to missing 'valid' field: {orderNo=1C6052E1, orderDate=2025-01-31, orderStatus=VALID, orderValidationCode=NO_ERROR, priceTotalInPence=2600, pizzasInOrder=[{name=R2: Meat Lover, priceInPence=1400}, {name=R2: Vegan Delight, priceInPence=1100}], creditCardInformation={creditCardNumber=5585564353595397, creditCardExpiry=08/25, cvv=440}}
2025-01-16T16:58:21.552Z  WARN 26144 --- [PizzaDrone] [           main] a.e.i.p.c.CalcDeliveryPathControllerTest : Skipping order due to missing 'valid' field: {orderNo=0F77D61A, orderDate=2025-01-31, orderStatus=VALID, orderValidationCode=NO_ERROR, priceTotalInPence=2400, pizzasInOrder=[{name=R3: Super Cheese, priceInPence=1400}, {name=R3: All Shrooms, priceInPence=900}], creditCardInformation={creditCardNumber=5533836290060682, creditCardExpiry=12/25, cvv=417}}
2025-01-16T16:58:21.552Z  WARN 26144 --- [PizzaDrone] [           main] a.e.i.p.c.CalcDeliveryPathControllerTest : Skipping order due to missing 'valid' field: {orderNo=130CA877, orderDate=2025-01-31, orderStatus=VALID, orderValidationCode=NO_ERROR, priceTotalInPence=2400, pizzasInOrder=[{name=R7: Hot, hotter, the hottest, priceInPence=1400}, {name=R7: All you ever wanted, priceInPence=900}], creditCardInformation={creditCardNumber=2720772049798787, creditCardExpiry=12/25, cvv=368}}
2025-01-16T16:58:21.552Z  WARN 26144 --- [PizzaDrone] [           main] a.e.i.p.c.CalcDeliveryPathControllerTest : Skipping order due to missing 'valid' field: {orderNo=321EF9EA, orderDate=2025-01-31, orderStatus=VALID, orderValidationCode=NO_ERROR, priceTotalInPence=2500, pizzasInOrder=[{name=R1: Margarita, priceInPence=1000}, {name=R1: Calzone, priceInPence=1400}], creditCardInformation={creditCardNumber=4147760971754580, creditCardExpiry=07/25, cvv=126}}
2025-01-16T16:58:21.552Z  WARN 26144 --- [PizzaDrone] [           main] a.e.i.p.c.CalcDeliveryPathControllerTest : Skipping order due to missing 'valid' field: {orderNo=678B0339, orderDate=2025-01-31, orderStatus=VALID, orderValidationCode=NO_ERROR, priceTotalInPence=2600, pizzasInOrder=[{name=R2: Meat Lover, priceInPence=1400}, {name=R2: Vegan Delight, priceInPence=1100}], creditCardInformation={creditCardNumber=4594993910276401, creditCardExpiry=03/26, cvv=332}}
2025-01-16T16:58:21.552Z  WARN 26144 --- [PizzaDrone] [           main] a.e.i.p.c.CalcDeliveryPathControllerTest : Skipping order due to missing 'valid' field: {orderNo=0B4ACA2E, orderDate=2025-02-01, orderStatus=VALID, orderValidationCode=NO_ERROR, priceTotalInPence=2500, pizzasInOrder=[{name=R1: Margarita, priceInPence=1000}, {name=R1: Calzone, priceInPence=1400}], creditCardInformation={creditCardNumber=5314365659998550, creditCardExpiry=08/25, cvv=650}}
2025-01-16T16:58:21.552Z  WARN 26144 --- [PizzaDrone] [           main] a.e.i.p.c.CalcDeliveryPathControllerTest : Skipping order due to missing 'valid' field: {orderNo=4A600999, orderDate=2025-02-01, orderStatus=VALID, orderValidationCode=NO_ERROR, priceTotalInPence=2400, pizzasInOrder=[{name=R3: Super Cheese, priceInPence=1400}, {name=R3: All Shrooms, priceInPence=900}], creditCardInformation={creditCardNumber=5294035675739031, creditCardExpiry=11/25, cvv=943}}
2025-01-16T16:58:21.552Z  WARN 26144 --- [PizzaDrone] [           main] a.e.i.p.c.CalcDeliveryPathControllerTest : Skipping order due to missing 'valid' field: {orderNo=61AC8D1A, orderDate=2025-02-01, orderStatus=VALID, orderValidationCode=NO_ERROR, priceTotalInPence=2400, pizzasInOrder=[{name=R4: Proper Pizza, priceInPence=1400}, {name=R4: Pineapple & Ham & Cheese, priceInPence=900}], creditCardInformation={creditCardNumber=5147857797956600, creditCardExpiry=03/26, cvv=997}}
2025-01-16T16:58:21.561Z  WARN 26144 --- [PizzaDrone] [           main] a.e.i.p.c.CalcDeliveryPathControllerTest : Skipping order due to missing 'valid' field: {orderNo=1BEACF59, orderDate=2025-02-01, orderStatus=VALID, orderValidationCode=NO_ERROR, priceTotalInPence=2400, pizzasInOrder=[{name=R5: Pizza Dream, priceInPence=1400}, {name=R5: My kind of pizza, priceInPence=900}], creditCardInformation={creditCardNumber=4232141787145741, creditCardExpiry=03/25, cvv=116}}
2025-01-16T16:58:21.562Z  WARN 26144 --- [PizzaDrone] [           main] a.e.i.p.c.CalcDeliveryPathControllerTest : Skipping order due to missing 'valid' field: {orderNo=5F6938FC, orderDate=2025-02-01, orderStatus=VALID, orderValidationCode=NO_ERROR, priceTotalInPence=2400, pizzasInOrder=[{name=R6: Sucuk delight, priceInPence=1400}, {name=R6: Dreams of Syria, priceInPence=900}], creditCardInformation={creditCardNumber=4286654819849762, creditCardExpiry=02/26, cvv=053}}
2025-01-16T16:58:21.562Z  WARN 26144 --- [PizzaDrone] [           main] a.e.i.p.c.CalcDeliveryPathControllerTest : Skipping order due to missing 'valid' field: {orderNo=41423421, orderDate=2025-02-01, orderStatus=VALID, orderValidationCode=NO_ERROR, priceTotalInPence=2500, pizzasInOrder=[{name=R1: Margarita, priceInPence=1000}, {name=R1: Calzone, priceInPence=1400}], creditCardInformation={creditCardNumber=5274932151947597, creditCardExpiry=03/25, cvv=126}}
2025-01-16T16:58:21.562Z  WARN 26144 --- [PizzaDrone] [           main] a.e.i.p.c.CalcDeliveryPathControllerTest : Skipping order due to missing 'valid' field: {orderNo=7C5EE898, orderDate=2025-02-01, orderStatus=VALID, orderValidationCode=NO_ERROR, priceTotalInPence=2400, pizzasInOrder=[{name=R3: Super Cheese, priceInPence=1400}, {name=R3: All Shrooms, priceInPence=900}], creditCardInformation={creditCardNumber=2720577924365135, creditCardExpiry=03/26, cvv=863}}
2025-01-16T16:58:21.563Z  WARN 26144 --- [PizzaDrone] [           main] a.e.i.p.c.CalcDeliveryPathControllerTest : Skipping order due to missing 'valid' field: {orderNo=698A38C9, orderDate=2025-02-01, orderStatus=VALID, orderValidationCode=NO_ERROR, priceTotalInPence=2400, pizzasInOrder=[{name=R4: Proper Pizza, priceInPence=1400}, {name=R4: Pineapple & Ham & Cheese, priceInPence=900}], creditCardInformation={creditCardNumber=4551085489703021, creditCardExpiry=05/25, cvv=047}}
2025-01-16T16:58:21.563Z  WARN 26144 --- [PizzaDrone] [           main] a.e.i.p.c.CalcDeliveryPathControllerTest : Skipping order due to missing 'valid' field: {orderNo=116625BF, orderDate=2025-02-01, orderStatus=VALID, orderValidationCode=NO_ERROR, priceTotalInPence=2400, pizzasInOrder=[{name=R5: Pizza Dream, priceInPence=1400}, {name=R5: My kind of pizza, priceInPence=900}], creditCardInformation={creditCardNumber=4275950329952515, creditCardExpiry=02/26, cvv=633}}
2025-01-16T16:58:21.563Z  WARN 26144 --- [PizzaDrone] [           main] a.e.i.p.c.CalcDeliveryPathControllerTest : Skipping order due to missing 'valid' field: {orderNo=5B433FF6, orderDate=2025-02-01, orderStatus=VALID, orderValidationCode=NO_ERROR, priceTotalInPence=2400, pizzasInOrder=[{name=R6: Sucuk delight, priceInPence=1400}, {name=R6: Dreams of Syria, priceInPence=900}], creditCardInformation={creditCardNumber=5572229156836308, creditCardExpiry=04/25, cvv=760}}
2025-01-16T16:58:21.563Z  WARN 26144 --- [PizzaDrone] [           main] a.e.i.p.c.CalcDeliveryPathControllerTest : Skipping order due to missing 'valid' field: {orderNo=5E573129, orderDate=2025-02-02, orderStatus=VALID, orderValidationCode=NO_ERROR, priceTotalInPence=2500, pizzasInOrder=[{name=R1: Margarita, priceInPence=1000}, {name=R1: Calzone, priceInPence=1400}], creditCardInformation={creditCardNumber=4002140918793039, creditCardExpiry=05/25, cvv=074}}
2025-01-16T16:58:21.563Z  WARN 26144 --- [PizzaDrone] [           main] a.e.i.p.c.CalcDeliveryPathControllerTest : Skipping order due to missing 'valid' field: {orderNo=77FBCC26, orderDate=2025-02-02, orderStatus=VALID, orderValidationCode=NO_ERROR, priceTotalInPence=2400, pizzasInOrder=[{name=R3: Super Cheese, priceInPence=1400}, {name=R3: All Shrooms, priceInPence=900}], creditCardInformation={creditCardNumber=4477408731059136, creditCardExpiry=04/25, cvv=006}}
2025-01-16T16:58:21.563Z  WARN 26144 --- [PizzaDrone] [           main] a.e.i.p.c.CalcDeliveryPathControllerTest : Skipping order due to missing 'valid' field: {orderNo=5D71966C, orderDate=2025-02-02, orderStatus=VALID, orderValidationCode=NO_ERROR, priceTotalInPence=2400, pizzasInOrder=[{name=R4: Proper Pizza, priceInPence=1400}, {name=R4: Pineapple & Ham & Cheese, priceInPence=900}], creditCardInformation={creditCardNumber=4487296476172281, creditCardExpiry=08/25, cvv=365}}
2025-01-16T16:58:21.563Z  WARN 26144 --- [PizzaDrone] [           main] a.e.i.p.c.CalcDeliveryPathControllerTest : Skipping order due to missing 'valid' field: {orderNo=2444D2D7, orderDate=2025-02-02, orderStatus=VALID, orderValidationCode=NO_ERROR, priceTotalInPence=2400, pizzasInOrder=[{name=R5: Pizza Dream, priceInPence=1400}, {name=R5: My kind of pizza, priceInPence=900}], creditCardInformation={creditCardNumber=4634615498368605, creditCardExpiry=08/25, cvv=019}}
2025-01-16T16:58:21.563Z  WARN 26144 --- [PizzaDrone] [           main] a.e.i.p.c.CalcDeliveryPathControllerTest : Skipping order due to missing 'valid' field: {orderNo=381C540D, orderDate=2025-02-02, orderStatus=VALID, orderValidationCode=NO_ERROR, priceTotalInPence=2400, pizzasInOrder=[{name=R6: Sucuk delight, priceInPence=1400}, {name=R6: Dreams of Syria, priceInPence=900}], creditCardInformation={creditCardNumber=4124473021756830, creditCardExpiry=01/26, cvv=066}}
2025-01-16T16:58:21.563Z  WARN 26144 --- [PizzaDrone] [           main] a.e.i.p.c.CalcDeliveryPathControllerTest : Skipping order due to missing 'valid' field: {orderNo=4763ADB3, orderDate=2025-02-02, orderStatus=VALID, orderValidationCode=NO_ERROR, priceTotalInPence=2500, pizzasInOrder=[{name=R1: Margarita, priceInPence=1000}, {name=R1: Calzone, priceInPence=1400}], creditCardInformation={creditCardNumber=4836009512937551, creditCardExpiry=02/26, cvv=751}}
2025-01-16T16:58:21.563Z  WARN 26144 --- [PizzaDrone] [           main] a.e.i.p.c.CalcDeliveryPathControllerTest : Skipping order due to missing 'valid' field: {orderNo=1F8816D8, orderDate=2025-02-02, orderStatus=VALID, orderValidationCode=NO_ERROR, priceTotalInPence=2400, pizzasInOrder=[{name=R3: Super Cheese, priceInPence=1400}, {name=R3: All Shrooms, priceInPence=900}], creditCardInformation={creditCardNumber=2221732729446424, creditCardExpiry=10/25, cvv=366}}
2025-01-16T16:58:21.563Z  WARN 26144 --- [PizzaDrone] [           main] a.e.i.p.c.CalcDeliveryPathControllerTest : Skipping order due to missing 'valid' field: {orderNo=05BD7EE2, orderDate=2025-02-02, orderStatus=VALID, orderValidationCode=NO_ERROR, priceTotalInPence=2400, pizzasInOrder=[{name=R4: Proper Pizza, priceInPence=1400}, {name=R4: Pineapple & Ham & Cheese, priceInPence=900}], creditCardInformation={creditCardNumber=5461473924879968, creditCardExpiry=07/25, cvv=758}}
2025-01-16T16:58:21.563Z  WARN 26144 --- [PizzaDrone] [           main] a.e.i.p.c.CalcDeliveryPathControllerTest : Skipping order due to missing 'valid' field: {orderNo=00F782C2, orderDate=2025-02-02, orderStatus=VALID, orderValidationCode=NO_ERROR, priceTotalInPence=2400, pizzasInOrder=[{name=R5: Pizza Dream, priceInPence=1400}, {name=R5: My kind of pizza, priceInPence=900}], creditCardInformation={creditCardNumber=4510755613140056, creditCardExpiry=04/26, cvv=236}}
2025-01-16T16:58:21.563Z  WARN 26144 --- [PizzaDrone] [           main] a.e.i.p.c.CalcDeliveryPathControllerTest : Skipping order due to missing 'valid' field: {orderNo=719A28AF, orderDate=2025-02-02, orderStatus=VALID, orderValidationCode=NO_ERROR, priceTotalInPence=2400, pizzasInOrder=[{name=R6: Sucuk delight, priceInPence=1400}, {name=R6: Dreams of Syria, priceInPence=900}], creditCardInformation={creditCardNumber=5549666435759571, creditCardExpiry=12/25, cvv=861}}
2025-01-16T16:58:21.563Z  WARN 26144 --- [PizzaDrone] [           main] a.e.i.p.c.CalcDeliveryPathControllerTest : Skipping order due to missing 'valid' field: {orderNo=680C553E, orderDate=2025-02-03, orderStatus=VALID, orderValidationCode=NO_ERROR, priceTotalInPence=2500, pizzasInOrder=[{name=R1: Margarita, priceInPence=1000}, {name=R1: Calzone, priceInPence=1400}], creditCardInformation={creditCardNumber=2720581078353335, creditCardExpiry=09/25, cvv=067}}
2025-01-16T16:58:21.563Z  WARN 26144 --- [PizzaDrone] [           main] a.e.i.p.c.CalcDeliveryPathControllerTest : Skipping order due to missing 'valid' field: {orderNo=643DFB71, orderDate=2025-02-03, orderStatus=VALID, orderValidationCode=NO_ERROR, priceTotalInPence=2600, pizzasInOrder=[{name=R2: Meat Lover, priceInPence=1400}, {name=R2: Vegan Delight, priceInPence=1100}], creditCardInformation={creditCardNumber=5393539705992692, creditCardExpiry=02/26, cvv=586}}
2025-01-16T16:58:21.564Z  WARN 26144 --- [PizzaDrone] [           main] a.e.i.p.c.CalcDeliveryPathControllerTest : Skipping order due to missing 'valid' field: {orderNo=455E733F, orderDate=2025-02-03, orderStatus=VALID, orderValidationCode=NO_ERROR, priceTotalInPence=2400, pizzasInOrder=[{name=R5: Pizza Dream, priceInPence=1400}, {name=R5: My kind of pizza, priceInPence=900}], creditCardInformation={creditCardNumber=5272029773355473, creditCardExpiry=03/26, cvv=321}}
2025-01-16T16:58:21.565Z  WARN 26144 --- [PizzaDrone] [           main] a.e.i.p.c.CalcDeliveryPathControllerTest : Skipping order due to missing 'valid' field: {orderNo=69488D02, orderDate=2025-02-03, orderStatus=VALID, orderValidationCode=NO_ERROR, priceTotalInPence=2400, pizzasInOrder=[{name=R6: Sucuk delight, priceInPence=1400}, {name=R6: Dreams of Syria, priceInPence=900}], creditCardInformation={creditCardNumber=4964567419340728, creditCardExpiry=03/25, cvv=303}}
2025-01-16T16:58:21.565Z  WARN 26144 --- [PizzaDrone] [           main] a.e.i.p.c.CalcDeliveryPathControllerTest : Skipping order due to missing 'valid' field: {orderNo=6DABB856, orderDate=2025-02-03, orderStatus=VALID, orderValidationCode=NO_ERROR, priceTotalInPence=2500, pizzasInOrder=[{name=R1: Margarita, priceInPence=1000}, {name=R1: Calzone, priceInPence=1400}], creditCardInformation={creditCardNumber=4998319560552408, creditCardExpiry=04/26, cvv=884}}
2025-01-16T16:58:21.565Z  WARN 26144 --- [PizzaDrone] [           main] a.e.i.p.c.CalcDeliveryPathControllerTest : Skipping order due to missing 'valid' field: {orderNo=6C67187D, orderDate=2025-02-03, orderStatus=VALID, orderValidationCode=NO_ERROR, priceTotalInPence=2600, pizzasInOrder=[{name=R2: Meat Lover, priceInPence=1400}, {name=R2: Vegan Delight, priceInPence=1100}], creditCardInformation={creditCardNumber=5188717703252546, creditCardExpiry=01/26, cvv=418}}
2025-01-16T16:58:21.565Z  WARN 26144 --- [PizzaDrone] [           main] a.e.i.p.c.CalcDeliveryPathControllerTest : Skipping order due to missing 'valid' field: {orderNo=45C7055B, orderDate=2025-02-03, orderStatus=VALID, orderValidationCode=NO_ERROR, priceTotalInPence=2400, pizzasInOrder=[{name=R5: Pizza Dream, priceInPence=1400}, {name=R5: My kind of pizza, priceInPence=900}], creditCardInformation={creditCardNumber=5146338424710042, creditCardExpiry=05/25, cvv=760}}
2025-01-16T16:58:21.565Z  WARN 26144 --- [PizzaDrone] [           main] a.e.i.p.c.CalcDeliveryPathControllerTest : Skipping order due to missing 'valid' field: {orderNo=25CB9487, orderDate=2025-02-03, orderStatus=VALID, orderValidationCode=NO_ERROR, priceTotalInPence=2400, pizzasInOrder=[{name=R6: Sucuk delight, priceInPence=1400}, {name=R6: Dreams of Syria, priceInPence=900}], creditCardInformation={creditCardNumber=4967507365890380, creditCardExpiry=04/25, cvv=999}}
2025-01-16T16:58:21.566Z  WARN 26144 --- [PizzaDrone] [           main] a.e.i.p.c.CalcDeliveryPathControllerTest : Skipping order due to missing 'valid' field: {orderNo=7E6D3E62, orderDate=2025-02-03, orderStatus=VALID, orderValidationCode=NO_ERROR, priceTotalInPence=2500, pizzasInOrder=[{name=R1: Margarita, priceInPence=1000}, {name=R1: Calzone, priceInPence=1400}], creditCardInformation={creditCardNumber=2720756509700987, creditCardExpiry=07/25, cvv=814}}
2025-01-16T16:58:21.566Z  WARN 26144 --- [PizzaDrone] [           main] a.e.i.p.c.CalcDeliveryPathControllerTest : Skipping order due to missing 'valid' field: {orderNo=3E396028, orderDate=2025-02-03, orderStatus=VALID, orderValidationCode=NO_ERROR, priceTotalInPence=2600, pizzasInOrder=[{name=R2: Meat Lover, priceInPence=1400}, {name=R2: Vegan Delight, priceInPence=1100}], creditCardInformation={creditCardNumber=5163718110236808, creditCardExpiry=04/26, cvv=041}}
2025-01-16T16:58:21.566Z  WARN 26144 --- [PizzaDrone] [           main] a.e.i.p.c.CalcDeliveryPathControllerTest : Skipping order due to missing 'valid' field: {orderNo=1D3DB38F, orderDate=2025-02-04, orderStatus=VALID, orderValidationCode=NO_ERROR, priceTotalInPence=2500, pizzasInOrder=[{name=R1: Margarita, priceInPence=1000}, {name=R1: Calzone, priceInPence=1400}], creditCardInformation={creditCardNumber=4873841286111862, creditCardExpiry=10/25, cvv=433}}
2025-01-16T16:58:21.566Z  WARN 26144 --- [PizzaDrone] [           main] a.e.i.p.c.CalcDeliveryPathControllerTest : Skipping order due to missing 'valid' field: {orderNo=77EDAFE3, orderDate=2025-02-04, orderStatus=VALID, orderValidationCode=NO_ERROR, priceTotalInPence=2600, pizzasInOrder=[{name=R2: Meat Lover, priceInPence=1400}, {name=R2: Vegan Delight, priceInPence=1100}], creditCardInformation={creditCardNumber=5439523116995060, creditCardExpiry=09/25, cvv=262}}
2025-01-16T16:58:21.566Z  WARN 26144 --- [PizzaDrone] [           main] a.e.i.p.c.CalcDeliveryPathControllerTest : Skipping order due to missing 'valid' field: {orderNo=2E54F708, orderDate=2025-02-04, orderStatus=VALID, orderValidationCode=NO_ERROR, priceTotalInPence=2400, pizzasInOrder=[{name=R4: Proper Pizza, priceInPence=1400}, {name=R4: Pineapple & Ham & Cheese, priceInPence=900}], creditCardInformation={creditCardNumber=5475623861874406, creditCardExpiry=03/26, cvv=384}}
2025-01-16T16:58:21.566Z  WARN 26144 --- [PizzaDrone] [           main] a.e.i.p.c.CalcDeliveryPathControllerTest : Skipping order due to missing 'valid' field: {orderNo=207775B1, orderDate=2025-02-04, orderStatus=VALID, orderValidationCode=NO_ERROR, priceTotalInPence=2400, pizzasInOrder=[{name=R6: Sucuk delight, priceInPence=1400}, {name=R6: Dreams of Syria, priceInPence=900}], creditCardInformation={creditCardNumber=5110804721257922, creditCardExpiry=07/25, cvv=583}}
2025-01-16T16:58:21.566Z  WARN 26144 --- [PizzaDrone] [           main] a.e.i.p.c.CalcDeliveryPathControllerTest : Skipping order due to missing 'valid' field: {orderNo=56E0BF1D, orderDate=2025-02-04, orderStatus=VALID, orderValidationCode=NO_ERROR, priceTotalInPence=2400, pizzasInOrder=[{name=R7: Hot, hotter, the hottest, priceInPence=1400}, {name=R7: All you ever wanted, priceInPence=900}], creditCardInformation={creditCardNumber=4446874340882929, creditCardExpiry=06/25, cvv=295}}
2025-01-16T16:58:21.566Z  WARN 26144 --- [PizzaDrone] [           main] a.e.i.p.c.CalcDeliveryPathControllerTest : Skipping order due to missing 'valid' field: {orderNo=6D3ADA90, orderDate=2025-02-04, orderStatus=VALID, orderValidationCode=NO_ERROR, priceTotalInPence=2500, pizzasInOrder=[{name=R1: Margarita, priceInPence=1000}, {name=R1: Calzone, priceInPence=1400}], creditCardInformation={creditCardNumber=4371593777003564, creditCardExpiry=07/25, cvv=012}}
2025-01-16T16:58:21.566Z  WARN 26144 --- [PizzaDrone] [           main] a.e.i.p.c.CalcDeliveryPathControllerTest : Skipping order due to missing 'valid' field: {orderNo=03284FB9, orderDate=2025-02-04, orderStatus=VALID, orderValidationCode=NO_ERROR, priceTotalInPence=2600, pizzasInOrder=[{name=R2: Meat Lover, priceInPence=1400}, {name=R2: Vegan Delight, priceInPence=1100}], creditCardInformation={creditCardNumber=4279747039399359, creditCardExpiry=12/25, cvv=867}}
2025-01-16T16:58:21.566Z  WARN 26144 --- [PizzaDrone] [           main] a.e.i.p.c.CalcDeliveryPathControllerTest : Skipping order due to missing 'valid' field: {orderNo=2160D95B, orderDate=2025-02-04, orderStatus=VALID, orderValidationCode=NO_ERROR, priceTotalInPence=2400, pizzasInOrder=[{name=R4: Proper Pizza, priceInPence=1400}, {name=R4: Pineapple & Ham & Cheese, priceInPence=900}], creditCardInformation={creditCardNumber=4137953012687834, creditCardExpiry=11/25, cvv=678}}
2025-01-16T16:58:21.566Z  WARN 26144 --- [PizzaDrone] [           main] a.e.i.p.c.CalcDeliveryPathControllerTest : Skipping order due to missing 'valid' field: {orderNo=0254C44A, orderDate=2025-02-04, orderStatus=VALID, orderValidationCode=NO_ERROR, priceTotalInPence=2400, pizzasInOrder=[{name=R6: Sucuk delight, priceInPence=1400}, {name=R6: Dreams of Syria, priceInPence=900}], creditCardInformation={creditCardNumber=5444809808295445, creditCardExpiry=05/25, cvv=672}}
2025-01-16T16:58:21.566Z  WARN 26144 --- [PizzaDrone] [           main] a.e.i.p.c.CalcDeliveryPathControllerTest : Skipping order due to missing 'valid' field: {orderNo=7DBD434C, orderDate=2025-02-04, orderStatus=VALID, orderValidationCode=NO_ERROR, priceTotalInPence=2400, pizzasInOrder=[{name=R7: Hot, hotter, the hottest, priceInPence=1400}, {name=R7: All you ever wanted, priceInPence=900}], creditCardInformation={creditCardNumber=5497477941182510, creditCardExpiry=08/25, cvv=112}}
2025-01-16T16:58:21.566Z  WARN 26144 --- [PizzaDrone] [           main] a.e.i.p.c.CalcDeliveryPathControllerTest : Skipping order due to missing 'valid' field: {orderNo=19F00771, orderDate=2025-02-05, orderStatus=VALID, orderValidationCode=NO_ERROR, priceTotalInPence=2600, pizzasInOrder=[{name=R2: Meat Lover, priceInPence=1400}, {name=R2: Vegan Delight, priceInPence=1100}], creditCardInformation={creditCardNumber=4322635350737900, creditCardExpiry=09/25, cvv=373}}
2025-01-16T16:58:21.566Z  WARN 26144 --- [PizzaDrone] [           main] a.e.i.p.c.CalcDeliveryPathControllerTest : Skipping order due to missing 'valid' field: {orderNo=3D583130, orderDate=2025-02-05, orderStatus=VALID, orderValidationCode=NO_ERROR, priceTotalInPence=2400, pizzasInOrder=[{name=R3: Super Cheese, priceInPence=1400}, {name=R3: All Shrooms, priceInPence=900}], creditCardInformation={creditCardNumber=4897020944096623, creditCardExpiry=05/25, cvv=472}}
2025-01-16T16:58:21.567Z  WARN 26144 --- [PizzaDrone] [           main] a.e.i.p.c.CalcDeliveryPathControllerTest : Skipping order due to missing 'valid' field: {orderNo=635BEE96, orderDate=2025-02-05, orderStatus=VALID, orderValidationCode=NO_ERROR, priceTotalInPence=2400, pizzasInOrder=[{name=R4: Proper Pizza, priceInPence=1400}, {name=R4: Pineapple & Ham & Cheese, priceInPence=900}], creditCardInformation={creditCardNumber=5279236883264858, creditCardExpiry=06/25, cvv=116}}
2025-01-16T16:58:21.567Z  WARN 26144 --- [PizzaDrone] [           main] a.e.i.p.c.CalcDeliveryPathControllerTest : Skipping order due to missing 'valid' field: {orderNo=54301FA3, orderDate=2025-02-05, orderStatus=VALID, orderValidationCode=NO_ERROR, priceTotalInPence=2400, pizzasInOrder=[{name=R6: Sucuk delight, priceInPence=1400}, {name=R6: Dreams of Syria, priceInPence=900}], creditCardInformation={creditCardNumber=5285604830581769, creditCardExpiry=07/25, cvv=810}}
2025-01-16T16:58:21.567Z  WARN 26144 --- [PizzaDrone] [           main] a.e.i.p.c.CalcDeliveryPathControllerTest : Skipping order due to missing 'valid' field: {orderNo=4AAFD015, orderDate=2025-02-05, orderStatus=VALID, orderValidationCode=NO_ERROR, priceTotalInPence=2600, pizzasInOrder=[{name=R2: Meat Lover, priceInPence=1400}, {name=R2: Vegan Delight, priceInPence=1100}], creditCardInformation={creditCardNumber=2221521964499374, creditCardExpiry=05/25, cvv=797}}
2025-01-16T16:58:21.567Z  WARN 26144 --- [PizzaDrone] [           main] a.e.i.p.c.CalcDeliveryPathControllerTest : Skipping order due to missing 'valid' field: {orderNo=126305C1, orderDate=2025-02-05, orderStatus=VALID, orderValidationCode=NO_ERROR, priceTotalInPence=2400, pizzasInOrder=[{name=R3: Super Cheese, priceInPence=1400}, {name=R3: All Shrooms, priceInPence=900}], creditCardInformation={creditCardNumber=4846207355830051, creditCardExpiry=03/25, cvv=101}}
2025-01-16T16:58:21.567Z  WARN 26144 --- [PizzaDrone] [           main] a.e.i.p.c.CalcDeliveryPathControllerTest : Skipping order due to missing 'valid' field: {orderNo=63475411, orderDate=2025-02-05, orderStatus=VALID, orderValidationCode=NO_ERROR, priceTotalInPence=2400, pizzasInOrder=[{name=R4: Proper Pizza, priceInPence=1400}, {name=R4: Pineapple & Ham & Cheese, priceInPence=900}], creditCardInformation={creditCardNumber=4965553153597979, creditCardExpiry=04/25, cvv=996}}
2025-01-16T16:58:21.567Z  WARN 26144 --- [PizzaDrone] [           main] a.e.i.p.c.CalcDeliveryPathControllerTest : Skipping order due to missing 'valid' field: {orderNo=34775A04, orderDate=2025-02-05, orderStatus=VALID, orderValidationCode=NO_ERROR, priceTotalInPence=2400, pizzasInOrder=[{name=R6: Sucuk delight, priceInPence=1400}, {name=R6: Dreams of Syria, priceInPence=900}], creditCardInformation={creditCardNumber=4384013427402095, creditCardExpiry=01/26, cvv=399}}
2025-01-16T16:58:21.567Z  WARN 26144 --- [PizzaDrone] [           main] a.e.i.p.c.CalcDeliveryPathControllerTest : Skipping order due to missing 'valid' field: {orderNo=3272D427, orderDate=2025-02-05, orderStatus=VALID, orderValidationCode=NO_ERROR, priceTotalInPence=2600, pizzasInOrder=[{name=R2: Meat Lover, priceInPence=1400}, {name=R2: Vegan Delight, priceInPence=1100}], creditCardInformation={creditCardNumber=5321679584482139, creditCardExpiry=04/25, cvv=666}}
2025-01-16T16:58:21.567Z  WARN 26144 --- [PizzaDrone] [           main] a.e.i.p.c.CalcDeliveryPathControllerTest : Skipping order due to missing 'valid' field: {orderNo=1CFCCF6C, orderDate=2025-02-05, orderStatus=VALID, orderValidationCode=NO_ERROR, priceTotalInPence=2400, pizzasInOrder=[{name=R3: Super Cheese, priceInPence=1400}, {name=R3: All Shrooms, priceInPence=900}], creditCardInformation={creditCardNumber=4780997305377280, creditCardExpiry=06/25, cvv=946}}
2025-01-16T16:58:21.567Z  WARN 26144 --- [PizzaDrone] [           main] a.e.i.p.c.CalcDeliveryPathControllerTest : Skipping order due to missing 'valid' field: {orderNo=0E5CB093, orderDate=2025-02-06, orderStatus=VALID, orderValidationCode=NO_ERROR, priceTotalInPence=2600, pizzasInOrder=[{name=R2: Meat Lover, priceInPence=1400}, {name=R2: Vegan Delight, priceInPence=1100}], creditCardInformation={creditCardNumber=5221440592868145, creditCardExpiry=04/25, cvv=187}}
2025-01-16T16:58:21.567Z  WARN 26144 --- [PizzaDrone] [           main] a.e.i.p.c.CalcDeliveryPathControllerTest : Skipping order due to missing 'valid' field: {orderNo=520467DF, orderDate=2025-02-06, orderStatus=VALID, orderValidationCode=NO_ERROR, priceTotalInPence=2400, pizzasInOrder=[{name=R3: Super Cheese, priceInPence=1400}, {name=R3: All Shrooms, priceInPence=900}], creditCardInformation={creditCardNumber=5216883938177159, creditCardExpiry=09/25, cvv=004}}
2025-01-16T16:58:21.567Z  WARN 26144 --- [PizzaDrone] [           main] a.e.i.p.c.CalcDeliveryPathControllerTest : Skipping order due to missing 'valid' field: {orderNo=41D1EC2B, orderDate=2025-02-06, orderStatus=VALID, orderValidationCode=NO_ERROR, priceTotalInPence=2400, pizzasInOrder=[{name=R5: Pizza Dream, priceInPence=1400}, {name=R5: My kind of pizza, priceInPence=900}], creditCardInformation={creditCardNumber=5379096665161360, creditCardExpiry=10/25, cvv=806}}
2025-01-16T16:58:21.567Z  WARN 26144 --- [PizzaDrone] [           main] a.e.i.p.c.CalcDeliveryPathControllerTest : Skipping order due to missing 'valid' field: {orderNo=0F86C55F, orderDate=2025-02-06, orderStatus=VALID, orderValidationCode=NO_ERROR, priceTotalInPence=2400, pizzasInOrder=[{name=R7: Hot, hotter, the hottest, priceInPence=1400}, {name=R7: All you ever wanted, priceInPence=900}], creditCardInformation={creditCardNumber=2221258478644472, creditCardExpiry=03/26, cvv=108}}
2025-01-16T16:58:21.568Z  WARN 26144 --- [PizzaDrone] [           main] a.e.i.p.c.CalcDeliveryPathControllerTest : Skipping order due to missing 'valid' field: {orderNo=2EAEFDAF, orderDate=2025-02-06, orderStatus=VALID, orderValidationCode=NO_ERROR, priceTotalInPence=2600, pizzasInOrder=[{name=R2: Meat Lover, priceInPence=1400}, {name=R2: Vegan Delight, priceInPence=1100}], creditCardInformation={creditCardNumber=5309060855498466, creditCardExpiry=12/25, cvv=568}}
2025-01-16T16:58:21.568Z  WARN 26144 --- [PizzaDrone] [           main] a.e.i.p.c.CalcDeliveryPathControllerTest : Skipping order due to missing 'valid' field: {orderNo=6187F370, orderDate=2025-02-06, orderStatus=VALID, orderValidationCode=NO_ERROR, priceTotalInPence=2400, pizzasInOrder=[{name=R3: Super Cheese, priceInPence=1400}, {name=R3: All Shrooms, priceInPence=900}], creditCardInformation={creditCardNumber=5127803021259563, creditCardExpiry=06/25, cvv=116}}
2025-01-16T16:58:21.568Z  WARN 26144 --- [PizzaDrone] [           main] a.e.i.p.c.CalcDeliveryPathControllerTest : Skipping order due to missing 'valid' field: {orderNo=316C49E9, orderDate=2025-02-06, orderStatus=VALID, orderValidationCode=NO_ERROR, priceTotalInPence=2400, pizzasInOrder=[{name=R5: Pizza Dream, priceInPence=1400}, {name=R5: My kind of pizza, priceInPence=900}], creditCardInformation={creditCardNumber=2221249585733753, creditCardExpiry=07/25, cvv=018}}
2025-01-16T16:58:21.568Z  WARN 26144 --- [PizzaDrone] [           main] a.e.i.p.c.CalcDeliveryPathControllerTest : Skipping order due to missing 'valid' field: {orderNo=6F0AC827, orderDate=2025-02-06, orderStatus=VALID, orderValidationCode=NO_ERROR, priceTotalInPence=2400, pizzasInOrder=[{name=R7: Hot, hotter, the hottest, priceInPence=1400}, {name=R7: All you ever wanted, priceInPence=900}], creditCardInformation={creditCardNumber=2720707614162829, creditCardExpiry=10/25, cvv=070}}
2025-01-16T16:58:21.568Z  WARN 26144 --- [PizzaDrone] [           main] a.e.i.p.c.CalcDeliveryPathControllerTest : Skipping order due to missing 'valid' field: {orderNo=078590BF, orderDate=2025-02-06, orderStatus=VALID, orderValidationCode=NO_ERROR, priceTotalInPence=2600, pizzasInOrder=[{name=R2: Meat Lover, priceInPence=1400}, {name=R2: Vegan Delight, priceInPence=1100}], creditCardInformation={creditCardNumber=5494464475648341, creditCardExpiry=04/26, cvv=405}}
2025-01-16T16:58:21.568Z  WARN 26144 --- [PizzaDrone] [           main] a.e.i.p.c.CalcDeliveryPathControllerTest : Skipping order due to missing 'valid' field: {orderNo=6B6EB568, orderDate=2025-02-06, orderStatus=VALID, orderValidationCode=NO_ERROR, priceTotalInPence=2400, pizzasInOrder=[{name=R3: Super Cheese, priceInPence=1400}, {name=R3: All Shrooms, priceInPence=900}], creditCardInformation={creditCardNumber=4062712892586592, creditCardExpiry=12/25, cvv=980}}
2025-01-16T16:58:21.568Z  WARN 26144 --- [PizzaDrone] [           main] a.e.i.p.c.CalcDeliveryPathControllerTest : Skipping order due to missing 'valid' field: {orderNo=1AE6DB5C, orderDate=2025-02-07, orderStatus=VALID, orderValidationCode=NO_ERROR, priceTotalInPence=2500, pizzasInOrder=[{name=R1: Margarita, priceInPence=1000}, {name=R1: Calzone, priceInPence=1400}], creditCardInformation={creditCardNumber=2221953131598046, creditCardExpiry=10/25, cvv=007}}
2025-01-16T16:58:21.568Z  WARN 26144 --- [PizzaDrone] [           main] a.e.i.p.c.CalcDeliveryPathControllerTest : Skipping order due to missing 'valid' field: {orderNo=5CD2128B, orderDate=2025-02-07, orderStatus=VALID, orderValidationCode=NO_ERROR, priceTotalInPence=2600, pizzasInOrder=[{name=R2: Meat Lover, priceInPence=1400}, {name=R2: Vegan Delight, priceInPence=1100}], creditCardInformation={creditCardNumber=4886152915375547, creditCardExpiry=04/25, cvv=696}}
2025-01-16T16:58:21.568Z  WARN 26144 --- [PizzaDrone] [           main] a.e.i.p.c.CalcDeliveryPathControllerTest : Skipping order due to missing 'valid' field: {orderNo=0B50FCF5, orderDate=2025-02-07, orderStatus=VALID, orderValidationCode=NO_ERROR, priceTotalInPence=2400, pizzasInOrder=[{name=R3: Super Cheese, priceInPence=1400}, {name=R3: All Shrooms, priceInPence=900}], creditCardInformation={creditCardNumber=4424027829425696, creditCardExpiry=09/25, cvv=893}}
2025-01-16T16:58:21.568Z  WARN 26144 --- [PizzaDrone] [           main] a.e.i.p.c.CalcDeliveryPathControllerTest : Skipping order due to missing 'valid' field: {orderNo=2A4B1E32, orderDate=2025-02-07, orderStatus=VALID, orderValidationCode=NO_ERROR, priceTotalInPence=2400, pizzasInOrder=[{name=R7: Hot, hotter, the hottest, priceInPence=1400}, {name=R7: All you ever wanted, priceInPence=900}], creditCardInformation={creditCardNumber=2720481730896807, creditCardExpiry=11/25, cvv=921}}
2025-01-16T16:58:21.568Z  WARN 26144 --- [PizzaDrone] [           main] a.e.i.p.c.CalcDeliveryPathControllerTest : Skipping order due to missing 'valid' field: {orderNo=4AD1A604, orderDate=2025-02-07, orderStatus=VALID, orderValidationCode=NO_ERROR, priceTotalInPence=2500, pizzasInOrder=[{name=R1: Margarita, priceInPence=1000}, {name=R1: Calzone, priceInPence=1400}], creditCardInformation={creditCardNumber=2720924280825536, creditCardExpiry=11/25, cvv=208}}
2025-01-16T16:58:21.568Z  WARN 26144 --- [PizzaDrone] [           main] a.e.i.p.c.CalcDeliveryPathControllerTest : Skipping order due to missing 'valid' field: {orderNo=3D6A7515, orderDate=2025-02-07, orderStatus=VALID, orderValidationCode=NO_ERROR, priceTotalInPence=2600, pizzasInOrder=[{name=R2: Meat Lover, priceInPence=1400}, {name=R2: Vegan Delight, priceInPence=1100}], creditCardInformation={creditCardNumber=5343486836544813, creditCardExpiry=04/26, cvv=726}}
2025-01-16T16:58:21.568Z  WARN 26144 --- [PizzaDrone] [           main] a.e.i.p.c.CalcDeliveryPathControllerTest : Skipping order due to missing 'valid' field: {orderNo=5ACC393B, orderDate=2025-02-07, orderStatus=VALID, orderValidationCode=NO_ERROR, priceTotalInPence=2400, pizzasInOrder=[{name=R3: Super Cheese, priceInPence=1400}, {name=R3: All Shrooms, priceInPence=900}], creditCardInformation={creditCardNumber=5168168163423249, creditCardExpiry=10/25, cvv=008}}
2025-01-16T16:58:21.569Z  WARN 26144 --- [PizzaDrone] [           main] a.e.i.p.c.CalcDeliveryPathControllerTest : Skipping order due to missing 'valid' field: {orderNo=7FA81144, orderDate=2025-02-07, orderStatus=VALID, orderValidationCode=NO_ERROR, priceTotalInPence=2400, pizzasInOrder=[{name=R7: Hot, hotter, the hottest, priceInPence=1400}, {name=R7: All you ever wanted, priceInPence=900}], creditCardInformation={creditCardNumber=4103144372495683, creditCardExpiry=03/26, cvv=710}}
2025-01-16T16:58:21.569Z  WARN 26144 --- [PizzaDrone] [           main] a.e.i.p.c.CalcDeliveryPathControllerTest : Skipping order due to missing 'valid' field: {orderNo=3A06AA31, orderDate=2025-02-07, orderStatus=VALID, orderValidationCode=NO_ERROR, priceTotalInPence=2500, pizzasInOrder=[{name=R1: Margarita, priceInPence=1000}, {name=R1: Calzone, priceInPence=1400}], creditCardInformation={creditCardNumber=2720168720727437, creditCardExpiry=08/25, cvv=886}}
2025-01-16T16:58:21.569Z  WARN 26144 --- [PizzaDrone] [           main] a.e.i.p.c.CalcDeliveryPathControllerTest : Skipping order due to missing 'valid' field: {orderNo=16F66322, orderDate=2025-02-07, orderStatus=VALID, orderValidationCode=NO_ERROR, priceTotalInPence=2600, pizzasInOrder=[{name=R2: Meat Lover, priceInPence=1400}, {name=R2: Vegan Delight, priceInPence=1100}], creditCardInformation={creditCardNumber=2720329218206702, creditCardExpiry=04/25, cvv=073}}
2025-01-16T16:58:21.569Z  WARN 26144 --- [PizzaDrone] [           main] a.e.i.p.c.CalcDeliveryPathControllerTest : Skipping order due to missing 'valid' field: {orderNo=72899569, orderDate=2025-02-08, orderStatus=VALID, orderValidationCode=NO_ERROR, priceTotalInPence=2500, pizzasInOrder=[{name=R1: Margarita, priceInPence=1000}, {name=R1: Calzone, priceInPence=1400}], creditCardInformation={creditCardNumber=2720857703940526, creditCardExpiry=03/26, cvv=095}}
2025-01-16T16:58:21.569Z  WARN 26144 --- [PizzaDrone] [           main] a.e.i.p.c.CalcDeliveryPathControllerTest : Skipping order due to missing 'valid' field: {orderNo=063BDC0A, orderDate=2025-02-08, orderStatus=VALID, orderValidationCode=NO_ERROR, priceTotalInPence=2400, pizzasInOrder=[{name=R3: Super Cheese, priceInPence=1400}, {name=R3: All Shrooms, priceInPence=900}], creditCardInformation={creditCardNumber=5456227332932125, creditCardExpiry=06/25, cvv=470}}
2025-01-16T16:58:21.569Z  WARN 26144 --- [PizzaDrone] [           main] a.e.i.p.c.CalcDeliveryPathControllerTest : Skipping order due to missing 'valid' field: {orderNo=3EE1981B, orderDate=2025-02-08, orderStatus=VALID, orderValidationCode=NO_ERROR, priceTotalInPence=2400, pizzasInOrder=[{name=R4: Proper Pizza, priceInPence=1400}, {name=R4: Pineapple & Ham & Cheese, priceInPence=900}], creditCardInformation={creditCardNumber=4876972693303177, creditCardExpiry=07/25, cvv=348}}
2025-01-16T16:58:21.569Z  WARN 26144 --- [PizzaDrone] [           main] a.e.i.p.c.CalcDeliveryPathControllerTest : Skipping order due to missing 'valid' field: {orderNo=69D3FD58, orderDate=2025-02-08, orderStatus=VALID, orderValidationCode=NO_ERROR, priceTotalInPence=2400, pizzasInOrder=[{name=R5: Pizza Dream, priceInPence=1400}, {name=R5: My kind of pizza, priceInPence=900}], creditCardInformation={creditCardNumber=4922817509884700, creditCardExpiry=12/25, cvv=641}}
2025-01-16T16:58:21.569Z  WARN 26144 --- [PizzaDrone] [           main] a.e.i.p.c.CalcDeliveryPathControllerTest : Skipping order due to missing 'valid' field: {orderNo=2DA73545, orderDate=2025-02-08, orderStatus=VALID, orderValidationCode=NO_ERROR, priceTotalInPence=2400, pizzasInOrder=[{name=R6: Sucuk delight, priceInPence=1400}, {name=R6: Dreams of Syria, priceInPence=900}], creditCardInformation={creditCardNumber=5528134026632561, creditCardExpiry=03/25, cvv=508}}
2025-01-16T16:58:21.569Z  WARN 26144 --- [PizzaDrone] [           main] a.e.i.p.c.CalcDeliveryPathControllerTest : Skipping order due to missing 'valid' field: {orderNo=4483FE5D, orderDate=2025-02-08, orderStatus=VALID, orderValidationCode=NO_ERROR, priceTotalInPence=2500, pizzasInOrder=[{name=R1: Margarita, priceInPence=1000}, {name=R1: Calzone, priceInPence=1400}], creditCardInformation={creditCardNumber=4430223850376120, creditCardExpiry=04/25, cvv=273}}
2025-01-16T16:58:21.569Z  WARN 26144 --- [PizzaDrone] [           main] a.e.i.p.c.CalcDeliveryPathControllerTest : Skipping order due to missing 'valid' field: {orderNo=7A136E4D, orderDate=2025-02-08, orderStatus=VALID, orderValidationCode=NO_ERROR, priceTotalInPence=2400, pizzasInOrder=[{name=R3: Super Cheese, priceInPence=1400}, {name=R3: All Shrooms, priceInPence=900}], creditCardInformation={creditCardNumber=2720149912725041, creditCardExpiry=01/26, cvv=413}}
2025-01-16T16:58:21.569Z  WARN 26144 --- [PizzaDrone] [           main] a.e.i.p.c.CalcDeliveryPathControllerTest : Skipping order due to missing 'valid' field: {orderNo=5EADF953, orderDate=2025-02-08, orderStatus=VALID, orderValidationCode=NO_ERROR, priceTotalInPence=2400, pizzasInOrder=[{name=R4: Proper Pizza, priceInPence=1400}, {name=R4: Pineapple & Ham & Cheese, priceInPence=900}], creditCardInformation={creditCardNumber=5484806177651712, creditCardExpiry=04/26, cvv=451}}
2025-01-16T16:58:21.569Z  WARN 26144 --- [PizzaDrone] [           main] a.e.i.p.c.CalcDeliveryPathControllerTest : Skipping order due to missing 'valid' field: {orderNo=1C4CA5CF, orderDate=2025-02-08, orderStatus=VALID, orderValidationCode=NO_ERROR, priceTotalInPence=2400, pizzasInOrder=[{name=R5: Pizza Dream, priceInPence=1400}, {name=R5: My kind of pizza, priceInPence=900}], creditCardInformation={creditCardNumber=2720992483602069, creditCardExpiry=11/25, cvv=664}}
2025-01-16T16:58:21.569Z  WARN 26144 --- [PizzaDrone] [           main] a.e.i.p.c.CalcDeliveryPathControllerTest : Skipping order due to missing 'valid' field: {orderNo=3B167E36, orderDate=2025-02-08, orderStatus=VALID, orderValidationCode=NO_ERROR, priceTotalInPence=2400, pizzasInOrder=[{name=R6: Sucuk delight, priceInPence=1400}, {name=R6: Dreams of Syria, priceInPence=900}], creditCardInformation={creditCardNumber=4956417544827597, creditCardExpiry=02/26, cvv=572}}
2025-01-16T16:58:21.569Z  WARN 26144 --- [PizzaDrone] [           main] a.e.i.p.c.CalcDeliveryPathControllerTest : Skipping order due to missing 'valid' field: {orderNo=2917E126, orderDate=2025-02-09, orderStatus=VALID, orderValidationCode=NO_ERROR, priceTotalInPence=2500, pizzasInOrder=[{name=R1: Margarita, priceInPence=1000}, {name=R1: Calzone, priceInPence=1400}], creditCardInformation={creditCardNumber=4545956540809982, creditCardExpiry=11/25, cvv=826}}
2025-01-16T16:58:21.569Z  WARN 26144 --- [PizzaDrone] [           main] a.e.i.p.c.CalcDeliveryPathControllerTest : Skipping order due to missing 'valid' field: {orderNo=733D9FA6, orderDate=2025-02-09, orderStatus=VALID, orderValidationCode=NO_ERROR, priceTotalInPence=2400, pizzasInOrder=[{name=R3: Super Cheese, priceInPence=1400}, {name=R3: All Shrooms, priceInPence=900}], creditCardInformation={creditCardNumber=4927893096334487, creditCardExpiry=04/26, cvv=576}}
2025-01-16T16:58:21.569Z  WARN 26144 --- [PizzaDrone] [           main] a.e.i.p.c.CalcDeliveryPathControllerTest : Skipping order due to missing 'valid' field: {orderNo=571A7938, orderDate=2025-02-09, orderStatus=VALID, orderValidationCode=NO_ERROR, priceTotalInPence=2400, pizzasInOrder=[{name=R4: Proper Pizza, priceInPence=1400}, {name=R4: Pineapple & Ham & Cheese, priceInPence=900}], creditCardInformation={creditCardNumber=5135080003772323, creditCardExpiry=05/25, cvv=500}}
2025-01-16T16:58:21.569Z  WARN 26144 --- [PizzaDrone] [           main] a.e.i.p.c.CalcDeliveryPathControllerTest : Skipping order due to missing 'valid' field: {orderNo=4A38C150, orderDate=2025-02-09, orderStatus=VALID, orderValidationCode=NO_ERROR, priceTotalInPence=2400, pizzasInOrder=[{name=R5: Pizza Dream, priceInPence=1400}, {name=R5: My kind of pizza, priceInPence=900}], creditCardInformation={creditCardNumber=5529396923105186, creditCardExpiry=03/25, cvv=465}}
2025-01-16T16:58:21.570Z  WARN 26144 --- [PizzaDrone] [           main] a.e.i.p.c.CalcDeliveryPathControllerTest : Skipping order due to missing 'valid' field: {orderNo=76A7607F, orderDate=2025-02-09, orderStatus=VALID, orderValidationCode=NO_ERROR, priceTotalInPence=2400, pizzasInOrder=[{name=R6: Sucuk delight, priceInPence=1400}, {name=R6: Dreams of Syria, priceInPence=900}], creditCardInformation={creditCardNumber=4124900494615622, creditCardExpiry=07/25, cvv=587}}
2025-01-16T16:58:21.570Z  WARN 26144 --- [PizzaDrone] [           main] a.e.i.p.c.CalcDeliveryPathControllerTest : Skipping order due to missing 'valid' field: {orderNo=196C33AC, orderDate=2025-02-09, orderStatus=VALID, orderValidationCode=NO_ERROR, priceTotalInPence=2500, pizzasInOrder=[{name=R1: Margarita, priceInPence=1000}, {name=R1: Calzone, priceInPence=1400}], creditCardInformation={creditCardNumber=4786546075856405, creditCardExpiry=06/25, cvv=722}}
2025-01-16T16:58:21.570Z  WARN 26144 --- [PizzaDrone] [           main] a.e.i.p.c.CalcDeliveryPathControllerTest : Skipping order due to missing 'valid' field: {orderNo=696BDB0C, orderDate=2025-02-09, orderStatus=VALID, orderValidationCode=NO_ERROR, priceTotalInPence=2400, pizzasInOrder=[{name=R3: Super Cheese, priceInPence=1400}, {name=R3: All Shrooms, priceInPence=900}], creditCardInformation={creditCardNumber=5150230991433145, creditCardExpiry=10/25, cvv=903}}
2025-01-16T16:58:21.570Z  WARN 26144 --- [PizzaDrone] [           main] a.e.i.p.c.CalcDeliveryPathControllerTest : Skipping order due to missing 'valid' field: {orderNo=5D500F80, orderDate=2025-02-09, orderStatus=VALID, orderValidationCode=NO_ERROR, priceTotalInPence=2400, pizzasInOrder=[{name=R4: Proper Pizza, priceInPence=1400}, {name=R4: Pineapple & Ham & Cheese, priceInPence=900}], creditCardInformation={creditCardNumber=4036297251257624, creditCardExpiry=06/25, cvv=554}}
2025-01-16T16:58:21.570Z  WARN 26144 --- [PizzaDrone] [           main] a.e.i.p.c.CalcDeliveryPathControllerTest : Skipping order due to missing 'valid' field: {orderNo=2AC25295, orderDate=2025-02-09, orderStatus=VALID, orderValidationCode=NO_ERROR, priceTotalInPence=2400, pizzasInOrder=[{name=R5: Pizza Dream, priceInPence=1400}, {name=R5: My kind of pizza, priceInPence=900}], creditCardInformation={creditCardNumber=5324044444306993, creditCardExpiry=12/25, cvv=350}}
2025-01-16T16:58:21.570Z  WARN 26144 --- [PizzaDrone] [           main] a.e.i.p.c.CalcDeliveryPathControllerTest : Skipping order due to missing 'valid' field: {orderNo=62F3F381, orderDate=2025-02-09, orderStatus=VALID, orderValidationCode=NO_ERROR, priceTotalInPence=2400, pizzasInOrder=[{name=R6: Sucuk delight, priceInPence=1400}, {name=R6: Dreams of Syria, priceInPence=900}], creditCardInformation={creditCardNumber=4414202787670334, creditCardExpiry=04/25, cvv=537}}
2025-01-16T16:58:21.570Z  WARN 26144 --- [PizzaDrone] [           main] a.e.i.p.c.CalcDeliveryPathControllerTest : Skipping order due to missing 'valid' field: {orderNo=40967912, orderDate=2025-02-10, orderStatus=VALID, orderValidationCode=NO_ERROR, priceTotalInPence=2500, pizzasInOrder=[{name=R1: Margarita, priceInPence=1000}, {name=R1: Calzone, priceInPence=1400}], creditCardInformation={creditCardNumber=2221595879329728, creditCardExpiry=11/25, cvv=867}}
2025-01-16T16:58:21.570Z  WARN 26144 --- [PizzaDrone] [           main] a.e.i.p.c.CalcDeliveryPathControllerTest : Skipping order due to missing 'valid' field: {orderNo=110C5984, orderDate=2025-02-10, orderStatus=VALID, orderValidationCode=NO_ERROR, priceTotalInPence=2600, pizzasInOrder=[{name=R2: Meat Lover, priceInPence=1400}, {name=R2: Vegan Delight, priceInPence=1100}], creditCardInformation={creditCardNumber=5398505967996296, creditCardExpiry=09/25, cvv=917}}
2025-01-16T16:58:21.570Z  WARN 26144 --- [PizzaDrone] [           main] a.e.i.p.c.CalcDeliveryPathControllerTest : Skipping order due to missing 'valid' field: {orderNo=3F3E3242, orderDate=2025-02-10, orderStatus=VALID, orderValidationCode=NO_ERROR, priceTotalInPence=2400, pizzasInOrder=[{name=R5: Pizza Dream, priceInPence=1400}, {name=R5: My kind of pizza, priceInPence=900}], creditCardInformation={creditCardNumber=2720520929684464, creditCardExpiry=03/26, cvv=234}}
2025-01-16T16:58:21.570Z  WARN 26144 --- [PizzaDrone] [           main] a.e.i.p.c.CalcDeliveryPathControllerTest : Skipping order due to missing 'valid' field: {orderNo=31B1C9CD, orderDate=2025-02-10, orderStatus=VALID, orderValidationCode=NO_ERROR, priceTotalInPence=2400, pizzasInOrder=[{name=R6: Sucuk delight, priceInPence=1400}, {name=R6: Dreams of Syria, priceInPence=900}], creditCardInformation={creditCardNumber=4718042648444641, creditCardExpiry=02/26, cvv=906}}
2025-01-16T16:58:21.570Z  WARN 26144 --- [PizzaDrone] [           main] a.e.i.p.c.CalcDeliveryPathControllerTest : Skipping order due to missing 'valid' field: {orderNo=555084A0, orderDate=2025-02-10, orderStatus=VALID, orderValidationCode=NO_ERROR, priceTotalInPence=2500, pizzasInOrder=[{name=R1: Margarita, priceInPence=1000}, {name=R1: Calzone, priceInPence=1400}], creditCardInformation={creditCardNumber=4272302688610636, creditCardExpiry=10/25, cvv=580}}
2025-01-16T16:58:21.570Z  WARN 26144 --- [PizzaDrone] [           main] a.e.i.p.c.CalcDeliveryPathControllerTest : Skipping order due to missing 'valid' field: {orderNo=7332AF74, orderDate=2025-02-10, orderStatus=VALID, orderValidationCode=NO_ERROR, priceTotalInPence=2600, pizzasInOrder=[{name=R2: Meat Lover, priceInPence=1400}, {name=R2: Vegan Delight, priceInPence=1100}], creditCardInformation={creditCardNumber=2720623625886738, creditCardExpiry=08/25, cvv=157}}
2025-01-16T16:58:21.571Z  WARN 26144 --- [PizzaDrone] [           main] a.e.i.p.c.CalcDeliveryPathControllerTest : Skipping order due to missing 'valid' field: {orderNo=68AE1C6D, orderDate=2025-02-10, orderStatus=VALID, orderValidationCode=NO_ERROR, priceTotalInPence=2400, pizzasInOrder=[{name=R5: Pizza Dream, priceInPence=1400}, {name=R5: My kind of pizza, priceInPence=900}], creditCardInformation={creditCardNumber=5447082304376294, creditCardExpiry=04/25, cvv=115}}
2025-01-16T16:58:21.571Z  WARN 26144 --- [PizzaDrone] [           main] a.e.i.p.c.CalcDeliveryPathControllerTest : Skipping order due to missing 'valid' field: {orderNo=07DAC731, orderDate=2025-02-10, orderStatus=VALID, orderValidationCode=NO_ERROR, priceTotalInPence=2400, pizzasInOrder=[{name=R6: Sucuk delight, priceInPence=1400}, {name=R6: Dreams of Syria, priceInPence=900}], creditCardInformation={creditCardNumber=5190457448297219, creditCardExpiry=07/25, cvv=257}}
2025-01-16T16:58:21.571Z  WARN 26144 --- [PizzaDrone] [           main] a.e.i.p.c.CalcDeliveryPathControllerTest : Skipping order due to missing 'valid' field: {orderNo=46AFC1D6, orderDate=2025-02-10, orderStatus=VALID, orderValidationCode=NO_ERROR, priceTotalInPence=2500, pizzasInOrder=[{name=R1: Margarita, priceInPence=1000}, {name=R1: Calzone, priceInPence=1400}], creditCardInformation={creditCardNumber=5228216666559742, creditCardExpiry=03/25, cvv=519}}
2025-01-16T16:58:21.571Z  WARN 26144 --- [PizzaDrone] [           main] a.e.i.p.c.CalcDeliveryPathControllerTest : Skipping order due to missing 'valid' field: {orderNo=670FA67F, orderDate=2025-02-10, orderStatus=VALID, orderValidationCode=NO_ERROR, priceTotalInPence=2600, pizzasInOrder=[{name=R2: Meat Lover, priceInPence=1400}, {name=R2: Vegan Delight, priceInPence=1100}], creditCardInformation={creditCardNumber=5348141293852143, creditCardExpiry=06/25, cvv=758}}
2025-01-16T16:58:21.571Z  WARN 26144 --- [PizzaDrone] [           main] a.e.i.p.c.CalcDeliveryPathControllerTest : Skipping order due to missing 'valid' field: {orderNo=0BEC4D49, orderDate=2025-02-11, orderStatus=VALID, orderValidationCode=NO_ERROR, priceTotalInPence=2500, pizzasInOrder=[{name=R1: Margarita, priceInPence=1000}, {name=R1: Calzone, priceInPence=1400}], creditCardInformation={creditCardNumber=5416974939583426, creditCardExpiry=09/25, cvv=271}}
2025-01-16T16:58:21.571Z  WARN 26144 --- [PizzaDrone] [           main] a.e.i.p.c.CalcDeliveryPathControllerTest : Skipping order due to missing 'valid' field: {orderNo=7985FCE0, orderDate=2025-02-11, orderStatus=VALID, orderValidationCode=NO_ERROR, priceTotalInPence=2600, pizzasInOrder=[{name=R2: Meat Lover, priceInPence=1400}, {name=R2: Vegan Delight, priceInPence=1100}], creditCardInformation={creditCardNumber=5536699492348025, creditCardExpiry=04/25, cvv=924}}
2025-01-16T16:58:21.571Z  WARN 26144 --- [PizzaDrone] [           main] a.e.i.p.c.CalcDeliveryPathControllerTest : Skipping order due to missing 'valid' field: {orderNo=3BD149F9, orderDate=2025-02-11, orderStatus=VALID, orderValidationCode=NO_ERROR, priceTotalInPence=2400, pizzasInOrder=[{name=R4: Proper Pizza, priceInPence=1400}, {name=R4: Pineapple & Ham & Cheese, priceInPence=900}], creditCardInformation={creditCardNumber=5363157027607819, creditCardExpiry=05/25, cvv=372}}
2025-01-16T16:58:21.571Z  WARN 26144 --- [PizzaDrone] [           main] a.e.i.p.c.CalcDeliveryPathControllerTest : Skipping order due to missing 'valid' field: {orderNo=6B56F8ED, orderDate=2025-02-11, orderStatus=VALID, orderValidationCode=NO_ERROR, priceTotalInPence=2400, pizzasInOrder=[{name=R6: Sucuk delight, priceInPence=1400}, {name=R6: Dreams of Syria, priceInPence=900}], creditCardInformation={creditCardNumber=4740189245743479, creditCardExpiry=08/25, cvv=515}}
2025-01-16T16:58:21.571Z  WARN 26144 --- [PizzaDrone] [           main] a.e.i.p.c.CalcDeliveryPathControllerTest : Skipping order due to missing 'valid' field: {orderNo=759CB098, orderDate=2025-02-11, orderStatus=VALID, orderValidationCode=NO_ERROR, priceTotalInPence=2400, pizzasInOrder=[{name=R7: Hot, hotter, the hottest, priceInPence=1400}, {name=R7: All you ever wanted, priceInPence=900}], creditCardInformation={creditCardNumber=2221914035531590, creditCardExpiry=08/25, cvv=633}}
2025-01-16T16:58:21.571Z  WARN 26144 --- [PizzaDrone] [           main] a.e.i.p.c.CalcDeliveryPathControllerTest : Skipping order due to missing 'valid' field: {orderNo=3815ABF9, orderDate=2025-02-11, orderStatus=VALID, orderValidationCode=NO_ERROR, priceTotalInPence=2500, pizzasInOrder=[{name=R1: Margarita, priceInPence=1000}, {name=R1: Calzone, priceInPence=1400}], creditCardInformation={creditCardNumber=4566667919499263, creditCardExpiry=01/26, cvv=046}}
2025-01-16T16:58:21.571Z  WARN 26144 --- [PizzaDrone] [           main] a.e.i.p.c.CalcDeliveryPathControllerTest : Skipping order due to missing 'valid' field: {orderNo=2E4C99E6, orderDate=2025-02-11, orderStatus=VALID, orderValidationCode=NO_ERROR, priceTotalInPence=2600, pizzasInOrder=[{name=R2: Meat Lover, priceInPence=1400}, {name=R2: Vegan Delight, priceInPence=1100}], creditCardInformation={creditCardNumber=5358196972871522, creditCardExpiry=03/26, cvv=217}}
2025-01-16T16:58:21.572Z  WARN 26144 --- [PizzaDrone] [           main] a.e.i.p.c.CalcDeliveryPathControllerTest : Skipping order due to missing 'valid' field: {orderNo=7B1CEAEF, orderDate=2025-02-11, orderStatus=VALID, orderValidationCode=NO_ERROR, priceTotalInPence=2400, pizzasInOrder=[{name=R4: Proper Pizza, priceInPence=1400}, {name=R4: Pineapple & Ham & Cheese, priceInPence=900}], creditCardInformation={creditCardNumber=4237825286151680, creditCardExpiry=04/25, cvv=822}}
2025-01-16T16:58:21.573Z  WARN 26144 --- [PizzaDrone] [           main] a.e.i.p.c.CalcDeliveryPathControllerTest : Skipping order due to missing 'valid' field: {orderNo=73FC3495, orderDate=2025-02-11, orderStatus=VALID, orderValidationCode=NO_ERROR, priceTotalInPence=2400, pizzasInOrder=[{name=R6: Sucuk delight, priceInPence=1400}, {name=R6: Dreams of Syria, priceInPence=900}], creditCardInformation={creditCardNumber=5330446742977833, creditCardExpiry=03/26, cvv=942}}
2025-01-16T16:58:21.573Z  WARN 26144 --- [PizzaDrone] [           main] a.e.i.p.c.CalcDeliveryPathControllerTest : Skipping order due to missing 'valid' field: {orderNo=3DCD2458, orderDate=2025-02-11, orderStatus=VALID, orderValidationCode=NO_ERROR, priceTotalInPence=2400, pizzasInOrder=[{name=R7: Hot, hotter, the hottest, priceInPence=1400}, {name=R7: All you ever wanted, priceInPence=900}], creditCardInformation={creditCardNumber=5144488640431642, creditCardExpiry=07/25, cvv=805}}
2025-01-16T16:58:21.573Z  WARN 26144 --- [PizzaDrone] [           main] a.e.i.p.c.CalcDeliveryPathControllerTest : Skipping order due to missing 'valid' field: {orderNo=02942BDC, orderDate=2025-02-12, orderStatus=VALID, orderValidationCode=NO_ERROR, priceTotalInPence=2600, pizzasInOrder=[{name=R2: Meat Lover, priceInPence=1400}, {name=R2: Vegan Delight, priceInPence=1100}], creditCardInformation={creditCardNumber=4675771710732555, creditCardExpiry=06/25, cvv=800}}
2025-01-16T16:58:21.573Z  WARN 26144 --- [PizzaDrone] [           main] a.e.i.p.c.CalcDeliveryPathControllerTest : Skipping order due to missing 'valid' field: {orderNo=42AA15B3, orderDate=2025-02-12, orderStatus=VALID, orderValidationCode=NO_ERROR, priceTotalInPence=2400, pizzasInOrder=[{name=R3: Super Cheese, priceInPence=1400}, {name=R3: All Shrooms, priceInPence=900}], creditCardInformation={creditCardNumber=5273645223352635, creditCardExpiry=04/26, cvv=968}}
2025-01-16T16:58:21.573Z  WARN 26144 --- [PizzaDrone] [           main] a.e.i.p.c.CalcDeliveryPathControllerTest : Skipping order due to missing 'valid' field: {orderNo=0E0BFB3E, orderDate=2025-02-12, orderStatus=VALID, orderValidationCode=NO_ERROR, priceTotalInPence=2400, pizzasInOrder=[{name=R4: Proper Pizza, priceInPence=1400}, {name=R4: Pineapple & Ham & Cheese, priceInPence=900}], creditCardInformation={creditCardNumber=4470916623530359, creditCardExpiry=10/25, cvv=421}}
2025-01-16T16:58:21.573Z  WARN 26144 --- [PizzaDrone] [           main] a.e.i.p.c.CalcDeliveryPathControllerTest : Skipping order due to missing 'valid' field: {orderNo=123899A9, orderDate=2025-02-12, orderStatus=VALID, orderValidationCode=NO_ERROR, priceTotalInPence=2400, pizzasInOrder=[{name=R6: Sucuk delight, priceInPence=1400}, {name=R6: Dreams of Syria, priceInPence=900}], creditCardInformation={creditCardNumber=5398780478290006, creditCardExpiry=08/25, cvv=417}}
2025-01-16T16:58:21.573Z  WARN 26144 --- [PizzaDrone] [           main] a.e.i.p.c.CalcDeliveryPathControllerTest : Skipping order due to missing 'valid' field: {orderNo=48439348, orderDate=2025-02-12, orderStatus=VALID, orderValidationCode=NO_ERROR, priceTotalInPence=2600, pizzasInOrder=[{name=R2: Meat Lover, priceInPence=1400}, {name=R2: Vegan Delight, priceInPence=1100}], creditCardInformation={creditCardNumber=2720487470035670, creditCardExpiry=02/26, cvv=241}}
2025-01-16T16:58:21.574Z  WARN 26144 --- [PizzaDrone] [           main] a.e.i.p.c.CalcDeliveryPathControllerTest : Skipping order due to missing 'valid' field: {orderNo=1145C08C, orderDate=2025-02-12, orderStatus=VALID, orderValidationCode=NO_ERROR, priceTotalInPence=2400, pizzasInOrder=[{name=R3: Super Cheese, priceInPence=1400}, {name=R3: All Shrooms, priceInPence=900}], creditCardInformation={creditCardNumber=4451406879334824, creditCardExpiry=09/25, cvv=417}}
2025-01-16T16:58:21.575Z  WARN 26144 --- [PizzaDrone] [           main] a.e.i.p.c.CalcDeliveryPathControllerTest : Skipping order due to missing 'valid' field: {orderNo=5181DAB5, orderDate=2025-02-12, orderStatus=VALID, orderValidationCode=NO_ERROR, priceTotalInPence=2400, pizzasInOrder=[{name=R4: Proper Pizza, priceInPence=1400}, {name=R4: Pineapple & Ham & Cheese, priceInPence=900}], creditCardInformation={creditCardNumber=4507799109728631, creditCardExpiry=03/25, cvv=840}}
2025-01-16T16:58:21.575Z  WARN 26144 --- [PizzaDrone] [           main] a.e.i.p.c.CalcDeliveryPathControllerTest : Skipping order due to missing 'valid' field: {orderNo=4B11E1C8, orderDate=2025-02-12, orderStatus=VALID, orderValidationCode=NO_ERROR, priceTotalInPence=2400, pizzasInOrder=[{name=R6: Sucuk delight, priceInPence=1400}, {name=R6: Dreams of Syria, priceInPence=900}], creditCardInformation={creditCardNumber=2720904218367827, creditCardExpiry=04/25, cvv=958}}
2025-01-16T16:58:21.575Z  WARN 26144 --- [PizzaDrone] [           main] a.e.i.p.c.CalcDeliveryPathControllerTest : Skipping order due to missing 'valid' field: {orderNo=0A882D8C, orderDate=2025-02-12, orderStatus=VALID, orderValidationCode=NO_ERROR, priceTotalInPence=2600, pizzasInOrder=[{name=R2: Meat Lover, priceInPence=1400}, {name=R2: Vegan Delight, priceInPence=1100}], creditCardInformation={creditCardNumber=4671805809312426, creditCardExpiry=02/26, cvv=427}}
2025-01-16T16:58:21.575Z  WARN 26144 --- [PizzaDrone] [           main] a.e.i.p.c.CalcDeliveryPathControllerTest : Skipping order due to missing 'valid' field: {orderNo=2F10E94C, orderDate=2025-02-12, orderStatus=VALID, orderValidationCode=NO_ERROR, priceTotalInPence=2400, pizzasInOrder=[{name=R3: Super Cheese, priceInPence=1400}, {name=R3: All Shrooms, priceInPence=900}], creditCardInformation={creditCardNumber=5453554804612908, creditCardExpiry=08/25, cvv=814}}
2025-01-16T16:58:21.575Z  WARN 26144 --- [PizzaDrone] [           main] a.e.i.p.c.CalcDeliveryPathControllerTest : Skipping order due to missing 'valid' field: {orderNo=0955B74E, orderDate=2025-02-13, orderStatus=VALID, orderValidationCode=NO_ERROR, priceTotalInPence=2600, pizzasInOrder=[{name=R2: Meat Lover, priceInPence=1400}, {name=R2: Vegan Delight, priceInPence=1100}], creditCardInformation={creditCardNumber=4315834193142852, creditCardExpiry=06/25, cvv=140}}
2025-01-16T16:58:21.575Z  WARN 26144 --- [PizzaDrone] [           main] a.e.i.p.c.CalcDeliveryPathControllerTest : Skipping order due to missing 'valid' field: {orderNo=5171FF0E, orderDate=2025-02-13, orderStatus=VALID, orderValidationCode=NO_ERROR, priceTotalInPence=2400, pizzasInOrder=[{name=R3: Super Cheese, priceInPence=1400}, {name=R3: All Shrooms, priceInPence=900}], creditCardInformation={creditCardNumber=5447119464639259, creditCardExpiry=09/25, cvv=789}}
2025-01-16T16:58:21.575Z  WARN 26144 --- [PizzaDrone] [           main] a.e.i.p.c.CalcDeliveryPathControllerTest : Skipping order due to missing 'valid' field: {orderNo=2AB4333D, orderDate=2025-02-13, orderStatus=VALID, orderValidationCode=NO_ERROR, priceTotalInPence=2400, pizzasInOrder=[{name=R5: Pizza Dream, priceInPence=1400}, {name=R5: My kind of pizza, priceInPence=900}], creditCardInformation={creditCardNumber=5127544144562968, creditCardExpiry=04/25, cvv=659}}
2025-01-16T16:58:21.576Z  WARN 26144 --- [PizzaDrone] [           main] a.e.i.p.c.CalcDeliveryPathControllerTest : Skipping order due to missing 'valid' field: {orderNo=167A0840, orderDate=2025-02-13, orderStatus=VALID, orderValidationCode=NO_ERROR, priceTotalInPence=2400, pizzasInOrder=[{name=R7: Hot, hotter, the hottest, priceInPence=1400}, {name=R7: All you ever wanted, priceInPence=900}], creditCardInformation={creditCardNumber=4663603052033439, creditCardExpiry=07/25, cvv=430}}
2025-01-16T16:58:21.576Z  WARN 26144 --- [PizzaDrone] [           main] a.e.i.p.c.CalcDeliveryPathControllerTest : Skipping order due to missing 'valid' field: {orderNo=4A23341E, orderDate=2025-02-13, orderStatus=VALID, orderValidationCode=NO_ERROR, priceTotalInPence=2600, pizzasInOrder=[{name=R2: Meat Lover, priceInPence=1400}, {name=R2: Vegan Delight, priceInPence=1100}], creditCardInformation={creditCardNumber=5105524497552531, creditCardExpiry=03/26, cvv=832}}
2025-01-16T16:58:21.576Z  WARN 26144 --- [PizzaDrone] [           main] a.e.i.p.c.CalcDeliveryPathControllerTest : Skipping order due to missing 'valid' field: {orderNo=5881CF69, orderDate=2025-02-13, orderStatus=VALID, orderValidationCode=NO_ERROR, priceTotalInPence=2400, pizzasInOrder=[{name=R3: Super Cheese, priceInPence=1400}, {name=R3: All Shrooms, priceInPence=900}], creditCardInformation={creditCardNumber=5231733116439395, creditCardExpiry=04/26, cvv=997}}
2025-01-16T16:58:21.576Z  WARN 26144 --- [PizzaDrone] [           main] a.e.i.p.c.CalcDeliveryPathControllerTest : Skipping order due to missing 'valid' field: {orderNo=012528C7, orderDate=2025-02-13, orderStatus=VALID, orderValidationCode=NO_ERROR, priceTotalInPence=2400, pizzasInOrder=[{name=R5: Pizza Dream, priceInPence=1400}, {name=R5: My kind of pizza, priceInPence=900}], creditCardInformation={creditCardNumber=5394870688776680, creditCardExpiry=11/25, cvv=548}}
2025-01-16T16:58:21.576Z  WARN 26144 --- [PizzaDrone] [           main] a.e.i.p.c.CalcDeliveryPathControllerTest : Skipping order due to missing 'valid' field: {orderNo=695C541E, orderDate=2025-02-13, orderStatus=VALID, orderValidationCode=NO_ERROR, priceTotalInPence=2400, pizzasInOrder=[{name=R7: Hot, hotter, the hottest, priceInPence=1400}, {name=R7: All you ever wanted, priceInPence=900}], creditCardInformation={creditCardNumber=4420565049210558, creditCardExpiry=11/25, cvv=960}}
2025-01-16T16:58:21.576Z  WARN 26144 --- [PizzaDrone] [           main] a.e.i.p.c.CalcDeliveryPathControllerTest : Skipping order due to missing 'valid' field: {orderNo=59FEB7F8, orderDate=2025-02-13, orderStatus=VALID, orderValidationCode=NO_ERROR, priceTotalInPence=2600, pizzasInOrder=[{name=R2: Meat Lover, priceInPence=1400}, {name=R2: Vegan Delight, priceInPence=1100}], creditCardInformation={creditCardNumber=5454814983003652, creditCardExpiry=07/25, cvv=567}}
2025-01-16T16:58:21.576Z  WARN 26144 --- [PizzaDrone] [           main] a.e.i.p.c.CalcDeliveryPathControllerTest : Skipping order due to missing 'valid' field: {orderNo=3434C8DE, orderDate=2025-02-13, orderStatus=VALID, orderValidationCode=NO_ERROR, priceTotalInPence=2400, pizzasInOrder=[{name=R3: Super Cheese, priceInPence=1400}, {name=R3: All Shrooms, priceInPence=900}], creditCardInformation={creditCardNumber=5548532850189077, creditCardExpiry=11/25, cvv=101}}
2025-01-16T16:58:21.576Z  WARN 26144 --- [PizzaDrone] [           main] a.e.i.p.c.CalcDeliveryPathControllerTest : Skipping order due to missing 'valid' field: {orderNo=6A5716D0, orderDate=2025-02-14, orderStatus=VALID, orderValidationCode=NO_ERROR, priceTotalInPence=2500, pizzasInOrder=[{name=R1: Margarita, priceInPence=1000}, {name=R1: Calzone, priceInPence=1400}], creditCardInformation={creditCardNumber=5123607192253493, creditCardExpiry=04/25, cvv=367}}
2025-01-16T16:58:21.576Z  WARN 26144 --- [PizzaDrone] [           main] a.e.i.p.c.CalcDeliveryPathControllerTest : Skipping order due to missing 'valid' field: {orderNo=55BB27FE, orderDate=2025-02-14, orderStatus=VALID, orderValidationCode=NO_ERROR, priceTotalInPence=2600, pizzasInOrder=[{name=R2: Meat Lover, priceInPence=1400}, {name=R2: Vegan Delight, priceInPence=1100}], creditCardInformation={creditCardNumber=5355948795540483, creditCardExpiry=04/25, cvv=322}}
2025-01-16T16:58:21.576Z  WARN 26144 --- [PizzaDrone] [           main] a.e.i.p.c.CalcDeliveryPathControllerTest : Skipping order due to missing 'valid' field: {orderNo=5A5705E8, orderDate=2025-02-14, orderStatus=VALID, orderValidationCode=NO_ERROR, priceTotalInPence=2400, pizzasInOrder=[{name=R3: Super Cheese, priceInPence=1400}, {name=R3: All Shrooms, priceInPence=900}], creditCardInformation={creditCardNumber=2221829099754948, creditCardExpiry=05/25, cvv=428}}
2025-01-16T16:58:21.576Z  WARN 26144 --- [PizzaDrone] [           main] a.e.i.p.c.CalcDeliveryPathControllerTest : Skipping order due to missing 'valid' field: {orderNo=3ED42D5C, orderDate=2025-02-14, orderStatus=VALID, orderValidationCode=NO_ERROR, priceTotalInPence=2400, pizzasInOrder=[{name=R7: Hot, hotter, the hottest, priceInPence=1400}, {name=R7: All you ever wanted, priceInPence=900}], creditCardInformation={creditCardNumber=5230971257169295, creditCardExpiry=05/25, cvv=359}}
2025-01-16T16:58:21.576Z  WARN 26144 --- [PizzaDrone] [           main] a.e.i.p.c.CalcDeliveryPathControllerTest : Skipping order due to missing 'valid' field: {orderNo=0B3B04EF, orderDate=2025-02-14, orderStatus=VALID, orderValidationCode=NO_ERROR, priceTotalInPence=2500, pizzasInOrder=[{name=R1: Margarita, priceInPence=1000}, {name=R1: Calzone, priceInPence=1400}], creditCardInformation={creditCardNumber=4179861960664763, creditCardExpiry=03/26, cvv=919}}
2025-01-16T16:58:21.576Z  WARN 26144 --- [PizzaDrone] [           main] a.e.i.p.c.CalcDeliveryPathControllerTest : Skipping order due to missing 'valid' field: {orderNo=3E22AC31, orderDate=2025-02-14, orderStatus=VALID, orderValidationCode=NO_ERROR, priceTotalInPence=2600, pizzasInOrder=[{name=R2: Meat Lover, priceInPence=1400}, {name=R2: Vegan Delight, priceInPence=1100}], creditCardInformation={creditCardNumber=5442782576938771, creditCardExpiry=07/25, cvv=329}}
2025-01-16T16:58:21.576Z  WARN 26144 --- [PizzaDrone] [           main] a.e.i.p.c.CalcDeliveryPathControllerTest : Skipping order due to missing 'valid' field: {orderNo=2CD0776D, orderDate=2025-02-14, orderStatus=VALID, orderValidationCode=NO_ERROR, priceTotalInPence=2400, pizzasInOrder=[{name=R3: Super Cheese, priceInPence=1400}, {name=R3: All Shrooms, priceInPence=900}], creditCardInformation={creditCardNumber=2221556078414257, creditCardExpiry=08/25, cvv=283}}
2025-01-16T16:58:21.576Z  WARN 26144 --- [PizzaDrone] [           main] a.e.i.p.c.CalcDeliveryPathControllerTest : Skipping order due to missing 'valid' field: {orderNo=1050C177, orderDate=2025-02-14, orderStatus=VALID, orderValidationCode=NO_ERROR, priceTotalInPence=2400, pizzasInOrder=[{name=R7: Hot, hotter, the hottest, priceInPence=1400}, {name=R7: All you ever wanted, priceInPence=900}], creditCardInformation={creditCardNumber=4813765823455420, creditCardExpiry=06/25, cvv=355}}
2025-01-16T16:58:21.576Z  WARN 26144 --- [PizzaDrone] [           main] a.e.i.p.c.CalcDeliveryPathControllerTest : Skipping order due to missing 'valid' field: {orderNo=26194906, orderDate=2025-02-14, orderStatus=VALID, orderValidationCode=NO_ERROR, priceTotalInPence=2500, pizzasInOrder=[{name=R1: Margarita, priceInPence=1000}, {name=R1: Calzone, priceInPence=1400}], creditCardInformation={creditCardNumber=5349258459845387, creditCardExpiry=05/25, cvv=359}}
2025-01-16T16:58:21.576Z  WARN 26144 --- [PizzaDrone] [           main] a.e.i.p.c.CalcDeliveryPathControllerTest : Skipping order due to missing 'valid' field: {orderNo=49ACD348, orderDate=2025-02-14, orderStatus=VALID, orderValidationCode=NO_ERROR, priceTotalInPence=2600, pizzasInOrder=[{name=R2: Meat Lover, priceInPence=1400}, {name=R2: Vegan Delight, priceInPence=1100}], creditCardInformation={creditCardNumber=5558528873450428, creditCardExpiry=11/25, cvv=305}}
]]></system-out>
  </testcase>
</testsuite>