<?xml version="1.0" encoding="UTF-8"?>
<testsuite xmlns:xsi="http://www.w3.org/2001/XMLSchema-instance" xsi:noNamespaceSchemaLocation="https://maven.apache.org/surefire/maven-surefire-plugin/xsd/surefire-test-report-3.0.xsd" version="3.0" name="uk.ac.ed.inf.pizzadrone.controllerUnitTest.ValidateOrderControllerTest" time="0.23" tests="1" errors="0" skipped="0" failures="0">
  <properties>
    <property name="java.specification.version" value="22"/>
    <property name="sun.cpu.isalist" value="amd64"/>
    <property name="sun.jnu.encoding" value="Cp1252"/>
    <property name="java.class.path" value="C:\Users\13785\OneDrive\Desktop\s2465111ILP\target\test-classes;C:\Users\13785\OneDrive\Desktop\s2465111ILP\target\classes;C:\Users\13785\.m2\repository\org\springframework\boot\spring-boot-starter-web\3.3.4\spring-boot-starter-web-3.3.4.jar;C:\Users\13785\.m2\repository\org\springframework\boot\spring-boot-starter\3.3.4\spring-boot-starter-3.3.4.jar;C:\Users\13785\.m2\repository\org\springframework\boot\spring-boot\3.3.4\spring-boot-3.3.4.jar;C:\Users\13785\.m2\repository\org\springframework\boot\spring-boot-autoconfigure\3.3.4\spring-boot-autoconfigure-3.3.4.jar;C:\Users\13785\.m2\repository\org\springframework\boot\spring-boot-starter-logging\3.3.4\spring-boot-starter-logging-3.3.4.jar;C:\Users\13785\.m2\repository\ch\qos\logback\logback-classic\1.5.8\logback-classic-1.5.8.jar;C:\Users\13785\.m2\repository\ch\qos\logback\logback-core\1.5.8\logback-core-1.5.8.jar;C:\Users\13785\.m2\repository\org\apache\logging\log4j\log4j-to-slf4j\2.23.1\log4j-to-slf4j-2.23.1.jar;C:\Users\13785\.m2\repository\org\apache\logging\log4j\log4j-api\2.23.1\log4j-api-2.23.1.jar;C:\Users\13785\.m2\repository\org\slf4j\jul-to-slf4j\2.0.16\jul-to-slf4j-2.0.16.jar;C:\Users\13785\.m2\repository\jakarta\annotation\jakarta.annotation-api\2.1.1\jakarta.annotation-api-2.1.1.jar;C:\Users\13785\.m2\repository\org\yaml\snakeyaml\2.2\snakeyaml-2.2.jar;C:\Users\13785\.m2\repository\org\springframework\boot\spring-boot-starter-json\3.3.4\spring-boot-starter-json-3.3.4.jar;C:\Users\13785\.m2\repository\com\fasterxml\jackson\datatype\jackson-datatype-jdk8\2.17.2\jackson-datatype-jdk8-2.17.2.jar;C:\Users\13785\.m2\repository\com\fasterxml\jackson\datatype\jackson-datatype-jsr310\2.17.2\jackson-datatype-jsr310-2.17.2.jar;C:\Users\13785\.m2\repository\com\fasterxml\jackson\module\jackson-module-parameter-names\2.17.2\jackson-module-parameter-names-2.17.2.jar;C:\Users\13785\.m2\repository\org\springframework\boot\spring-boot-starter-tomcat\3.3.4\spring-boot-starter-tomcat-3.3.4.jar;C:\Users\13785\.m2\repository\org\apache\tomcat\embed\tomcat-embed-core\10.1.30\tomcat-embed-core-10.1.30.jar;C:\Users\13785\.m2\repository\org\apache\tomcat\embed\tomcat-embed-el\10.1.30\tomcat-embed-el-10.1.30.jar;C:\Users\13785\.m2\repository\org\apache\tomcat\embed\tomcat-embed-websocket\10.1.30\tomcat-embed-websocket-10.1.30.jar;C:\Users\13785\.m2\repository\org\springframework\spring-web\6.1.13\spring-web-6.1.13.jar;C:\Users\13785\.m2\repository\org\springframework\spring-beans\6.1.13\spring-beans-6.1.13.jar;C:\Users\13785\.m2\repository\io\micrometer\micrometer-observation\1.13.4\micrometer-observation-1.13.4.jar;C:\Users\13785\.m2\repository\io\micrometer\micrometer-commons\1.13.4\micrometer-commons-1.13.4.jar;C:\Users\13785\.m2\repository\org\springframework\spring-webmvc\6.1.13\spring-webmvc-6.1.13.jar;C:\Users\13785\.m2\repository\org\springframework\spring-aop\6.1.13\spring-aop-6.1.13.jar;C:\Users\13785\.m2\repository\org\springframework\spring-context\6.1.13\spring-context-6.1.13.jar;C:\Users\13785\.m2\repository\org\springframework\spring-expression\6.1.13\spring-expression-6.1.13.jar;C:\Users\13785\.m2\repository\org\springframework\boot\spring-boot-starter-test\3.3.4\spring-boot-starter-test-3.3.4.jar;C:\Users\13785\.m2\repository\org\springframework\boot\spring-boot-test\3.3.4\spring-boot-test-3.3.4.jar;C:\Users\13785\.m2\repository\org\springframework\boot\spring-boot-test-autoconfigure\3.3.4\spring-boot-test-autoconfigure-3.3.4.jar;C:\Users\13785\.m2\repository\com\jayway\jsonpath\json-path\2.9.0\json-path-2.9.0.jar;C:\Users\13785\.m2\repository\org\slf4j\slf4j-api\2.0.16\slf4j-api-2.0.16.jar;C:\Users\13785\.m2\repository\jakarta\xml\bind\jakarta.xml.bind-api\4.0.2\jakarta.xml.bind-api-4.0.2.jar;C:\Users\13785\.m2\repository\jakarta\activation\jakarta.activation-api\2.1.3\jakarta.activation-api-2.1.3.jar;C:\Users\13785\.m2\repository\net\minidev\json-smart\2.5.1\json-smart-2.5.1.jar;C:\Users\13785\.m2\repository\net\minidev\accessors-smart\2.5.1\accessors-smart-2.5.1.jar;C:\Users\13785\.m2\repository\org\ow2\asm\asm\9.6\asm-9.6.jar;C:\Users\13785\.m2\repository\org\assertj\assertj-core\3.25.3\assertj-core-3.25.3.jar;C:\Users\13785\.m2\repository\org\awaitility\awaitility\4.2.2\awaitility-4.2.2.jar;C:\Users\13785\.m2\repository\org\junit\jupiter\junit-jupiter\5.10.3\junit-jupiter-5.10.3.jar;C:\Users\13785\.m2\repository\org\junit\jupiter\junit-jupiter-api\5.10.3\junit-jupiter-api-5.10.3.jar;C:\Users\13785\.m2\repository\org\opentest4j\opentest4j\1.3.0\opentest4j-1.3.0.jar;C:\Users\13785\.m2\repository\org\junit\platform\junit-platform-commons\1.10.3\junit-platform-commons-1.10.3.jar;C:\Users\13785\.m2\repository\org\apiguardian\apiguardian-api\1.1.2\apiguardian-api-1.1.2.jar;C:\Users\13785\.m2\repository\org\junit\jupiter\junit-jupiter-params\5.10.3\junit-jupiter-params-5.10.3.jar;C:\Users\13785\.m2\repository\org\junit\jupiter\junit-jupiter-engine\5.10.3\junit-jupiter-engine-5.10.3.jar;C:\Users\13785\.m2\repository\org\junit\platform\junit-platform-engine\1.10.3\junit-platform-engine-1.10.3.jar;C:\Users\13785\.m2\repository\org\mockito\mockito-junit-jupiter\5.11.0\mockito-junit-jupiter-5.11.0.jar;C:\Users\13785\.m2\repository\org\skyscreamer\jsonassert\1.5.3\jsonassert-1.5.3.jar;C:\Users\13785\.m2\repository\com\vaadin\external\google\android-json\0.0.20131108.vaadin1\android-json-0.0.20131108.vaadin1.jar;C:\Users\13785\.m2\repository\org\springframework\spring-core\6.1.13\spring-core-6.1.13.jar;C:\Users\13785\.m2\repository\org\springframework\spring-jcl\6.1.13\spring-jcl-6.1.13.jar;C:\Users\13785\.m2\repository\org\springframework\spring-test\6.1.13\spring-test-6.1.13.jar;C:\Users\13785\.m2\repository\org\xmlunit\xmlunit-core\2.9.1\xmlunit-core-2.9.1.jar;C:\Users\13785\.m2\repository\com\google\code\gson\gson\2.8.9\gson-2.8.9.jar;C:\Users\13785\.m2\repository\com\fasterxml\jackson\core\jackson-databind\2.15.2\jackson-databind-2.15.2.jar;C:\Users\13785\.m2\repository\com\fasterxml\jackson\core\jackson-annotations\2.17.2\jackson-annotations-2.17.2.jar;C:\Users\13785\.m2\repository\com\fasterxml\jackson\core\jackson-core\2.17.2\jackson-core-2.17.2.jar;C:\Users\13785\.m2\repository\org\mockito\mockito-core\4.11.0\mockito-core-4.11.0.jar;C:\Users\13785\.m2\repository\net\bytebuddy\byte-buddy\1.14.19\byte-buddy-1.14.19.jar;C:\Users\13785\.m2\repository\net\bytebuddy\byte-buddy-agent\1.14.19\byte-buddy-agent-1.14.19.jar;C:\Users\13785\.m2\repository\org\objenesis\objenesis\3.3\objenesis-3.3.jar;C:\Users\13785\.m2\repository\org\hamcrest\hamcrest\2.2\hamcrest-2.2.jar;"/>
    <property name="java.vm.vendor" value="Oracle Corporation"/>
    <property name="sun.arch.data.model" value="64"/>
    <property name="user.variant" value=""/>
    <property name="java.vendor.url" value="https://java.oracle.com/"/>
    <property name="user.timezone" value="Europe/London"/>
    <property name="os.name" value="Windows 11"/>
    <property name="java.vm.specification.version" value="22"/>
    <property name="sun.java.launcher" value="SUN_STANDARD"/>
    <property name="user.country" value="CN"/>
    <property name="sun.boot.library.path" value="C:\Program Files\Java\jdk-22\bin"/>
    <property name="sun.java.command" value="C:\Users\13785\AppData\Local\Temp\surefire8997216769398622572\surefirebooter-20250116165812009_3.jar C:\Users\13785\AppData\Local\Temp\surefire8997216769398622572 2025-01-16T16-58-11_703-jvmRun1 surefire-20250116165812009_1tmp surefire_0-20250116165812009_2tmp"/>
    <property name="jdk.debug" value="release"/>
    <property name="surefire.test.class.path" value="C:\Users\13785\OneDrive\Desktop\s2465111ILP\target\test-classes;C:\Users\13785\OneDrive\Desktop\s2465111ILP\target\classes;C:\Users\13785\.m2\repository\org\springframework\boot\spring-boot-starter-web\3.3.4\spring-boot-starter-web-3.3.4.jar;C:\Users\13785\.m2\repository\org\springframework\boot\spring-boot-starter\3.3.4\spring-boot-starter-3.3.4.jar;C:\Users\13785\.m2\repository\org\springframework\boot\spring-boot\3.3.4\spring-boot-3.3.4.jar;C:\Users\13785\.m2\repository\org\springframework\boot\spring-boot-autoconfigure\3.3.4\spring-boot-autoconfigure-3.3.4.jar;C:\Users\13785\.m2\repository\org\springframework\boot\spring-boot-starter-logging\3.3.4\spring-boot-starter-logging-3.3.4.jar;C:\Users\13785\.m2\repository\ch\qos\logback\logback-classic\1.5.8\logback-classic-1.5.8.jar;C:\Users\13785\.m2\repository\ch\qos\logback\logback-core\1.5.8\logback-core-1.5.8.jar;C:\Users\13785\.m2\repository\org\apache\logging\log4j\log4j-to-slf4j\2.23.1\log4j-to-slf4j-2.23.1.jar;C:\Users\13785\.m2\repository\org\apache\logging\log4j\log4j-api\2.23.1\log4j-api-2.23.1.jar;C:\Users\13785\.m2\repository\org\slf4j\jul-to-slf4j\2.0.16\jul-to-slf4j-2.0.16.jar;C:\Users\13785\.m2\repository\jakarta\annotation\jakarta.annotation-api\2.1.1\jakarta.annotation-api-2.1.1.jar;C:\Users\13785\.m2\repository\org\yaml\snakeyaml\2.2\snakeyaml-2.2.jar;C:\Users\13785\.m2\repository\org\springframework\boot\spring-boot-starter-json\3.3.4\spring-boot-starter-json-3.3.4.jar;C:\Users\13785\.m2\repository\com\fasterxml\jackson\datatype\jackson-datatype-jdk8\2.17.2\jackson-datatype-jdk8-2.17.2.jar;C:\Users\13785\.m2\repository\com\fasterxml\jackson\datatype\jackson-datatype-jsr310\2.17.2\jackson-datatype-jsr310-2.17.2.jar;C:\Users\13785\.m2\repository\com\fasterxml\jackson\module\jackson-module-parameter-names\2.17.2\jackson-module-parameter-names-2.17.2.jar;C:\Users\13785\.m2\repository\org\springframework\boot\spring-boot-starter-tomcat\3.3.4\spring-boot-starter-tomcat-3.3.4.jar;C:\Users\13785\.m2\repository\org\apache\tomcat\embed\tomcat-embed-core\10.1.30\tomcat-embed-core-10.1.30.jar;C:\Users\13785\.m2\repository\org\apache\tomcat\embed\tomcat-embed-el\10.1.30\tomcat-embed-el-10.1.30.jar;C:\Users\13785\.m2\repository\org\apache\tomcat\embed\tomcat-embed-websocket\10.1.30\tomcat-embed-websocket-10.1.30.jar;C:\Users\13785\.m2\repository\org\springframework\spring-web\6.1.13\spring-web-6.1.13.jar;C:\Users\13785\.m2\repository\org\springframework\spring-beans\6.1.13\spring-beans-6.1.13.jar;C:\Users\13785\.m2\repository\io\micrometer\micrometer-observation\1.13.4\micrometer-observation-1.13.4.jar;C:\Users\13785\.m2\repository\io\micrometer\micrometer-commons\1.13.4\micrometer-commons-1.13.4.jar;C:\Users\13785\.m2\repository\org\springframework\spring-webmvc\6.1.13\spring-webmvc-6.1.13.jar;C:\Users\13785\.m2\repository\org\springframework\spring-aop\6.1.13\spring-aop-6.1.13.jar;C:\Users\13785\.m2\repository\org\springframework\spring-context\6.1.13\spring-context-6.1.13.jar;C:\Users\13785\.m2\repository\org\springframework\spring-expression\6.1.13\spring-expression-6.1.13.jar;C:\Users\13785\.m2\repository\org\springframework\boot\spring-boot-starter-test\3.3.4\spring-boot-starter-test-3.3.4.jar;C:\Users\13785\.m2\repository\org\springframework\boot\spring-boot-test\3.3.4\spring-boot-test-3.3.4.jar;C:\Users\13785\.m2\repository\org\springframework\boot\spring-boot-test-autoconfigure\3.3.4\spring-boot-test-autoconfigure-3.3.4.jar;C:\Users\13785\.m2\repository\com\jayway\jsonpath\json-path\2.9.0\json-path-2.9.0.jar;C:\Users\13785\.m2\repository\org\slf4j\slf4j-api\2.0.16\slf4j-api-2.0.16.jar;C:\Users\13785\.m2\repository\jakarta\xml\bind\jakarta.xml.bind-api\4.0.2\jakarta.xml.bind-api-4.0.2.jar;C:\Users\13785\.m2\repository\jakarta\activation\jakarta.activation-api\2.1.3\jakarta.activation-api-2.1.3.jar;C:\Users\13785\.m2\repository\net\minidev\json-smart\2.5.1\json-smart-2.5.1.jar;C:\Users\13785\.m2\repository\net\minidev\accessors-smart\2.5.1\accessors-smart-2.5.1.jar;C:\Users\13785\.m2\repository\org\ow2\asm\asm\9.6\asm-9.6.jar;C:\Users\13785\.m2\repository\org\assertj\assertj-core\3.25.3\assertj-core-3.25.3.jar;C:\Users\13785\.m2\repository\org\awaitility\awaitility\4.2.2\awaitility-4.2.2.jar;C:\Users\13785\.m2\repository\org\junit\jupiter\junit-jupiter\5.10.3\junit-jupiter-5.10.3.jar;C:\Users\13785\.m2\repository\org\junit\jupiter\junit-jupiter-api\5.10.3\junit-jupiter-api-5.10.3.jar;C:\Users\13785\.m2\repository\org\opentest4j\opentest4j\1.3.0\opentest4j-1.3.0.jar;C:\Users\13785\.m2\repository\org\junit\platform\junit-platform-commons\1.10.3\junit-platform-commons-1.10.3.jar;C:\Users\13785\.m2\repository\org\apiguardian\apiguardian-api\1.1.2\apiguardian-api-1.1.2.jar;C:\Users\13785\.m2\repository\org\junit\jupiter\junit-jupiter-params\5.10.3\junit-jupiter-params-5.10.3.jar;C:\Users\13785\.m2\repository\org\junit\jupiter\junit-jupiter-engine\5.10.3\junit-jupiter-engine-5.10.3.jar;C:\Users\13785\.m2\repository\org\junit\platform\junit-platform-engine\1.10.3\junit-platform-engine-1.10.3.jar;C:\Users\13785\.m2\repository\org\mockito\mockito-junit-jupiter\5.11.0\mockito-junit-jupiter-5.11.0.jar;C:\Users\13785\.m2\repository\org\skyscreamer\jsonassert\1.5.3\jsonassert-1.5.3.jar;C:\Users\13785\.m2\repository\com\vaadin\external\google\android-json\0.0.20131108.vaadin1\android-json-0.0.20131108.vaadin1.jar;C:\Users\13785\.m2\repository\org\springframework\spring-core\6.1.13\spring-core-6.1.13.jar;C:\Users\13785\.m2\repository\org\springframework\spring-jcl\6.1.13\spring-jcl-6.1.13.jar;C:\Users\13785\.m2\repository\org\springframework\spring-test\6.1.13\spring-test-6.1.13.jar;C:\Users\13785\.m2\repository\org\xmlunit\xmlunit-core\2.9.1\xmlunit-core-2.9.1.jar;C:\Users\13785\.m2\repository\com\google\code\gson\gson\2.8.9\gson-2.8.9.jar;C:\Users\13785\.m2\repository\com\fasterxml\jackson\core\jackson-databind\2.15.2\jackson-databind-2.15.2.jar;C:\Users\13785\.m2\repository\com\fasterxml\jackson\core\jackson-annotations\2.17.2\jackson-annotations-2.17.2.jar;C:\Users\13785\.m2\repository\com\fasterxml\jackson\core\jackson-core\2.17.2\jackson-core-2.17.2.jar;C:\Users\13785\.m2\repository\org\mockito\mockito-core\4.11.0\mockito-core-4.11.0.jar;C:\Users\13785\.m2\repository\net\bytebuddy\byte-buddy\1.14.19\byte-buddy-1.14.19.jar;C:\Users\13785\.m2\repository\net\bytebuddy\byte-buddy-agent\1.14.19\byte-buddy-agent-1.14.19.jar;C:\Users\13785\.m2\repository\org\objenesis\objenesis\3.3\objenesis-3.3.jar;C:\Users\13785\.m2\repository\org\hamcrest\hamcrest\2.2\hamcrest-2.2.jar;"/>
    <property name="sun.cpu.endian" value="little"/>
    <property name="user.home" value="C:\Users\13785"/>
    <property name="user.language" value="zh"/>
    <property name="java.specification.vendor" value="Oracle Corporation"/>
    <property name="java.version.date" value="2024-04-16"/>
    <property name="java.home" value="C:\Program Files\Java\jdk-22"/>
    <property name="file.separator" value="\"/>
    <property name="basedir" value="C:\Users\13785\OneDrive\Desktop\s2465111ILP"/>
    <property name="java.vm.compressedOopsMode" value="Zero based"/>
    <property name="line.separator" value="&#10;"/>
    <property name="java.vm.specification.vendor" value="Oracle Corporation"/>
    <property name="java.specification.name" value="Java Platform API Specification"/>
    <property name="FILE_LOG_CHARSET" value="UTF-8"/>
    <property name="java.awt.headless" value="true"/>
    <property name="surefire.real.class.path" value="C:\Users\13785\AppData\Local\Temp\surefire8997216769398622572\surefirebooter-20250116165812009_3.jar"/>
    <property name="user.script" value=""/>
    <property name="sun.management.compiler" value="HotSpot 64-Bit Tiered Compilers"/>
    <property name="java.runtime.version" value="22.0.1+8-16"/>
    <property name="user.name" value="13785"/>
    <property name="stdout.encoding" value="Cp1252"/>
    <property name="path.separator" value=";"/>
    <property name="os.version" value="10.0"/>
    <property name="java.runtime.name" value="Java(TM) SE Runtime Environment"/>
    <property name="file.encoding" value="UTF-8"/>
    <property name="java.vm.name" value="Java HotSpot(TM) 64-Bit Server VM"/>
    <property name="localRepository" value="C:\Users\13785\.m2\repository"/>
    <property name="java.vendor.url.bug" value="https://bugreport.java.com/bugreport/"/>
    <property name="java.io.tmpdir" value="C:\Users\13785\AppData\Local\Temp\"/>
    <property name="idea.version" value="2024.1"/>
    <property name="java.version" value="22.0.1"/>
    <property name="user.dir" value="C:\Users\13785\OneDrive\Desktop\s2465111ILP"/>
    <property name="os.arch" value="amd64"/>
    <property name="java.vm.specification.name" value="Java Virtual Machine Specification"/>
    <property name="PID" value="26144"/>
    <property name="sun.os.patch.level" value=""/>
    <property name="CONSOLE_LOG_CHARSET" value="UTF-8"/>
    <property name="native.encoding" value="Cp1252"/>
    <property name="java.library.path" value="C:\Program Files\Java\jdk-22\bin;C:\Windows\Sun\Java\bin;C:\Windows\system32;C:\Windows;C:\Program Files\Common Files\Oracle\Java\javapath;C:\Windows\system32;C:\Windows;C:\Windows\System32\Wbem;C:\Windows\System32\WindowsPowerShell\v1.0\;C:\Windows\System32\OpenSSH\;C:\Program Files\dotnet\;C:\Program Files\Java\jdk-21\\bin;C:\Program Files\Docker\Docker\resources\bin;C:\Program Files\Git\cmd;C:\Users\13785\AppData\Local\Programs\Python\Python312\Scripts\;C:\Users\13785\AppData\Local\Programs\Python\Python312\;C:\Users\13785\AppData\Local\Programs\Python\Launcher\;C:\Users\13785\AppData\Local\Microsoft\WindowsApps;C:\Users\13785\AppData\Local\Programs\Microsoft VS Code\bin;C:\Program Files\JetBrains\IntelliJ IDEA 2024.1\bin;;C:\Program Files\JetBrains\PyCharm Community Edition 2024.1\bin;;C:\Program Files\JetBrains\PyCharm 2024.1\bin;;C:\Users\13785\AppData\Local\GitHubDesktop\bin;."/>
    <property name="java.vm.info" value="mixed mode, sharing"/>
    <property name="stderr.encoding" value="Cp1252"/>
    <property name="java.vendor" value="Oracle Corporation"/>
    <property name="java.vm.version" value="22.0.1+8-16"/>
    <property name="sun.io.unicode.encoding" value="UnicodeLittle"/>
    <property name="java.class.version" value="66.0"/>
    <property name="LOGGED_APPLICATION_NAME" value="[PizzaDrone] "/>
  </properties>
  <testcase name="testValidateOrders" classname="uk.ac.ed.inf.pizzadrone.controllerUnitTest.ValidateOrderControllerTest" time="0.214">
    <system-out><![CDATA[2025-01-16T16:58:23.177Z  INFO 26144 --- [PizzaDrone] [           main] t.c.s.AnnotationConfigContextLoaderUtils : Could not detect default configuration classes for test class [uk.ac.ed.inf.pizzadrone.controllerUnitTest.ValidateOrderControllerTest]: ValidateOrderControllerTest does not declare any static, non-private, non-final, nested classes annotated with @Configuration.
2025-01-16T16:58:23.181Z  INFO 26144 --- [PizzaDrone] [           main] .b.t.c.SpringBootTestContextBootstrapper : Found @SpringBootConfiguration uk.ac.ed.inf.pizzadrone.PizzaDroneApplication for test class uk.ac.ed.inf.pizzadrone.controllerUnitTest.ValidateOrderControllerTest
2025-01-16T16:58:23.201Z  INFO 26144 --- [PizzaDrone] [           main] o.s.mock.web.MockServletContext          : Initializing Spring TestDispatcherServlet ''
2025-01-16T16:58:23.201Z  INFO 26144 --- [PizzaDrone] [           main] o.s.t.web.servlet.TestDispatcherServlet  : Initializing Servlet ''
2025-01-16T16:58:23.201Z  INFO 26144 --- [PizzaDrone] [           main] o.s.t.web.servlet.TestDispatcherServlet  : Completed initialization in 0 ms
2025-01-16T16:58:23.375Z  WARN 26144 --- [PizzaDrone] [           main] u.a.e.i.p.c.ValidateOrderControllerTest  : Skipping order due to missing 'valid' field: {orderNo=4DFCAD82, orderDate=2025-01-16, orderStatus=INVALID, orderValidationCode=CARD_NUMBER_INVALID, priceTotalInPence=2400, pizzasInOrder=[{name=R3: Super Cheese, priceInPence=1400}, {name=R3: All Shrooms, priceInPence=900}], creditCardInformation={creditCardNumber=293721, creditCardExpiry=02/25, cvv=629}}
2025-01-16T16:58:23.375Z  WARN 26144 --- [PizzaDrone] [           main] u.a.e.i.p.c.ValidateOrderControllerTest  : Skipping order due to missing 'valid' field: {orderNo=31C01BA4, orderDate=2025-01-16, orderStatus=INVALID, orderValidationCode=EXPIRY_DATE_INVALID, priceTotalInPence=2400, pizzasInOrder=[{name=R7: Hot, hotter, the hottest, priceInPence=1400}, {name=R7: All you ever wanted, priceInPence=900}], creditCardInformation={creditCardNumber=5272875155856201, creditCardExpiry=18/09, cvv=580}}
2025-01-16T16:58:23.375Z  WARN 26144 --- [PizzaDrone] [           main] u.a.e.i.p.c.ValidateOrderControllerTest  : Skipping order due to missing 'valid' field: {orderNo=2431706D, orderDate=2025-01-16, orderStatus=INVALID, orderValidationCode=CVV_INVALID, priceTotalInPence=2400, pizzasInOrder=[{name=R3: Super Cheese, priceInPence=1400}, {name=R3: All Shrooms, priceInPence=900}], creditCardInformation={creditCardNumber=2720665702271946, creditCardExpiry=03/25, cvv=65607}}
2025-01-16T16:58:23.375Z  WARN 26144 --- [PizzaDrone] [           main] u.a.e.i.p.c.ValidateOrderControllerTest  : Skipping order due to missing 'valid' field: {orderNo=776AC44E, orderDate=2025-01-16, orderStatus=INVALID, orderValidationCode=TOTAL_INCORRECT, priceTotalInPence=3138, pizzasInOrder=[{name=R2: Meat Lover, priceInPence=1400}, {name=R2: Vegan Delight, priceInPence=1100}], creditCardInformation={creditCardNumber=4754834877893851, creditCardExpiry=04/25, cvv=173}}
2025-01-16T16:58:23.375Z  WARN 26144 --- [PizzaDrone] [           main] u.a.e.i.p.c.ValidateOrderControllerTest  : Skipping order due to missing 'valid' field: {orderNo=5E195EBE, orderDate=2025-01-16, orderStatus=INVALID, orderValidationCode=PIZZA_NOT_DEFINED, priceTotalInPence=498705280, pizzasInOrder=[{name=R7: Hot, hotter, the hottest, priceInPence=1400}, {name=R7: All you ever wanted, priceInPence=900}, {name=Pizza-Surprise , priceInPence=498702880}], creditCardInformation={creditCardNumber=4465589520520117, creditCardExpiry=02/25, cvv=000}}
2025-01-16T16:58:23.375Z  WARN 26144 --- [PizzaDrone] [           main] u.a.e.i.p.c.ValidateOrderControllerTest  : Skipping order due to missing 'valid' field: {orderNo=61396FE4, orderDate=2025-01-16, orderStatus=INVALID, orderValidationCode=MAX_PIZZA_COUNT_EXCEEDED, priceTotalInPence=8200, pizzasInOrder=[{name=R2: Meat Lover, priceInPence=1400}, {name=R2: Vegan Delight, priceInPence=1100}, {name=R2: Meat Lover, priceInPence=1400}, {name=R2: Meat Lover, priceInPence=1400}, {name=R2: Meat Lover, priceInPence=1400}, {name=R2: Meat Lover, priceInPence=1400}], creditCardInformation={creditCardNumber=5244332165222482, creditCardExpiry=02/25, cvv=861}}
2025-01-16T16:58:23.375Z  WARN 26144 --- [PizzaDrone] [           main] u.a.e.i.p.c.ValidateOrderControllerTest  : Skipping order due to missing 'valid' field: {orderNo=25F3B29E, orderDate=2025-01-16, orderStatus=INVALID, orderValidationCode=PIZZA_FROM_MULTIPLE_RESTAURANTS, priceTotalInPence=3800, pizzasInOrder=[{name=R3: Super Cheese, priceInPence=1400}, {name=R3: All Shrooms, priceInPence=900}, {name=R2: Meat Lover, priceInPence=1400}], creditCardInformation={creditCardNumber=5368826341039066, creditCardExpiry=04/25, cvv=291}}
2025-01-16T16:58:23.375Z  WARN 26144 --- [PizzaDrone] [           main] u.a.e.i.p.c.ValidateOrderControllerTest  : Skipping order due to missing 'valid' field: {orderNo=29D1FCCB, orderDate=2025-01-16, orderStatus=INVALID, orderValidationCode=RESTAURANT_CLOSED, priceTotalInPence=1100, pizzasInOrder=[{name=R1: Margarita, priceInPence=1000}], creditCardInformation={creditCardNumber=5397231656664613, creditCardExpiry=05/25, cvv=778}}
2025-01-16T16:58:23.375Z  WARN 26144 --- [PizzaDrone] [           main] u.a.e.i.p.c.ValidateOrderControllerTest  : Skipping order due to missing 'valid' field: {orderNo=0B6ABA06, orderDate=2025-01-16, orderStatus=INVALID, orderValidationCode=PRICE_FOR_PIZZA_INVALID, priceTotalInPence=2500, pizzasInOrder=[{name=R5: My kind of pizza, priceInPence=900}, {name=R5: Pizza Dream, priceInPence=1500}], creditCardInformation={creditCardNumber=4978103656873496, creditCardExpiry=05/25, cvv=288}}
2025-01-16T16:58:23.375Z  WARN 26144 --- [PizzaDrone] [           main] u.a.e.i.p.c.ValidateOrderControllerTest  : Skipping order due to missing 'valid' field: {orderNo=74CA1949, orderDate=2025-01-16, orderStatus=INVALID, orderValidationCode=EMPTY_ORDER, priceTotalInPence=100, pizzasInOrder=[], creditCardInformation={creditCardNumber=2720505703918212, creditCardExpiry=12/25, cvv=656}}
2025-01-16T16:58:23.375Z  WARN 26144 --- [PizzaDrone] [           main] u.a.e.i.p.c.ValidateOrderControllerTest  : Skipping order due to missing 'valid' field: {orderNo=0DD88BB3, orderDate=2025-01-17, orderStatus=INVALID, orderValidationCode=CARD_NUMBER_INVALID, priceTotalInPence=2500, pizzasInOrder=[{name=R1: Margarita, priceInPence=1000}, {name=R1: Calzone, priceInPence=1400}], creditCardInformation={creditCardNumber=3, creditCardExpiry=06/25, cvv=099}}
2025-01-16T16:58:23.375Z  WARN 26144 --- [PizzaDrone] [           main] u.a.e.i.p.c.ValidateOrderControllerTest  : Skipping order due to missing 'valid' field: {orderNo=1D323C01, orderDate=2025-01-17, orderStatus=INVALID, orderValidationCode=EXPIRY_DATE_INVALID, priceTotalInPence=2400, pizzasInOrder=[{name=R3: Super Cheese, priceInPence=1400}, {name=R3: All Shrooms, priceInPence=900}], creditCardInformation={creditCardNumber=5422392506170539, creditCardExpiry=10/02, cvv=553}}
2025-01-16T16:58:23.375Z  WARN 26144 --- [PizzaDrone] [           main] u.a.e.i.p.c.ValidateOrderControllerTest  : Skipping order due to missing 'valid' field: {orderNo=70611862, orderDate=2025-01-17, orderStatus=INVALID, orderValidationCode=CVV_INVALID, priceTotalInPence=2400, pizzasInOrder=[{name=R7: Hot, hotter, the hottest, priceInPence=1400}, {name=R7: All you ever wanted, priceInPence=900}], creditCardInformation={creditCardNumber=4402810654550662, creditCardExpiry=02/26, cvv=5656}}
2025-01-16T16:58:23.375Z  WARN 26144 --- [PizzaDrone] [           main] u.a.e.i.p.c.ValidateOrderControllerTest  : Skipping order due to missing 'valid' field: {orderNo=7A714820, orderDate=2025-01-17, orderStatus=INVALID, orderValidationCode=TOTAL_INCORRECT, priceTotalInPence=2950, pizzasInOrder=[{name=R3: Super Cheese, priceInPence=1400}, {name=R3: All Shrooms, priceInPence=900}], creditCardInformation={creditCardNumber=4950424458519414, creditCardExpiry=02/26, cvv=771}}
2025-01-16T16:58:23.375Z  WARN 26144 --- [PizzaDrone] [           main] u.a.e.i.p.c.ValidateOrderControllerTest  : Skipping order due to missing 'valid' field: {orderNo=7E74FF0A, orderDate=2025-01-17, orderStatus=INVALID, orderValidationCode=PIZZA_NOT_DEFINED, priceTotalInPence=498705280, pizzasInOrder=[{name=R7: Hot, hotter, the hottest, priceInPence=1400}, {name=R7: All you ever wanted, priceInPence=900}, {name=Pizza-Surprise , priceInPence=498702880}], creditCardInformation={creditCardNumber=4574733039444546, creditCardExpiry=05/25, cvv=387}}
2025-01-16T16:58:23.375Z  WARN 26144 --- [PizzaDrone] [           main] u.a.e.i.p.c.ValidateOrderControllerTest  : Skipping order due to missing 'valid' field: {orderNo=08C5EC82, orderDate=2025-01-17, orderStatus=INVALID, orderValidationCode=MAX_PIZZA_COUNT_EXCEEDED, priceTotalInPence=8000, pizzasInOrder=[{name=R3: Super Cheese, priceInPence=1400}, {name=R3: All Shrooms, priceInPence=900}, {name=R3: Super Cheese, priceInPence=1400}, {name=R3: Super Cheese, priceInPence=1400}, {name=R3: Super Cheese, priceInPence=1400}, {name=R3: Super Cheese, priceInPence=1400}], creditCardInformation={creditCardNumber=5178873746099295, creditCardExpiry=02/26, cvv=602}}
2025-01-16T16:58:23.375Z  WARN 26144 --- [PizzaDrone] [           main] u.a.e.i.p.c.ValidateOrderControllerTest  : Skipping order due to missing 'valid' field: {orderNo=5CB3CEE5, orderDate=2025-01-17, orderStatus=INVALID, orderValidationCode=PIZZA_FROM_MULTIPLE_RESTAURANTS, priceTotalInPence=3400, pizzasInOrder=[{name=R3: Super Cheese, priceInPence=1400}, {name=R3: All Shrooms, priceInPence=900}, {name=R1: Margarita, priceInPence=1000}], creditCardInformation={creditCardNumber=4565499712697815, creditCardExpiry=08/25, cvv=468}}
2025-01-16T16:58:23.375Z  WARN 26144 --- [PizzaDrone] [           main] u.a.e.i.p.c.ValidateOrderControllerTest  : Skipping order due to missing 'valid' field: {orderNo=750B1D7F, orderDate=2025-01-17, orderStatus=INVALID, orderValidationCode=RESTAURANT_CLOSED, priceTotalInPence=1500, pizzasInOrder=[{name=R4: Proper Pizza, priceInPence=1400}], creditCardInformation={creditCardNumber=4465326937680576, creditCardExpiry=09/25, cvv=468}}
2025-01-16T16:58:23.375Z  WARN 26144 --- [PizzaDrone] [           main] u.a.e.i.p.c.ValidateOrderControllerTest  : Skipping order due to missing 'valid' field: {orderNo=174D0740, orderDate=2025-01-17, orderStatus=INVALID, orderValidationCode=PRICE_FOR_PIZZA_INVALID, priceTotalInPence=2500, pizzasInOrder=[{name=R3: All Shrooms, priceInPence=900}, {name=R3: Super Cheese, priceInPence=1500}], creditCardInformation={creditCardNumber=4042739633414607, creditCardExpiry=01/26, cvv=812}}
2025-01-16T16:58:23.375Z  WARN 26144 --- [PizzaDrone] [           main] u.a.e.i.p.c.ValidateOrderControllerTest  : Skipping order due to missing 'valid' field: {orderNo=0543B224, orderDate=2025-01-17, orderStatus=INVALID, orderValidationCode=EMPTY_ORDER, priceTotalInPence=100, pizzasInOrder=[], creditCardInformation={creditCardNumber=5240341557713762, creditCardExpiry=02/25, cvv=958}}
2025-01-16T16:58:23.375Z  WARN 26144 --- [PizzaDrone] [           main] u.a.e.i.p.c.ValidateOrderControllerTest  : Skipping order due to missing 'valid' field: {orderNo=4E8C5660, orderDate=2025-01-18, orderStatus=INVALID, orderValidationCode=CARD_NUMBER_INVALID, priceTotalInPence=2400, pizzasInOrder=[{name=R5: Pizza Dream, priceInPence=1400}, {name=R5: My kind of pizza, priceInPence=900}], creditCardInformation={creditCardNumber=6032429, creditCardExpiry=01/26, cvv=499}}
2025-01-16T16:58:23.375Z  WARN 26144 --- [PizzaDrone] [           main] u.a.e.i.p.c.ValidateOrderControllerTest  : Skipping order due to missing 'valid' field: {orderNo=446E6413, orderDate=2025-01-18, orderStatus=INVALID, orderValidationCode=EXPIRY_DATE_INVALID, priceTotalInPence=2500, pizzasInOrder=[{name=R1: Margarita, priceInPence=1000}, {name=R1: Calzone, priceInPence=1400}], creditCardInformation={creditCardNumber=5358241844213345, creditCardExpiry=11/15, cvv=728}}
2025-01-16T16:58:23.375Z  WARN 26144 --- [PizzaDrone] [           main] u.a.e.i.p.c.ValidateOrderControllerTest  : Skipping order due to missing 'valid' field: {orderNo=594CE407, orderDate=2025-01-18, orderStatus=INVALID, orderValidationCode=CVV_INVALID, priceTotalInPence=2500, pizzasInOrder=[{name=R1: Margarita, priceInPence=1000}, {name=R1: Calzone, priceInPence=1400}], creditCardInformation={creditCardNumber=5537828007503779, creditCardExpiry=10/25, cvv=38996}}
2025-01-16T16:58:23.375Z  WARN 26144 --- [PizzaDrone] [           main] u.a.e.i.p.c.ValidateOrderControllerTest  : Skipping order due to missing 'valid' field: {orderNo=2F8E7C9A, orderDate=2025-01-18, orderStatus=INVALID, orderValidationCode=TOTAL_INCORRECT, priceTotalInPence=3109, pizzasInOrder=[{name=R4: Proper Pizza, priceInPence=1400}, {name=R4: Pineapple & Ham & Cheese, priceInPence=900}], creditCardInformation={creditCardNumber=4463156180135958, creditCardExpiry=09/25, cvv=074}}
2025-01-16T16:58:23.375Z  WARN 26144 --- [PizzaDrone] [           main] u.a.e.i.p.c.ValidateOrderControllerTest  : Skipping order due to missing 'valid' field: {orderNo=736E7048, orderDate=2025-01-18, orderStatus=INVALID, orderValidationCode=PIZZA_NOT_DEFINED, priceTotalInPence=498705380, pizzasInOrder=[{name=R1: Margarita, priceInPence=1000}, {name=R1: Calzone, priceInPence=1400}, {name=Pizza-Surprise , priceInPence=498702880}], creditCardInformation={creditCardNumber=5539739988871630, creditCardExpiry=01/26, cvv=647}}
2025-01-16T16:58:23.375Z  WARN 26144 --- [PizzaDrone] [           main] u.a.e.i.p.c.ValidateOrderControllerTest  : Skipping order due to missing 'valid' field: {orderNo=3853D4D8, orderDate=2025-01-18, orderStatus=INVALID, orderValidationCode=MAX_PIZZA_COUNT_EXCEEDED, priceTotalInPence=6500, pizzasInOrder=[{name=R1: Margarita, priceInPence=1000}, {name=R1: Calzone, priceInPence=1400}, {name=R1: Margarita, priceInPence=1000}, {name=R1: Margarita, priceInPence=1000}, {name=R1: Margarita, priceInPence=1000}, {name=R1: Margarita, priceInPence=1000}], creditCardInformation={creditCardNumber=5101575367409180, creditCardExpiry=02/25, cvv=121}}
2025-01-16T16:58:23.375Z  WARN 26144 --- [PizzaDrone] [           main] u.a.e.i.p.c.ValidateOrderControllerTest  : Skipping order due to missing 'valid' field: {orderNo=1D0895D7, orderDate=2025-01-18, orderStatus=INVALID, orderValidationCode=PIZZA_FROM_MULTIPLE_RESTAURANTS, priceTotalInPence=3400, pizzasInOrder=[{name=R5: Pizza Dream, priceInPence=1400}, {name=R5: My kind of pizza, priceInPence=900}, {name=R1: Margarita, priceInPence=1000}], creditCardInformation={creditCardNumber=2221896959351453, creditCardExpiry=09/25, cvv=933}}
2025-01-16T16:58:23.375Z  WARN 26144 --- [PizzaDrone] [           main] u.a.e.i.p.c.ValidateOrderControllerTest  : Skipping order due to missing 'valid' field: {orderNo=04012C39, orderDate=2025-01-18, orderStatus=INVALID, orderValidationCode=RESTAURANT_CLOSED, priceTotalInPence=1500, pizzasInOrder=[{name=R2: Meat Lover, priceInPence=1400}], creditCardInformation={creditCardNumber=5461215610680030, creditCardExpiry=01/26, cvv=651}}
2025-01-16T16:58:23.375Z  WARN 26144 --- [PizzaDrone] [           main] u.a.e.i.p.c.ValidateOrderControllerTest  : Skipping order due to missing 'valid' field: {orderNo=7DA6ABB6, orderDate=2025-01-18, orderStatus=INVALID, orderValidationCode=PRICE_FOR_PIZZA_INVALID, priceTotalInPence=2500, pizzasInOrder=[{name=R3: All Shrooms, priceInPence=900}, {name=R3: Super Cheese, priceInPence=1500}], creditCardInformation={creditCardNumber=4245928580253960, creditCardExpiry=10/25, cvv=243}}
2025-01-16T16:58:23.375Z  WARN 26144 --- [PizzaDrone] [           main] u.a.e.i.p.c.ValidateOrderControllerTest  : Skipping order due to missing 'valid' field: {orderNo=1A44D877, orderDate=2025-01-18, orderStatus=INVALID, orderValidationCode=EMPTY_ORDER, priceTotalInPence=100, pizzasInOrder=[], creditCardInformation={creditCardNumber=2221919651772113, creditCardExpiry=09/25, cvv=874}}
2025-01-16T16:58:23.375Z  WARN 26144 --- [PizzaDrone] [           main] u.a.e.i.p.c.ValidateOrderControllerTest  : Skipping order due to missing 'valid' field: {orderNo=50BB05F4, orderDate=2025-01-19, orderStatus=INVALID, orderValidationCode=CARD_NUMBER_INVALID, priceTotalInPence=2500, pizzasInOrder=[{name=R1: Margarita, priceInPence=1000}, {name=R1: Calzone, priceInPence=1400}], creditCardInformation={creditCardNumber=5872185, creditCardExpiry=03/25, cvv=898}}
2025-01-16T16:58:23.376Z  WARN 26144 --- [PizzaDrone] [           main] u.a.e.i.p.c.ValidateOrderControllerTest  : Skipping order due to missing 'valid' field: {orderNo=1E11DE72, orderDate=2025-01-19, orderStatus=INVALID, orderValidationCode=EXPIRY_DATE_INVALID, priceTotalInPence=2400, pizzasInOrder=[{name=R6: Sucuk delight, priceInPence=1400}, {name=R6: Dreams of Syria, priceInPence=900}], creditCardInformation={creditCardNumber=4493243847088632, creditCardExpiry=04/06, cvv=580}}
2025-01-16T16:58:23.376Z  WARN 26144 --- [PizzaDrone] [           main] u.a.e.i.p.c.ValidateOrderControllerTest  : Skipping order due to missing 'valid' field: {orderNo=17BF7B00, orderDate=2025-01-19, orderStatus=INVALID, orderValidationCode=CVV_INVALID, priceTotalInPence=2400, pizzasInOrder=[{name=R5: Pizza Dream, priceInPence=1400}, {name=R5: My kind of pizza, priceInPence=900}], creditCardInformation={creditCardNumber=5295046591335324, creditCardExpiry=08/25, cvv=461949}}
2025-01-16T16:58:23.376Z  WARN 26144 --- [PizzaDrone] [           main] u.a.e.i.p.c.ValidateOrderControllerTest  : Skipping order due to missing 'valid' field: {orderNo=034D0CAA, orderDate=2025-01-19, orderStatus=INVALID, orderValidationCode=TOTAL_INCORRECT, priceTotalInPence=2317, pizzasInOrder=[{name=R6: Sucuk delight, priceInPence=1400}, {name=R6: Dreams of Syria, priceInPence=900}], creditCardInformation={creditCardNumber=5156059943512282, creditCardExpiry=10/25, cvv=939}}
2025-01-16T16:58:23.376Z  WARN 26144 --- [PizzaDrone] [           main] u.a.e.i.p.c.ValidateOrderControllerTest  : Skipping order due to missing 'valid' field: {orderNo=46213373, orderDate=2025-01-19, orderStatus=INVALID, orderValidationCode=PIZZA_NOT_DEFINED, priceTotalInPence=498705280, pizzasInOrder=[{name=R5: Pizza Dream, priceInPence=1400}, {name=R5: My kind of pizza, priceInPence=900}, {name=Pizza-Surprise , priceInPence=498702880}], creditCardInformation={creditCardNumber=5127555230441883, creditCardExpiry=03/26, cvv=372}}
2025-01-16T16:58:23.376Z  WARN 26144 --- [PizzaDrone] [           main] u.a.e.i.p.c.ValidateOrderControllerTest  : Skipping order due to missing 'valid' field: {orderNo=14CFEA85, orderDate=2025-01-19, orderStatus=INVALID, orderValidationCode=MAX_PIZZA_COUNT_EXCEEDED, priceTotalInPence=8000, pizzasInOrder=[{name=R5: Pizza Dream, priceInPence=1400}, {name=R5: My kind of pizza, priceInPence=900}, {name=R5: Pizza Dream, priceInPence=1400}, {name=R5: Pizza Dream, priceInPence=1400}, {name=R5: Pizza Dream, priceInPence=1400}, {name=R5: Pizza Dream, priceInPence=1400}], creditCardInformation={creditCardNumber=5503228646390508, creditCardExpiry=06/25, cvv=099}}
2025-01-16T16:58:23.376Z  WARN 26144 --- [PizzaDrone] [           main] u.a.e.i.p.c.ValidateOrderControllerTest  : Skipping order due to missing 'valid' field: {orderNo=006BB4B4, orderDate=2025-01-19, orderStatus=INVALID, orderValidationCode=PIZZA_FROM_MULTIPLE_RESTAURANTS, priceTotalInPence=3900, pizzasInOrder=[{name=R1: Margarita, priceInPence=1000}, {name=R1: Calzone, priceInPence=1400}, {name=R3: Super Cheese, priceInPence=1400}], creditCardInformation={creditCardNumber=2720161600434208, creditCardExpiry=02/26, cvv=832}}
2025-01-16T16:58:23.376Z  WARN 26144 --- [PizzaDrone] [           main] u.a.e.i.p.c.ValidateOrderControllerTest  : Skipping order due to missing 'valid' field: {orderNo=7B925401, orderDate=2025-01-19, orderStatus=INVALID, orderValidationCode=RESTAURANT_CLOSED, priceTotalInPence=1500, pizzasInOrder=[{name=R2: Meat Lover, priceInPence=1400}], creditCardInformation={creditCardNumber=4522659507324824, creditCardExpiry=08/25, cvv=601}}
2025-01-16T16:58:23.376Z  WARN 26144 --- [PizzaDrone] [           main] u.a.e.i.p.c.ValidateOrderControllerTest  : Skipping order due to missing 'valid' field: {orderNo=68011FBB, orderDate=2025-01-19, orderStatus=INVALID, orderValidationCode=PRICE_FOR_PIZZA_INVALID, priceTotalInPence=2600, pizzasInOrder=[{name=R1: Calzone, priceInPence=1400}, {name=R1: Margarita, priceInPence=1100}], creditCardInformation={creditCardNumber=4003733886234215, creditCardExpiry=11/25, cvv=429}}
2025-01-16T16:58:23.376Z  WARN 26144 --- [PizzaDrone] [           main] u.a.e.i.p.c.ValidateOrderControllerTest  : Skipping order due to missing 'valid' field: {orderNo=6D210182, orderDate=2025-01-19, orderStatus=INVALID, orderValidationCode=EMPTY_ORDER, priceTotalInPence=100, pizzasInOrder=[], creditCardInformation={creditCardNumber=4664365458809858, creditCardExpiry=10/25, cvv=027}}
2025-01-16T16:58:23.376Z  WARN 26144 --- [PizzaDrone] [           main] u.a.e.i.p.c.ValidateOrderControllerTest  : Skipping order due to missing 'valid' field: {orderNo=6C47DAEC, orderDate=2025-01-20, orderStatus=INVALID, orderValidationCode=CARD_NUMBER_INVALID, priceTotalInPence=2400, pizzasInOrder=[{name=R6: Sucuk delight, priceInPence=1400}, {name=R6: Dreams of Syria, priceInPence=900}], creditCardInformation={creditCardNumber=38926608481, creditCardExpiry=02/26, cvv=887}}
2025-01-16T16:58:23.376Z  WARN 26144 --- [PizzaDrone] [           main] u.a.e.i.p.c.ValidateOrderControllerTest  : Skipping order due to missing 'valid' field: {orderNo=73E6BD63, orderDate=2025-01-20, orderStatus=INVALID, orderValidationCode=EXPIRY_DATE_INVALID, priceTotalInPence=2500, pizzasInOrder=[{name=R1: Margarita, priceInPence=1000}, {name=R1: Calzone, priceInPence=1400}], creditCardInformation={creditCardNumber=4281722765388484, creditCardExpiry=18/07, cvv=113}}
2025-01-16T16:58:23.376Z  WARN 26144 --- [PizzaDrone] [           main] u.a.e.i.p.c.ValidateOrderControllerTest  : Skipping order due to missing 'valid' field: {orderNo=07B96E83, orderDate=2025-01-20, orderStatus=INVALID, orderValidationCode=CVV_INVALID, priceTotalInPence=2600, pizzasInOrder=[{name=R2: Meat Lover, priceInPence=1400}, {name=R2: Vegan Delight, priceInPence=1100}], creditCardInformation={creditCardNumber=2720230533981187, creditCardExpiry=05/25, cvv=731085}}
2025-01-16T16:58:23.376Z  WARN 26144 --- [PizzaDrone] [           main] u.a.e.i.p.c.ValidateOrderControllerTest  : Skipping order due to missing 'valid' field: {orderNo=62FB01CB, orderDate=2025-01-20, orderStatus=INVALID, orderValidationCode=TOTAL_INCORRECT, priceTotalInPence=3210, pizzasInOrder=[{name=R5: Pizza Dream, priceInPence=1400}, {name=R5: My kind of pizza, priceInPence=900}], creditCardInformation={creditCardNumber=4346321185617474, creditCardExpiry=05/25, cvv=987}}
2025-01-16T16:58:23.376Z  WARN 26144 --- [PizzaDrone] [           main] u.a.e.i.p.c.ValidateOrderControllerTest  : Skipping order due to missing 'valid' field: {orderNo=7CA717BD, orderDate=2025-01-20, orderStatus=INVALID, orderValidationCode=PIZZA_NOT_DEFINED, priceTotalInPence=498705480, pizzasInOrder=[{name=R2: Meat Lover, priceInPence=1400}, {name=R2: Vegan Delight, priceInPence=1100}, {name=Pizza-Surprise , priceInPence=498702880}], creditCardInformation={creditCardNumber=4492467018669349, creditCardExpiry=09/25, cvv=620}}
2025-01-16T16:58:23.376Z  WARN 26144 --- [PizzaDrone] [           main] u.a.e.i.p.c.ValidateOrderControllerTest  : Skipping order due to missing 'valid' field: {orderNo=063F751E, orderDate=2025-01-20, orderStatus=INVALID, orderValidationCode=MAX_PIZZA_COUNT_EXCEEDED, priceTotalInPence=8200, pizzasInOrder=[{name=R2: Meat Lover, priceInPence=1400}, {name=R2: Vegan Delight, priceInPence=1100}, {name=R2: Meat Lover, priceInPence=1400}, {name=R2: Meat Lover, priceInPence=1400}, {name=R2: Meat Lover, priceInPence=1400}, {name=R2: Meat Lover, priceInPence=1400}], creditCardInformation={creditCardNumber=4600379373281090, creditCardExpiry=09/25, cvv=240}}
2025-01-16T16:58:23.376Z  WARN 26144 --- [PizzaDrone] [           main] u.a.e.i.p.c.ValidateOrderControllerTest  : Skipping order due to missing 'valid' field: {orderNo=0BD94D0C, orderDate=2025-01-20, orderStatus=INVALID, orderValidationCode=PIZZA_FROM_MULTIPLE_RESTAURANTS, priceTotalInPence=3400, pizzasInOrder=[{name=R6: Sucuk delight, priceInPence=1400}, {name=R6: Dreams of Syria, priceInPence=900}, {name=R1: Margarita, priceInPence=1000}], creditCardInformation={creditCardNumber=4319735019982619, creditCardExpiry=04/25, cvv=943}}
2025-01-16T16:58:23.376Z  WARN 26144 --- [PizzaDrone] [           main] u.a.e.i.p.c.ValidateOrderControllerTest  : Skipping order due to missing 'valid' field: {orderNo=5F01E605, orderDate=2025-01-20, orderStatus=INVALID, orderValidationCode=RESTAURANT_CLOSED, priceTotalInPence=1500, pizzasInOrder=[{name=R3: Super Cheese, priceInPence=1400}], creditCardInformation={creditCardNumber=5194381758105091, creditCardExpiry=02/25, cvv=823}}
2025-01-16T16:58:23.376Z  WARN 26144 --- [PizzaDrone] [           main] u.a.e.i.p.c.ValidateOrderControllerTest  : Skipping order due to missing 'valid' field: {orderNo=54B0DBF4, orderDate=2025-01-20, orderStatus=INVALID, orderValidationCode=PRICE_FOR_PIZZA_INVALID, priceTotalInPence=2500, pizzasInOrder=[{name=R6: Dreams of Syria, priceInPence=900}, {name=R6: Sucuk delight, priceInPence=1500}], creditCardInformation={creditCardNumber=5465296394729884, creditCardExpiry=08/25, cvv=208}}
2025-01-16T16:58:23.376Z  WARN 26144 --- [PizzaDrone] [           main] u.a.e.i.p.c.ValidateOrderControllerTest  : Skipping order due to missing 'valid' field: {orderNo=5E8C1981, orderDate=2025-01-20, orderStatus=INVALID, orderValidationCode=EMPTY_ORDER, priceTotalInPence=100, pizzasInOrder=[], creditCardInformation={creditCardNumber=5430771457067671, creditCardExpiry=07/25, cvv=394}}
2025-01-16T16:58:23.376Z  WARN 26144 --- [PizzaDrone] [           main] u.a.e.i.p.c.ValidateOrderControllerTest  : Skipping order due to missing 'valid' field: {orderNo=59C9BCD1, orderDate=2025-01-21, orderStatus=INVALID, orderValidationCode=CARD_NUMBER_INVALID, priceTotalInPence=2400, pizzasInOrder=[{name=R4: Proper Pizza, priceInPence=1400}, {name=R4: Pineapple & Ham & Cheese, priceInPence=900}], creditCardInformation={creditCardNumber=252660665747, creditCardExpiry=02/26, cvv=396}}
2025-01-16T16:58:23.376Z  WARN 26144 --- [PizzaDrone] [           main] u.a.e.i.p.c.ValidateOrderControllerTest  : Skipping order due to missing 'valid' field: {orderNo=63571F2B, orderDate=2025-01-21, orderStatus=INVALID, orderValidationCode=EXPIRY_DATE_INVALID, priceTotalInPence=2400, pizzasInOrder=[{name=R7: Hot, hotter, the hottest, priceInPence=1400}, {name=R7: All you ever wanted, priceInPence=900}], creditCardInformation={creditCardNumber=4991453028990194, creditCardExpiry=11/13, cvv=092}}
2025-01-16T16:58:23.376Z  WARN 26144 --- [PizzaDrone] [           main] u.a.e.i.p.c.ValidateOrderControllerTest  : Skipping order due to missing 'valid' field: {orderNo=2651C4F4, orderDate=2025-01-21, orderStatus=INVALID, orderValidationCode=CVV_INVALID, priceTotalInPence=2400, pizzasInOrder=[{name=R4: Proper Pizza, priceInPence=1400}, {name=R4: Pineapple & Ham & Cheese, priceInPence=900}], creditCardInformation={creditCardNumber=4460909540554505, creditCardExpiry=04/25, cvv=4031}}
2025-01-16T16:58:23.376Z  WARN 26144 --- [PizzaDrone] [           main] u.a.e.i.p.c.ValidateOrderControllerTest  : Skipping order due to missing 'valid' field: {orderNo=7FBBBD0E, orderDate=2025-01-21, orderStatus=INVALID, orderValidationCode=TOTAL_INCORRECT, priceTotalInPence=2511, pizzasInOrder=[{name=R1: Margarita, priceInPence=1000}, {name=R1: Calzone, priceInPence=1400}], creditCardInformation={creditCardNumber=4345658431349654, creditCardExpiry=09/25, cvv=107}}
2025-01-16T16:58:23.376Z  WARN 26144 --- [PizzaDrone] [           main] u.a.e.i.p.c.ValidateOrderControllerTest  : Skipping order due to missing 'valid' field: {orderNo=68D6DECA, orderDate=2025-01-21, orderStatus=INVALID, orderValidationCode=PIZZA_NOT_DEFINED, priceTotalInPence=498705280, pizzasInOrder=[{name=R7: Hot, hotter, the hottest, priceInPence=1400}, {name=R7: All you ever wanted, priceInPence=900}, {name=Pizza-Surprise , priceInPence=498702880}], creditCardInformation={creditCardNumber=4472820988367910, creditCardExpiry=10/25, cvv=406}}
2025-01-16T16:58:23.376Z  WARN 26144 --- [PizzaDrone] [           main] u.a.e.i.p.c.ValidateOrderControllerTest  : Skipping order due to missing 'valid' field: {orderNo=77B3F637, orderDate=2025-01-21, orderStatus=INVALID, orderValidationCode=MAX_PIZZA_COUNT_EXCEEDED, priceTotalInPence=8000, pizzasInOrder=[{name=R6: Sucuk delight, priceInPence=1400}, {name=R6: Dreams of Syria, priceInPence=900}, {name=R6: Sucuk delight, priceInPence=1400}, {name=R6: Sucuk delight, priceInPence=1400}, {name=R6: Sucuk delight, priceInPence=1400}, {name=R6: Sucuk delight, priceInPence=1400}], creditCardInformation={creditCardNumber=4330684323413090, creditCardExpiry=01/26, cvv=688}}
2025-01-16T16:58:23.376Z  WARN 26144 --- [PizzaDrone] [           main] u.a.e.i.p.c.ValidateOrderControllerTest  : Skipping order due to missing 'valid' field: {orderNo=0196226E, orderDate=2025-01-21, orderStatus=INVALID, orderValidationCode=PIZZA_FROM_MULTIPLE_RESTAURANTS, priceTotalInPence=3400, pizzasInOrder=[{name=R7: Hot, hotter, the hottest, priceInPence=1400}, {name=R7: All you ever wanted, priceInPence=900}, {name=R1: Margarita, priceInPence=1000}], creditCardInformation={creditCardNumber=5208030491329989, creditCardExpiry=05/25, cvv=183}}
2025-01-16T16:58:23.376Z  WARN 26144 --- [PizzaDrone] [           main] u.a.e.i.p.c.ValidateOrderControllerTest  : Skipping order due to missing 'valid' field: {orderNo=0CA88C32, orderDate=2025-01-21, orderStatus=INVALID, orderValidationCode=RESTAURANT_CLOSED, priceTotalInPence=1500, pizzasInOrder=[{name=R3: Super Cheese, priceInPence=1400}], creditCardInformation={creditCardNumber=2720965293502992, creditCardExpiry=01/26, cvv=763}}
2025-01-16T16:58:23.376Z  WARN 26144 --- [PizzaDrone] [           main] u.a.e.i.p.c.ValidateOrderControllerTest  : Skipping order due to missing 'valid' field: {orderNo=04D63B2B, orderDate=2025-01-21, orderStatus=INVALID, orderValidationCode=PRICE_FOR_PIZZA_INVALID, priceTotalInPence=2600, pizzasInOrder=[{name=R1: Calzone, priceInPence=1400}, {name=R1: Margarita, priceInPence=1100}], creditCardInformation={creditCardNumber=4806530679306328, creditCardExpiry=07/25, cvv=440}}
2025-01-16T16:58:23.376Z  WARN 26144 --- [PizzaDrone] [           main] u.a.e.i.p.c.ValidateOrderControllerTest  : Skipping order due to missing 'valid' field: {orderNo=2A29A661, orderDate=2025-01-21, orderStatus=INVALID, orderValidationCode=EMPTY_ORDER, priceTotalInPence=100, pizzasInOrder=[], creditCardInformation={creditCardNumber=5333018694488593, creditCardExpiry=02/25, cvv=232}}
2025-01-16T16:58:23.376Z  WARN 26144 --- [PizzaDrone] [           main] u.a.e.i.p.c.ValidateOrderControllerTest  : Skipping order due to missing 'valid' field: {orderNo=2BB8E5E6, orderDate=2025-01-22, orderStatus=INVALID, orderValidationCode=CARD_NUMBER_INVALID, priceTotalInPence=2400, pizzasInOrder=[{name=R3: Super Cheese, priceInPence=1400}, {name=R3: All Shrooms, priceInPence=900}], creditCardInformation={creditCardNumber=4434, creditCardExpiry=07/25, cvv=017}}
2025-01-16T16:58:23.376Z  WARN 26144 --- [PizzaDrone] [           main] u.a.e.i.p.c.ValidateOrderControllerTest  : Skipping order due to missing 'valid' field: {orderNo=5EF04976, orderDate=2025-01-22, orderStatus=INVALID, orderValidationCode=EXPIRY_DATE_INVALID, priceTotalInPence=2600, pizzasInOrder=[{name=R2: Meat Lover, priceInPence=1400}, {name=R2: Vegan Delight, priceInPence=1100}], creditCardInformation={creditCardNumber=5110954872035336, creditCardExpiry=14/02, cvv=245}}
2025-01-16T16:58:23.376Z  WARN 26144 --- [PizzaDrone] [           main] u.a.e.i.p.c.ValidateOrderControllerTest  : Skipping order due to missing 'valid' field: {orderNo=53CD1486, orderDate=2025-01-22, orderStatus=INVALID, orderValidationCode=CVV_INVALID, priceTotalInPence=2600, pizzasInOrder=[{name=R2: Meat Lover, priceInPence=1400}, {name=R2: Vegan Delight, priceInPence=1100}], creditCardInformation={creditCardNumber=4534136589350643, creditCardExpiry=11/25, cvv=5}}
2025-01-16T16:58:23.376Z  WARN 26144 --- [PizzaDrone] [           main] u.a.e.i.p.c.ValidateOrderControllerTest  : Skipping order due to missing 'valid' field: {orderNo=3E12B2D2, orderDate=2025-01-22, orderStatus=INVALID, orderValidationCode=TOTAL_INCORRECT, priceTotalInPence=2759, pizzasInOrder=[{name=R2: Meat Lover, priceInPence=1400}, {name=R2: Vegan Delight, priceInPence=1100}], creditCardInformation={creditCardNumber=4164653229496690, creditCardExpiry=05/25, cvv=543}}
2025-01-16T16:58:23.376Z  WARN 26144 --- [PizzaDrone] [           main] u.a.e.i.p.c.ValidateOrderControllerTest  : Skipping order due to missing 'valid' field: {orderNo=2E95BE82, orderDate=2025-01-22, orderStatus=INVALID, orderValidationCode=PIZZA_NOT_DEFINED, priceTotalInPence=498705280, pizzasInOrder=[{name=R6: Sucuk delight, priceInPence=1400}, {name=R6: Dreams of Syria, priceInPence=900}, {name=Pizza-Surprise , priceInPence=498702880}], creditCardInformation={creditCardNumber=4392088506065773, creditCardExpiry=02/26, cvv=467}}
2025-01-16T16:58:23.376Z  WARN 26144 --- [PizzaDrone] [           main] u.a.e.i.p.c.ValidateOrderControllerTest  : Skipping order due to missing 'valid' field: {orderNo=1AB0B448, orderDate=2025-01-22, orderStatus=INVALID, orderValidationCode=MAX_PIZZA_COUNT_EXCEEDED, priceTotalInPence=8200, pizzasInOrder=[{name=R2: Meat Lover, priceInPence=1400}, {name=R2: Vegan Delight, priceInPence=1100}, {name=R2: Meat Lover, priceInPence=1400}, {name=R2: Meat Lover, priceInPence=1400}, {name=R2: Meat Lover, priceInPence=1400}, {name=R2: Meat Lover, priceInPence=1400}], creditCardInformation={creditCardNumber=4654824113503480, creditCardExpiry=11/25, cvv=521}}
2025-01-16T16:58:23.376Z  WARN 26144 --- [PizzaDrone] [           main] u.a.e.i.p.c.ValidateOrderControllerTest  : Skipping order due to missing 'valid' field: {orderNo=4DA67CDE, orderDate=2025-01-22, orderStatus=INVALID, orderValidationCode=PIZZA_FROM_MULTIPLE_RESTAURANTS, priceTotalInPence=4000, pizzasInOrder=[{name=R2: Meat Lover, priceInPence=1400}, {name=R2: Vegan Delight, priceInPence=1100}, {name=R3: Super Cheese, priceInPence=1400}], creditCardInformation={creditCardNumber=4393066455712305, creditCardExpiry=02/25, cvv=582}}
2025-01-16T16:58:23.376Z  WARN 26144 --- [PizzaDrone] [           main] u.a.e.i.p.c.ValidateOrderControllerTest  : Skipping order due to missing 'valid' field: {orderNo=6CA53242, orderDate=2025-01-22, orderStatus=INVALID, orderValidationCode=RESTAURANT_CLOSED, priceTotalInPence=1100, pizzasInOrder=[{name=R1: Margarita, priceInPence=1000}], creditCardInformation={creditCardNumber=4811417139112616, creditCardExpiry=08/25, cvv=041}}
2025-01-16T16:58:23.376Z  WARN 26144 --- [PizzaDrone] [           main] u.a.e.i.p.c.ValidateOrderControllerTest  : Skipping order due to missing 'valid' field: {orderNo=537BA091, orderDate=2025-01-22, orderStatus=INVALID, orderValidationCode=PRICE_FOR_PIZZA_INVALID, priceTotalInPence=2500, pizzasInOrder=[{name=R3: All Shrooms, priceInPence=900}, {name=R3: Super Cheese, priceInPence=1500}], creditCardInformation={creditCardNumber=5280895814856194, creditCardExpiry=03/25, cvv=514}}
2025-01-16T16:58:23.376Z  WARN 26144 --- [PizzaDrone] [           main] u.a.e.i.p.c.ValidateOrderControllerTest  : Skipping order due to missing 'valid' field: {orderNo=256FD018, orderDate=2025-01-22, orderStatus=INVALID, orderValidationCode=EMPTY_ORDER, priceTotalInPence=100, pizzasInOrder=[], creditCardInformation={creditCardNumber=5217918245436911, creditCardExpiry=03/26, cvv=194}}
2025-01-16T16:58:23.376Z  WARN 26144 --- [PizzaDrone] [           main] u.a.e.i.p.c.ValidateOrderControllerTest  : Skipping order due to missing 'valid' field: {orderNo=7931C989, orderDate=2025-01-23, orderStatus=INVALID, orderValidationCode=CARD_NUMBER_INVALID, priceTotalInPence=2400, pizzasInOrder=[{name=R7: Hot, hotter, the hottest, priceInPence=1400}, {name=R7: All you ever wanted, priceInPence=900}], creditCardInformation={creditCardNumber=18330, creditCardExpiry=10/25, cvv=009}}
2025-01-16T16:58:23.376Z  WARN 26144 --- [PizzaDrone] [           main] u.a.e.i.p.c.ValidateOrderControllerTest  : Skipping order due to missing 'valid' field: {orderNo=6B3A260D, orderDate=2025-01-23, orderStatus=INVALID, orderValidationCode=EXPIRY_DATE_INVALID, priceTotalInPence=2400, pizzasInOrder=[{name=R5: Pizza Dream, priceInPence=1400}, {name=R5: My kind of pizza, priceInPence=900}], creditCardInformation={creditCardNumber=4873248349029000, creditCardExpiry=04/12, cvv=850}}
2025-01-16T16:58:23.376Z  WARN 26144 --- [PizzaDrone] [           main] u.a.e.i.p.c.ValidateOrderControllerTest  : Skipping order due to missing 'valid' field: {orderNo=36ED5CC0, orderDate=2025-01-23, orderStatus=INVALID, orderValidationCode=CVV_INVALID, priceTotalInPence=2600, pizzasInOrder=[{name=R2: Meat Lover, priceInPence=1400}, {name=R2: Vegan Delight, priceInPence=1100}], creditCardInformation={creditCardNumber=5517965382020369, creditCardExpiry=05/25, cvv=8784}}
2025-01-16T16:58:23.376Z  WARN 26144 --- [PizzaDrone] [           main] u.a.e.i.p.c.ValidateOrderControllerTest  : Skipping order due to missing 'valid' field: {orderNo=66429728, orderDate=2025-01-23, orderStatus=INVALID, orderValidationCode=TOTAL_INCORRECT, priceTotalInPence=2341, pizzasInOrder=[{name=R3: Super Cheese, priceInPence=1400}, {name=R3: All Shrooms, priceInPence=900}], creditCardInformation={creditCardNumber=2720856299889097, creditCardExpiry=01/26, cvv=622}}
2025-01-16T16:58:23.376Z  WARN 26144 --- [PizzaDrone] [           main] u.a.e.i.p.c.ValidateOrderControllerTest  : Skipping order due to missing 'valid' field: {orderNo=0C3AAD40, orderDate=2025-01-23, orderStatus=INVALID, orderValidationCode=PIZZA_NOT_DEFINED, priceTotalInPence=498705280, pizzasInOrder=[{name=R7: Hot, hotter, the hottest, priceInPence=1400}, {name=R7: All you ever wanted, priceInPence=900}, {name=Pizza-Surprise , priceInPence=498702880}], creditCardInformation={creditCardNumber=4123981603246377, creditCardExpiry=06/25, cvv=294}}
2025-01-16T16:58:23.377Z  WARN 26144 --- [PizzaDrone] [           main] u.a.e.i.p.c.ValidateOrderControllerTest  : Skipping order due to missing 'valid' field: {orderNo=17E2BB95, orderDate=2025-01-23, orderStatus=INVALID, orderValidationCode=MAX_PIZZA_COUNT_EXCEEDED, priceTotalInPence=8000, pizzasInOrder=[{name=R5: Pizza Dream, priceInPence=1400}, {name=R5: My kind of pizza, priceInPence=900}, {name=R5: Pizza Dream, priceInPence=1400}, {name=R5: Pizza Dream, priceInPence=1400}, {name=R5: Pizza Dream, priceInPence=1400}, {name=R5: Pizza Dream, priceInPence=1400}], creditCardInformation={creditCardNumber=4705145716537611, creditCardExpiry=10/25, cvv=783}}
2025-01-16T16:58:23.377Z  WARN 26144 --- [PizzaDrone] [           main] u.a.e.i.p.c.ValidateOrderControllerTest  : Skipping order due to missing 'valid' field: {orderNo=635ED389, orderDate=2025-01-23, orderStatus=INVALID, orderValidationCode=PIZZA_FROM_MULTIPLE_RESTAURANTS, priceTotalInPence=3800, pizzasInOrder=[{name=R7: Hot, hotter, the hottest, priceInPence=1400}, {name=R7: All you ever wanted, priceInPence=900}, {name=R2: Meat Lover, priceInPence=1400}], creditCardInformation={creditCardNumber=4631764413934555, creditCardExpiry=07/25, cvv=006}}
2025-01-16T16:58:23.377Z  WARN 26144 --- [PizzaDrone] [           main] u.a.e.i.p.c.ValidateOrderControllerTest  : Skipping order due to missing 'valid' field: {orderNo=63DDCDA3, orderDate=2025-01-23, orderStatus=INVALID, orderValidationCode=RESTAURANT_CLOSED, priceTotalInPence=1100, pizzasInOrder=[{name=R1: Margarita, priceInPence=1000}], creditCardInformation={creditCardNumber=5448995761475151, creditCardExpiry=10/25, cvv=615}}
2025-01-16T16:58:23.377Z  WARN 26144 --- [PizzaDrone] [           main] u.a.e.i.p.c.ValidateOrderControllerTest  : Skipping order due to missing 'valid' field: {orderNo=6D7CD38A, orderDate=2025-01-23, orderStatus=INVALID, orderValidationCode=PRICE_FOR_PIZZA_INVALID, priceTotalInPence=2500, pizzasInOrder=[{name=R5: My kind of pizza, priceInPence=900}, {name=R5: Pizza Dream, priceInPence=1500}], creditCardInformation={creditCardNumber=4922530150153883, creditCardExpiry=02/25, cvv=076}}
2025-01-16T16:58:23.377Z  WARN 26144 --- [PizzaDrone] [           main] u.a.e.i.p.c.ValidateOrderControllerTest  : Skipping order due to missing 'valid' field: {orderNo=1B185D98, orderDate=2025-01-23, orderStatus=INVALID, orderValidationCode=EMPTY_ORDER, priceTotalInPence=100, pizzasInOrder=[], creditCardInformation={creditCardNumber=5123523776111256, creditCardExpiry=03/25, cvv=560}}
2025-01-16T16:58:23.377Z  WARN 26144 --- [PizzaDrone] [           main] u.a.e.i.p.c.ValidateOrderControllerTest  : Skipping order due to missing 'valid' field: {orderNo=68CF874C, orderDate=2025-01-24, orderStatus=INVALID, orderValidationCode=CARD_NUMBER_INVALID, priceTotalInPence=2600, pizzasInOrder=[{name=R2: Meat Lover, priceInPence=1400}, {name=R2: Vegan Delight, priceInPence=1100}], creditCardInformation={creditCardNumber=7, creditCardExpiry=02/26, cvv=704}}
2025-01-16T16:58:23.377Z  WARN 26144 --- [PizzaDrone] [           main] u.a.e.i.p.c.ValidateOrderControllerTest  : Skipping order due to missing 'valid' field: {orderNo=0FE9FF1F, orderDate=2025-01-24, orderStatus=INVALID, orderValidationCode=EXPIRY_DATE_INVALID, priceTotalInPence=2600, pizzasInOrder=[{name=R2: Meat Lover, priceInPence=1400}, {name=R2: Vegan Delight, priceInPence=1100}], creditCardInformation={creditCardNumber=4799530731506849, creditCardExpiry=05/12, cvv=354}}
2025-01-16T16:58:23.377Z  WARN 26144 --- [PizzaDrone] [           main] u.a.e.i.p.c.ValidateOrderControllerTest  : Skipping order due to missing 'valid' field: {orderNo=21CFC719, orderDate=2025-01-24, orderStatus=INVALID, orderValidationCode=CVV_INVALID, priceTotalInPence=2500, pizzasInOrder=[{name=R1: Margarita, priceInPence=1000}, {name=R1: Calzone, priceInPence=1400}], creditCardInformation={creditCardNumber=5108485788860503, creditCardExpiry=07/25, cvv=363966}}
2025-01-16T16:58:23.377Z  WARN 26144 --- [PizzaDrone] [           main] u.a.e.i.p.c.ValidateOrderControllerTest  : Skipping order due to missing 'valid' field: {orderNo=5F10C665, orderDate=2025-01-24, orderStatus=INVALID, orderValidationCode=TOTAL_INCORRECT, priceTotalInPence=3045, pizzasInOrder=[{name=R1: Margarita, priceInPence=1000}, {name=R1: Calzone, priceInPence=1400}], creditCardInformation={creditCardNumber=4048289003217556, creditCardExpiry=05/25, cvv=360}}
2025-01-16T16:58:23.377Z  WARN 26144 --- [PizzaDrone] [           main] u.a.e.i.p.c.ValidateOrderControllerTest  : Skipping order due to missing 'valid' field: {orderNo=6B37907E, orderDate=2025-01-24, orderStatus=INVALID, orderValidationCode=PIZZA_NOT_DEFINED, priceTotalInPence=498705380, pizzasInOrder=[{name=R1: Margarita, priceInPence=1000}, {name=R1: Calzone, priceInPence=1400}, {name=Pizza-Surprise , priceInPence=498702880}], creditCardInformation={creditCardNumber=4212275614855033, creditCardExpiry=02/26, cvv=295}}
2025-01-16T16:58:23.377Z  WARN 26144 --- [PizzaDrone] [           main] u.a.e.i.p.c.ValidateOrderControllerTest  : Skipping order due to missing 'valid' field: {orderNo=0300D32F, orderDate=2025-01-24, orderStatus=INVALID, orderValidationCode=MAX_PIZZA_COUNT_EXCEEDED, priceTotalInPence=8000, pizzasInOrder=[{name=R7: Hot, hotter, the hottest, priceInPence=1400}, {name=R7: All you ever wanted, priceInPence=900}, {name=R7: Hot, hotter, the hottest, priceInPence=1400}, {name=R7: Hot, hotter, the hottest, priceInPence=1400}, {name=R7: Hot, hotter, the hottest, priceInPence=1400}, {name=R7: Hot, hotter, the hottest, priceInPence=1400}], creditCardInformation={creditCardNumber=4815472689885406, creditCardExpiry=06/25, cvv=374}}
2025-01-16T16:58:23.377Z  WARN 26144 --- [PizzaDrone] [           main] u.a.e.i.p.c.ValidateOrderControllerTest  : Skipping order due to missing 'valid' field: {orderNo=464278E3, orderDate=2025-01-24, orderStatus=INVALID, orderValidationCode=PIZZA_FROM_MULTIPLE_RESTAURANTS, priceTotalInPence=3400, pizzasInOrder=[{name=R7: Hot, hotter, the hottest, priceInPence=1400}, {name=R7: All you ever wanted, priceInPence=900}, {name=R1: Margarita, priceInPence=1000}], creditCardInformation={creditCardNumber=4047843398234351, creditCardExpiry=03/26, cvv=919}}
2025-01-16T16:58:23.377Z  WARN 26144 --- [PizzaDrone] [           main] u.a.e.i.p.c.ValidateOrderControllerTest  : Skipping order due to missing 'valid' field: {orderNo=5CD3B54C, orderDate=2025-01-24, orderStatus=INVALID, orderValidationCode=RESTAURANT_CLOSED, priceTotalInPence=1500, pizzasInOrder=[{name=R4: Proper Pizza, priceInPence=1400}], creditCardInformation={creditCardNumber=4021319257818626, creditCardExpiry=06/25, cvv=411}}
2025-01-16T16:58:23.377Z  WARN 26144 --- [PizzaDrone] [           main] u.a.e.i.p.c.ValidateOrderControllerTest  : Skipping order due to missing 'valid' field: {orderNo=7B32F81B, orderDate=2025-01-24, orderStatus=INVALID, orderValidationCode=PRICE_FOR_PIZZA_INVALID, priceTotalInPence=2600, pizzasInOrder=[{name=R1: Calzone, priceInPence=1400}, {name=R1: Margarita, priceInPence=1100}], creditCardInformation={creditCardNumber=2221070779075318, creditCardExpiry=01/26, cvv=396}}
2025-01-16T16:58:23.377Z  WARN 26144 --- [PizzaDrone] [           main] u.a.e.i.p.c.ValidateOrderControllerTest  : Skipping order due to missing 'valid' field: {orderNo=405EBA07, orderDate=2025-01-24, orderStatus=INVALID, orderValidationCode=EMPTY_ORDER, priceTotalInPence=100, pizzasInOrder=[], creditCardInformation={creditCardNumber=2720107142959723, creditCardExpiry=12/25, cvv=141}}
2025-01-16T16:58:23.377Z  WARN 26144 --- [PizzaDrone] [           main] u.a.e.i.p.c.ValidateOrderControllerTest  : Skipping order due to missing 'valid' field: {orderNo=71256259, orderDate=2025-01-25, orderStatus=INVALID, orderValidationCode=CARD_NUMBER_INVALID, priceTotalInPence=2400, pizzasInOrder=[{name=R3: Super Cheese, priceInPence=1400}, {name=R3: All Shrooms, priceInPence=900}], creditCardInformation={creditCardNumber=5635005, creditCardExpiry=11/25, cvv=688}}
2025-01-16T16:58:23.377Z  WARN 26144 --- [PizzaDrone] [           main] u.a.e.i.p.c.ValidateOrderControllerTest  : Skipping order due to missing 'valid' field: {orderNo=55F14527, orderDate=2025-01-25, orderStatus=INVALID, orderValidationCode=EXPIRY_DATE_INVALID, priceTotalInPence=2400, pizzasInOrder=[{name=R5: Pizza Dream, priceInPence=1400}, {name=R5: My kind of pizza, priceInPence=900}], creditCardInformation={creditCardNumber=5189052610297536, creditCardExpiry=04/06, cvv=783}}
2025-01-16T16:58:23.377Z  WARN 26144 --- [PizzaDrone] [           main] u.a.e.i.p.c.ValidateOrderControllerTest  : Skipping order due to missing 'valid' field: {orderNo=0AFF26AF, orderDate=2025-01-25, orderStatus=INVALID, orderValidationCode=CVV_INVALID, priceTotalInPence=2400, pizzasInOrder=[{name=R4: Proper Pizza, priceInPence=1400}, {name=R4: Pineapple & Ham & Cheese, priceInPence=900}], creditCardInformation={creditCardNumber=5320430819145336, creditCardExpiry=06/25, cvv=5267}}
2025-01-16T16:58:23.377Z  WARN 26144 --- [PizzaDrone] [           main] u.a.e.i.p.c.ValidateOrderControllerTest  : Skipping order due to missing 'valid' field: {orderNo=470C5C0B, orderDate=2025-01-25, orderStatus=INVALID, orderValidationCode=TOTAL_INCORRECT, priceTotalInPence=3200, pizzasInOrder=[{name=R5: Pizza Dream, priceInPence=1400}, {name=R5: My kind of pizza, priceInPence=900}], creditCardInformation={creditCardNumber=5398877791336464, creditCardExpiry=06/25, cvv=591}}
2025-01-16T16:58:23.377Z  WARN 26144 --- [PizzaDrone] [           main] u.a.e.i.p.c.ValidateOrderControllerTest  : Skipping order due to missing 'valid' field: {orderNo=734CCBD1, orderDate=2025-01-25, orderStatus=INVALID, orderValidationCode=PIZZA_NOT_DEFINED, priceTotalInPence=498705280, pizzasInOrder=[{name=R3: Super Cheese, priceInPence=1400}, {name=R3: All Shrooms, priceInPence=900}, {name=Pizza-Surprise , priceInPence=498702880}], creditCardInformation={creditCardNumber=4214455597666940, creditCardExpiry=10/25, cvv=391}}
2025-01-16T16:58:23.377Z  WARN 26144 --- [PizzaDrone] [           main] u.a.e.i.p.c.ValidateOrderControllerTest  : Skipping order due to missing 'valid' field: {orderNo=298DAB0F, orderDate=2025-01-25, orderStatus=INVALID, orderValidationCode=MAX_PIZZA_COUNT_EXCEEDED, priceTotalInPence=8000, pizzasInOrder=[{name=R4: Proper Pizza, priceInPence=1400}, {name=R4: Pineapple & Ham & Cheese, priceInPence=900}, {name=R4: Proper Pizza, priceInPence=1400}, {name=R4: Proper Pizza, priceInPence=1400}, {name=R4: Proper Pizza, priceInPence=1400}, {name=R4: Proper Pizza, priceInPence=1400}], creditCardInformation={creditCardNumber=4602305106936005, creditCardExpiry=02/25, cvv=051}}
2025-01-16T16:58:23.377Z  WARN 26144 --- [PizzaDrone] [           main] u.a.e.i.p.c.ValidateOrderControllerTest  : Skipping order due to missing 'valid' field: {orderNo=15AD6572, orderDate=2025-01-25, orderStatus=INVALID, orderValidationCode=PIZZA_FROM_MULTIPLE_RESTAURANTS, priceTotalInPence=3400, pizzasInOrder=[{name=R4: Proper Pizza, priceInPence=1400}, {name=R4: Pineapple & Ham & Cheese, priceInPence=900}, {name=R1: Margarita, priceInPence=1000}], creditCardInformation={creditCardNumber=2221880463460331, creditCardExpiry=05/25, cvv=410}}
2025-01-16T16:58:23.377Z  WARN 26144 --- [PizzaDrone] [           main] u.a.e.i.p.c.ValidateOrderControllerTest  : Skipping order due to missing 'valid' field: {orderNo=5B551A16, orderDate=2025-01-25, orderStatus=INVALID, orderValidationCode=RESTAURANT_CLOSED, priceTotalInPence=1500, pizzasInOrder=[{name=R2: Meat Lover, priceInPence=1400}], creditCardInformation={creditCardNumber=5198251008810517, creditCardExpiry=01/26, cvv=151}}
2025-01-16T16:58:23.377Z  WARN 26144 --- [PizzaDrone] [           main] u.a.e.i.p.c.ValidateOrderControllerTest  : Skipping order due to missing 'valid' field: {orderNo=3BC92CAB, orderDate=2025-01-25, orderStatus=INVALID, orderValidationCode=PRICE_FOR_PIZZA_INVALID, priceTotalInPence=2500, pizzasInOrder=[{name=R4: Pineapple & Ham & Cheese, priceInPence=900}, {name=R4: Proper Pizza, priceInPence=1500}], creditCardInformation={creditCardNumber=5297541580499386, creditCardExpiry=10/25, cvv=594}}
2025-01-16T16:58:23.377Z  WARN 26144 --- [PizzaDrone] [           main] u.a.e.i.p.c.ValidateOrderControllerTest  : Skipping order due to missing 'valid' field: {orderNo=7C813D76, orderDate=2025-01-25, orderStatus=INVALID, orderValidationCode=EMPTY_ORDER, priceTotalInPence=100, pizzasInOrder=[], creditCardInformation={creditCardNumber=5580859007256627, creditCardExpiry=03/26, cvv=183}}
2025-01-16T16:58:23.377Z  WARN 26144 --- [PizzaDrone] [           main] u.a.e.i.p.c.ValidateOrderControllerTest  : Skipping order due to missing 'valid' field: {orderNo=4F148003, orderDate=2025-01-26, orderStatus=INVALID, orderValidationCode=CARD_NUMBER_INVALID, priceTotalInPence=2500, pizzasInOrder=[{name=R1: Margarita, priceInPence=1000}, {name=R1: Calzone, priceInPence=1400}], creditCardInformation={creditCardNumber=902927, creditCardExpiry=08/25, cvv=217}}
2025-01-16T16:58:23.377Z  WARN 26144 --- [PizzaDrone] [           main] u.a.e.i.p.c.ValidateOrderControllerTest  : Skipping order due to missing 'valid' field: {orderNo=027D3F4F, orderDate=2025-01-26, orderStatus=INVALID, orderValidationCode=EXPIRY_DATE_INVALID, priceTotalInPence=2400, pizzasInOrder=[{name=R4: Proper Pizza, priceInPence=1400}, {name=R4: Pineapple & Ham & Cheese, priceInPence=900}], creditCardInformation={creditCardNumber=5483608189195980, creditCardExpiry=16/11, cvv=696}}
2025-01-16T16:58:23.377Z  WARN 26144 --- [PizzaDrone] [           main] u.a.e.i.p.c.ValidateOrderControllerTest  : Skipping order due to missing 'valid' field: {orderNo=444355D9, orderDate=2025-01-26, orderStatus=INVALID, orderValidationCode=CVV_INVALID, priceTotalInPence=2400, pizzasInOrder=[{name=R4: Proper Pizza, priceInPence=1400}, {name=R4: Pineapple & Ham & Cheese, priceInPence=900}], creditCardInformation={creditCardNumber=5263804499577886, creditCardExpiry=06/25, cvv=18}}
2025-01-16T16:58:23.377Z  WARN 26144 --- [PizzaDrone] [           main] u.a.e.i.p.c.ValidateOrderControllerTest  : Skipping order due to missing 'valid' field: {orderNo=4C6D4E25, orderDate=2025-01-26, orderStatus=INVALID, orderValidationCode=TOTAL_INCORRECT, priceTotalInPence=2559, pizzasInOrder=[{name=R5: Pizza Dream, priceInPence=1400}, {name=R5: My kind of pizza, priceInPence=900}], creditCardInformation={creditCardNumber=5309386889837704, creditCardExpiry=02/25, cvv=950}}
2025-01-16T16:58:23.377Z  WARN 26144 --- [PizzaDrone] [           main] u.a.e.i.p.c.ValidateOrderControllerTest  : Skipping order due to missing 'valid' field: {orderNo=33E36537, orderDate=2025-01-26, orderStatus=INVALID, orderValidationCode=PIZZA_NOT_DEFINED, priceTotalInPence=498705280, pizzasInOrder=[{name=R3: Super Cheese, priceInPence=1400}, {name=R3: All Shrooms, priceInPence=900}, {name=Pizza-Surprise , priceInPence=498702880}], creditCardInformation={creditCardNumber=4409168354419164, creditCardExpiry=11/25, cvv=204}}
2025-01-16T16:58:23.377Z  WARN 26144 --- [PizzaDrone] [           main] u.a.e.i.p.c.ValidateOrderControllerTest  : Skipping order due to missing 'valid' field: {orderNo=2F704260, orderDate=2025-01-26, orderStatus=INVALID, orderValidationCode=MAX_PIZZA_COUNT_EXCEEDED, priceTotalInPence=8000, pizzasInOrder=[{name=R3: Super Cheese, priceInPence=1400}, {name=R3: All Shrooms, priceInPence=900}, {name=R3: Super Cheese, priceInPence=1400}, {name=R3: Super Cheese, priceInPence=1400}, {name=R3: Super Cheese, priceInPence=1400}, {name=R3: Super Cheese, priceInPence=1400}], creditCardInformation={creditCardNumber=4214637632262633, creditCardExpiry=01/26, cvv=685}}
2025-01-16T16:58:23.377Z  WARN 26144 --- [PizzaDrone] [           main] u.a.e.i.p.c.ValidateOrderControllerTest  : Skipping order due to missing 'valid' field: {orderNo=761F4F01, orderDate=2025-01-26, orderStatus=INVALID, orderValidationCode=PIZZA_FROM_MULTIPLE_RESTAURANTS, priceTotalInPence=3900, pizzasInOrder=[{name=R1: Margarita, priceInPence=1000}, {name=R1: Calzone, priceInPence=1400}, {name=R3: Super Cheese, priceInPence=1400}], creditCardInformation={creditCardNumber=4976998786072436, creditCardExpiry=02/26, cvv=767}}
2025-01-16T16:58:23.377Z  WARN 26144 --- [PizzaDrone] [           main] u.a.e.i.p.c.ValidateOrderControllerTest  : Skipping order due to missing 'valid' field: {orderNo=73B82498, orderDate=2025-01-26, orderStatus=INVALID, orderValidationCode=RESTAURANT_CLOSED, priceTotalInPence=1500, pizzasInOrder=[{name=R2: Meat Lover, priceInPence=1400}], creditCardInformation={creditCardNumber=4548828377684043, creditCardExpiry=04/25, cvv=061}}
2025-01-16T16:58:23.377Z  WARN 26144 --- [PizzaDrone] [           main] u.a.e.i.p.c.ValidateOrderControllerTest  : Skipping order due to missing 'valid' field: {orderNo=11041A87, orderDate=2025-01-26, orderStatus=INVALID, orderValidationCode=PRICE_FOR_PIZZA_INVALID, priceTotalInPence=2500, pizzasInOrder=[{name=R4: Pineapple & Ham & Cheese, priceInPence=900}, {name=R4: Proper Pizza, priceInPence=1500}], creditCardInformation={creditCardNumber=5217739094601722, creditCardExpiry=12/25, cvv=283}}
2025-01-16T16:58:23.377Z  WARN 26144 --- [PizzaDrone] [           main] u.a.e.i.p.c.ValidateOrderControllerTest  : Skipping order due to missing 'valid' field: {orderNo=4671F35C, orderDate=2025-01-26, orderStatus=INVALID, orderValidationCode=EMPTY_ORDER, priceTotalInPence=100, pizzasInOrder=[], creditCardInformation={creditCardNumber=2221375089118116, creditCardExpiry=04/25, cvv=617}}
2025-01-16T16:58:23.377Z  WARN 26144 --- [PizzaDrone] [           main] u.a.e.i.p.c.ValidateOrderControllerTest  : Skipping order due to missing 'valid' field: {orderNo=72B042C9, orderDate=2025-01-27, orderStatus=INVALID, orderValidationCode=CARD_NUMBER_INVALID, priceTotalInPence=2500, pizzasInOrder=[{name=R1: Margarita, priceInPence=1000}, {name=R1: Calzone, priceInPence=1400}], creditCardInformation={creditCardNumber=552209911849391, creditCardExpiry=09/25, cvv=906}}
2025-01-16T16:58:23.377Z  WARN 26144 --- [PizzaDrone] [           main] u.a.e.i.p.c.ValidateOrderControllerTest  : Skipping order due to missing 'valid' field: {orderNo=1CEDAD2B, orderDate=2025-01-27, orderStatus=INVALID, orderValidationCode=EXPIRY_DATE_INVALID, priceTotalInPence=2500, pizzasInOrder=[{name=R1: Margarita, priceInPence=1000}, {name=R1: Calzone, priceInPence=1400}], creditCardInformation={creditCardNumber=4275347056136638, creditCardExpiry=12/15, cvv=275}}
2025-01-16T16:58:23.377Z  WARN 26144 --- [PizzaDrone] [           main] u.a.e.i.p.c.ValidateOrderControllerTest  : Skipping order due to missing 'valid' field: {orderNo=54825708, orderDate=2025-01-27, orderStatus=INVALID, orderValidationCode=CVV_INVALID, priceTotalInPence=2400, pizzasInOrder=[{name=R6: Sucuk delight, priceInPence=1400}, {name=R6: Dreams of Syria, priceInPence=900}], creditCardInformation={creditCardNumber=5468249192828694, creditCardExpiry=08/25, cvv=9213848}}
2025-01-16T16:58:23.377Z  WARN 26144 --- [PizzaDrone] [           main] u.a.e.i.p.c.ValidateOrderControllerTest  : Skipping order due to missing 'valid' field: {orderNo=2A4036DB, orderDate=2025-01-27, orderStatus=INVALID, orderValidationCode=TOTAL_INCORRECT, priceTotalInPence=3323, pizzasInOrder=[{name=R5: Pizza Dream, priceInPence=1400}, {name=R5: My kind of pizza, priceInPence=900}], creditCardInformation={creditCardNumber=5388070080869922, creditCardExpiry=06/25, cvv=708}}
2025-01-16T16:58:23.377Z  WARN 26144 --- [PizzaDrone] [           main] u.a.e.i.p.c.ValidateOrderControllerTest  : Skipping order due to missing 'valid' field: {orderNo=14555AAB, orderDate=2025-01-27, orderStatus=INVALID, orderValidationCode=PIZZA_NOT_DEFINED, priceTotalInPence=498705380, pizzasInOrder=[{name=R1: Margarita, priceInPence=1000}, {name=R1: Calzone, priceInPence=1400}, {name=Pizza-Surprise , priceInPence=498702880}], creditCardInformation={creditCardNumber=5527155989023440, creditCardExpiry=03/26, cvv=562}}
2025-01-16T16:58:23.377Z  WARN 26144 --- [PizzaDrone] [           main] u.a.e.i.p.c.ValidateOrderControllerTest  : Skipping order due to missing 'valid' field: {orderNo=2CD85739, orderDate=2025-01-27, orderStatus=INVALID, orderValidationCode=MAX_PIZZA_COUNT_EXCEEDED, priceTotalInPence=8000, pizzasInOrder=[{name=R5: Pizza Dream, priceInPence=1400}, {name=R5: My kind of pizza, priceInPence=900}, {name=R5: Pizza Dream, priceInPence=1400}, {name=R5: Pizza Dream, priceInPence=1400}, {name=R5: Pizza Dream, priceInPence=1400}, {name=R5: Pizza Dream, priceInPence=1400}], creditCardInformation={creditCardNumber=4584713126237183, creditCardExpiry=02/25, cvv=261}}
2025-01-16T16:58:23.377Z  WARN 26144 --- [PizzaDrone] [           main] u.a.e.i.p.c.ValidateOrderControllerTest  : Skipping order due to missing 'valid' field: {orderNo=51D73740, orderDate=2025-01-27, orderStatus=INVALID, orderValidationCode=PIZZA_FROM_MULTIPLE_RESTAURANTS, priceTotalInPence=3400, pizzasInOrder=[{name=R6: Sucuk delight, priceInPence=1400}, {name=R6: Dreams of Syria, priceInPence=900}, {name=R1: Margarita, priceInPence=1000}], creditCardInformation={creditCardNumber=2221118147794282, creditCardExpiry=02/25, cvv=771}}
2025-01-16T16:58:23.377Z  WARN 26144 --- [PizzaDrone] [           main] u.a.e.i.p.c.ValidateOrderControllerTest  : Skipping order due to missing 'valid' field: {orderNo=42CB6E25, orderDate=2025-01-27, orderStatus=INVALID, orderValidationCode=RESTAURANT_CLOSED, priceTotalInPence=1500, pizzasInOrder=[{name=R3: Super Cheese, priceInPence=1400}], creditCardInformation={creditCardNumber=5274589218285161, creditCardExpiry=02/26, cvv=550}}
2025-01-16T16:58:23.378Z  WARN 26144 --- [PizzaDrone] [           main] u.a.e.i.p.c.ValidateOrderControllerTest  : Skipping order due to missing 'valid' field: {orderNo=665629EC, orderDate=2025-01-27, orderStatus=INVALID, orderValidationCode=PRICE_FOR_PIZZA_INVALID, priceTotalInPence=2500, pizzasInOrder=[{name=R6: Dreams of Syria, priceInPence=900}, {name=R6: Sucuk delight, priceInPence=1500}], creditCardInformation={creditCardNumber=5537605767385245, creditCardExpiry=09/25, cvv=828}}
2025-01-16T16:58:23.378Z  WARN 26144 --- [PizzaDrone] [           main] u.a.e.i.p.c.ValidateOrderControllerTest  : Skipping order due to missing 'valid' field: {orderNo=2A8E6408, orderDate=2025-01-27, orderStatus=INVALID, orderValidationCode=EMPTY_ORDER, priceTotalInPence=100, pizzasInOrder=[], creditCardInformation={creditCardNumber=4229695127311714, creditCardExpiry=09/25, cvv=177}}
2025-01-16T16:58:23.380Z  WARN 26144 --- [PizzaDrone] [           main] u.a.e.i.p.c.ValidateOrderControllerTest  : Skipping order due to missing 'valid' field: {orderNo=3EDAF073, orderDate=2025-01-28, orderStatus=INVALID, orderValidationCode=CARD_NUMBER_INVALID, priceTotalInPence=2400, pizzasInOrder=[{name=R6: Sucuk delight, priceInPence=1400}, {name=R6: Dreams of Syria, priceInPence=900}], creditCardInformation={creditCardNumber=9638793021265, creditCardExpiry=05/25, cvv=303}}
2025-01-16T16:58:23.380Z  WARN 26144 --- [PizzaDrone] [           main] u.a.e.i.p.c.ValidateOrderControllerTest  : Skipping order due to missing 'valid' field: {orderNo=31FB4C68, orderDate=2025-01-28, orderStatus=INVALID, orderValidationCode=EXPIRY_DATE_INVALID, priceTotalInPence=2600, pizzasInOrder=[{name=R2: Meat Lover, priceInPence=1400}, {name=R2: Vegan Delight, priceInPence=1100}], creditCardInformation={creditCardNumber=4984603827191688, creditCardExpiry=09/09, cvv=807}}
2025-01-16T16:58:23.381Z  WARN 26144 --- [PizzaDrone] [           main] u.a.e.i.p.c.ValidateOrderControllerTest  : Skipping order due to missing 'valid' field: {orderNo=0A44CA35, orderDate=2025-01-28, orderStatus=INVALID, orderValidationCode=CVV_INVALID, priceTotalInPence=2500, pizzasInOrder=[{name=R1: Margarita, priceInPence=1000}, {name=R1: Calzone, priceInPence=1400}], creditCardInformation={creditCardNumber=5358846245907350, creditCardExpiry=11/25, cvv=8495286}}
2025-01-16T16:58:23.381Z  WARN 26144 --- [PizzaDrone] [           main] u.a.e.i.p.c.ValidateOrderControllerTest  : Skipping order due to missing 'valid' field: {orderNo=50181FAB, orderDate=2025-01-28, orderStatus=INVALID, orderValidationCode=TOTAL_INCORRECT, priceTotalInPence=2681, pizzasInOrder=[{name=R7: Hot, hotter, the hottest, priceInPence=1400}, {name=R7: All you ever wanted, priceInPence=900}], creditCardInformation={creditCardNumber=4083934954168169, creditCardExpiry=03/26, cvv=203}}
2025-01-16T16:58:23.381Z  WARN 26144 --- [PizzaDrone] [           main] u.a.e.i.p.c.ValidateOrderControllerTest  : Skipping order due to missing 'valid' field: {orderNo=101480B8, orderDate=2025-01-28, orderStatus=INVALID, orderValidationCode=PIZZA_NOT_DEFINED, priceTotalInPence=498705280, pizzasInOrder=[{name=R7: Hot, hotter, the hottest, priceInPence=1400}, {name=R7: All you ever wanted, priceInPence=900}, {name=Pizza-Surprise , priceInPence=498702880}], creditCardInformation={creditCardNumber=4048893195912179, creditCardExpiry=10/25, cvv=845}}
2025-01-16T16:58:23.381Z  WARN 26144 --- [PizzaDrone] [           main] u.a.e.i.p.c.ValidateOrderControllerTest  : Skipping order due to missing 'valid' field: {orderNo=24332F21, orderDate=2025-01-28, orderStatus=INVALID, orderValidationCode=MAX_PIZZA_COUNT_EXCEEDED, priceTotalInPence=8000, pizzasInOrder=[{name=R7: Hot, hotter, the hottest, priceInPence=1400}, {name=R7: All you ever wanted, priceInPence=900}, {name=R7: Hot, hotter, the hottest, priceInPence=1400}, {name=R7: Hot, hotter, the hottest, priceInPence=1400}, {name=R7: Hot, hotter, the hottest, priceInPence=1400}, {name=R7: Hot, hotter, the hottest, priceInPence=1400}], creditCardInformation={creditCardNumber=4356645879198400, creditCardExpiry=04/25, cvv=399}}
2025-01-16T16:58:23.381Z  WARN 26144 --- [PizzaDrone] [           main] u.a.e.i.p.c.ValidateOrderControllerTest  : Skipping order due to missing 'valid' field: {orderNo=02211067, orderDate=2025-01-28, orderStatus=INVALID, orderValidationCode=PIZZA_FROM_MULTIPLE_RESTAURANTS, priceTotalInPence=3400, pizzasInOrder=[{name=R6: Sucuk delight, priceInPence=1400}, {name=R6: Dreams of Syria, priceInPence=900}, {name=R1: Margarita, priceInPence=1000}], creditCardInformation={creditCardNumber=4306732158308586, creditCardExpiry=01/26, cvv=793}}
2025-01-16T16:58:23.381Z  WARN 26144 --- [PizzaDrone] [           main] u.a.e.i.p.c.ValidateOrderControllerTest  : Skipping order due to missing 'valid' field: {orderNo=446C397D, orderDate=2025-01-28, orderStatus=INVALID, orderValidationCode=RESTAURANT_CLOSED, priceTotalInPence=1500, pizzasInOrder=[{name=R3: Super Cheese, priceInPence=1400}], creditCardInformation={creditCardNumber=4733417824002952, creditCardExpiry=09/25, cvv=067}}
2025-01-16T16:58:23.381Z  WARN 26144 --- [PizzaDrone] [           main] u.a.e.i.p.c.ValidateOrderControllerTest  : Skipping order due to missing 'valid' field: {orderNo=47AD900A, orderDate=2025-01-28, orderStatus=INVALID, orderValidationCode=PRICE_FOR_PIZZA_INVALID, priceTotalInPence=2500, pizzasInOrder=[{name=R4: Pineapple & Ham & Cheese, priceInPence=900}, {name=R4: Proper Pizza, priceInPence=1500}], creditCardInformation={creditCardNumber=5406287946476779, creditCardExpiry=10/25, cvv=871}}
2025-01-16T16:58:23.381Z  WARN 26144 --- [PizzaDrone] [           main] u.a.e.i.p.c.ValidateOrderControllerTest  : Skipping order due to missing 'valid' field: {orderNo=334E023D, orderDate=2025-01-28, orderStatus=INVALID, orderValidationCode=EMPTY_ORDER, priceTotalInPence=100, pizzasInOrder=[], creditCardInformation={creditCardNumber=4855009996138235, creditCardExpiry=04/25, cvv=775}}
2025-01-16T16:58:23.381Z  WARN 26144 --- [PizzaDrone] [           main] u.a.e.i.p.c.ValidateOrderControllerTest  : Skipping order due to missing 'valid' field: {orderNo=4777DA00, orderDate=2025-01-29, orderStatus=INVALID, orderValidationCode=CARD_NUMBER_INVALID, priceTotalInPence=2400, pizzasInOrder=[{name=R3: Super Cheese, priceInPence=1400}, {name=R3: All Shrooms, priceInPence=900}], creditCardInformation={creditCardNumber=1767, creditCardExpiry=03/25, cvv=802}}
2025-01-16T16:58:23.381Z  WARN 26144 --- [PizzaDrone] [           main] u.a.e.i.p.c.ValidateOrderControllerTest  : Skipping order due to missing 'valid' field: {orderNo=624BB59E, orderDate=2025-01-29, orderStatus=INVALID, orderValidationCode=EXPIRY_DATE_INVALID, priceTotalInPence=2400, pizzasInOrder=[{name=R4: Proper Pizza, priceInPence=1400}, {name=R4: Pineapple & Ham & Cheese, priceInPence=900}], creditCardInformation={creditCardNumber=4018467084485237, creditCardExpiry=03/05, cvv=840}}
2025-01-16T16:58:23.381Z  WARN 26144 --- [PizzaDrone] [           main] u.a.e.i.p.c.ValidateOrderControllerTest  : Skipping order due to missing 'valid' field: {orderNo=4F99EC66, orderDate=2025-01-29, orderStatus=INVALID, orderValidationCode=CVV_INVALID, priceTotalInPence=2400, pizzasInOrder=[{name=R6: Sucuk delight, priceInPence=1400}, {name=R6: Dreams of Syria, priceInPence=900}], creditCardInformation={creditCardNumber=4958222434415257, creditCardExpiry=06/25, cvv=8}}
2025-01-16T16:58:23.382Z  WARN 26144 --- [PizzaDrone] [           main] u.a.e.i.p.c.ValidateOrderControllerTest  : Skipping order due to missing 'valid' field: {orderNo=59E55239, orderDate=2025-01-29, orderStatus=INVALID, orderValidationCode=TOTAL_INCORRECT, priceTotalInPence=3518, pizzasInOrder=[{name=R2: Meat Lover, priceInPence=1400}, {name=R2: Vegan Delight, priceInPence=1100}], creditCardInformation={creditCardNumber=4913325698409033, creditCardExpiry=03/25, cvv=501}}
2025-01-16T16:58:23.382Z  WARN 26144 --- [PizzaDrone] [           main] u.a.e.i.p.c.ValidateOrderControllerTest  : Skipping order due to missing 'valid' field: {orderNo=78535C8A, orderDate=2025-01-29, orderStatus=INVALID, orderValidationCode=PIZZA_NOT_DEFINED, priceTotalInPence=498705280, pizzasInOrder=[{name=R3: Super Cheese, priceInPence=1400}, {name=R3: All Shrooms, priceInPence=900}, {name=Pizza-Surprise , priceInPence=498702880}], creditCardInformation={creditCardNumber=4668566131195302, creditCardExpiry=01/26, cvv=172}}
2025-01-16T16:58:23.382Z  WARN 26144 --- [PizzaDrone] [           main] u.a.e.i.p.c.ValidateOrderControllerTest  : Skipping order due to missing 'valid' field: {orderNo=0A5F1A53, orderDate=2025-01-29, orderStatus=INVALID, orderValidationCode=MAX_PIZZA_COUNT_EXCEEDED, priceTotalInPence=8000, pizzasInOrder=[{name=R4: Proper Pizza, priceInPence=1400}, {name=R4: Pineapple & Ham & Cheese, priceInPence=900}, {name=R4: Proper Pizza, priceInPence=1400}, {name=R4: Proper Pizza, priceInPence=1400}, {name=R4: Proper Pizza, priceInPence=1400}, {name=R4: Proper Pizza, priceInPence=1400}], creditCardInformation={creditCardNumber=4154116730802378, creditCardExpiry=08/25, cvv=158}}
2025-01-16T16:58:23.382Z  WARN 26144 --- [PizzaDrone] [           main] u.a.e.i.p.c.ValidateOrderControllerTest  : Skipping order due to missing 'valid' field: {orderNo=538A1993, orderDate=2025-01-29, orderStatus=INVALID, orderValidationCode=PIZZA_FROM_MULTIPLE_RESTAURANTS, priceTotalInPence=3800, pizzasInOrder=[{name=R3: Super Cheese, priceInPence=1400}, {name=R3: All Shrooms, priceInPence=900}, {name=R2: Meat Lover, priceInPence=1400}], creditCardInformation={creditCardNumber=5483158088972345, creditCardExpiry=01/26, cvv=251}}
2025-01-16T16:58:23.382Z  WARN 26144 --- [PizzaDrone] [           main] u.a.e.i.p.c.ValidateOrderControllerTest  : Skipping order due to missing 'valid' field: {orderNo=2A32B81B, orderDate=2025-01-29, orderStatus=INVALID, orderValidationCode=RESTAURANT_CLOSED, priceTotalInPence=1100, pizzasInOrder=[{name=R1: Margarita, priceInPence=1000}], creditCardInformation={creditCardNumber=4994993147723635, creditCardExpiry=11/25, cvv=101}}
2025-01-16T16:58:23.382Z  WARN 26144 --- [PizzaDrone] [           main] u.a.e.i.p.c.ValidateOrderControllerTest  : Skipping order due to missing 'valid' field: {orderNo=2F5BCB7A, orderDate=2025-01-29, orderStatus=INVALID, orderValidationCode=PRICE_FOR_PIZZA_INVALID, priceTotalInPence=2500, pizzasInOrder=[{name=R6: Dreams of Syria, priceInPence=900}, {name=R6: Sucuk delight, priceInPence=1500}], creditCardInformation={creditCardNumber=4251309110158808, creditCardExpiry=02/25, cvv=772}}
2025-01-16T16:58:23.382Z  WARN 26144 --- [PizzaDrone] [           main] u.a.e.i.p.c.ValidateOrderControllerTest  : Skipping order due to missing 'valid' field: {orderNo=25C25191, orderDate=2025-01-29, orderStatus=INVALID, orderValidationCode=EMPTY_ORDER, priceTotalInPence=100, pizzasInOrder=[], creditCardInformation={creditCardNumber=5385221796731079, creditCardExpiry=02/26, cvv=403}}
2025-01-16T16:58:23.382Z  WARN 26144 --- [PizzaDrone] [           main] u.a.e.i.p.c.ValidateOrderControllerTest  : Skipping order due to missing 'valid' field: {orderNo=75A69280, orderDate=2025-01-30, orderStatus=INVALID, orderValidationCode=CARD_NUMBER_INVALID, priceTotalInPence=2400, pizzasInOrder=[{name=R3: Super Cheese, priceInPence=1400}, {name=R3: All Shrooms, priceInPence=900}], creditCardInformation={creditCardNumber=8856008116614, creditCardExpiry=04/25, cvv=628}}
2025-01-16T16:58:23.382Z  WARN 26144 --- [PizzaDrone] [           main] u.a.e.i.p.c.ValidateOrderControllerTest  : Skipping order due to missing 'valid' field: {orderNo=66B05C67, orderDate=2025-01-30, orderStatus=INVALID, orderValidationCode=EXPIRY_DATE_INVALID, priceTotalInPence=2600, pizzasInOrder=[{name=R2: Meat Lover, priceInPence=1400}, {name=R2: Vegan Delight, priceInPence=1100}], creditCardInformation={creditCardNumber=4955042614724846, creditCardExpiry=04/04, cvv=682}}
2025-01-16T16:58:23.382Z  WARN 26144 --- [PizzaDrone] [           main] u.a.e.i.p.c.ValidateOrderControllerTest  : Skipping order due to missing 'valid' field: {orderNo=03092208, orderDate=2025-01-30, orderStatus=INVALID, orderValidationCode=CVV_INVALID, priceTotalInPence=2600, pizzasInOrder=[{name=R2: Meat Lover, priceInPence=1400}, {name=R2: Vegan Delight, priceInPence=1100}], creditCardInformation={creditCardNumber=4264046251588048, creditCardExpiry=04/25, cvv=20}}
2025-01-16T16:58:23.382Z  WARN 26144 --- [PizzaDrone] [           main] u.a.e.i.p.c.ValidateOrderControllerTest  : Skipping order due to missing 'valid' field: {orderNo=6E7407A6, orderDate=2025-01-30, orderStatus=INVALID, orderValidationCode=TOTAL_INCORRECT, priceTotalInPence=2702, pizzasInOrder=[{name=R7: Hot, hotter, the hottest, priceInPence=1400}, {name=R7: All you ever wanted, priceInPence=900}], creditCardInformation={creditCardNumber=4648647193651047, creditCardExpiry=11/25, cvv=980}}
2025-01-16T16:58:23.382Z  WARN 26144 --- [PizzaDrone] [           main] u.a.e.i.p.c.ValidateOrderControllerTest  : Skipping order due to missing 'valid' field: {orderNo=663AFCA7, orderDate=2025-01-30, orderStatus=INVALID, orderValidationCode=PIZZA_NOT_DEFINED, priceTotalInPence=498705480, pizzasInOrder=[{name=R2: Meat Lover, priceInPence=1400}, {name=R2: Vegan Delight, priceInPence=1100}, {name=Pizza-Surprise , priceInPence=498702880}], creditCardInformation={creditCardNumber=4971314695472714, creditCardExpiry=10/25, cvv=862}}
2025-01-16T16:58:23.382Z  WARN 26144 --- [PizzaDrone] [           main] u.a.e.i.p.c.ValidateOrderControllerTest  : Skipping order due to missing 'valid' field: {orderNo=0E67553C, orderDate=2025-01-30, orderStatus=INVALID, orderValidationCode=MAX_PIZZA_COUNT_EXCEEDED, priceTotalInPence=8200, pizzasInOrder=[{name=R2: Meat Lover, priceInPence=1400}, {name=R2: Vegan Delight, priceInPence=1100}, {name=R2: Meat Lover, priceInPence=1400}, {name=R2: Meat Lover, priceInPence=1400}, {name=R2: Meat Lover, priceInPence=1400}, {name=R2: Meat Lover, priceInPence=1400}], creditCardInformation={creditCardNumber=5445669783106820, creditCardExpiry=10/25, cvv=309}}
2025-01-16T16:58:23.382Z  WARN 26144 --- [PizzaDrone] [           main] u.a.e.i.p.c.ValidateOrderControllerTest  : Skipping order due to missing 'valid' field: {orderNo=06BA005E, orderDate=2025-01-30, orderStatus=INVALID, orderValidationCode=PIZZA_FROM_MULTIPLE_RESTAURANTS, priceTotalInPence=3800, pizzasInOrder=[{name=R7: Hot, hotter, the hottest, priceInPence=1400}, {name=R7: All you ever wanted, priceInPence=900}, {name=R2: Meat Lover, priceInPence=1400}], creditCardInformation={creditCardNumber=2720075660643930, creditCardExpiry=03/26, cvv=652}}
2025-01-16T16:58:23.382Z  WARN 26144 --- [PizzaDrone] [           main] u.a.e.i.p.c.ValidateOrderControllerTest  : Skipping order due to missing 'valid' field: {orderNo=0F6607F4, orderDate=2025-01-30, orderStatus=INVALID, orderValidationCode=RESTAURANT_CLOSED, priceTotalInPence=1100, pizzasInOrder=[{name=R1: Margarita, priceInPence=1000}], creditCardInformation={creditCardNumber=5157619070642381, creditCardExpiry=05/25, cvv=244}}
2025-01-16T16:58:23.382Z  WARN 26144 --- [PizzaDrone] [           main] u.a.e.i.p.c.ValidateOrderControllerTest  : Skipping order due to missing 'valid' field: {orderNo=0AEB0A25, orderDate=2025-01-30, orderStatus=INVALID, orderValidationCode=PRICE_FOR_PIZZA_INVALID, priceTotalInPence=2500, pizzasInOrder=[{name=R7: All you ever wanted, priceInPence=900}, {name=R7: Hot, hotter, the hottest, priceInPence=1500}], creditCardInformation={creditCardNumber=5217096041110871, creditCardExpiry=01/26, cvv=826}}
2025-01-16T16:58:23.382Z  WARN 26144 --- [PizzaDrone] [           main] u.a.e.i.p.c.ValidateOrderControllerTest  : Skipping order due to missing 'valid' field: {orderNo=05E59560, orderDate=2025-01-30, orderStatus=INVALID, orderValidationCode=EMPTY_ORDER, priceTotalInPence=100, pizzasInOrder=[], creditCardInformation={creditCardNumber=4002310204940376, creditCardExpiry=08/25, cvv=473}}
2025-01-16T16:58:23.382Z  WARN 26144 --- [PizzaDrone] [           main] u.a.e.i.p.c.ValidateOrderControllerTest  : Skipping order due to missing 'valid' field: {orderNo=5E8C6BD4, orderDate=2025-01-31, orderStatus=INVALID, orderValidationCode=CARD_NUMBER_INVALID, priceTotalInPence=2400, pizzasInOrder=[{name=R7: Hot, hotter, the hottest, priceInPence=1400}, {name=R7: All you ever wanted, priceInPence=900}], creditCardInformation={creditCardNumber=9766116, creditCardExpiry=09/25, cvv=642}}
2025-01-16T16:58:23.382Z  WARN 26144 --- [PizzaDrone] [           main] u.a.e.i.p.c.ValidateOrderControllerTest  : Skipping order due to missing 'valid' field: {orderNo=53280280, orderDate=2025-01-31, orderStatus=INVALID, orderValidationCode=EXPIRY_DATE_INVALID, priceTotalInPence=2600, pizzasInOrder=[{name=R2: Meat Lover, priceInPence=1400}, {name=R2: Vegan Delight, priceInPence=1100}], creditCardInformation={creditCardNumber=5512452628348206, creditCardExpiry=06/05, cvv=299}}
2025-01-16T16:58:23.382Z  WARN 26144 --- [PizzaDrone] [           main] u.a.e.i.p.c.ValidateOrderControllerTest  : Skipping order due to missing 'valid' field: {orderNo=68008C5E, orderDate=2025-01-31, orderStatus=INVALID, orderValidationCode=CVV_INVALID, priceTotalInPence=2400, pizzasInOrder=[{name=R7: Hot, hotter, the hottest, priceInPence=1400}, {name=R7: All you ever wanted, priceInPence=900}], creditCardInformation={creditCardNumber=4793721131837308, creditCardExpiry=06/25, cvv=63}}
2025-01-16T16:58:23.382Z  WARN 26144 --- [PizzaDrone] [           main] u.a.e.i.p.c.ValidateOrderControllerTest  : Skipping order due to missing 'valid' field: {orderNo=3324A73A, orderDate=2025-01-31, orderStatus=INVALID, orderValidationCode=TOTAL_INCORRECT, priceTotalInPence=2305, pizzasInOrder=[{name=R7: Hot, hotter, the hottest, priceInPence=1400}, {name=R7: All you ever wanted, priceInPence=900}], creditCardInformation={creditCardNumber=2720197120064281, creditCardExpiry=03/26, cvv=311}}
2025-01-16T16:58:23.382Z  WARN 26144 --- [PizzaDrone] [           main] u.a.e.i.p.c.ValidateOrderControllerTest  : Skipping order due to missing 'valid' field: {orderNo=3A5ACB3F, orderDate=2025-01-31, orderStatus=INVALID, orderValidationCode=PIZZA_NOT_DEFINED, priceTotalInPence=498705280, pizzasInOrder=[{name=R7: Hot, hotter, the hottest, priceInPence=1400}, {name=R7: All you ever wanted, priceInPence=900}, {name=Pizza-Surprise , priceInPence=498702880}], creditCardInformation={creditCardNumber=2221977999338583, creditCardExpiry=08/25, cvv=561}}
2025-01-16T16:58:23.382Z  WARN 26144 --- [PizzaDrone] [           main] u.a.e.i.p.c.ValidateOrderControllerTest  : Skipping order due to missing 'valid' field: {orderNo=7CABFB3D, orderDate=2025-01-31, orderStatus=INVALID, orderValidationCode=MAX_PIZZA_COUNT_EXCEEDED, priceTotalInPence=8000, pizzasInOrder=[{name=R7: Hot, hotter, the hottest, priceInPence=1400}, {name=R7: All you ever wanted, priceInPence=900}, {name=R7: Hot, hotter, the hottest, priceInPence=1400}, {name=R7: Hot, hotter, the hottest, priceInPence=1400}, {name=R7: Hot, hotter, the hottest, priceInPence=1400}, {name=R7: Hot, hotter, the hottest, priceInPence=1400}], creditCardInformation={creditCardNumber=4391221656089738, creditCardExpiry=07/25, cvv=081}}
2025-01-16T16:58:23.382Z  WARN 26144 --- [PizzaDrone] [           main] u.a.e.i.p.c.ValidateOrderControllerTest  : Skipping order due to missing 'valid' field: {orderNo=2C182A79, orderDate=2025-01-31, orderStatus=INVALID, orderValidationCode=PIZZA_FROM_MULTIPLE_RESTAURANTS, priceTotalInPence=3400, pizzasInOrder=[{name=R3: Super Cheese, priceInPence=1400}, {name=R3: All Shrooms, priceInPence=900}, {name=R1: Margarita, priceInPence=1000}], creditCardInformation={creditCardNumber=5221283453373429, creditCardExpiry=12/25, cvv=703}}
2025-01-16T16:58:23.382Z  WARN 26144 --- [PizzaDrone] [           main] u.a.e.i.p.c.ValidateOrderControllerTest  : Skipping order due to missing 'valid' field: {orderNo=08016B07, orderDate=2025-01-31, orderStatus=INVALID, orderValidationCode=RESTAURANT_CLOSED, priceTotalInPence=1500, pizzasInOrder=[{name=R4: Proper Pizza, priceInPence=1400}], creditCardInformation={creditCardNumber=4657380109403646, creditCardExpiry=07/25, cvv=109}}
2025-01-16T16:58:23.382Z  WARN 26144 --- [PizzaDrone] [           main] u.a.e.i.p.c.ValidateOrderControllerTest  : Skipping order due to missing 'valid' field: {orderNo=422BC2A2, orderDate=2025-01-31, orderStatus=INVALID, orderValidationCode=PRICE_FOR_PIZZA_INVALID, priceTotalInPence=2500, pizzasInOrder=[{name=R7: All you ever wanted, priceInPence=900}, {name=R7: Hot, hotter, the hottest, priceInPence=1500}], creditCardInformation={creditCardNumber=5241404242848523, creditCardExpiry=08/25, cvv=828}}
2025-01-16T16:58:23.382Z  WARN 26144 --- [PizzaDrone] [           main] u.a.e.i.p.c.ValidateOrderControllerTest  : Skipping order due to missing 'valid' field: {orderNo=20778C22, orderDate=2025-01-31, orderStatus=INVALID, orderValidationCode=EMPTY_ORDER, priceTotalInPence=100, pizzasInOrder=[], creditCardInformation={creditCardNumber=2221767593388310, creditCardExpiry=08/25, cvv=441}}
2025-01-16T16:58:23.382Z  WARN 26144 --- [PizzaDrone] [           main] u.a.e.i.p.c.ValidateOrderControllerTest  : Skipping order due to missing 'valid' field: {orderNo=2C60839C, orderDate=2025-02-01, orderStatus=INVALID, orderValidationCode=CARD_NUMBER_INVALID, priceTotalInPence=2400, pizzasInOrder=[{name=R5: Pizza Dream, priceInPence=1400}, {name=R5: My kind of pizza, priceInPence=900}], creditCardInformation={creditCardNumber=53, creditCardExpiry=10/25, cvv=041}}
2025-01-16T16:58:23.382Z  WARN 26144 --- [PizzaDrone] [           main] u.a.e.i.p.c.ValidateOrderControllerTest  : Skipping order due to missing 'valid' field: {orderNo=029C2257, orderDate=2025-02-01, orderStatus=INVALID, orderValidationCode=EXPIRY_DATE_INVALID, priceTotalInPence=2400, pizzasInOrder=[{name=R6: Sucuk delight, priceInPence=1400}, {name=R6: Dreams of Syria, priceInPence=900}], creditCardInformation={creditCardNumber=5555769481980603, creditCardExpiry=05/18, cvv=752}}
2025-01-16T16:58:23.382Z  WARN 26144 --- [PizzaDrone] [           main] u.a.e.i.p.c.ValidateOrderControllerTest  : Skipping order due to missing 'valid' field: {orderNo=112AEE56, orderDate=2025-02-01, orderStatus=INVALID, orderValidationCode=CVV_INVALID, priceTotalInPence=2400, pizzasInOrder=[{name=R3: Super Cheese, priceInPence=1400}, {name=R3: All Shrooms, priceInPence=900}], creditCardInformation={creditCardNumber=5487566511302979, creditCardExpiry=02/26, cvv=59424}}
2025-01-16T16:58:23.382Z  WARN 26144 --- [PizzaDrone] [           main] u.a.e.i.p.c.ValidateOrderControllerTest  : Skipping order due to missing 'valid' field: {orderNo=77D85D5B, orderDate=2025-02-01, orderStatus=INVALID, orderValidationCode=TOTAL_INCORRECT, priceTotalInPence=3315, pizzasInOrder=[{name=R6: Sucuk delight, priceInPence=1400}, {name=R6: Dreams of Syria, priceInPence=900}], creditCardInformation={creditCardNumber=4811778177182294, creditCardExpiry=05/25, cvv=124}}
2025-01-16T16:58:23.382Z  WARN 26144 --- [PizzaDrone] [           main] u.a.e.i.p.c.ValidateOrderControllerTest  : Skipping order due to missing 'valid' field: {orderNo=5F9ECC9F, orderDate=2025-02-01, orderStatus=INVALID, orderValidationCode=PIZZA_NOT_DEFINED, priceTotalInPence=498705280, pizzasInOrder=[{name=R3: Super Cheese, priceInPence=1400}, {name=R3: All Shrooms, priceInPence=900}, {name=Pizza-Surprise , priceInPence=498702880}], creditCardInformation={creditCardNumber=5243969176674085, creditCardExpiry=06/25, cvv=847}}
2025-01-16T16:58:23.382Z  WARN 26144 --- [PizzaDrone] [           main] u.a.e.i.p.c.ValidateOrderControllerTest  : Skipping order due to missing 'valid' field: {orderNo=50A2C8FA, orderDate=2025-02-01, orderStatus=INVALID, orderValidationCode=MAX_PIZZA_COUNT_EXCEEDED, priceTotalInPence=6500, pizzasInOrder=[{name=R1: Margarita, priceInPence=1000}, {name=R1: Calzone, priceInPence=1400}, {name=R1: Margarita, priceInPence=1000}, {name=R1: Margarita, priceInPence=1000}, {name=R1: Margarita, priceInPence=1000}, {name=R1: Margarita, priceInPence=1000}], creditCardInformation={creditCardNumber=4972990198806687, creditCardExpiry=04/25, cvv=208}}
2025-01-16T16:58:23.382Z  WARN 26144 --- [PizzaDrone] [           main] u.a.e.i.p.c.ValidateOrderControllerTest  : Skipping order due to missing 'valid' field: {orderNo=40D6F279, orderDate=2025-02-01, orderStatus=INVALID, orderValidationCode=PIZZA_FROM_MULTIPLE_RESTAURANTS, priceTotalInPence=3400, pizzasInOrder=[{name=R5: Pizza Dream, priceInPence=1400}, {name=R5: My kind of pizza, priceInPence=900}, {name=R1: Margarita, priceInPence=1000}], creditCardInformation={creditCardNumber=2720302929072044, creditCardExpiry=12/25, cvv=518}}
2025-01-16T16:58:23.382Z  WARN 26144 --- [PizzaDrone] [           main] u.a.e.i.p.c.ValidateOrderControllerTest  : Skipping order due to missing 'valid' field: {orderNo=1BC3CE8D, orderDate=2025-02-01, orderStatus=INVALID, orderValidationCode=RESTAURANT_CLOSED, priceTotalInPence=1500, pizzasInOrder=[{name=R2: Meat Lover, priceInPence=1400}], creditCardInformation={creditCardNumber=4576146258804860, creditCardExpiry=03/25, cvv=480}}
2025-01-16T16:58:23.383Z  WARN 26144 --- [PizzaDrone] [           main] u.a.e.i.p.c.ValidateOrderControllerTest  : Skipping order due to missing 'valid' field: {orderNo=09DE46C1, orderDate=2025-02-01, orderStatus=INVALID, orderValidationCode=PRICE_FOR_PIZZA_INVALID, priceTotalInPence=2600, pizzasInOrder=[{name=R1: Calzone, priceInPence=1400}, {name=R1: Margarita, priceInPence=1100}], creditCardInformation={creditCardNumber=4817397571331433, creditCardExpiry=10/25, cvv=676}}
2025-01-16T16:58:23.383Z  WARN 26144 --- [PizzaDrone] [           main] u.a.e.i.p.c.ValidateOrderControllerTest  : Skipping order due to missing 'valid' field: {orderNo=78423323, orderDate=2025-02-01, orderStatus=INVALID, orderValidationCode=EMPTY_ORDER, priceTotalInPence=100, pizzasInOrder=[], creditCardInformation={creditCardNumber=4386773336581820, creditCardExpiry=06/25, cvv=494}}
2025-01-16T16:58:23.383Z  WARN 26144 --- [PizzaDrone] [           main] u.a.e.i.p.c.ValidateOrderControllerTest  : Skipping order due to missing 'valid' field: {orderNo=7E9C01FF, orderDate=2025-02-02, orderStatus=INVALID, orderValidationCode=CARD_NUMBER_INVALID, priceTotalInPence=2400, pizzasInOrder=[{name=R3: Super Cheese, priceInPence=1400}, {name=R3: All Shrooms, priceInPence=900}], creditCardInformation={creditCardNumber=453658319467, creditCardExpiry=03/25, cvv=360}}
2025-01-16T16:58:23.383Z  WARN 26144 --- [PizzaDrone] [           main] u.a.e.i.p.c.ValidateOrderControllerTest  : Skipping order due to missing 'valid' field: {orderNo=2AF90B2A, orderDate=2025-02-02, orderStatus=INVALID, orderValidationCode=EXPIRY_DATE_INVALID, priceTotalInPence=2400, pizzasInOrder=[{name=R4: Proper Pizza, priceInPence=1400}, {name=R4: Pineapple & Ham & Cheese, priceInPence=900}], creditCardInformation={creditCardNumber=4308575478198882, creditCardExpiry=15/14, cvv=469}}
2025-01-16T16:58:23.384Z  WARN 26144 --- [PizzaDrone] [           main] u.a.e.i.p.c.ValidateOrderControllerTest  : Skipping order due to missing 'valid' field: {orderNo=3400E662, orderDate=2025-02-02, orderStatus=INVALID, orderValidationCode=CVV_INVALID, priceTotalInPence=2400, pizzasInOrder=[{name=R5: Pizza Dream, priceInPence=1400}, {name=R5: My kind of pizza, priceInPence=900}], creditCardInformation={creditCardNumber=5548266358240880, creditCardExpiry=01/26, cvv=648641}}
2025-01-16T16:58:23.384Z  WARN 26144 --- [PizzaDrone] [           main] u.a.e.i.p.c.ValidateOrderControllerTest  : Skipping order due to missing 'valid' field: {orderNo=296145A2, orderDate=2025-02-02, orderStatus=INVALID, orderValidationCode=TOTAL_INCORRECT, priceTotalInPence=2516, pizzasInOrder=[{name=R3: Super Cheese, priceInPence=1400}, {name=R3: All Shrooms, priceInPence=900}], creditCardInformation={creditCardNumber=4486376393813406, creditCardExpiry=01/26, cvv=163}}
2025-01-16T16:58:23.384Z  WARN 26144 --- [PizzaDrone] [           main] u.a.e.i.p.c.ValidateOrderControllerTest  : Skipping order due to missing 'valid' field: {orderNo=5001DFF6, orderDate=2025-02-02, orderStatus=INVALID, orderValidationCode=PIZZA_NOT_DEFINED, priceTotalInPence=498705280, pizzasInOrder=[{name=R5: Pizza Dream, priceInPence=1400}, {name=R5: My kind of pizza, priceInPence=900}, {name=Pizza-Surprise , priceInPence=498702880}], creditCardInformation={creditCardNumber=4746790365059614, creditCardExpiry=03/26, cvv=855}}
2025-01-16T16:58:23.384Z  WARN 26144 --- [PizzaDrone] [           main] u.a.e.i.p.c.ValidateOrderControllerTest  : Skipping order due to missing 'valid' field: {orderNo=38DDC838, orderDate=2025-02-02, orderStatus=INVALID, orderValidationCode=MAX_PIZZA_COUNT_EXCEEDED, priceTotalInPence=8000, pizzasInOrder=[{name=R5: Pizza Dream, priceInPence=1400}, {name=R5: My kind of pizza, priceInPence=900}, {name=R5: Pizza Dream, priceInPence=1400}, {name=R5: Pizza Dream, priceInPence=1400}, {name=R5: Pizza Dream, priceInPence=1400}, {name=R5: Pizza Dream, priceInPence=1400}], creditCardInformation={creditCardNumber=4416984564639123, creditCardExpiry=04/25, cvv=381}}
2025-01-16T16:58:23.384Z  WARN 26144 --- [PizzaDrone] [           main] u.a.e.i.p.c.ValidateOrderControllerTest  : Skipping order due to missing 'valid' field: {orderNo=50CFB18C, orderDate=2025-02-02, orderStatus=INVALID, orderValidationCode=PIZZA_FROM_MULTIPLE_RESTAURANTS, priceTotalInPence=3400, pizzasInOrder=[{name=R4: Proper Pizza, priceInPence=1400}, {name=R4: Pineapple & Ham & Cheese, priceInPence=900}, {name=R1: Margarita, priceInPence=1000}], creditCardInformation={creditCardNumber=5185392877549045, creditCardExpiry=05/25, cvv=216}}
2025-01-16T16:58:23.389Z  WARN 26144 --- [PizzaDrone] [           main] u.a.e.i.p.c.ValidateOrderControllerTest  : Skipping order due to missing 'valid' field: {orderNo=5EA73685, orderDate=2025-02-02, orderStatus=INVALID, orderValidationCode=RESTAURANT_CLOSED, priceTotalInPence=1500, pizzasInOrder=[{name=R2: Meat Lover, priceInPence=1400}], creditCardInformation={creditCardNumber=2221342134408306, creditCardExpiry=12/25, cvv=536}}
2025-01-16T16:58:23.390Z  WARN 26144 --- [PizzaDrone] [           main] u.a.e.i.p.c.ValidateOrderControllerTest  : Skipping order due to missing 'valid' field: {orderNo=137A42AF, orderDate=2025-02-02, orderStatus=INVALID, orderValidationCode=PRICE_FOR_PIZZA_INVALID, priceTotalInPence=2500, pizzasInOrder=[{name=R6: Dreams of Syria, priceInPence=900}, {name=R6: Sucuk delight, priceInPence=1500}], creditCardInformation={creditCardNumber=4236747546358783, creditCardExpiry=01/26, cvv=677}}
2025-01-16T16:58:23.390Z  WARN 26144 --- [PizzaDrone] [           main] u.a.e.i.p.c.ValidateOrderControllerTest  : Skipping order due to missing 'valid' field: {orderNo=40B57911, orderDate=2025-02-02, orderStatus=INVALID, orderValidationCode=EMPTY_ORDER, priceTotalInPence=100, pizzasInOrder=[], creditCardInformation={creditCardNumber=4135694885480806, creditCardExpiry=12/25, cvv=065}}
2025-01-16T16:58:23.390Z  WARN 26144 --- [PizzaDrone] [           main] u.a.e.i.p.c.ValidateOrderControllerTest  : Skipping order due to missing 'valid' field: {orderNo=59A9BF48, orderDate=2025-02-03, orderStatus=INVALID, orderValidationCode=CARD_NUMBER_INVALID, priceTotalInPence=2500, pizzasInOrder=[{name=R1: Margarita, priceInPence=1000}, {name=R1: Calzone, priceInPence=1400}], creditCardInformation={creditCardNumber=913822893, creditCardExpiry=04/25, cvv=116}}
2025-01-16T16:58:23.390Z  WARN 26144 --- [PizzaDrone] [           main] u.a.e.i.p.c.ValidateOrderControllerTest  : Skipping order due to missing 'valid' field: {orderNo=31E66E7E, orderDate=2025-02-03, orderStatus=INVALID, orderValidationCode=EXPIRY_DATE_INVALID, priceTotalInPence=2400, pizzasInOrder=[{name=R6: Sucuk delight, priceInPence=1400}, {name=R6: Dreams of Syria, priceInPence=900}], creditCardInformation={creditCardNumber=4540878080600800, creditCardExpiry=18/12, cvv=247}}
2025-01-16T16:58:23.390Z  WARN 26144 --- [PizzaDrone] [           main] u.a.e.i.p.c.ValidateOrderControllerTest  : Skipping order due to missing 'valid' field: {orderNo=0BACF3FE, orderDate=2025-02-03, orderStatus=INVALID, orderValidationCode=CVV_INVALID, priceTotalInPence=2600, pizzasInOrder=[{name=R2: Meat Lover, priceInPence=1400}, {name=R2: Vegan Delight, priceInPence=1100}], creditCardInformation={creditCardNumber=4012439172012344, creditCardExpiry=04/26, cvv=396148}}
2025-01-16T16:58:23.390Z  WARN 26144 --- [PizzaDrone] [           main] u.a.e.i.p.c.ValidateOrderControllerTest  : Skipping order due to missing 'valid' field: {orderNo=143DDDE7, orderDate=2025-02-03, orderStatus=INVALID, orderValidationCode=TOTAL_INCORRECT, priceTotalInPence=2779, pizzasInOrder=[{name=R6: Sucuk delight, priceInPence=1400}, {name=R6: Dreams of Syria, priceInPence=900}], creditCardInformation={creditCardNumber=4754655099389570, creditCardExpiry=04/25, cvv=558}}
2025-01-16T16:58:23.390Z  WARN 26144 --- [PizzaDrone] [           main] u.a.e.i.p.c.ValidateOrderControllerTest  : Skipping order due to missing 'valid' field: {orderNo=1D8970E6, orderDate=2025-02-03, orderStatus=INVALID, orderValidationCode=PIZZA_NOT_DEFINED, priceTotalInPence=498705280, pizzasInOrder=[{name=R5: Pizza Dream, priceInPence=1400}, {name=R5: My kind of pizza, priceInPence=900}, {name=Pizza-Surprise , priceInPence=498702880}], creditCardInformation={creditCardNumber=4114720897618227, creditCardExpiry=01/26, cvv=303}}
2025-01-16T16:58:23.390Z  WARN 26144 --- [PizzaDrone] [           main] u.a.e.i.p.c.ValidateOrderControllerTest  : Skipping order due to missing 'valid' field: {orderNo=41FE27DA, orderDate=2025-02-03, orderStatus=INVALID, orderValidationCode=MAX_PIZZA_COUNT_EXCEEDED, priceTotalInPence=6500, pizzasInOrder=[{name=R1: Margarita, priceInPence=1000}, {name=R1: Calzone, priceInPence=1400}, {name=R1: Margarita, priceInPence=1000}, {name=R1: Margarita, priceInPence=1000}, {name=R1: Margarita, priceInPence=1000}, {name=R1: Margarita, priceInPence=1000}], creditCardInformation={creditCardNumber=4746113594999502, creditCardExpiry=03/26, cvv=031}}
2025-01-16T16:58:23.390Z  WARN 26144 --- [PizzaDrone] [           main] u.a.e.i.p.c.ValidateOrderControllerTest  : Skipping order due to missing 'valid' field: {orderNo=4C1FABCE, orderDate=2025-02-03, orderStatus=INVALID, orderValidationCode=PIZZA_FROM_MULTIPLE_RESTAURANTS, priceTotalInPence=3400, pizzasInOrder=[{name=R6: Sucuk delight, priceInPence=1400}, {name=R6: Dreams of Syria, priceInPence=900}, {name=R1: Margarita, priceInPence=1000}], creditCardInformation={creditCardNumber=5137056231627578, creditCardExpiry=06/25, cvv=925}}
2025-01-16T16:58:23.390Z  WARN 26144 --- [PizzaDrone] [           main] u.a.e.i.p.c.ValidateOrderControllerTest  : Skipping order due to missing 'valid' field: {orderNo=732F7600, orderDate=2025-02-03, orderStatus=INVALID, orderValidationCode=RESTAURANT_CLOSED, priceTotalInPence=1500, pizzasInOrder=[{name=R3: Super Cheese, priceInPence=1400}], creditCardInformation={creditCardNumber=4108141418731415, creditCardExpiry=09/25, cvv=066}}
2025-01-16T16:58:23.390Z  WARN 26144 --- [PizzaDrone] [           main] u.a.e.i.p.c.ValidateOrderControllerTest  : Skipping order due to missing 'valid' field: {orderNo=6D6B90BA, orderDate=2025-02-03, orderStatus=INVALID, orderValidationCode=PRICE_FOR_PIZZA_INVALID, priceTotalInPence=2500, pizzasInOrder=[{name=R5: My kind of pizza, priceInPence=900}, {name=R5: Pizza Dream, priceInPence=1500}], creditCardInformation={creditCardNumber=5376950935411893, creditCardExpiry=10/25, cvv=299}}
2025-01-16T16:58:23.390Z  WARN 26144 --- [PizzaDrone] [           main] u.a.e.i.p.c.ValidateOrderControllerTest  : Skipping order due to missing 'valid' field: {orderNo=7F2220BE, orderDate=2025-02-03, orderStatus=INVALID, orderValidationCode=EMPTY_ORDER, priceTotalInPence=100, pizzasInOrder=[], creditCardInformation={creditCardNumber=2720911861686148, creditCardExpiry=08/25, cvv=820}}
2025-01-16T16:58:23.390Z  WARN 26144 --- [PizzaDrone] [           main] u.a.e.i.p.c.ValidateOrderControllerTest  : Skipping order due to missing 'valid' field: {orderNo=118C6680, orderDate=2025-02-04, orderStatus=INVALID, orderValidationCode=CARD_NUMBER_INVALID, priceTotalInPence=2600, pizzasInOrder=[{name=R2: Meat Lover, priceInPence=1400}, {name=R2: Vegan Delight, priceInPence=1100}], creditCardInformation={creditCardNumber=1539868730876, creditCardExpiry=02/26, cvv=558}}
2025-01-16T16:58:23.390Z  WARN 26144 --- [PizzaDrone] [           main] u.a.e.i.p.c.ValidateOrderControllerTest  : Skipping order due to missing 'valid' field: {orderNo=60DA5C80, orderDate=2025-02-04, orderStatus=INVALID, orderValidationCode=EXPIRY_DATE_INVALID, priceTotalInPence=2400, pizzasInOrder=[{name=R7: Hot, hotter, the hottest, priceInPence=1400}, {name=R7: All you ever wanted, priceInPence=900}], creditCardInformation={creditCardNumber=4052009524681624, creditCardExpiry=10/12, cvv=010}}
2025-01-16T16:58:23.390Z  WARN 26144 --- [PizzaDrone] [           main] u.a.e.i.p.c.ValidateOrderControllerTest  : Skipping order due to missing 'valid' field: {orderNo=4C9FD8E2, orderDate=2025-02-04, orderStatus=INVALID, orderValidationCode=CVV_INVALID, priceTotalInPence=2600, pizzasInOrder=[{name=R2: Meat Lover, priceInPence=1400}, {name=R2: Vegan Delight, priceInPence=1100}], creditCardInformation={creditCardNumber=4528414607858980, creditCardExpiry=04/26, cvv=2800}}
2025-01-16T16:58:23.391Z  WARN 26144 --- [PizzaDrone] [           main] u.a.e.i.p.c.ValidateOrderControllerTest  : Skipping order due to missing 'valid' field: {orderNo=02C9EF3A, orderDate=2025-02-04, orderStatus=INVALID, orderValidationCode=TOTAL_INCORRECT, priceTotalInPence=2476, pizzasInOrder=[{name=R7: Hot, hotter, the hottest, priceInPence=1400}, {name=R7: All you ever wanted, priceInPence=900}], creditCardInformation={creditCardNumber=5232096982623487, creditCardExpiry=10/25, cvv=824}}
2025-01-16T16:58:23.391Z  WARN 26144 --- [PizzaDrone] [           main] u.a.e.i.p.c.ValidateOrderControllerTest  : Skipping order due to missing 'valid' field: {orderNo=0829F61F, orderDate=2025-02-04, orderStatus=INVALID, orderValidationCode=PIZZA_NOT_DEFINED, priceTotalInPence=498705280, pizzasInOrder=[{name=R7: Hot, hotter, the hottest, priceInPence=1400}, {name=R7: All you ever wanted, priceInPence=900}, {name=Pizza-Surprise , priceInPence=498702880}], creditCardInformation={creditCardNumber=4523237717288938, creditCardExpiry=12/25, cvv=622}}
2025-01-16T16:58:23.391Z  WARN 26144 --- [PizzaDrone] [           main] u.a.e.i.p.c.ValidateOrderControllerTest  : Skipping order due to missing 'valid' field: {orderNo=2949A7BB, orderDate=2025-02-04, orderStatus=INVALID, orderValidationCode=MAX_PIZZA_COUNT_EXCEEDED, priceTotalInPence=8000, pizzasInOrder=[{name=R7: Hot, hotter, the hottest, priceInPence=1400}, {name=R7: All you ever wanted, priceInPence=900}, {name=R7: Hot, hotter, the hottest, priceInPence=1400}, {name=R7: Hot, hotter, the hottest, priceInPence=1400}, {name=R7: Hot, hotter, the hottest, priceInPence=1400}, {name=R7: Hot, hotter, the hottest, priceInPence=1400}], creditCardInformation={creditCardNumber=5444271273301473, creditCardExpiry=06/25, cvv=233}}
2025-01-16T16:58:23.391Z  WARN 26144 --- [PizzaDrone] [           main] u.a.e.i.p.c.ValidateOrderControllerTest  : Skipping order due to missing 'valid' field: {orderNo=430D0D3A, orderDate=2025-02-04, orderStatus=INVALID, orderValidationCode=PIZZA_FROM_MULTIPLE_RESTAURANTS, priceTotalInPence=3600, pizzasInOrder=[{name=R2: Meat Lover, priceInPence=1400}, {name=R2: Vegan Delight, priceInPence=1100}, {name=R1: Margarita, priceInPence=1000}], creditCardInformation={creditCardNumber=5168933846669579, creditCardExpiry=06/25, cvv=385}}
2025-01-16T16:58:23.391Z  WARN 26144 --- [PizzaDrone] [           main] u.a.e.i.p.c.ValidateOrderControllerTest  : Skipping order due to missing 'valid' field: {orderNo=7D09804E, orderDate=2025-02-04, orderStatus=INVALID, orderValidationCode=RESTAURANT_CLOSED, priceTotalInPence=1500, pizzasInOrder=[{name=R3: Super Cheese, priceInPence=1400}], creditCardInformation={creditCardNumber=4308459106508905, creditCardExpiry=12/25, cvv=547}}
2025-01-16T16:58:23.392Z  WARN 26144 --- [PizzaDrone] [           main] u.a.e.i.p.c.ValidateOrderControllerTest  : Skipping order due to missing 'valid' field: {orderNo=75A9699F, orderDate=2025-02-04, orderStatus=INVALID, orderValidationCode=PRICE_FOR_PIZZA_INVALID, priceTotalInPence=2600, pizzasInOrder=[{name=R1: Calzone, priceInPence=1400}, {name=R1: Margarita, priceInPence=1100}], creditCardInformation={creditCardNumber=4549791435483940, creditCardExpiry=08/25, cvv=114}}
2025-01-16T16:58:23.392Z  WARN 26144 --- [PizzaDrone] [           main] u.a.e.i.p.c.ValidateOrderControllerTest  : Skipping order due to missing 'valid' field: {orderNo=71FA2E47, orderDate=2025-02-04, orderStatus=INVALID, orderValidationCode=EMPTY_ORDER, priceTotalInPence=100, pizzasInOrder=[], creditCardInformation={creditCardNumber=5559385453880147, creditCardExpiry=01/26, cvv=395}}
2025-01-16T16:58:23.392Z  WARN 26144 --- [PizzaDrone] [           main] u.a.e.i.p.c.ValidateOrderControllerTest  : Skipping order due to missing 'valid' field: {orderNo=6BF089FE, orderDate=2025-02-05, orderStatus=INVALID, orderValidationCode=CARD_NUMBER_INVALID, priceTotalInPence=2600, pizzasInOrder=[{name=R2: Meat Lover, priceInPence=1400}, {name=R2: Vegan Delight, priceInPence=1100}], creditCardInformation={creditCardNumber=63580506764115, creditCardExpiry=02/26, cvv=291}}
2025-01-16T16:58:23.392Z  WARN 26144 --- [PizzaDrone] [           main] u.a.e.i.p.c.ValidateOrderControllerTest  : Skipping order due to missing 'valid' field: {orderNo=7746F047, orderDate=2025-02-05, orderStatus=INVALID, orderValidationCode=EXPIRY_DATE_INVALID, priceTotalInPence=2400, pizzasInOrder=[{name=R4: Proper Pizza, priceInPence=1400}, {name=R4: Pineapple & Ham & Cheese, priceInPence=900}], creditCardInformation={creditCardNumber=4398373919870686, creditCardExpiry=03/14, cvv=973}}
2025-01-16T16:58:23.392Z  WARN 26144 --- [PizzaDrone] [           main] u.a.e.i.p.c.ValidateOrderControllerTest  : Skipping order due to missing 'valid' field: {orderNo=24A22A03, orderDate=2025-02-05, orderStatus=INVALID, orderValidationCode=CVV_INVALID, priceTotalInPence=2400, pizzasInOrder=[{name=R4: Proper Pizza, priceInPence=1400}, {name=R4: Pineapple & Ham & Cheese, priceInPence=900}], creditCardInformation={creditCardNumber=4551871457411857, creditCardExpiry=12/25, cvv=2685}}
2025-01-16T16:58:23.392Z  WARN 26144 --- [PizzaDrone] [           main] u.a.e.i.p.c.ValidateOrderControllerTest  : Skipping order due to missing 'valid' field: {orderNo=7994870A, orderDate=2025-02-05, orderStatus=INVALID, orderValidationCode=TOTAL_INCORRECT, priceTotalInPence=2776, pizzasInOrder=[{name=R4: Proper Pizza, priceInPence=1400}, {name=R4: Pineapple & Ham & Cheese, priceInPence=900}], creditCardInformation={creditCardNumber=5387339284284241, creditCardExpiry=04/25, cvv=548}}
2025-01-16T16:58:23.392Z  WARN 26144 --- [PizzaDrone] [           main] u.a.e.i.p.c.ValidateOrderControllerTest  : Skipping order due to missing 'valid' field: {orderNo=1059EE14, orderDate=2025-02-05, orderStatus=INVALID, orderValidationCode=PIZZA_NOT_DEFINED, priceTotalInPence=498705280, pizzasInOrder=[{name=R6: Sucuk delight, priceInPence=1400}, {name=R6: Dreams of Syria, priceInPence=900}, {name=Pizza-Surprise , priceInPence=498702880}], creditCardInformation={creditCardNumber=5190975581523372, creditCardExpiry=06/25, cvv=438}}
2025-01-16T16:58:23.392Z  WARN 26144 --- [PizzaDrone] [           main] u.a.e.i.p.c.ValidateOrderControllerTest  : Skipping order due to missing 'valid' field: {orderNo=274D8D4E, orderDate=2025-02-05, orderStatus=INVALID, orderValidationCode=MAX_PIZZA_COUNT_EXCEEDED, priceTotalInPence=8000, pizzasInOrder=[{name=R6: Sucuk delight, priceInPence=1400}, {name=R6: Dreams of Syria, priceInPence=900}, {name=R6: Sucuk delight, priceInPence=1400}, {name=R6: Sucuk delight, priceInPence=1400}, {name=R6: Sucuk delight, priceInPence=1400}, {name=R6: Sucuk delight, priceInPence=1400}], creditCardInformation={creditCardNumber=4451803910152373, creditCardExpiry=01/26, cvv=613}}
2025-01-16T16:58:23.392Z  WARN 26144 --- [PizzaDrone] [           main] u.a.e.i.p.c.ValidateOrderControllerTest  : Skipping order due to missing 'valid' field: {orderNo=049EB37B, orderDate=2025-02-05, orderStatus=INVALID, orderValidationCode=PIZZA_FROM_MULTIPLE_RESTAURANTS, priceTotalInPence=3800, pizzasInOrder=[{name=R4: Proper Pizza, priceInPence=1400}, {name=R4: Pineapple & Ham & Cheese, priceInPence=900}, {name=R2: Meat Lover, priceInPence=1400}], creditCardInformation={creditCardNumber=4960987138247687, creditCardExpiry=07/25, cvv=055}}
2025-01-16T16:58:23.392Z  WARN 26144 --- [PizzaDrone] [           main] u.a.e.i.p.c.ValidateOrderControllerTest  : Skipping order due to missing 'valid' field: {orderNo=6EA79450, orderDate=2025-02-05, orderStatus=INVALID, orderValidationCode=RESTAURANT_CLOSED, priceTotalInPence=1100, pizzasInOrder=[{name=R1: Margarita, priceInPence=1000}], creditCardInformation={creditCardNumber=2720392449076229, creditCardExpiry=06/25, cvv=707}}
2025-01-16T16:58:23.392Z  WARN 26144 --- [PizzaDrone] [           main] u.a.e.i.p.c.ValidateOrderControllerTest  : Skipping order due to missing 'valid' field: {orderNo=28E6E92C, orderDate=2025-02-05, orderStatus=INVALID, orderValidationCode=PRICE_FOR_PIZZA_INVALID, priceTotalInPence=2500, pizzasInOrder=[{name=R6: Dreams of Syria, priceInPence=900}, {name=R6: Sucuk delight, priceInPence=1500}], creditCardInformation={creditCardNumber=4801226551406642, creditCardExpiry=04/25, cvv=213}}
2025-01-16T16:58:23.392Z  WARN 26144 --- [PizzaDrone] [           main] u.a.e.i.p.c.ValidateOrderControllerTest  : Skipping order due to missing 'valid' field: {orderNo=285F4425, orderDate=2025-02-05, orderStatus=INVALID, orderValidationCode=EMPTY_ORDER, priceTotalInPence=100, pizzasInOrder=[], creditCardInformation={creditCardNumber=2221609926488153, creditCardExpiry=01/26, cvv=563}}
2025-01-16T16:58:23.392Z  WARN 26144 --- [PizzaDrone] [           main] u.a.e.i.p.c.ValidateOrderControllerTest  : Skipping order due to missing 'valid' field: {orderNo=225BAC80, orderDate=2025-02-06, orderStatus=INVALID, orderValidationCode=CARD_NUMBER_INVALID, priceTotalInPence=2400, pizzasInOrder=[{name=R3: Super Cheese, priceInPence=1400}, {name=R3: All Shrooms, priceInPence=900}], creditCardInformation={creditCardNumber=28092048339861, creditCardExpiry=12/25, cvv=961}}
2025-01-16T16:58:23.392Z  WARN 26144 --- [PizzaDrone] [           main] u.a.e.i.p.c.ValidateOrderControllerTest  : Skipping order due to missing 'valid' field: {orderNo=250B3180, orderDate=2025-02-06, orderStatus=INVALID, orderValidationCode=EXPIRY_DATE_INVALID, priceTotalInPence=2400, pizzasInOrder=[{name=R5: Pizza Dream, priceInPence=1400}, {name=R5: My kind of pizza, priceInPence=900}], creditCardInformation={creditCardNumber=4398751728668088, creditCardExpiry=05/02, cvv=636}}
2025-01-16T16:58:23.392Z  WARN 26144 --- [PizzaDrone] [           main] u.a.e.i.p.c.ValidateOrderControllerTest  : Skipping order due to missing 'valid' field: {orderNo=56F1ADC6, orderDate=2025-02-06, orderStatus=INVALID, orderValidationCode=CVV_INVALID, priceTotalInPence=2400, pizzasInOrder=[{name=R7: Hot, hotter, the hottest, priceInPence=1400}, {name=R7: All you ever wanted, priceInPence=900}], creditCardInformation={creditCardNumber=2221956414308322, creditCardExpiry=02/26, cvv=8}}
2025-01-16T16:58:23.392Z  WARN 26144 --- [PizzaDrone] [           main] u.a.e.i.p.c.ValidateOrderControllerTest  : Skipping order due to missing 'valid' field: {orderNo=49965A5A, orderDate=2025-02-06, orderStatus=INVALID, orderValidationCode=TOTAL_INCORRECT, priceTotalInPence=2572, pizzasInOrder=[{name=R5: Pizza Dream, priceInPence=1400}, {name=R5: My kind of pizza, priceInPence=900}], creditCardInformation={creditCardNumber=5501790834337098, creditCardExpiry=05/25, cvv=917}}
2025-01-16T16:58:23.392Z  WARN 26144 --- [PizzaDrone] [           main] u.a.e.i.p.c.ValidateOrderControllerTest  : Skipping order due to missing 'valid' field: {orderNo=5F6BD913, orderDate=2025-02-06, orderStatus=INVALID, orderValidationCode=PIZZA_NOT_DEFINED, priceTotalInPence=498705280, pizzasInOrder=[{name=R7: Hot, hotter, the hottest, priceInPence=1400}, {name=R7: All you ever wanted, priceInPence=900}, {name=Pizza-Surprise , priceInPence=498702880}], creditCardInformation={creditCardNumber=5408648336021095, creditCardExpiry=03/26, cvv=889}}
2025-01-16T16:58:23.392Z  WARN 26144 --- [PizzaDrone] [           main] u.a.e.i.p.c.ValidateOrderControllerTest  : Skipping order due to missing 'valid' field: {orderNo=73390BCF, orderDate=2025-02-06, orderStatus=INVALID, orderValidationCode=MAX_PIZZA_COUNT_EXCEEDED, priceTotalInPence=8000, pizzasInOrder=[{name=R7: Hot, hotter, the hottest, priceInPence=1400}, {name=R7: All you ever wanted, priceInPence=900}, {name=R7: Hot, hotter, the hottest, priceInPence=1400}, {name=R7: Hot, hotter, the hottest, priceInPence=1400}, {name=R7: Hot, hotter, the hottest, priceInPence=1400}, {name=R7: Hot, hotter, the hottest, priceInPence=1400}], creditCardInformation={creditCardNumber=5209151943806355, creditCardExpiry=10/25, cvv=475}}
2025-01-16T16:58:23.392Z  WARN 26144 --- [PizzaDrone] [           main] u.a.e.i.p.c.ValidateOrderControllerTest  : Skipping order due to missing 'valid' field: {orderNo=2B2BDDEC, orderDate=2025-02-06, orderStatus=INVALID, orderValidationCode=PIZZA_FROM_MULTIPLE_RESTAURANTS, priceTotalInPence=4000, pizzasInOrder=[{name=R2: Meat Lover, priceInPence=1400}, {name=R2: Vegan Delight, priceInPence=1100}, {name=R3: Super Cheese, priceInPence=1400}], creditCardInformation={creditCardNumber=5413330802908096, creditCardExpiry=01/26, cvv=912}}
2025-01-16T16:58:23.392Z  WARN 26144 --- [PizzaDrone] [           main] u.a.e.i.p.c.ValidateOrderControllerTest  : Skipping order due to missing 'valid' field: {orderNo=0CCDF3F7, orderDate=2025-02-06, orderStatus=INVALID, orderValidationCode=RESTAURANT_CLOSED, priceTotalInPence=1100, pizzasInOrder=[{name=R1: Margarita, priceInPence=1000}], creditCardInformation={creditCardNumber=4074795299842987, creditCardExpiry=07/25, cvv=419}}
2025-01-16T16:58:23.392Z  WARN 26144 --- [PizzaDrone] [           main] u.a.e.i.p.c.ValidateOrderControllerTest  : Skipping order due to missing 'valid' field: {orderNo=6EFADD1E, orderDate=2025-02-06, orderStatus=INVALID, orderValidationCode=PRICE_FOR_PIZZA_INVALID, priceTotalInPence=2500, pizzasInOrder=[{name=R3: All Shrooms, priceInPence=900}, {name=R3: Super Cheese, priceInPence=1500}], creditCardInformation={creditCardNumber=5488667947750796, creditCardExpiry=03/25, cvv=897}}
2025-01-16T16:58:23.392Z  WARN 26144 --- [PizzaDrone] [           main] u.a.e.i.p.c.ValidateOrderControllerTest  : Skipping order due to missing 'valid' field: {orderNo=3919A03B, orderDate=2025-02-06, orderStatus=INVALID, orderValidationCode=EMPTY_ORDER, priceTotalInPence=100, pizzasInOrder=[], creditCardInformation={creditCardNumber=4664427719925665, creditCardExpiry=10/25, cvv=783}}
2025-01-16T16:58:23.392Z  WARN 26144 --- [PizzaDrone] [           main] u.a.e.i.p.c.ValidateOrderControllerTest  : Skipping order due to missing 'valid' field: {orderNo=425D956F, orderDate=2025-02-07, orderStatus=INVALID, orderValidationCode=CARD_NUMBER_INVALID, priceTotalInPence=2400, pizzasInOrder=[{name=R7: Hot, hotter, the hottest, priceInPence=1400}, {name=R7: All you ever wanted, priceInPence=900}], creditCardInformation={creditCardNumber=798854290059, creditCardExpiry=04/25, cvv=600}}
2025-01-16T16:58:23.392Z  WARN 26144 --- [PizzaDrone] [           main] u.a.e.i.p.c.ValidateOrderControllerTest  : Skipping order due to missing 'valid' field: {orderNo=796992EC, orderDate=2025-02-07, orderStatus=INVALID, orderValidationCode=EXPIRY_DATE_INVALID, priceTotalInPence=2500, pizzasInOrder=[{name=R1: Margarita, priceInPence=1000}, {name=R1: Calzone, priceInPence=1400}], creditCardInformation={creditCardNumber=4559258128839942, creditCardExpiry=09/11, cvv=021}}
2025-01-16T16:58:23.392Z  WARN 26144 --- [PizzaDrone] [           main] u.a.e.i.p.c.ValidateOrderControllerTest  : Skipping order due to missing 'valid' field: {orderNo=1266043A, orderDate=2025-02-07, orderStatus=INVALID, orderValidationCode=CVV_INVALID, priceTotalInPence=2400, pizzasInOrder=[{name=R7: Hot, hotter, the hottest, priceInPence=1400}, {name=R7: All you ever wanted, priceInPence=900}], creditCardInformation={creditCardNumber=4033749471037502, creditCardExpiry=10/25, cvv=87465}}
2025-01-16T16:58:23.392Z  WARN 26144 --- [PizzaDrone] [           main] u.a.e.i.p.c.ValidateOrderControllerTest  : Skipping order due to missing 'valid' field: {orderNo=616B58E5, orderDate=2025-02-07, orderStatus=INVALID, orderValidationCode=TOTAL_INCORRECT, priceTotalInPence=2675, pizzasInOrder=[{name=R2: Meat Lover, priceInPence=1400}, {name=R2: Vegan Delight, priceInPence=1100}], creditCardInformation={creditCardNumber=4645578843700897, creditCardExpiry=03/26, cvv=022}}
2025-01-16T16:58:23.392Z  WARN 26144 --- [PizzaDrone] [           main] u.a.e.i.p.c.ValidateOrderControllerTest  : Skipping order due to missing 'valid' field: {orderNo=179E303D, orderDate=2025-02-07, orderStatus=INVALID, orderValidationCode=PIZZA_NOT_DEFINED, priceTotalInPence=498705280, pizzasInOrder=[{name=R3: Super Cheese, priceInPence=1400}, {name=R3: All Shrooms, priceInPence=900}, {name=Pizza-Surprise , priceInPence=498702880}], creditCardInformation={creditCardNumber=5572112751259979, creditCardExpiry=04/26, cvv=088}}
2025-01-16T16:58:23.392Z  WARN 26144 --- [PizzaDrone] [           main] u.a.e.i.p.c.ValidateOrderControllerTest  : Skipping order due to missing 'valid' field: {orderNo=0E2B9BEB, orderDate=2025-02-07, orderStatus=INVALID, orderValidationCode=MAX_PIZZA_COUNT_EXCEEDED, priceTotalInPence=6500, pizzasInOrder=[{name=R1: Margarita, priceInPence=1000}, {name=R1: Calzone, priceInPence=1400}, {name=R1: Margarita, priceInPence=1000}, {name=R1: Margarita, priceInPence=1000}, {name=R1: Margarita, priceInPence=1000}, {name=R1: Margarita, priceInPence=1000}], creditCardInformation={creditCardNumber=4418447466763258, creditCardExpiry=04/26, cvv=091}}
2025-01-16T16:58:23.392Z  WARN 26144 --- [PizzaDrone] [           main] u.a.e.i.p.c.ValidateOrderControllerTest  : Skipping order due to missing 'valid' field: {orderNo=5BE82187, orderDate=2025-02-07, orderStatus=INVALID, orderValidationCode=PIZZA_FROM_MULTIPLE_RESTAURANTS, priceTotalInPence=3900, pizzasInOrder=[{name=R1: Margarita, priceInPence=1000}, {name=R1: Calzone, priceInPence=1400}, {name=R2: Meat Lover, priceInPence=1400}], creditCardInformation={creditCardNumber=4364240100476708, creditCardExpiry=08/25, cvv=539}}
2025-01-16T16:58:23.394Z  WARN 26144 --- [PizzaDrone] [           main] u.a.e.i.p.c.ValidateOrderControllerTest  : Skipping order due to missing 'valid' field: {orderNo=5BA6A3D3, orderDate=2025-02-07, orderStatus=INVALID, orderValidationCode=RESTAURANT_CLOSED, priceTotalInPence=1500, pizzasInOrder=[{name=R4: Proper Pizza, priceInPence=1400}], creditCardInformation={creditCardNumber=4726129680620343, creditCardExpiry=10/25, cvv=276}}
2025-01-16T16:58:23.395Z  WARN 26144 --- [PizzaDrone] [           main] u.a.e.i.p.c.ValidateOrderControllerTest  : Skipping order due to missing 'valid' field: {orderNo=13529A13, orderDate=2025-02-07, orderStatus=INVALID, orderValidationCode=PRICE_FOR_PIZZA_INVALID, priceTotalInPence=2600, pizzasInOrder=[{name=R1: Calzone, priceInPence=1400}, {name=R1: Margarita, priceInPence=1100}], creditCardInformation={creditCardNumber=4049651993390561, creditCardExpiry=09/25, cvv=437}}
2025-01-16T16:58:23.395Z  WARN 26144 --- [PizzaDrone] [           main] u.a.e.i.p.c.ValidateOrderControllerTest  : Skipping order due to missing 'valid' field: {orderNo=1122B889, orderDate=2025-02-07, orderStatus=INVALID, orderValidationCode=EMPTY_ORDER, priceTotalInPence=100, pizzasInOrder=[], creditCardInformation={creditCardNumber=5357451230185418, creditCardExpiry=04/25, cvv=385}}
2025-01-16T16:58:23.395Z  WARN 26144 --- [PizzaDrone] [           main] u.a.e.i.p.c.ValidateOrderControllerTest  : Skipping order due to missing 'valid' field: {orderNo=04F06633, orderDate=2025-02-08, orderStatus=INVALID, orderValidationCode=CARD_NUMBER_INVALID, priceTotalInPence=2500, pizzasInOrder=[{name=R1: Margarita, priceInPence=1000}, {name=R1: Calzone, priceInPence=1400}], creditCardInformation={creditCardNumber=8653095, creditCardExpiry=08/25, cvv=192}}
2025-01-16T16:58:23.395Z  WARN 26144 --- [PizzaDrone] [           main] u.a.e.i.p.c.ValidateOrderControllerTest  : Skipping order due to missing 'valid' field: {orderNo=00A32219, orderDate=2025-02-08, orderStatus=INVALID, orderValidationCode=EXPIRY_DATE_INVALID, priceTotalInPence=2400, pizzasInOrder=[{name=R3: Super Cheese, priceInPence=1400}, {name=R3: All Shrooms, priceInPence=900}], creditCardInformation={creditCardNumber=4753543615619368, creditCardExpiry=16/07, cvv=177}}
2025-01-16T16:58:23.395Z  WARN 26144 --- [PizzaDrone] [           main] u.a.e.i.p.c.ValidateOrderControllerTest  : Skipping order due to missing 'valid' field: {orderNo=111B2A98, orderDate=2025-02-08, orderStatus=INVALID, orderValidationCode=CVV_INVALID, priceTotalInPence=2400, pizzasInOrder=[{name=R6: Sucuk delight, priceInPence=1400}, {name=R6: Dreams of Syria, priceInPence=900}], creditCardInformation={creditCardNumber=2221192725445294, creditCardExpiry=11/25, cvv=26}}
2025-01-16T16:58:23.395Z  WARN 26144 --- [PizzaDrone] [           main] u.a.e.i.p.c.ValidateOrderControllerTest  : Skipping order due to missing 'valid' field: {orderNo=59BB1967, orderDate=2025-02-08, orderStatus=INVALID, orderValidationCode=TOTAL_INCORRECT, priceTotalInPence=2302, pizzasInOrder=[{name=R5: Pizza Dream, priceInPence=1400}, {name=R5: My kind of pizza, priceInPence=900}], creditCardInformation={creditCardNumber=5427731095258350, creditCardExpiry=05/25, cvv=877}}
2025-01-16T16:58:23.395Z  WARN 26144 --- [PizzaDrone] [           main] u.a.e.i.p.c.ValidateOrderControllerTest  : Skipping order due to missing 'valid' field: {orderNo=0C4FE296, orderDate=2025-02-08, orderStatus=INVALID, orderValidationCode=PIZZA_NOT_DEFINED, priceTotalInPence=498705380, pizzasInOrder=[{name=R1: Margarita, priceInPence=1000}, {name=R1: Calzone, priceInPence=1400}, {name=Pizza-Surprise , priceInPence=498702880}], creditCardInformation={creditCardNumber=4908366292013679, creditCardExpiry=10/25, cvv=581}}
2025-01-16T16:58:23.395Z  WARN 26144 --- [PizzaDrone] [           main] u.a.e.i.p.c.ValidateOrderControllerTest  : Skipping order due to missing 'valid' field: {orderNo=26141D86, orderDate=2025-02-08, orderStatus=INVALID, orderValidationCode=MAX_PIZZA_COUNT_EXCEEDED, priceTotalInPence=8000, pizzasInOrder=[{name=R4: Proper Pizza, priceInPence=1400}, {name=R4: Pineapple & Ham & Cheese, priceInPence=900}, {name=R4: Proper Pizza, priceInPence=1400}, {name=R4: Proper Pizza, priceInPence=1400}, {name=R4: Proper Pizza, priceInPence=1400}, {name=R4: Proper Pizza, priceInPence=1400}], creditCardInformation={creditCardNumber=5463147663269718, creditCardExpiry=06/25, cvv=777}}
2025-01-16T16:58:23.395Z  WARN 26144 --- [PizzaDrone] [           main] u.a.e.i.p.c.ValidateOrderControllerTest  : Skipping order due to missing 'valid' field: {orderNo=2FE8D1BD, orderDate=2025-02-08, orderStatus=INVALID, orderValidationCode=PIZZA_FROM_MULTIPLE_RESTAURANTS, priceTotalInPence=3400, pizzasInOrder=[{name=R6: Sucuk delight, priceInPence=1400}, {name=R6: Dreams of Syria, priceInPence=900}, {name=R1: Margarita, priceInPence=1000}], creditCardInformation={creditCardNumber=5399615048812419, creditCardExpiry=01/26, cvv=666}}
2025-01-16T16:58:23.395Z  WARN 26144 --- [PizzaDrone] [           main] u.a.e.i.p.c.ValidateOrderControllerTest  : Skipping order due to missing 'valid' field: {orderNo=5CBB5D39, orderDate=2025-02-08, orderStatus=INVALID, orderValidationCode=RESTAURANT_CLOSED, priceTotalInPence=1500, pizzasInOrder=[{name=R2: Meat Lover, priceInPence=1400}], creditCardInformation={creditCardNumber=5361108810448277, creditCardExpiry=03/25, cvv=878}}
2025-01-16T16:58:23.395Z  WARN 26144 --- [PizzaDrone] [           main] u.a.e.i.p.c.ValidateOrderControllerTest  : Skipping order due to missing 'valid' field: {orderNo=6FD06F3C, orderDate=2025-02-08, orderStatus=INVALID, orderValidationCode=PRICE_FOR_PIZZA_INVALID, priceTotalInPence=2500, pizzasInOrder=[{name=R4: Pineapple & Ham & Cheese, priceInPence=900}, {name=R4: Proper Pizza, priceInPence=1500}], creditCardInformation={creditCardNumber=5326067593941649, creditCardExpiry=03/26, cvv=751}}
2025-01-16T16:58:23.395Z  WARN 26144 --- [PizzaDrone] [           main] u.a.e.i.p.c.ValidateOrderControllerTest  : Skipping order due to missing 'valid' field: {orderNo=2F788CEC, orderDate=2025-02-08, orderStatus=INVALID, orderValidationCode=EMPTY_ORDER, priceTotalInPence=100, pizzasInOrder=[], creditCardInformation={creditCardNumber=2720693301709082, creditCardExpiry=12/25, cvv=273}}
2025-01-16T16:58:23.395Z  WARN 26144 --- [PizzaDrone] [           main] u.a.e.i.p.c.ValidateOrderControllerTest  : Skipping order due to missing 'valid' field: {orderNo=02C30463, orderDate=2025-02-09, orderStatus=INVALID, orderValidationCode=CARD_NUMBER_INVALID, priceTotalInPence=2400, pizzasInOrder=[{name=R4: Proper Pizza, priceInPence=1400}, {name=R4: Pineapple & Ham & Cheese, priceInPence=900}], creditCardInformation={creditCardNumber=3770468666, creditCardExpiry=04/25, cvv=795}}
2025-01-16T16:58:23.395Z  WARN 26144 --- [PizzaDrone] [           main] u.a.e.i.p.c.ValidateOrderControllerTest  : Skipping order due to missing 'valid' field: {orderNo=21FAA5B1, orderDate=2025-02-09, orderStatus=INVALID, orderValidationCode=EXPIRY_DATE_INVALID, priceTotalInPence=2400, pizzasInOrder=[{name=R3: Super Cheese, priceInPence=1400}, {name=R3: All Shrooms, priceInPence=900}], creditCardInformation={creditCardNumber=5560598176004806, creditCardExpiry=05/11, cvv=982}}
2025-01-16T16:58:23.395Z  WARN 26144 --- [PizzaDrone] [           main] u.a.e.i.p.c.ValidateOrderControllerTest  : Skipping order due to missing 'valid' field: {orderNo=18852290, orderDate=2025-02-09, orderStatus=INVALID, orderValidationCode=CVV_INVALID, priceTotalInPence=2400, pizzasInOrder=[{name=R3: Super Cheese, priceInPence=1400}, {name=R3: All Shrooms, priceInPence=900}], creditCardInformation={creditCardNumber=4481450869795242, creditCardExpiry=02/26, cvv=2744}}
2025-01-16T16:58:23.395Z  WARN 26144 --- [PizzaDrone] [           main] u.a.e.i.p.c.ValidateOrderControllerTest  : Skipping order due to missing 'valid' field: {orderNo=5C0B5A49, orderDate=2025-02-09, orderStatus=INVALID, orderValidationCode=TOTAL_INCORRECT, priceTotalInPence=3086, pizzasInOrder=[{name=R1: Margarita, priceInPence=1000}, {name=R1: Calzone, priceInPence=1400}], creditCardInformation={creditCardNumber=4429115983523409, creditCardExpiry=05/25, cvv=435}}
2025-01-16T16:58:23.395Z  WARN 26144 --- [PizzaDrone] [           main] u.a.e.i.p.c.ValidateOrderControllerTest  : Skipping order due to missing 'valid' field: {orderNo=465D588D, orderDate=2025-02-09, orderStatus=INVALID, orderValidationCode=PIZZA_NOT_DEFINED, priceTotalInPence=498705280, pizzasInOrder=[{name=R5: Pizza Dream, priceInPence=1400}, {name=R5: My kind of pizza, priceInPence=900}, {name=Pizza-Surprise , priceInPence=498702880}], creditCardInformation={creditCardNumber=2720929860574545, creditCardExpiry=07/25, cvv=810}}
2025-01-16T16:58:23.395Z  WARN 26144 --- [PizzaDrone] [           main] u.a.e.i.p.c.ValidateOrderControllerTest  : Skipping order due to missing 'valid' field: {orderNo=0F79DCC3, orderDate=2025-02-09, orderStatus=INVALID, orderValidationCode=MAX_PIZZA_COUNT_EXCEEDED, priceTotalInPence=6500, pizzasInOrder=[{name=R1: Margarita, priceInPence=1000}, {name=R1: Calzone, priceInPence=1400}, {name=R1: Margarita, priceInPence=1000}, {name=R1: Margarita, priceInPence=1000}, {name=R1: Margarita, priceInPence=1000}, {name=R1: Margarita, priceInPence=1000}], creditCardInformation={creditCardNumber=4415632585979389, creditCardExpiry=04/25, cvv=386}}
2025-01-16T16:58:23.395Z  WARN 26144 --- [PizzaDrone] [           main] u.a.e.i.p.c.ValidateOrderControllerTest  : Skipping order due to missing 'valid' field: {orderNo=4BAFF951, orderDate=2025-02-09, orderStatus=INVALID, orderValidationCode=PIZZA_FROM_MULTIPLE_RESTAURANTS, priceTotalInPence=3900, pizzasInOrder=[{name=R1: Margarita, priceInPence=1000}, {name=R1: Calzone, priceInPence=1400}, {name=R3: Super Cheese, priceInPence=1400}], creditCardInformation={creditCardNumber=4740274260050347, creditCardExpiry=06/25, cvv=606}}
2025-01-16T16:58:23.395Z  WARN 26144 --- [PizzaDrone] [           main] u.a.e.i.p.c.ValidateOrderControllerTest  : Skipping order due to missing 'valid' field: {orderNo=743D274B, orderDate=2025-02-09, orderStatus=INVALID, orderValidationCode=RESTAURANT_CLOSED, priceTotalInPence=1500, pizzasInOrder=[{name=R2: Meat Lover, priceInPence=1400}], creditCardInformation={creditCardNumber=5137862558592893, creditCardExpiry=12/25, cvv=971}}
2025-01-16T16:58:23.395Z  WARN 26144 --- [PizzaDrone] [           main] u.a.e.i.p.c.ValidateOrderControllerTest  : Skipping order due to missing 'valid' field: {orderNo=17A6A96E, orderDate=2025-02-09, orderStatus=INVALID, orderValidationCode=PRICE_FOR_PIZZA_INVALID, priceTotalInPence=2500, pizzasInOrder=[{name=R3: All Shrooms, priceInPence=900}, {name=R3: Super Cheese, priceInPence=1500}], creditCardInformation={creditCardNumber=5553732545672717, creditCardExpiry=11/25, cvv=729}}
2025-01-16T16:58:23.395Z  WARN 26144 --- [PizzaDrone] [           main] u.a.e.i.p.c.ValidateOrderControllerTest  : Skipping order due to missing 'valid' field: {orderNo=5E4439BB, orderDate=2025-02-09, orderStatus=INVALID, orderValidationCode=EMPTY_ORDER, priceTotalInPence=100, pizzasInOrder=[], creditCardInformation={creditCardNumber=4744293553866587, creditCardExpiry=10/25, cvv=163}}
2025-01-16T16:58:23.395Z  WARN 26144 --- [PizzaDrone] [           main] u.a.e.i.p.c.ValidateOrderControllerTest  : Skipping order due to missing 'valid' field: {orderNo=78833D7E, orderDate=2025-02-10, orderStatus=INVALID, orderValidationCode=CARD_NUMBER_INVALID, priceTotalInPence=2600, pizzasInOrder=[{name=R2: Meat Lover, priceInPence=1400}, {name=R2: Vegan Delight, priceInPence=1100}], creditCardInformation={creditCardNumber=5843409594641, creditCardExpiry=06/25, cvv=722}}
2025-01-16T16:58:23.395Z  WARN 26144 --- [PizzaDrone] [           main] u.a.e.i.p.c.ValidateOrderControllerTest  : Skipping order due to missing 'valid' field: {orderNo=37351B95, orderDate=2025-02-10, orderStatus=INVALID, orderValidationCode=EXPIRY_DATE_INVALID, priceTotalInPence=2400, pizzasInOrder=[{name=R5: Pizza Dream, priceInPence=1400}, {name=R5: My kind of pizza, priceInPence=900}], creditCardInformation={creditCardNumber=4112760818160562, creditCardExpiry=08/06, cvv=696}}
2025-01-16T16:58:23.395Z  WARN 26144 --- [PizzaDrone] [           main] u.a.e.i.p.c.ValidateOrderControllerTest  : Skipping order due to missing 'valid' field: {orderNo=7DD9F977, orderDate=2025-02-10, orderStatus=INVALID, orderValidationCode=CVV_INVALID, priceTotalInPence=2500, pizzasInOrder=[{name=R1: Margarita, priceInPence=1000}, {name=R1: Calzone, priceInPence=1400}], creditCardInformation={creditCardNumber=2720391593631003, creditCardExpiry=04/25, cvv=9}}
2025-01-16T16:58:23.395Z  WARN 26144 --- [PizzaDrone] [           main] u.a.e.i.p.c.ValidateOrderControllerTest  : Skipping order due to missing 'valid' field: {orderNo=1BFB76A4, orderDate=2025-02-10, orderStatus=INVALID, orderValidationCode=TOTAL_INCORRECT, priceTotalInPence=3087, pizzasInOrder=[{name=R1: Margarita, priceInPence=1000}, {name=R1: Calzone, priceInPence=1400}], creditCardInformation={creditCardNumber=4871941832112380, creditCardExpiry=03/26, cvv=939}}
2025-01-16T16:58:23.395Z  WARN 26144 --- [PizzaDrone] [           main] u.a.e.i.p.c.ValidateOrderControllerTest  : Skipping order due to missing 'valid' field: {orderNo=39C832B0, orderDate=2025-02-10, orderStatus=INVALID, orderValidationCode=PIZZA_NOT_DEFINED, priceTotalInPence=498705480, pizzasInOrder=[{name=R2: Meat Lover, priceInPence=1400}, {name=R2: Vegan Delight, priceInPence=1100}, {name=Pizza-Surprise , priceInPence=498702880}], creditCardInformation={creditCardNumber=5115943733612198, creditCardExpiry=11/25, cvv=167}}
2025-01-16T16:58:23.395Z  WARN 26144 --- [PizzaDrone] [           main] u.a.e.i.p.c.ValidateOrderControllerTest  : Skipping order due to missing 'valid' field: {orderNo=433689E4, orderDate=2025-02-10, orderStatus=INVALID, orderValidationCode=MAX_PIZZA_COUNT_EXCEEDED, priceTotalInPence=8000, pizzasInOrder=[{name=R6: Sucuk delight, priceInPence=1400}, {name=R6: Dreams of Syria, priceInPence=900}, {name=R6: Sucuk delight, priceInPence=1400}, {name=R6: Sucuk delight, priceInPence=1400}, {name=R6: Sucuk delight, priceInPence=1400}, {name=R6: Sucuk delight, priceInPence=1400}], creditCardInformation={creditCardNumber=4410755021398297, creditCardExpiry=02/26, cvv=339}}
2025-01-16T16:58:23.395Z  WARN 26144 --- [PizzaDrone] [           main] u.a.e.i.p.c.ValidateOrderControllerTest  : Skipping order due to missing 'valid' field: {orderNo=317F754E, orderDate=2025-02-10, orderStatus=INVALID, orderValidationCode=PIZZA_FROM_MULTIPLE_RESTAURANTS, priceTotalInPence=3900, pizzasInOrder=[{name=R1: Margarita, priceInPence=1000}, {name=R1: Calzone, priceInPence=1400}, {name=R2: Meat Lover, priceInPence=1400}], creditCardInformation={creditCardNumber=5497447992176281, creditCardExpiry=07/25, cvv=229}}
2025-01-16T16:58:23.395Z  WARN 26144 --- [PizzaDrone] [           main] u.a.e.i.p.c.ValidateOrderControllerTest  : Skipping order due to missing 'valid' field: {orderNo=03C6A895, orderDate=2025-02-10, orderStatus=INVALID, orderValidationCode=RESTAURANT_CLOSED, priceTotalInPence=1500, pizzasInOrder=[{name=R3: Super Cheese, priceInPence=1400}], creditCardInformation={creditCardNumber=4970466401709812, creditCardExpiry=01/26, cvv=748}}
2025-01-16T16:58:23.395Z  WARN 26144 --- [PizzaDrone] [           main] u.a.e.i.p.c.ValidateOrderControllerTest  : Skipping order due to missing 'valid' field: {orderNo=271ACCF4, orderDate=2025-02-10, orderStatus=INVALID, orderValidationCode=PRICE_FOR_PIZZA_INVALID, priceTotalInPence=2500, pizzasInOrder=[{name=R5: My kind of pizza, priceInPence=900}, {name=R5: Pizza Dream, priceInPence=1500}], creditCardInformation={creditCardNumber=4760170137155761, creditCardExpiry=09/25, cvv=054}}
2025-01-16T16:58:23.395Z  WARN 26144 --- [PizzaDrone] [           main] u.a.e.i.p.c.ValidateOrderControllerTest  : Skipping order due to missing 'valid' field: {orderNo=6BC3EE4D, orderDate=2025-02-10, orderStatus=INVALID, orderValidationCode=EMPTY_ORDER, priceTotalInPence=100, pizzasInOrder=[], creditCardInformation={creditCardNumber=5281042379102115, creditCardExpiry=06/25, cvv=213}}
2025-01-16T16:58:23.395Z  WARN 26144 --- [PizzaDrone] [           main] u.a.e.i.p.c.ValidateOrderControllerTest  : Skipping order due to missing 'valid' field: {orderNo=3ABAC4D0, orderDate=2025-02-11, orderStatus=INVALID, orderValidationCode=CARD_NUMBER_INVALID, priceTotalInPence=2500, pizzasInOrder=[{name=R1: Margarita, priceInPence=1000}, {name=R1: Calzone, priceInPence=1400}], creditCardInformation={creditCardNumber=69155580, creditCardExpiry=07/25, cvv=071}}
2025-01-16T16:58:23.395Z  WARN 26144 --- [PizzaDrone] [           main] u.a.e.i.p.c.ValidateOrderControllerTest  : Skipping order due to missing 'valid' field: {orderNo=378DA517, orderDate=2025-02-11, orderStatus=INVALID, orderValidationCode=EXPIRY_DATE_INVALID, priceTotalInPence=2600, pizzasInOrder=[{name=R2: Meat Lover, priceInPence=1400}, {name=R2: Vegan Delight, priceInPence=1100}], creditCardInformation={creditCardNumber=2221149954517995, creditCardExpiry=05/18, cvv=895}}
2025-01-16T16:58:23.395Z  WARN 26144 --- [PizzaDrone] [           main] u.a.e.i.p.c.ValidateOrderControllerTest  : Skipping order due to missing 'valid' field: {orderNo=3AB049AC, orderDate=2025-02-11, orderStatus=INVALID, orderValidationCode=CVV_INVALID, priceTotalInPence=2600, pizzasInOrder=[{name=R2: Meat Lover, priceInPence=1400}, {name=R2: Vegan Delight, priceInPence=1100}], creditCardInformation={creditCardNumber=4675496251509614, creditCardExpiry=09/25, cvv=3270041}}
2025-01-16T16:58:23.395Z  WARN 26144 --- [PizzaDrone] [           main] u.a.e.i.p.c.ValidateOrderControllerTest  : Skipping order due to missing 'valid' field: {orderNo=69B0BCCE, orderDate=2025-02-11, orderStatus=INVALID, orderValidationCode=TOTAL_INCORRECT, priceTotalInPence=2887, pizzasInOrder=[{name=R2: Meat Lover, priceInPence=1400}, {name=R2: Vegan Delight, priceInPence=1100}], creditCardInformation={creditCardNumber=2221017689708165, creditCardExpiry=09/25, cvv=069}}
2025-01-16T16:58:23.395Z  WARN 26144 --- [PizzaDrone] [           main] u.a.e.i.p.c.ValidateOrderControllerTest  : Skipping order due to missing 'valid' field: {orderNo=77501715, orderDate=2025-02-11, orderStatus=INVALID, orderValidationCode=PIZZA_NOT_DEFINED, priceTotalInPence=498705280, pizzasInOrder=[{name=R7: Hot, hotter, the hottest, priceInPence=1400}, {name=R7: All you ever wanted, priceInPence=900}, {name=Pizza-Surprise , priceInPence=498702880}], creditCardInformation={creditCardNumber=2720843433865878, creditCardExpiry=10/25, cvv=464}}
2025-01-16T16:58:23.395Z  WARN 26144 --- [PizzaDrone] [           main] u.a.e.i.p.c.ValidateOrderControllerTest  : Skipping order due to missing 'valid' field: {orderNo=0EC13B00, orderDate=2025-02-11, orderStatus=INVALID, orderValidationCode=MAX_PIZZA_COUNT_EXCEEDED, priceTotalInPence=8000, pizzasInOrder=[{name=R7: Hot, hotter, the hottest, priceInPence=1400}, {name=R7: All you ever wanted, priceInPence=900}, {name=R7: Hot, hotter, the hottest, priceInPence=1400}, {name=R7: Hot, hotter, the hottest, priceInPence=1400}, {name=R7: Hot, hotter, the hottest, priceInPence=1400}, {name=R7: Hot, hotter, the hottest, priceInPence=1400}], creditCardInformation={creditCardNumber=4543707330830767, creditCardExpiry=01/26, cvv=671}}
2025-01-16T16:58:23.395Z  WARN 26144 --- [PizzaDrone] [           main] u.a.e.i.p.c.ValidateOrderControllerTest  : Skipping order due to missing 'valid' field: {orderNo=44B42B7C, orderDate=2025-02-11, orderStatus=INVALID, orderValidationCode=PIZZA_FROM_MULTIPLE_RESTAURANTS, priceTotalInPence=3900, pizzasInOrder=[{name=R1: Margarita, priceInPence=1000}, {name=R1: Calzone, priceInPence=1400}, {name=R2: Meat Lover, priceInPence=1400}], creditCardInformation={creditCardNumber=2720680398199483, creditCardExpiry=07/25, cvv=319}}
2025-01-16T16:58:23.395Z  WARN 26144 --- [PizzaDrone] [           main] u.a.e.i.p.c.ValidateOrderControllerTest  : Skipping order due to missing 'valid' field: {orderNo=49B5D7BA, orderDate=2025-02-11, orderStatus=INVALID, orderValidationCode=RESTAURANT_CLOSED, priceTotalInPence=1500, pizzasInOrder=[{name=R3: Super Cheese, priceInPence=1400}], creditCardInformation={creditCardNumber=4884128718377098, creditCardExpiry=10/25, cvv=959}}
2025-01-16T16:58:23.395Z  WARN 26144 --- [PizzaDrone] [           main] u.a.e.i.p.c.ValidateOrderControllerTest  : Skipping order due to missing 'valid' field: {orderNo=434802FC, orderDate=2025-02-11, orderStatus=INVALID, orderValidationCode=PRICE_FOR_PIZZA_INVALID, priceTotalInPence=2500, pizzasInOrder=[{name=R7: All you ever wanted, priceInPence=900}, {name=R7: Hot, hotter, the hottest, priceInPence=1500}], creditCardInformation={creditCardNumber=5228268920697552, creditCardExpiry=05/25, cvv=261}}
2025-01-16T16:58:23.395Z  WARN 26144 --- [PizzaDrone] [           main] u.a.e.i.p.c.ValidateOrderControllerTest  : Skipping order due to missing 'valid' field: {orderNo=3D46D5AF, orderDate=2025-02-11, orderStatus=INVALID, orderValidationCode=EMPTY_ORDER, priceTotalInPence=100, pizzasInOrder=[], creditCardInformation={creditCardNumber=5470693570998767, creditCardExpiry=03/26, cvv=565}}
2025-01-16T16:58:23.395Z  WARN 26144 --- [PizzaDrone] [           main] u.a.e.i.p.c.ValidateOrderControllerTest  : Skipping order due to missing 'valid' field: {orderNo=49695E26, orderDate=2025-02-12, orderStatus=INVALID, orderValidationCode=CARD_NUMBER_INVALID, priceTotalInPence=2600, pizzasInOrder=[{name=R2: Meat Lover, priceInPence=1400}, {name=R2: Vegan Delight, priceInPence=1100}], creditCardInformation={creditCardNumber=94436583422918, creditCardExpiry=11/25, cvv=799}}
2025-01-16T16:58:23.395Z  WARN 26144 --- [PizzaDrone] [           main] u.a.e.i.p.c.ValidateOrderControllerTest  : Skipping order due to missing 'valid' field: {orderNo=6A3E8EFF, orderDate=2025-02-12, orderStatus=INVALID, orderValidationCode=EXPIRY_DATE_INVALID, priceTotalInPence=2400, pizzasInOrder=[{name=R4: Proper Pizza, priceInPence=1400}, {name=R4: Pineapple & Ham & Cheese, priceInPence=900}], creditCardInformation={creditCardNumber=2720711233877486, creditCardExpiry=04/08, cvv=576}}
2025-01-16T16:58:23.395Z  WARN 26144 --- [PizzaDrone] [           main] u.a.e.i.p.c.ValidateOrderControllerTest  : Skipping order due to missing 'valid' field: {orderNo=14E61581, orderDate=2025-02-12, orderStatus=INVALID, orderValidationCode=CVV_INVALID, priceTotalInPence=2400, pizzasInOrder=[{name=R3: Super Cheese, priceInPence=1400}, {name=R3: All Shrooms, priceInPence=900}], creditCardInformation={creditCardNumber=4183063274703502, creditCardExpiry=03/26, cvv=2542}}
2025-01-16T16:58:23.395Z  WARN 26144 --- [PizzaDrone] [           main] u.a.e.i.p.c.ValidateOrderControllerTest  : Skipping order due to missing 'valid' field: {orderNo=4B3549D9, orderDate=2025-02-12, orderStatus=INVALID, orderValidationCode=TOTAL_INCORRECT, priceTotalInPence=2826, pizzasInOrder=[{name=R3: Super Cheese, priceInPence=1400}, {name=R3: All Shrooms, priceInPence=900}], creditCardInformation={creditCardNumber=4652464702895633, creditCardExpiry=04/26, cvv=359}}
2025-01-16T16:58:23.395Z  WARN 26144 --- [PizzaDrone] [           main] u.a.e.i.p.c.ValidateOrderControllerTest  : Skipping order due to missing 'valid' field: {orderNo=4439D2EA, orderDate=2025-02-12, orderStatus=INVALID, orderValidationCode=PIZZA_NOT_DEFINED, priceTotalInPence=498705280, pizzasInOrder=[{name=R4: Proper Pizza, priceInPence=1400}, {name=R4: Pineapple & Ham & Cheese, priceInPence=900}, {name=Pizza-Surprise , priceInPence=498702880}], creditCardInformation={creditCardNumber=4744069033963974, creditCardExpiry=11/25, cvv=903}}
2025-01-16T16:58:23.395Z  WARN 26144 --- [PizzaDrone] [           main] u.a.e.i.p.c.ValidateOrderControllerTest  : Skipping order due to missing 'valid' field: {orderNo=5B12AF43, orderDate=2025-02-12, orderStatus=INVALID, orderValidationCode=MAX_PIZZA_COUNT_EXCEEDED, priceTotalInPence=8200, pizzasInOrder=[{name=R2: Meat Lover, priceInPence=1400}, {name=R2: Vegan Delight, priceInPence=1100}, {name=R2: Meat Lover, priceInPence=1400}, {name=R2: Meat Lover, priceInPence=1400}, {name=R2: Meat Lover, priceInPence=1400}, {name=R2: Meat Lover, priceInPence=1400}], creditCardInformation={creditCardNumber=5232644125151484, creditCardExpiry=01/26, cvv=402}}
2025-01-16T16:58:23.395Z  WARN 26144 --- [PizzaDrone] [           main] u.a.e.i.p.c.ValidateOrderControllerTest  : Skipping order due to missing 'valid' field: {orderNo=5392B660, orderDate=2025-02-12, orderStatus=INVALID, orderValidationCode=PIZZA_FROM_MULTIPLE_RESTAURANTS, priceTotalInPence=4000, pizzasInOrder=[{name=R2: Meat Lover, priceInPence=1400}, {name=R2: Vegan Delight, priceInPence=1100}, {name=R3: Super Cheese, priceInPence=1400}], creditCardInformation={creditCardNumber=2720180381427223, creditCardExpiry=02/26, cvv=152}}
2025-01-16T16:58:23.395Z  WARN 26144 --- [PizzaDrone] [           main] u.a.e.i.p.c.ValidateOrderControllerTest  : Skipping order due to missing 'valid' field: {orderNo=594755A8, orderDate=2025-02-12, orderStatus=INVALID, orderValidationCode=RESTAURANT_CLOSED, priceTotalInPence=1100, pizzasInOrder=[{name=R1: Margarita, priceInPence=1000}], creditCardInformation={creditCardNumber=4652801410781284, creditCardExpiry=02/26, cvv=032}}
2025-01-16T16:58:23.395Z  WARN 26144 --- [PizzaDrone] [           main] u.a.e.i.p.c.ValidateOrderControllerTest  : Skipping order due to missing 'valid' field: {orderNo=3FF74FFF, orderDate=2025-02-12, orderStatus=INVALID, orderValidationCode=PRICE_FOR_PIZZA_INVALID, priceTotalInPence=2500, pizzasInOrder=[{name=R6: Dreams of Syria, priceInPence=900}, {name=R6: Sucuk delight, priceInPence=1500}], creditCardInformation={creditCardNumber=4424962912770840, creditCardExpiry=06/25, cvv=535}}
2025-01-16T16:58:23.395Z  WARN 26144 --- [PizzaDrone] [           main] u.a.e.i.p.c.ValidateOrderControllerTest  : Skipping order due to missing 'valid' field: {orderNo=3559A50E, orderDate=2025-02-12, orderStatus=INVALID, orderValidationCode=EMPTY_ORDER, priceTotalInPence=100, pizzasInOrder=[], creditCardInformation={creditCardNumber=4954036239062039, creditCardExpiry=03/26, cvv=479}}
2025-01-16T16:58:23.395Z  WARN 26144 --- [PizzaDrone] [           main] u.a.e.i.p.c.ValidateOrderControllerTest  : Skipping order due to missing 'valid' field: {orderNo=41BDDA0B, orderDate=2025-02-13, orderStatus=INVALID, orderValidationCode=CARD_NUMBER_INVALID, priceTotalInPence=2400, pizzasInOrder=[{name=R7: Hot, hotter, the hottest, priceInPence=1400}, {name=R7: All you ever wanted, priceInPence=900}], creditCardInformation={creditCardNumber=92221984461170, creditCardExpiry=03/26, cvv=487}}
2025-01-16T16:58:23.395Z  WARN 26144 --- [PizzaDrone] [           main] u.a.e.i.p.c.ValidateOrderControllerTest  : Skipping order due to missing 'valid' field: {orderNo=63182151, orderDate=2025-02-13, orderStatus=INVALID, orderValidationCode=EXPIRY_DATE_INVALID, priceTotalInPence=2400, pizzasInOrder=[{name=R7: Hot, hotter, the hottest, priceInPence=1400}, {name=R7: All you ever wanted, priceInPence=900}], creditCardInformation={creditCardNumber=5354421075857531, creditCardExpiry=15/06, cvv=698}}
2025-01-16T16:58:23.396Z  WARN 26144 --- [PizzaDrone] [           main] u.a.e.i.p.c.ValidateOrderControllerTest  : Skipping order due to missing 'valid' field: {orderNo=743739F0, orderDate=2025-02-13, orderStatus=INVALID, orderValidationCode=CVV_INVALID, priceTotalInPence=2600, pizzasInOrder=[{name=R2: Meat Lover, priceInPence=1400}, {name=R2: Vegan Delight, priceInPence=1100}], creditCardInformation={creditCardNumber=2221908346359006, creditCardExpiry=06/25, cvv=8892}}
2025-01-16T16:58:23.396Z  WARN 26144 --- [PizzaDrone] [           main] u.a.e.i.p.c.ValidateOrderControllerTest  : Skipping order due to missing 'valid' field: {orderNo=3D6BBB8A, orderDate=2025-02-13, orderStatus=INVALID, orderValidationCode=TOTAL_INCORRECT, priceTotalInPence=3383, pizzasInOrder=[{name=R7: Hot, hotter, the hottest, priceInPence=1400}, {name=R7: All you ever wanted, priceInPence=900}], creditCardInformation={creditCardNumber=4965332592766945, creditCardExpiry=03/25, cvv=582}}
2025-01-16T16:58:23.396Z  WARN 26144 --- [PizzaDrone] [           main] u.a.e.i.p.c.ValidateOrderControllerTest  : Skipping order due to missing 'valid' field: {orderNo=5F721612, orderDate=2025-02-13, orderStatus=INVALID, orderValidationCode=PIZZA_NOT_DEFINED, priceTotalInPence=498705280, pizzasInOrder=[{name=R3: Super Cheese, priceInPence=1400}, {name=R3: All Shrooms, priceInPence=900}, {name=Pizza-Surprise , priceInPence=498702880}], creditCardInformation={creditCardNumber=5395896164230172, creditCardExpiry=08/25, cvv=181}}
2025-01-16T16:58:23.396Z  WARN 26144 --- [PizzaDrone] [           main] u.a.e.i.p.c.ValidateOrderControllerTest  : Skipping order due to missing 'valid' field: {orderNo=6244D3DA, orderDate=2025-02-13, orderStatus=INVALID, orderValidationCode=MAX_PIZZA_COUNT_EXCEEDED, priceTotalInPence=8000, pizzasInOrder=[{name=R3: Super Cheese, priceInPence=1400}, {name=R3: All Shrooms, priceInPence=900}, {name=R3: Super Cheese, priceInPence=1400}, {name=R3: Super Cheese, priceInPence=1400}, {name=R3: Super Cheese, priceInPence=1400}, {name=R3: Super Cheese, priceInPence=1400}], creditCardInformation={creditCardNumber=4364845723909982, creditCardExpiry=11/25, cvv=407}}
2025-01-16T16:58:23.396Z  WARN 26144 --- [PizzaDrone] [           main] u.a.e.i.p.c.ValidateOrderControllerTest  : Skipping order due to missing 'valid' field: {orderNo=2C4D0A60, orderDate=2025-02-13, orderStatus=INVALID, orderValidationCode=PIZZA_FROM_MULTIPLE_RESTAURANTS, priceTotalInPence=4000, pizzasInOrder=[{name=R2: Meat Lover, priceInPence=1400}, {name=R2: Vegan Delight, priceInPence=1100}, {name=R3: Super Cheese, priceInPence=1400}], creditCardInformation={creditCardNumber=5276013171862146, creditCardExpiry=04/25, cvv=499}}
2025-01-16T16:58:23.396Z  WARN 26144 --- [PizzaDrone] [           main] u.a.e.i.p.c.ValidateOrderControllerTest  : Skipping order due to missing 'valid' field: {orderNo=21300D7E, orderDate=2025-02-13, orderStatus=INVALID, orderValidationCode=RESTAURANT_CLOSED, priceTotalInPence=1100, pizzasInOrder=[{name=R1: Margarita, priceInPence=1000}], creditCardInformation={creditCardNumber=4936962789154335, creditCardExpiry=07/25, cvv=699}}
2025-01-16T16:58:23.396Z  WARN 26144 --- [PizzaDrone] [           main] u.a.e.i.p.c.ValidateOrderControllerTest  : Skipping order due to missing 'valid' field: {orderNo=18CDE691, orderDate=2025-02-13, orderStatus=INVALID, orderValidationCode=PRICE_FOR_PIZZA_INVALID, priceTotalInPence=2500, pizzasInOrder=[{name=R5: My kind of pizza, priceInPence=900}, {name=R5: Pizza Dream, priceInPence=1500}], creditCardInformation={creditCardNumber=4291579599892919, creditCardExpiry=04/25, cvv=741}}
2025-01-16T16:58:23.396Z  WARN 26144 --- [PizzaDrone] [           main] u.a.e.i.p.c.ValidateOrderControllerTest  : Skipping order due to missing 'valid' field: {orderNo=3D1E4540, orderDate=2025-02-13, orderStatus=INVALID, orderValidationCode=EMPTY_ORDER, priceTotalInPence=100, pizzasInOrder=[], creditCardInformation={creditCardNumber=4330802815811627, creditCardExpiry=07/25, cvv=195}}
2025-01-16T16:58:23.396Z  WARN 26144 --- [PizzaDrone] [           main] u.a.e.i.p.c.ValidateOrderControllerTest  : Skipping order due to missing 'valid' field: {orderNo=7F583663, orderDate=2025-02-14, orderStatus=INVALID, orderValidationCode=CARD_NUMBER_INVALID, priceTotalInPence=2500, pizzasInOrder=[{name=R1: Margarita, priceInPence=1000}, {name=R1: Calzone, priceInPence=1400}], creditCardInformation={creditCardNumber=548087326, creditCardExpiry=04/26, cvv=889}}
2025-01-16T16:58:23.396Z  WARN 26144 --- [PizzaDrone] [           main] u.a.e.i.p.c.ValidateOrderControllerTest  : Skipping order due to missing 'valid' field: {orderNo=3A0D98A8, orderDate=2025-02-14, orderStatus=INVALID, orderValidationCode=EXPIRY_DATE_INVALID, priceTotalInPence=2400, pizzasInOrder=[{name=R7: Hot, hotter, the hottest, priceInPence=1400}, {name=R7: All you ever wanted, priceInPence=900}], creditCardInformation={creditCardNumber=4561498106462574, creditCardExpiry=03/04, cvv=338}}
2025-01-16T16:58:23.396Z  WARN 26144 --- [PizzaDrone] [           main] u.a.e.i.p.c.ValidateOrderControllerTest  : Skipping order due to missing 'valid' field: {orderNo=018C2046, orderDate=2025-02-14, orderStatus=INVALID, orderValidationCode=CVV_INVALID, priceTotalInPence=2500, pizzasInOrder=[{name=R1: Margarita, priceInPence=1000}, {name=R1: Calzone, priceInPence=1400}], creditCardInformation={creditCardNumber=4667355846953895, creditCardExpiry=06/25, cvv=35145}}
2025-01-16T16:58:23.396Z  WARN 26144 --- [PizzaDrone] [           main] u.a.e.i.p.c.ValidateOrderControllerTest  : Skipping order due to missing 'valid' field: {orderNo=78004132, orderDate=2025-02-14, orderStatus=INVALID, orderValidationCode=TOTAL_INCORRECT, priceTotalInPence=3011, pizzasInOrder=[{name=R7: Hot, hotter, the hottest, priceInPence=1400}, {name=R7: All you ever wanted, priceInPence=900}], creditCardInformation={creditCardNumber=4138978267148876, creditCardExpiry=10/25, cvv=371}}
2025-01-16T16:58:23.396Z  WARN 26144 --- [PizzaDrone] [           main] u.a.e.i.p.c.ValidateOrderControllerTest  : Skipping order due to missing 'valid' field: {orderNo=656346FE, orderDate=2025-02-14, orderStatus=INVALID, orderValidationCode=PIZZA_NOT_DEFINED, priceTotalInPence=498705280, pizzasInOrder=[{name=R7: Hot, hotter, the hottest, priceInPence=1400}, {name=R7: All you ever wanted, priceInPence=900}, {name=Pizza-Surprise , priceInPence=498702880}], creditCardInformation={creditCardNumber=5241793711499861, creditCardExpiry=11/25, cvv=902}}
2025-01-16T16:58:23.396Z  WARN 26144 --- [PizzaDrone] [           main] u.a.e.i.p.c.ValidateOrderControllerTest  : Skipping order due to missing 'valid' field: {orderNo=10885901, orderDate=2025-02-14, orderStatus=INVALID, orderValidationCode=MAX_PIZZA_COUNT_EXCEEDED, priceTotalInPence=8000, pizzasInOrder=[{name=R7: Hot, hotter, the hottest, priceInPence=1400}, {name=R7: All you ever wanted, priceInPence=900}, {name=R7: Hot, hotter, the hottest, priceInPence=1400}, {name=R7: Hot, hotter, the hottest, priceInPence=1400}, {name=R7: Hot, hotter, the hottest, priceInPence=1400}, {name=R7: Hot, hotter, the hottest, priceInPence=1400}], creditCardInformation={creditCardNumber=2221816523221487, creditCardExpiry=03/26, cvv=424}}
2025-01-16T16:58:23.396Z  WARN 26144 --- [PizzaDrone] [           main] u.a.e.i.p.c.ValidateOrderControllerTest  : Skipping order due to missing 'valid' field: {orderNo=320A2076, orderDate=2025-02-14, orderStatus=INVALID, orderValidationCode=PIZZA_FROM_MULTIPLE_RESTAURANTS, priceTotalInPence=3400, pizzasInOrder=[{name=R7: Hot, hotter, the hottest, priceInPence=1400}, {name=R7: All you ever wanted, priceInPence=900}, {name=R1: Margarita, priceInPence=1000}], creditCardInformation={creditCardNumber=4194430834373935, creditCardExpiry=06/25, cvv=637}}
2025-01-16T16:58:23.396Z  WARN 26144 --- [PizzaDrone] [           main] u.a.e.i.p.c.ValidateOrderControllerTest  : Skipping order due to missing 'valid' field: {orderNo=59993DFE, orderDate=2025-02-14, orderStatus=INVALID, orderValidationCode=RESTAURANT_CLOSED, priceTotalInPence=1500, pizzasInOrder=[{name=R4: Proper Pizza, priceInPence=1400}], creditCardInformation={creditCardNumber=2720391541509152, creditCardExpiry=08/25, cvv=618}}
2025-01-16T16:58:23.396Z  WARN 26144 --- [PizzaDrone] [           main] u.a.e.i.p.c.ValidateOrderControllerTest  : Skipping order due to missing 'valid' field: {orderNo=4708D403, orderDate=2025-02-14, orderStatus=INVALID, orderValidationCode=PRICE_FOR_PIZZA_INVALID, priceTotalInPence=2700, pizzasInOrder=[{name=R2: Vegan Delight, priceInPence=1100}, {name=R2: Meat Lover, priceInPence=1500}], creditCardInformation={creditCardNumber=5166591127697230, creditCardExpiry=03/26, cvv=999}}
2025-01-16T16:58:23.396Z  WARN 26144 --- [PizzaDrone] [           main] u.a.e.i.p.c.ValidateOrderControllerTest  : Skipping order due to missing 'valid' field: {orderNo=54FEB0E9, orderDate=2025-02-14, orderStatus=INVALID, orderValidationCode=EMPTY_ORDER, priceTotalInPence=100, pizzasInOrder=[], creditCardInformation={creditCardNumber=4592323801822455, creditCardExpiry=04/26, cvv=225}}
2025-01-16T16:58:23.396Z  WARN 26144 --- [PizzaDrone] [           main] u.a.e.i.p.c.ValidateOrderControllerTest  : Skipping order due to missing 'valid' field: {orderNo=636160A6, orderDate=2025-01-16, orderStatus=VALID, orderValidationCode=NO_ERROR, priceTotalInPence=2600, pizzasInOrder=[{name=R2: Meat Lover, priceInPence=1400}, {name=R2: Vegan Delight, priceInPence=1100}], creditCardInformation={creditCardNumber=2221631402846068, creditCardExpiry=08/25, cvv=105}}
2025-01-16T16:58:23.396Z  WARN 26144 --- [PizzaDrone] [           main] u.a.e.i.p.c.ValidateOrderControllerTest  : Skipping order due to missing 'valid' field: {orderNo=3152CD9D, orderDate=2025-01-16, orderStatus=VALID, orderValidationCode=NO_ERROR, priceTotalInPence=2400, pizzasInOrder=[{name=R3: Super Cheese, priceInPence=1400}, {name=R3: All Shrooms, priceInPence=900}], creditCardInformation={creditCardNumber=4680312048086290, creditCardExpiry=06/25, cvv=688}}
2025-01-16T16:58:23.396Z  WARN 26144 --- [PizzaDrone] [           main] u.a.e.i.p.c.ValidateOrderControllerTest  : Skipping order due to missing 'valid' field: {orderNo=269E04A1, orderDate=2025-01-16, orderStatus=VALID, orderValidationCode=NO_ERROR, priceTotalInPence=2400, pizzasInOrder=[{name=R5: Pizza Dream, priceInPence=1400}, {name=R5: My kind of pizza, priceInPence=900}], creditCardInformation={creditCardNumber=4661495922036649, creditCardExpiry=09/25, cvv=009}}
2025-01-16T16:58:23.396Z  WARN 26144 --- [PizzaDrone] [           main] u.a.e.i.p.c.ValidateOrderControllerTest  : Skipping order due to missing 'valid' field: {orderNo=582EA076, orderDate=2025-01-16, orderStatus=VALID, orderValidationCode=NO_ERROR, priceTotalInPence=2400, pizzasInOrder=[{name=R7: Hot, hotter, the hottest, priceInPence=1400}, {name=R7: All you ever wanted, priceInPence=900}], creditCardInformation={creditCardNumber=5156308957597659, creditCardExpiry=03/25, cvv=443}}
2025-01-16T16:58:23.396Z  WARN 26144 --- [PizzaDrone] [           main] u.a.e.i.p.c.ValidateOrderControllerTest  : Skipping order due to missing 'valid' field: {orderNo=2AF1BC9E, orderDate=2025-01-16, orderStatus=VALID, orderValidationCode=NO_ERROR, priceTotalInPence=2600, pizzasInOrder=[{name=R2: Meat Lover, priceInPence=1400}, {name=R2: Vegan Delight, priceInPence=1100}], creditCardInformation={creditCardNumber=2720737219649797, creditCardExpiry=03/26, cvv=439}}
2025-01-16T16:58:23.396Z  WARN 26144 --- [PizzaDrone] [           main] u.a.e.i.p.c.ValidateOrderControllerTest  : Skipping order due to missing 'valid' field: {orderNo=105D2F04, orderDate=2025-01-16, orderStatus=VALID, orderValidationCode=NO_ERROR, priceTotalInPence=2400, pizzasInOrder=[{name=R3: Super Cheese, priceInPence=1400}, {name=R3: All Shrooms, priceInPence=900}], creditCardInformation={creditCardNumber=5356006164476737, creditCardExpiry=07/25, cvv=818}}
2025-01-16T16:58:23.396Z  WARN 26144 --- [PizzaDrone] [           main] u.a.e.i.p.c.ValidateOrderControllerTest  : Skipping order due to missing 'valid' field: {orderNo=5108C768, orderDate=2025-01-16, orderStatus=VALID, orderValidationCode=NO_ERROR, priceTotalInPence=2400, pizzasInOrder=[{name=R5: Pizza Dream, priceInPence=1400}, {name=R5: My kind of pizza, priceInPence=900}], creditCardInformation={creditCardNumber=4226207645170136, creditCardExpiry=07/25, cvv=931}}
2025-01-16T16:58:23.396Z  WARN 26144 --- [PizzaDrone] [           main] u.a.e.i.p.c.ValidateOrderControllerTest  : Skipping order due to missing 'valid' field: {orderNo=6810AE36, orderDate=2025-01-16, orderStatus=VALID, orderValidationCode=NO_ERROR, priceTotalInPence=2400, pizzasInOrder=[{name=R7: Hot, hotter, the hottest, priceInPence=1400}, {name=R7: All you ever wanted, priceInPence=900}], creditCardInformation={creditCardNumber=2720676789007061, creditCardExpiry=04/25, cvv=897}}
2025-01-16T16:58:23.396Z  WARN 26144 --- [PizzaDrone] [           main] u.a.e.i.p.c.ValidateOrderControllerTest  : Skipping order due to missing 'valid' field: {orderNo=01E0AD1C, orderDate=2025-01-16, orderStatus=VALID, orderValidationCode=NO_ERROR, priceTotalInPence=2600, pizzasInOrder=[{name=R2: Meat Lover, priceInPence=1400}, {name=R2: Vegan Delight, priceInPence=1100}], creditCardInformation={creditCardNumber=4570957822148121, creditCardExpiry=08/25, cvv=776}}
2025-01-16T16:58:23.396Z  WARN 26144 --- [PizzaDrone] [           main] u.a.e.i.p.c.ValidateOrderControllerTest  : Skipping order due to missing 'valid' field: {orderNo=46A650C6, orderDate=2025-01-16, orderStatus=VALID, orderValidationCode=NO_ERROR, priceTotalInPence=2400, pizzasInOrder=[{name=R3: Super Cheese, priceInPence=1400}, {name=R3: All Shrooms, priceInPence=900}], creditCardInformation={creditCardNumber=5145598496841774, creditCardExpiry=04/25, cvv=508}}
2025-01-16T16:58:23.396Z  WARN 26144 --- [PizzaDrone] [           main] u.a.e.i.p.c.ValidateOrderControllerTest  : Skipping order due to missing 'valid' field: {orderNo=19B1923B, orderDate=2025-01-17, orderStatus=VALID, orderValidationCode=NO_ERROR, priceTotalInPence=2500, pizzasInOrder=[{name=R1: Margarita, priceInPence=1000}, {name=R1: Calzone, priceInPence=1400}], creditCardInformation={creditCardNumber=4344531793527947, creditCardExpiry=07/25, cvv=104}}
2025-01-16T16:58:23.396Z  WARN 26144 --- [PizzaDrone] [           main] u.a.e.i.p.c.ValidateOrderControllerTest  : Skipping order due to missing 'valid' field: {orderNo=41AE5AAA, orderDate=2025-01-17, orderStatus=VALID, orderValidationCode=NO_ERROR, priceTotalInPence=2600, pizzasInOrder=[{name=R2: Meat Lover, priceInPence=1400}, {name=R2: Vegan Delight, priceInPence=1100}], creditCardInformation={creditCardNumber=4859431063205158, creditCardExpiry=02/26, cvv=591}}
2025-01-16T16:58:23.396Z  WARN 26144 --- [PizzaDrone] [           main] u.a.e.i.p.c.ValidateOrderControllerTest  : Skipping order due to missing 'valid' field: {orderNo=0F59CBAD, orderDate=2025-01-17, orderStatus=VALID, orderValidationCode=NO_ERROR, priceTotalInPence=2400, pizzasInOrder=[{name=R3: Super Cheese, priceInPence=1400}, {name=R3: All Shrooms, priceInPence=900}], creditCardInformation={creditCardNumber=4483567378034975, creditCardExpiry=12/25, cvv=401}}
2025-01-16T16:58:23.396Z  WARN 26144 --- [PizzaDrone] [           main] u.a.e.i.p.c.ValidateOrderControllerTest  : Skipping order due to missing 'valid' field: {orderNo=4B8192AF, orderDate=2025-01-17, orderStatus=VALID, orderValidationCode=NO_ERROR, priceTotalInPence=2400, pizzasInOrder=[{name=R7: Hot, hotter, the hottest, priceInPence=1400}, {name=R7: All you ever wanted, priceInPence=900}], creditCardInformation={creditCardNumber=4205076335218884, creditCardExpiry=12/25, cvv=391}}
2025-01-16T16:58:23.396Z  WARN 26144 --- [PizzaDrone] [           main] u.a.e.i.p.c.ValidateOrderControllerTest  : Skipping order due to missing 'valid' field: {orderNo=745581BF, orderDate=2025-01-17, orderStatus=VALID, orderValidationCode=NO_ERROR, priceTotalInPence=2500, pizzasInOrder=[{name=R1: Margarita, priceInPence=1000}, {name=R1: Calzone, priceInPence=1400}], creditCardInformation={creditCardNumber=5417216780012769, creditCardExpiry=07/25, cvv=242}}
2025-01-16T16:58:23.396Z  WARN 26144 --- [PizzaDrone] [           main] u.a.e.i.p.c.ValidateOrderControllerTest  : Skipping order due to missing 'valid' field: {orderNo=65250BCF, orderDate=2025-01-17, orderStatus=VALID, orderValidationCode=NO_ERROR, priceTotalInPence=2600, pizzasInOrder=[{name=R2: Meat Lover, priceInPence=1400}, {name=R2: Vegan Delight, priceInPence=1100}], creditCardInformation={creditCardNumber=5570225688483447, creditCardExpiry=12/25, cvv=270}}
2025-01-16T16:58:23.396Z  WARN 26144 --- [PizzaDrone] [           main] u.a.e.i.p.c.ValidateOrderControllerTest  : Skipping order due to missing 'valid' field: {orderNo=605BDAD1, orderDate=2025-01-17, orderStatus=VALID, orderValidationCode=NO_ERROR, priceTotalInPence=2400, pizzasInOrder=[{name=R3: Super Cheese, priceInPence=1400}, {name=R3: All Shrooms, priceInPence=900}], creditCardInformation={creditCardNumber=4717877743815224, creditCardExpiry=07/25, cvv=769}}
2025-01-16T16:58:23.396Z  WARN 26144 --- [PizzaDrone] [           main] u.a.e.i.p.c.ValidateOrderControllerTest  : Skipping order due to missing 'valid' field: {orderNo=5CCDAC76, orderDate=2025-01-17, orderStatus=VALID, orderValidationCode=NO_ERROR, priceTotalInPence=2400, pizzasInOrder=[{name=R7: Hot, hotter, the hottest, priceInPence=1400}, {name=R7: All you ever wanted, priceInPence=900}], creditCardInformation={creditCardNumber=4193136504668436, creditCardExpiry=02/26, cvv=414}}
2025-01-16T16:58:23.396Z  WARN 26144 --- [PizzaDrone] [           main] u.a.e.i.p.c.ValidateOrderControllerTest  : Skipping order due to missing 'valid' field: {orderNo=64452329, orderDate=2025-01-17, orderStatus=VALID, orderValidationCode=NO_ERROR, priceTotalInPence=2500, pizzasInOrder=[{name=R1: Margarita, priceInPence=1000}, {name=R1: Calzone, priceInPence=1400}], creditCardInformation={creditCardNumber=5200185563866710, creditCardExpiry=02/25, cvv=037}}
2025-01-16T16:58:23.396Z  WARN 26144 --- [PizzaDrone] [           main] u.a.e.i.p.c.ValidateOrderControllerTest  : Skipping order due to missing 'valid' field: {orderNo=0E2DD01F, orderDate=2025-01-17, orderStatus=VALID, orderValidationCode=NO_ERROR, priceTotalInPence=2600, pizzasInOrder=[{name=R2: Meat Lover, priceInPence=1400}, {name=R2: Vegan Delight, priceInPence=1100}], creditCardInformation={creditCardNumber=5169535446496433, creditCardExpiry=02/26, cvv=462}}
2025-01-16T16:58:23.396Z  WARN 26144 --- [PizzaDrone] [           main] u.a.e.i.p.c.ValidateOrderControllerTest  : Skipping order due to missing 'valid' field: {orderNo=2223CF70, orderDate=2025-01-18, orderStatus=VALID, orderValidationCode=NO_ERROR, priceTotalInPence=2500, pizzasInOrder=[{name=R1: Margarita, priceInPence=1000}, {name=R1: Calzone, priceInPence=1400}], creditCardInformation={creditCardNumber=4272028347651667, creditCardExpiry=08/25, cvv=529}}
2025-01-16T16:58:23.396Z  WARN 26144 --- [PizzaDrone] [           main] u.a.e.i.p.c.ValidateOrderControllerTest  : Skipping order due to missing 'valid' field: {orderNo=1E6C4534, orderDate=2025-01-18, orderStatus=VALID, orderValidationCode=NO_ERROR, priceTotalInPence=2400, pizzasInOrder=[{name=R3: Super Cheese, priceInPence=1400}, {name=R3: All Shrooms, priceInPence=900}], creditCardInformation={creditCardNumber=2221692391672311, creditCardExpiry=02/26, cvv=950}}
2025-01-16T16:58:23.396Z  WARN 26144 --- [PizzaDrone] [           main] u.a.e.i.p.c.ValidateOrderControllerTest  : Skipping order due to missing 'valid' field: {orderNo=04835268, orderDate=2025-01-18, orderStatus=VALID, orderValidationCode=NO_ERROR, priceTotalInPence=2400, pizzasInOrder=[{name=R4: Proper Pizza, priceInPence=1400}, {name=R4: Pineapple & Ham & Cheese, priceInPence=900}], creditCardInformation={creditCardNumber=5292640245758106, creditCardExpiry=10/25, cvv=482}}
2025-01-16T16:58:23.396Z  WARN 26144 --- [PizzaDrone] [           main] u.a.e.i.p.c.ValidateOrderControllerTest  : Skipping order due to missing 'valid' field: {orderNo=09B2E305, orderDate=2025-01-18, orderStatus=VALID, orderValidationCode=NO_ERROR, priceTotalInPence=2400, pizzasInOrder=[{name=R5: Pizza Dream, priceInPence=1400}, {name=R5: My kind of pizza, priceInPence=900}], creditCardInformation={creditCardNumber=4911267956504836, creditCardExpiry=09/25, cvv=220}}
2025-01-16T16:58:23.396Z  WARN 26144 --- [PizzaDrone] [           main] u.a.e.i.p.c.ValidateOrderControllerTest  : Skipping order due to missing 'valid' field: {orderNo=11FCF063, orderDate=2025-01-18, orderStatus=VALID, orderValidationCode=NO_ERROR, priceTotalInPence=2400, pizzasInOrder=[{name=R6: Sucuk delight, priceInPence=1400}, {name=R6: Dreams of Syria, priceInPence=900}], creditCardInformation={creditCardNumber=5260287000162229, creditCardExpiry=08/25, cvv=390}}
2025-01-16T16:58:23.396Z  WARN 26144 --- [PizzaDrone] [           main] u.a.e.i.p.c.ValidateOrderControllerTest  : Skipping order due to missing 'valid' field: {orderNo=07170C2D, orderDate=2025-01-18, orderStatus=VALID, orderValidationCode=NO_ERROR, priceTotalInPence=2500, pizzasInOrder=[{name=R1: Margarita, priceInPence=1000}, {name=R1: Calzone, priceInPence=1400}], creditCardInformation={creditCardNumber=4584035418119808, creditCardExpiry=05/25, cvv=549}}
2025-01-16T16:58:23.396Z  WARN 26144 --- [PizzaDrone] [           main] u.a.e.i.p.c.ValidateOrderControllerTest  : Skipping order due to missing 'valid' field: {orderNo=66C08B42, orderDate=2025-01-18, orderStatus=VALID, orderValidationCode=NO_ERROR, priceTotalInPence=2400, pizzasInOrder=[{name=R3: Super Cheese, priceInPence=1400}, {name=R3: All Shrooms, priceInPence=900}], creditCardInformation={creditCardNumber=4850963227837814, creditCardExpiry=08/25, cvv=883}}
2025-01-16T16:58:23.396Z  WARN 26144 --- [PizzaDrone] [           main] u.a.e.i.p.c.ValidateOrderControllerTest  : Skipping order due to missing 'valid' field: {orderNo=133E1488, orderDate=2025-01-18, orderStatus=VALID, orderValidationCode=NO_ERROR, priceTotalInPence=2400, pizzasInOrder=[{name=R4: Proper Pizza, priceInPence=1400}, {name=R4: Pineapple & Ham & Cheese, priceInPence=900}], creditCardInformation={creditCardNumber=4614622833325799, creditCardExpiry=03/25, cvv=946}}
2025-01-16T16:58:23.396Z  WARN 26144 --- [PizzaDrone] [           main] u.a.e.i.p.c.ValidateOrderControllerTest  : Skipping order due to missing 'valid' field: {orderNo=3C88A237, orderDate=2025-01-18, orderStatus=VALID, orderValidationCode=NO_ERROR, priceTotalInPence=2400, pizzasInOrder=[{name=R5: Pizza Dream, priceInPence=1400}, {name=R5: My kind of pizza, priceInPence=900}], creditCardInformation={creditCardNumber=4382275696077377, creditCardExpiry=04/25, cvv=464}}
2025-01-16T16:58:23.396Z  WARN 26144 --- [PizzaDrone] [           main] u.a.e.i.p.c.ValidateOrderControllerTest  : Skipping order due to missing 'valid' field: {orderNo=77BC4F23, orderDate=2025-01-18, orderStatus=VALID, orderValidationCode=NO_ERROR, priceTotalInPence=2400, pizzasInOrder=[{name=R6: Sucuk delight, priceInPence=1400}, {name=R6: Dreams of Syria, priceInPence=900}], creditCardInformation={creditCardNumber=4544225520292614, creditCardExpiry=08/25, cvv=014}}
2025-01-16T16:58:23.396Z  WARN 26144 --- [PizzaDrone] [           main] u.a.e.i.p.c.ValidateOrderControllerTest  : Skipping order due to missing 'valid' field: {orderNo=30C9F189, orderDate=2025-01-19, orderStatus=VALID, orderValidationCode=NO_ERROR, priceTotalInPence=2500, pizzasInOrder=[{name=R1: Margarita, priceInPence=1000}, {name=R1: Calzone, priceInPence=1400}], creditCardInformation={creditCardNumber=5480422413335039, creditCardExpiry=12/25, cvv=381}}
2025-01-16T16:58:23.396Z  WARN 26144 --- [PizzaDrone] [           main] u.a.e.i.p.c.ValidateOrderControllerTest  : Skipping order due to missing 'valid' field: {orderNo=3A8E3E39, orderDate=2025-01-19, orderStatus=VALID, orderValidationCode=NO_ERROR, priceTotalInPence=2400, pizzasInOrder=[{name=R3: Super Cheese, priceInPence=1400}, {name=R3: All Shrooms, priceInPence=900}], creditCardInformation={creditCardNumber=2720289696103393, creditCardExpiry=03/26, cvv=500}}
2025-01-16T16:58:23.396Z  WARN 26144 --- [PizzaDrone] [           main] u.a.e.i.p.c.ValidateOrderControllerTest  : Skipping order due to missing 'valid' field: {orderNo=7529312E, orderDate=2025-01-19, orderStatus=VALID, orderValidationCode=NO_ERROR, priceTotalInPence=2400, pizzasInOrder=[{name=R4: Proper Pizza, priceInPence=1400}, {name=R4: Pineapple & Ham & Cheese, priceInPence=900}], creditCardInformation={creditCardNumber=2720885327891908, creditCardExpiry=11/25, cvv=451}}
2025-01-16T16:58:23.396Z  WARN 26144 --- [PizzaDrone] [           main] u.a.e.i.p.c.ValidateOrderControllerTest  : Skipping order due to missing 'valid' field: {orderNo=4145F44D, orderDate=2025-01-19, orderStatus=VALID, orderValidationCode=NO_ERROR, priceTotalInPence=2400, pizzasInOrder=[{name=R5: Pizza Dream, priceInPence=1400}, {name=R5: My kind of pizza, priceInPence=900}], creditCardInformation={creditCardNumber=4127052372789330, creditCardExpiry=04/25, cvv=030}}
2025-01-16T16:58:23.396Z  WARN 26144 --- [PizzaDrone] [           main] u.a.e.i.p.c.ValidateOrderControllerTest  : Skipping order due to missing 'valid' field: {orderNo=03D13F50, orderDate=2025-01-19, orderStatus=VALID, orderValidationCode=NO_ERROR, priceTotalInPence=2400, pizzasInOrder=[{name=R6: Sucuk delight, priceInPence=1400}, {name=R6: Dreams of Syria, priceInPence=900}], creditCardInformation={creditCardNumber=2720199046637398, creditCardExpiry=02/25, cvv=334}}
2025-01-16T16:58:23.396Z  WARN 26144 --- [PizzaDrone] [           main] u.a.e.i.p.c.ValidateOrderControllerTest  : Skipping order due to missing 'valid' field: {orderNo=641A7821, orderDate=2025-01-19, orderStatus=VALID, orderValidationCode=NO_ERROR, priceTotalInPence=2500, pizzasInOrder=[{name=R1: Margarita, priceInPence=1000}, {name=R1: Calzone, priceInPence=1400}], creditCardInformation={creditCardNumber=4730962950323832, creditCardExpiry=10/25, cvv=635}}
2025-01-16T16:58:23.396Z  WARN 26144 --- [PizzaDrone] [           main] u.a.e.i.p.c.ValidateOrderControllerTest  : Skipping order due to missing 'valid' field: {orderNo=794C03FA, orderDate=2025-01-19, orderStatus=VALID, orderValidationCode=NO_ERROR, priceTotalInPence=2400, pizzasInOrder=[{name=R3: Super Cheese, priceInPence=1400}, {name=R3: All Shrooms, priceInPence=900}], creditCardInformation={creditCardNumber=5450036702714500, creditCardExpiry=11/25, cvv=052}}
2025-01-16T16:58:23.396Z  WARN 26144 --- [PizzaDrone] [           main] u.a.e.i.p.c.ValidateOrderControllerTest  : Skipping order due to missing 'valid' field: {orderNo=7F516C04, orderDate=2025-01-19, orderStatus=VALID, orderValidationCode=NO_ERROR, priceTotalInPence=2400, pizzasInOrder=[{name=R4: Proper Pizza, priceInPence=1400}, {name=R4: Pineapple & Ham & Cheese, priceInPence=900}], creditCardInformation={creditCardNumber=5148904748342206, creditCardExpiry=05/25, cvv=264}}
2025-01-16T16:58:23.396Z  WARN 26144 --- [PizzaDrone] [           main] u.a.e.i.p.c.ValidateOrderControllerTest  : Skipping order due to missing 'valid' field: {orderNo=2EAFFDE6, orderDate=2025-01-19, orderStatus=VALID, orderValidationCode=NO_ERROR, priceTotalInPence=2400, pizzasInOrder=[{name=R5: Pizza Dream, priceInPence=1400}, {name=R5: My kind of pizza, priceInPence=900}], creditCardInformation={creditCardNumber=4635861598019008, creditCardExpiry=04/25, cvv=330}}
2025-01-16T16:58:23.396Z  WARN 26144 --- [PizzaDrone] [           main] u.a.e.i.p.c.ValidateOrderControllerTest  : Skipping order due to missing 'valid' field: {orderNo=40001032, orderDate=2025-01-19, orderStatus=VALID, orderValidationCode=NO_ERROR, priceTotalInPence=2400, pizzasInOrder=[{name=R6: Sucuk delight, priceInPence=1400}, {name=R6: Dreams of Syria, priceInPence=900}], creditCardInformation={creditCardNumber=5476140894598091, creditCardExpiry=07/25, cvv=803}}
2025-01-16T16:58:23.396Z  WARN 26144 --- [PizzaDrone] [           main] u.a.e.i.p.c.ValidateOrderControllerTest  : Skipping order due to missing 'valid' field: {orderNo=5FF85949, orderDate=2025-01-20, orderStatus=VALID, orderValidationCode=NO_ERROR, priceTotalInPence=2500, pizzasInOrder=[{name=R1: Margarita, priceInPence=1000}, {name=R1: Calzone, priceInPence=1400}], creditCardInformation={creditCardNumber=2720894377423059, creditCardExpiry=11/25, cvv=919}}
2025-01-16T16:58:23.396Z  WARN 26144 --- [PizzaDrone] [           main] u.a.e.i.p.c.ValidateOrderControllerTest  : Skipping order due to missing 'valid' field: {orderNo=068BF435, orderDate=2025-01-20, orderStatus=VALID, orderValidationCode=NO_ERROR, priceTotalInPence=2600, pizzasInOrder=[{name=R2: Meat Lover, priceInPence=1400}, {name=R2: Vegan Delight, priceInPence=1100}], creditCardInformation={creditCardNumber=4000201100377312, creditCardExpiry=05/25, cvv=739}}
2025-01-16T16:58:23.396Z  WARN 26144 --- [PizzaDrone] [           main] u.a.e.i.p.c.ValidateOrderControllerTest  : Skipping order due to missing 'valid' field: {orderNo=2D5281F5, orderDate=2025-01-20, orderStatus=VALID, orderValidationCode=NO_ERROR, priceTotalInPence=2400, pizzasInOrder=[{name=R5: Pizza Dream, priceInPence=1400}, {name=R5: My kind of pizza, priceInPence=900}], creditCardInformation={creditCardNumber=5148752056456310, creditCardExpiry=10/25, cvv=120}}
2025-01-16T16:58:23.397Z  WARN 26144 --- [PizzaDrone] [           main] u.a.e.i.p.c.ValidateOrderControllerTest  : Skipping order due to missing 'valid' field: {orderNo=2B3859D5, orderDate=2025-01-20, orderStatus=VALID, orderValidationCode=NO_ERROR, priceTotalInPence=2400, pizzasInOrder=[{name=R6: Sucuk delight, priceInPence=1400}, {name=R6: Dreams of Syria, priceInPence=900}], creditCardInformation={creditCardNumber=5521066381355247, creditCardExpiry=02/26, cvv=589}}
2025-01-16T16:58:23.397Z  WARN 26144 --- [PizzaDrone] [           main] u.a.e.i.p.c.ValidateOrderControllerTest  : Skipping order due to missing 'valid' field: {orderNo=3E4B2A93, orderDate=2025-01-20, orderStatus=VALID, orderValidationCode=NO_ERROR, priceTotalInPence=2500, pizzasInOrder=[{name=R1: Margarita, priceInPence=1000}, {name=R1: Calzone, priceInPence=1400}], creditCardInformation={creditCardNumber=5484522627990440, creditCardExpiry=05/25, cvv=641}}
2025-01-16T16:58:23.397Z  WARN 26144 --- [PizzaDrone] [           main] u.a.e.i.p.c.ValidateOrderControllerTest  : Skipping order due to missing 'valid' field: {orderNo=0955EF6A, orderDate=2025-01-20, orderStatus=VALID, orderValidationCode=NO_ERROR, priceTotalInPence=2600, pizzasInOrder=[{name=R2: Meat Lover, priceInPence=1400}, {name=R2: Vegan Delight, priceInPence=1100}], creditCardInformation={creditCardNumber=5212300882069450, creditCardExpiry=02/26, cvv=113}}
2025-01-16T16:58:23.397Z  WARN 26144 --- [PizzaDrone] [           main] u.a.e.i.p.c.ValidateOrderControllerTest  : Skipping order due to missing 'valid' field: {orderNo=73299C6D, orderDate=2025-01-20, orderStatus=VALID, orderValidationCode=NO_ERROR, priceTotalInPence=2400, pizzasInOrder=[{name=R5: Pizza Dream, priceInPence=1400}, {name=R5: My kind of pizza, priceInPence=900}], creditCardInformation={creditCardNumber=5192852285007168, creditCardExpiry=12/25, cvv=443}}
2025-01-16T16:58:23.397Z  WARN 26144 --- [PizzaDrone] [           main] u.a.e.i.p.c.ValidateOrderControllerTest  : Skipping order due to missing 'valid' field: {orderNo=19574C19, orderDate=2025-01-20, orderStatus=VALID, orderValidationCode=NO_ERROR, priceTotalInPence=2400, pizzasInOrder=[{name=R6: Sucuk delight, priceInPence=1400}, {name=R6: Dreams of Syria, priceInPence=900}], creditCardInformation={creditCardNumber=4664613173740209, creditCardExpiry=10/25, cvv=913}}
2025-01-16T16:58:23.397Z  WARN 26144 --- [PizzaDrone] [           main] u.a.e.i.p.c.ValidateOrderControllerTest  : Skipping order due to missing 'valid' field: {orderNo=1888D278, orderDate=2025-01-20, orderStatus=VALID, orderValidationCode=NO_ERROR, priceTotalInPence=2500, pizzasInOrder=[{name=R1: Margarita, priceInPence=1000}, {name=R1: Calzone, priceInPence=1400}], creditCardInformation={creditCardNumber=5398140412665021, creditCardExpiry=03/25, cvv=821}}
2025-01-16T16:58:23.397Z  WARN 26144 --- [PizzaDrone] [           main] u.a.e.i.p.c.ValidateOrderControllerTest  : Skipping order due to missing 'valid' field: {orderNo=7659D415, orderDate=2025-01-20, orderStatus=VALID, orderValidationCode=NO_ERROR, priceTotalInPence=2600, pizzasInOrder=[{name=R2: Meat Lover, priceInPence=1400}, {name=R2: Vegan Delight, priceInPence=1100}], creditCardInformation={creditCardNumber=2221989607266676, creditCardExpiry=02/26, cvv=183}}
2025-01-16T16:58:23.397Z  WARN 26144 --- [PizzaDrone] [           main] u.a.e.i.p.c.ValidateOrderControllerTest  : Skipping order due to missing 'valid' field: {orderNo=77E65D45, orderDate=2025-01-21, orderStatus=VALID, orderValidationCode=NO_ERROR, priceTotalInPence=2500, pizzasInOrder=[{name=R1: Margarita, priceInPence=1000}, {name=R1: Calzone, priceInPence=1400}], creditCardInformation={creditCardNumber=5406776932351293, creditCardExpiry=09/25, cvv=093}}
2025-01-16T16:58:23.397Z  WARN 26144 --- [PizzaDrone] [           main] u.a.e.i.p.c.ValidateOrderControllerTest  : Skipping order due to missing 'valid' field: {orderNo=35611E33, orderDate=2025-01-21, orderStatus=VALID, orderValidationCode=NO_ERROR, priceTotalInPence=2600, pizzasInOrder=[{name=R2: Meat Lover, priceInPence=1400}, {name=R2: Vegan Delight, priceInPence=1100}], creditCardInformation={creditCardNumber=4116025325874378, creditCardExpiry=02/25, cvv=014}}
2025-01-16T16:58:23.397Z  WARN 26144 --- [PizzaDrone] [           main] u.a.e.i.p.c.ValidateOrderControllerTest  : Skipping order due to missing 'valid' field: {orderNo=5C35193C, orderDate=2025-01-21, orderStatus=VALID, orderValidationCode=NO_ERROR, priceTotalInPence=2400, pizzasInOrder=[{name=R4: Proper Pizza, priceInPence=1400}, {name=R4: Pineapple & Ham & Cheese, priceInPence=900}], creditCardInformation={creditCardNumber=4602299670664566, creditCardExpiry=12/25, cvv=412}}
2025-01-16T16:58:23.397Z  WARN 26144 --- [PizzaDrone] [           main] u.a.e.i.p.c.ValidateOrderControllerTest  : Skipping order due to missing 'valid' field: {orderNo=0977AD94, orderDate=2025-01-21, orderStatus=VALID, orderValidationCode=NO_ERROR, priceTotalInPence=2400, pizzasInOrder=[{name=R6: Sucuk delight, priceInPence=1400}, {name=R6: Dreams of Syria, priceInPence=900}], creditCardInformation={creditCardNumber=4657698520364471, creditCardExpiry=01/26, cvv=701}}
2025-01-16T16:58:23.397Z  WARN 26144 --- [PizzaDrone] [           main] u.a.e.i.p.c.ValidateOrderControllerTest  : Skipping order due to missing 'valid' field: {orderNo=7C85F196, orderDate=2025-01-21, orderStatus=VALID, orderValidationCode=NO_ERROR, priceTotalInPence=2400, pizzasInOrder=[{name=R7: Hot, hotter, the hottest, priceInPence=1400}, {name=R7: All you ever wanted, priceInPence=900}], creditCardInformation={creditCardNumber=4278880718209861, creditCardExpiry=03/25, cvv=800}}
2025-01-16T16:58:23.397Z  WARN 26144 --- [PizzaDrone] [           main] u.a.e.i.p.c.ValidateOrderControllerTest  : Skipping order due to missing 'valid' field: {orderNo=6C85766D, orderDate=2025-01-21, orderStatus=VALID, orderValidationCode=NO_ERROR, priceTotalInPence=2500, pizzasInOrder=[{name=R1: Margarita, priceInPence=1000}, {name=R1: Calzone, priceInPence=1400}], creditCardInformation={creditCardNumber=5426177280165144, creditCardExpiry=05/25, cvv=606}}
2025-01-16T16:58:23.397Z  WARN 26144 --- [PizzaDrone] [           main] u.a.e.i.p.c.ValidateOrderControllerTest  : Skipping order due to missing 'valid' field: {orderNo=6DA30D6A, orderDate=2025-01-21, orderStatus=VALID, orderValidationCode=NO_ERROR, priceTotalInPence=2600, pizzasInOrder=[{name=R2: Meat Lover, priceInPence=1400}, {name=R2: Vegan Delight, priceInPence=1100}], creditCardInformation={creditCardNumber=4144917847881475, creditCardExpiry=02/25, cvv=792}}
2025-01-16T16:58:23.397Z  WARN 26144 --- [PizzaDrone] [           main] u.a.e.i.p.c.ValidateOrderControllerTest  : Skipping order due to missing 'valid' field: {orderNo=4236A4E9, orderDate=2025-01-21, orderStatus=VALID, orderValidationCode=NO_ERROR, priceTotalInPence=2400, pizzasInOrder=[{name=R4: Proper Pizza, priceInPence=1400}, {name=R4: Pineapple & Ham & Cheese, priceInPence=900}], creditCardInformation={creditCardNumber=4846277083093918, creditCardExpiry=06/25, cvv=284}}
2025-01-16T16:58:23.397Z  WARN 26144 --- [PizzaDrone] [           main] u.a.e.i.p.c.ValidateOrderControllerTest  : Skipping order due to missing 'valid' field: {orderNo=4CEE5D38, orderDate=2025-01-21, orderStatus=VALID, orderValidationCode=NO_ERROR, priceTotalInPence=2400, pizzasInOrder=[{name=R6: Sucuk delight, priceInPence=1400}, {name=R6: Dreams of Syria, priceInPence=900}], creditCardInformation={creditCardNumber=4196013746426500, creditCardExpiry=01/26, cvv=135}}
2025-01-16T16:58:23.397Z  WARN 26144 --- [PizzaDrone] [           main] u.a.e.i.p.c.ValidateOrderControllerTest  : Skipping order due to missing 'valid' field: {orderNo=4AB7797F, orderDate=2025-01-21, orderStatus=VALID, orderValidationCode=NO_ERROR, priceTotalInPence=2400, pizzasInOrder=[{name=R7: Hot, hotter, the hottest, priceInPence=1400}, {name=R7: All you ever wanted, priceInPence=900}], creditCardInformation={creditCardNumber=2720987432585423, creditCardExpiry=09/25, cvv=707}}
2025-01-16T16:58:23.397Z  WARN 26144 --- [PizzaDrone] [           main] u.a.e.i.p.c.ValidateOrderControllerTest  : Skipping order due to missing 'valid' field: {orderNo=42247335, orderDate=2025-01-22, orderStatus=VALID, orderValidationCode=NO_ERROR, priceTotalInPence=2600, pizzasInOrder=[{name=R2: Meat Lover, priceInPence=1400}, {name=R2: Vegan Delight, priceInPence=1100}], creditCardInformation={creditCardNumber=4436207524463491, creditCardExpiry=11/25, cvv=043}}
2025-01-16T16:58:23.397Z  WARN 26144 --- [PizzaDrone] [           main] u.a.e.i.p.c.ValidateOrderControllerTest  : Skipping order due to missing 'valid' field: {orderNo=6463B790, orderDate=2025-01-22, orderStatus=VALID, orderValidationCode=NO_ERROR, priceTotalInPence=2400, pizzasInOrder=[{name=R3: Super Cheese, priceInPence=1400}, {name=R3: All Shrooms, priceInPence=900}], creditCardInformation={creditCardNumber=4540327911148662, creditCardExpiry=06/25, cvv=690}}
2025-01-16T16:58:23.397Z  WARN 26144 --- [PizzaDrone] [           main] u.a.e.i.p.c.ValidateOrderControllerTest  : Skipping order due to missing 'valid' field: {orderNo=2A0EEF56, orderDate=2025-01-22, orderStatus=VALID, orderValidationCode=NO_ERROR, priceTotalInPence=2400, pizzasInOrder=[{name=R4: Proper Pizza, priceInPence=1400}, {name=R4: Pineapple & Ham & Cheese, priceInPence=900}], creditCardInformation={creditCardNumber=5446165809659271, creditCardExpiry=05/25, cvv=584}}
2025-01-16T16:58:23.397Z  WARN 26144 --- [PizzaDrone] [           main] u.a.e.i.p.c.ValidateOrderControllerTest  : Skipping order due to missing 'valid' field: {orderNo=148BD34F, orderDate=2025-01-22, orderStatus=VALID, orderValidationCode=NO_ERROR, priceTotalInPence=2400, pizzasInOrder=[{name=R6: Sucuk delight, priceInPence=1400}, {name=R6: Dreams of Syria, priceInPence=900}], creditCardInformation={creditCardNumber=4360156939436693, creditCardExpiry=09/25, cvv=825}}
2025-01-16T16:58:23.397Z  WARN 26144 --- [PizzaDrone] [           main] u.a.e.i.p.c.ValidateOrderControllerTest  : Skipping order due to missing 'valid' field: {orderNo=72EC1DCE, orderDate=2025-01-22, orderStatus=VALID, orderValidationCode=NO_ERROR, priceTotalInPence=2600, pizzasInOrder=[{name=R2: Meat Lover, priceInPence=1400}, {name=R2: Vegan Delight, priceInPence=1100}], creditCardInformation={creditCardNumber=5432533220721366, creditCardExpiry=11/25, cvv=491}}
2025-01-16T16:58:23.397Z  WARN 26144 --- [PizzaDrone] [           main] u.a.e.i.p.c.ValidateOrderControllerTest  : Skipping order due to missing 'valid' field: {orderNo=39306D05, orderDate=2025-01-22, orderStatus=VALID, orderValidationCode=NO_ERROR, priceTotalInPence=2400, pizzasInOrder=[{name=R3: Super Cheese, priceInPence=1400}, {name=R3: All Shrooms, priceInPence=900}], creditCardInformation={creditCardNumber=4719655758378827, creditCardExpiry=02/25, cvv=917}}
2025-01-16T16:58:23.397Z  WARN 26144 --- [PizzaDrone] [           main] u.a.e.i.p.c.ValidateOrderControllerTest  : Skipping order due to missing 'valid' field: {orderNo=13B516D0, orderDate=2025-01-22, orderStatus=VALID, orderValidationCode=NO_ERROR, priceTotalInPence=2400, pizzasInOrder=[{name=R4: Proper Pizza, priceInPence=1400}, {name=R4: Pineapple & Ham & Cheese, priceInPence=900}], creditCardInformation={creditCardNumber=4343501060880874, creditCardExpiry=02/25, cvv=803}}
2025-01-16T16:58:23.397Z  WARN 26144 --- [PizzaDrone] [           main] u.a.e.i.p.c.ValidateOrderControllerTest  : Skipping order due to missing 'valid' field: {orderNo=5D0F75B1, orderDate=2025-01-22, orderStatus=VALID, orderValidationCode=NO_ERROR, priceTotalInPence=2400, pizzasInOrder=[{name=R6: Sucuk delight, priceInPence=1400}, {name=R6: Dreams of Syria, priceInPence=900}], creditCardInformation={creditCardNumber=5495885062381913, creditCardExpiry=02/26, cvv=185}}
2025-01-16T16:58:23.397Z  WARN 26144 --- [PizzaDrone] [           main] u.a.e.i.p.c.ValidateOrderControllerTest  : Skipping order due to missing 'valid' field: {orderNo=31B57820, orderDate=2025-01-22, orderStatus=VALID, orderValidationCode=NO_ERROR, priceTotalInPence=2600, pizzasInOrder=[{name=R2: Meat Lover, priceInPence=1400}, {name=R2: Vegan Delight, priceInPence=1100}], creditCardInformation={creditCardNumber=5412940316990132, creditCardExpiry=01/26, cvv=364}}
2025-01-16T16:58:23.397Z  WARN 26144 --- [PizzaDrone] [           main] u.a.e.i.p.c.ValidateOrderControllerTest  : Skipping order due to missing 'valid' field: {orderNo=5ED056B4, orderDate=2025-01-22, orderStatus=VALID, orderValidationCode=NO_ERROR, priceTotalInPence=2400, pizzasInOrder=[{name=R3: Super Cheese, priceInPence=1400}, {name=R3: All Shrooms, priceInPence=900}], creditCardInformation={creditCardNumber=4276577641147323, creditCardExpiry=03/26, cvv=919}}
2025-01-16T16:58:23.397Z  WARN 26144 --- [PizzaDrone] [           main] u.a.e.i.p.c.ValidateOrderControllerTest  : Skipping order due to missing 'valid' field: {orderNo=0A0CD31B, orderDate=2025-01-23, orderStatus=VALID, orderValidationCode=NO_ERROR, priceTotalInPence=2600, pizzasInOrder=[{name=R2: Meat Lover, priceInPence=1400}, {name=R2: Vegan Delight, priceInPence=1100}], creditCardInformation={creditCardNumber=4365383825408926, creditCardExpiry=05/25, cvv=604}}
2025-01-16T16:58:23.397Z  WARN 26144 --- [PizzaDrone] [           main] u.a.e.i.p.c.ValidateOrderControllerTest  : Skipping order due to missing 'valid' field: {orderNo=639BACB2, orderDate=2025-01-23, orderStatus=VALID, orderValidationCode=NO_ERROR, priceTotalInPence=2400, pizzasInOrder=[{name=R3: Super Cheese, priceInPence=1400}, {name=R3: All Shrooms, priceInPence=900}], creditCardInformation={creditCardNumber=4629366958056499, creditCardExpiry=07/25, cvv=647}}
2025-01-16T16:58:23.397Z  WARN 26144 --- [PizzaDrone] [           main] u.a.e.i.p.c.ValidateOrderControllerTest  : Skipping order due to missing 'valid' field: {orderNo=20EA490B, orderDate=2025-01-23, orderStatus=VALID, orderValidationCode=NO_ERROR, priceTotalInPence=2400, pizzasInOrder=[{name=R5: Pizza Dream, priceInPence=1400}, {name=R5: My kind of pizza, priceInPence=900}], creditCardInformation={creditCardNumber=5481885389365454, creditCardExpiry=08/25, cvv=073}}
2025-01-16T16:58:23.397Z  WARN 26144 --- [PizzaDrone] [           main] u.a.e.i.p.c.ValidateOrderControllerTest  : Skipping order due to missing 'valid' field: {orderNo=5E3C771B, orderDate=2025-01-23, orderStatus=VALID, orderValidationCode=NO_ERROR, priceTotalInPence=2400, pizzasInOrder=[{name=R7: Hot, hotter, the hottest, priceInPence=1400}, {name=R7: All you ever wanted, priceInPence=900}], creditCardInformation={creditCardNumber=4266062741118856, creditCardExpiry=09/25, cvv=196}}
2025-01-16T16:58:23.397Z  WARN 26144 --- [PizzaDrone] [           main] u.a.e.i.p.c.ValidateOrderControllerTest  : Skipping order due to missing 'valid' field: {orderNo=16296B71, orderDate=2025-01-23, orderStatus=VALID, orderValidationCode=NO_ERROR, priceTotalInPence=2600, pizzasInOrder=[{name=R2: Meat Lover, priceInPence=1400}, {name=R2: Vegan Delight, priceInPence=1100}], creditCardInformation={creditCardNumber=4745147258045922, creditCardExpiry=07/25, cvv=565}}
2025-01-16T16:58:23.397Z  WARN 26144 --- [PizzaDrone] [           main] u.a.e.i.p.c.ValidateOrderControllerTest  : Skipping order due to missing 'valid' field: {orderNo=0D1BA880, orderDate=2025-01-23, orderStatus=VALID, orderValidationCode=NO_ERROR, priceTotalInPence=2400, pizzasInOrder=[{name=R3: Super Cheese, priceInPence=1400}, {name=R3: All Shrooms, priceInPence=900}], creditCardInformation={creditCardNumber=4278154531613133, creditCardExpiry=09/25, cvv=139}}
2025-01-16T16:58:23.397Z  WARN 26144 --- [PizzaDrone] [           main] u.a.e.i.p.c.ValidateOrderControllerTest  : Skipping order due to missing 'valid' field: {orderNo=668083CD, orderDate=2025-01-23, orderStatus=VALID, orderValidationCode=NO_ERROR, priceTotalInPence=2400, pizzasInOrder=[{name=R5: Pizza Dream, priceInPence=1400}, {name=R5: My kind of pizza, priceInPence=900}], creditCardInformation={creditCardNumber=5440983801743646, creditCardExpiry=06/25, cvv=557}}
2025-01-16T16:58:23.397Z  WARN 26144 --- [PizzaDrone] [           main] u.a.e.i.p.c.ValidateOrderControllerTest  : Skipping order due to missing 'valid' field: {orderNo=276F4BFC, orderDate=2025-01-23, orderStatus=VALID, orderValidationCode=NO_ERROR, priceTotalInPence=2400, pizzasInOrder=[{name=R7: Hot, hotter, the hottest, priceInPence=1400}, {name=R7: All you ever wanted, priceInPence=900}], creditCardInformation={creditCardNumber=2221945658818468, creditCardExpiry=06/25, cvv=792}}
2025-01-16T16:58:23.397Z  WARN 26144 --- [PizzaDrone] [           main] u.a.e.i.p.c.ValidateOrderControllerTest  : Skipping order due to missing 'valid' field: {orderNo=5EC52425, orderDate=2025-01-23, orderStatus=VALID, orderValidationCode=NO_ERROR, priceTotalInPence=2600, pizzasInOrder=[{name=R2: Meat Lover, priceInPence=1400}, {name=R2: Vegan Delight, priceInPence=1100}], creditCardInformation={creditCardNumber=5262645067354724, creditCardExpiry=10/25, cvv=381}}
2025-01-16T16:58:23.397Z  WARN 26144 --- [PizzaDrone] [           main] u.a.e.i.p.c.ValidateOrderControllerTest  : Skipping order due to missing 'valid' field: {orderNo=362C5BB3, orderDate=2025-01-23, orderStatus=VALID, orderValidationCode=NO_ERROR, priceTotalInPence=2400, pizzasInOrder=[{name=R3: Super Cheese, priceInPence=1400}, {name=R3: All Shrooms, priceInPence=900}], creditCardInformation={creditCardNumber=5394542631312802, creditCardExpiry=07/25, cvv=870}}
2025-01-16T16:58:23.397Z  WARN 26144 --- [PizzaDrone] [           main] u.a.e.i.p.c.ValidateOrderControllerTest  : Skipping order due to missing 'valid' field: {orderNo=37EA528B, orderDate=2025-01-24, orderStatus=VALID, orderValidationCode=NO_ERROR, priceTotalInPence=2500, pizzasInOrder=[{name=R1: Margarita, priceInPence=1000}, {name=R1: Calzone, priceInPence=1400}], creditCardInformation={creditCardNumber=2221194594464380, creditCardExpiry=09/25, cvv=353}}
2025-01-16T16:58:23.398Z  WARN 26144 --- [PizzaDrone] [           main] u.a.e.i.p.c.ValidateOrderControllerTest  : Skipping order due to missing 'valid' field: {orderNo=68205FF5, orderDate=2025-01-24, orderStatus=VALID, orderValidationCode=NO_ERROR, priceTotalInPence=2600, pizzasInOrder=[{name=R2: Meat Lover, priceInPence=1400}, {name=R2: Vegan Delight, priceInPence=1100}], creditCardInformation={creditCardNumber=5450052760472428, creditCardExpiry=02/26, cvv=996}}
2025-01-16T16:58:23.398Z  WARN 26144 --- [PizzaDrone] [           main] u.a.e.i.p.c.ValidateOrderControllerTest  : Skipping order due to missing 'valid' field: {orderNo=3AD5322D, orderDate=2025-01-24, orderStatus=VALID, orderValidationCode=NO_ERROR, priceTotalInPence=2400, pizzasInOrder=[{name=R3: Super Cheese, priceInPence=1400}, {name=R3: All Shrooms, priceInPence=900}], creditCardInformation={creditCardNumber=4470804030294761, creditCardExpiry=08/25, cvv=446}}
2025-01-16T16:58:23.398Z  WARN 26144 --- [PizzaDrone] [           main] u.a.e.i.p.c.ValidateOrderControllerTest  : Skipping order due to missing 'valid' field: {orderNo=0C711AA5, orderDate=2025-01-24, orderStatus=VALID, orderValidationCode=NO_ERROR, priceTotalInPence=2400, pizzasInOrder=[{name=R7: Hot, hotter, the hottest, priceInPence=1400}, {name=R7: All you ever wanted, priceInPence=900}], creditCardInformation={creditCardNumber=4850647850338147, creditCardExpiry=03/25, cvv=747}}
2025-01-16T16:58:23.398Z  WARN 26144 --- [PizzaDrone] [           main] u.a.e.i.p.c.ValidateOrderControllerTest  : Skipping order due to missing 'valid' field: {orderNo=25F103C4, orderDate=2025-01-24, orderStatus=VALID, orderValidationCode=NO_ERROR, priceTotalInPence=2500, pizzasInOrder=[{name=R1: Margarita, priceInPence=1000}, {name=R1: Calzone, priceInPence=1400}], creditCardInformation={creditCardNumber=4745463176095513, creditCardExpiry=06/25, cvv=907}}
2025-01-16T16:58:23.398Z  WARN 26144 --- [PizzaDrone] [           main] u.a.e.i.p.c.ValidateOrderControllerTest  : Skipping order due to missing 'valid' field: {orderNo=67C64F02, orderDate=2025-01-24, orderStatus=VALID, orderValidationCode=NO_ERROR, priceTotalInPence=2600, pizzasInOrder=[{name=R2: Meat Lover, priceInPence=1400}, {name=R2: Vegan Delight, priceInPence=1100}], creditCardInformation={creditCardNumber=4536685327568708, creditCardExpiry=06/25, cvv=405}}
2025-01-16T16:58:23.398Z  WARN 26144 --- [PizzaDrone] [           main] u.a.e.i.p.c.ValidateOrderControllerTest  : Skipping order due to missing 'valid' field: {orderNo=4CCCBA7B, orderDate=2025-01-24, orderStatus=VALID, orderValidationCode=NO_ERROR, priceTotalInPence=2400, pizzasInOrder=[{name=R3: Super Cheese, priceInPence=1400}, {name=R3: All Shrooms, priceInPence=900}], creditCardInformation={creditCardNumber=5385583337171549, creditCardExpiry=03/26, cvv=855}}
2025-01-16T16:58:23.398Z  WARN 26144 --- [PizzaDrone] [           main] u.a.e.i.p.c.ValidateOrderControllerTest  : Skipping order due to missing 'valid' field: {orderNo=6EA25A87, orderDate=2025-01-24, orderStatus=VALID, orderValidationCode=NO_ERROR, priceTotalInPence=2400, pizzasInOrder=[{name=R7: Hot, hotter, the hottest, priceInPence=1400}, {name=R7: All you ever wanted, priceInPence=900}], creditCardInformation={creditCardNumber=4479994034500833, creditCardExpiry=12/25, cvv=635}}
2025-01-16T16:58:23.398Z  WARN 26144 --- [PizzaDrone] [           main] u.a.e.i.p.c.ValidateOrderControllerTest  : Skipping order due to missing 'valid' field: {orderNo=0E235FC8, orderDate=2025-01-24, orderStatus=VALID, orderValidationCode=NO_ERROR, priceTotalInPence=2500, pizzasInOrder=[{name=R1: Margarita, priceInPence=1000}, {name=R1: Calzone, priceInPence=1400}], creditCardInformation={creditCardNumber=5246611692531533, creditCardExpiry=06/25, cvv=640}}
2025-01-16T16:58:23.398Z  WARN 26144 --- [PizzaDrone] [           main] u.a.e.i.p.c.ValidateOrderControllerTest  : Skipping order due to missing 'valid' field: {orderNo=3FD8304C, orderDate=2025-01-24, orderStatus=VALID, orderValidationCode=NO_ERROR, priceTotalInPence=2600, pizzasInOrder=[{name=R2: Meat Lover, priceInPence=1400}, {name=R2: Vegan Delight, priceInPence=1100}], creditCardInformation={creditCardNumber=4699498844213268, creditCardExpiry=03/25, cvv=137}}
2025-01-16T16:58:23.398Z  WARN 26144 --- [PizzaDrone] [           main] u.a.e.i.p.c.ValidateOrderControllerTest  : Skipping order due to missing 'valid' field: {orderNo=50133BE8, orderDate=2025-01-25, orderStatus=VALID, orderValidationCode=NO_ERROR, priceTotalInPence=2500, pizzasInOrder=[{name=R1: Margarita, priceInPence=1000}, {name=R1: Calzone, priceInPence=1400}], creditCardInformation={creditCardNumber=5372916550869974, creditCardExpiry=09/25, cvv=668}}
2025-01-16T16:58:23.398Z  WARN 26144 --- [PizzaDrone] [           main] u.a.e.i.p.c.ValidateOrderControllerTest  : Skipping order due to missing 'valid' field: {orderNo=65019641, orderDate=2025-01-25, orderStatus=VALID, orderValidationCode=NO_ERROR, priceTotalInPence=2400, pizzasInOrder=[{name=R3: Super Cheese, priceInPence=1400}, {name=R3: All Shrooms, priceInPence=900}], creditCardInformation={creditCardNumber=4401146493587925, creditCardExpiry=03/26, cvv=687}}
2025-01-16T16:58:23.398Z  WARN 26144 --- [PizzaDrone] [           main] u.a.e.i.p.c.ValidateOrderControllerTest  : Skipping order due to missing 'valid' field: {orderNo=4B33C2A4, orderDate=2025-01-25, orderStatus=VALID, orderValidationCode=NO_ERROR, priceTotalInPence=2400, pizzasInOrder=[{name=R4: Proper Pizza, priceInPence=1400}, {name=R4: Pineapple & Ham & Cheese, priceInPence=900}], creditCardInformation={creditCardNumber=4946066023608490, creditCardExpiry=10/25, cvv=787}}
2025-01-16T16:58:23.398Z  WARN 26144 --- [PizzaDrone] [           main] u.a.e.i.p.c.ValidateOrderControllerTest  : Skipping order due to missing 'valid' field: {orderNo=78647EA4, orderDate=2025-01-25, orderStatus=VALID, orderValidationCode=NO_ERROR, priceTotalInPence=2400, pizzasInOrder=[{name=R5: Pizza Dream, priceInPence=1400}, {name=R5: My kind of pizza, priceInPence=900}], creditCardInformation={creditCardNumber=4331995383806232, creditCardExpiry=05/25, cvv=240}}
2025-01-16T16:58:23.398Z  WARN 26144 --- [PizzaDrone] [           main] u.a.e.i.p.c.ValidateOrderControllerTest  : Skipping order due to missing 'valid' field: {orderNo=569CCDC6, orderDate=2025-01-25, orderStatus=VALID, orderValidationCode=NO_ERROR, priceTotalInPence=2400, pizzasInOrder=[{name=R6: Sucuk delight, priceInPence=1400}, {name=R6: Dreams of Syria, priceInPence=900}], creditCardInformation={creditCardNumber=5494395680291677, creditCardExpiry=03/26, cvv=669}}
2025-01-16T16:58:23.398Z  WARN 26144 --- [PizzaDrone] [           main] u.a.e.i.p.c.ValidateOrderControllerTest  : Skipping order due to missing 'valid' field: {orderNo=531942C4, orderDate=2025-01-25, orderStatus=VALID, orderValidationCode=NO_ERROR, priceTotalInPence=2500, pizzasInOrder=[{name=R1: Margarita, priceInPence=1000}, {name=R1: Calzone, priceInPence=1400}], creditCardInformation={creditCardNumber=5128393089251875, creditCardExpiry=05/25, cvv=365}}
2025-01-16T16:58:23.398Z  WARN 26144 --- [PizzaDrone] [           main] u.a.e.i.p.c.ValidateOrderControllerTest  : Skipping order due to missing 'valid' field: {orderNo=62FDB8AB, orderDate=2025-01-25, orderStatus=VALID, orderValidationCode=NO_ERROR, priceTotalInPence=2400, pizzasInOrder=[{name=R3: Super Cheese, priceInPence=1400}, {name=R3: All Shrooms, priceInPence=900}], creditCardInformation={creditCardNumber=5493537037183708, creditCardExpiry=01/26, cvv=936}}
2025-01-16T16:58:23.398Z  WARN 26144 --- [PizzaDrone] [           main] u.a.e.i.p.c.ValidateOrderControllerTest  : Skipping order due to missing 'valid' field: {orderNo=48A52F3E, orderDate=2025-01-25, orderStatus=VALID, orderValidationCode=NO_ERROR, priceTotalInPence=2400, pizzasInOrder=[{name=R4: Proper Pizza, priceInPence=1400}, {name=R4: Pineapple & Ham & Cheese, priceInPence=900}], creditCardInformation={creditCardNumber=4769801991862586, creditCardExpiry=02/25, cvv=111}}
2025-01-16T16:58:23.398Z  WARN 26144 --- [PizzaDrone] [           main] u.a.e.i.p.c.ValidateOrderControllerTest  : Skipping order due to missing 'valid' field: {orderNo=7786AAE5, orderDate=2025-01-25, orderStatus=VALID, orderValidationCode=NO_ERROR, priceTotalInPence=2400, pizzasInOrder=[{name=R5: Pizza Dream, priceInPence=1400}, {name=R5: My kind of pizza, priceInPence=900}], creditCardInformation={creditCardNumber=4846212410835418, creditCardExpiry=02/26, cvv=796}}
2025-01-16T16:58:23.398Z  WARN 26144 --- [PizzaDrone] [           main] u.a.e.i.p.c.ValidateOrderControllerTest  : Skipping order due to missing 'valid' field: {orderNo=526FC5D2, orderDate=2025-01-25, orderStatus=VALID, orderValidationCode=NO_ERROR, priceTotalInPence=2400, pizzasInOrder=[{name=R6: Sucuk delight, priceInPence=1400}, {name=R6: Dreams of Syria, priceInPence=900}], creditCardInformation={creditCardNumber=4858899957669781, creditCardExpiry=11/25, cvv=224}}
2025-01-16T16:58:23.398Z  WARN 26144 --- [PizzaDrone] [           main] u.a.e.i.p.c.ValidateOrderControllerTest  : Skipping order due to missing 'valid' field: {orderNo=65C7F63B, orderDate=2025-01-26, orderStatus=VALID, orderValidationCode=NO_ERROR, priceTotalInPence=2500, pizzasInOrder=[{name=R1: Margarita, priceInPence=1000}, {name=R1: Calzone, priceInPence=1400}], creditCardInformation={creditCardNumber=4674615119657072, creditCardExpiry=03/25, cvv=995}}
2025-01-16T16:58:23.398Z  WARN 26144 --- [PizzaDrone] [           main] u.a.e.i.p.c.ValidateOrderControllerTest  : Skipping order due to missing 'valid' field: {orderNo=3C7E56FA, orderDate=2025-01-26, orderStatus=VALID, orderValidationCode=NO_ERROR, priceTotalInPence=2400, pizzasInOrder=[{name=R3: Super Cheese, priceInPence=1400}, {name=R3: All Shrooms, priceInPence=900}], creditCardInformation={creditCardNumber=4638697799945121, creditCardExpiry=02/26, cvv=572}}
2025-01-16T16:58:23.398Z  WARN 26144 --- [PizzaDrone] [           main] u.a.e.i.p.c.ValidateOrderControllerTest  : Skipping order due to missing 'valid' field: {orderNo=10AD9F75, orderDate=2025-01-26, orderStatus=VALID, orderValidationCode=NO_ERROR, priceTotalInPence=2400, pizzasInOrder=[{name=R4: Proper Pizza, priceInPence=1400}, {name=R4: Pineapple & Ham & Cheese, priceInPence=900}], creditCardInformation={creditCardNumber=4997888640435025, creditCardExpiry=01/26, cvv=233}}
2025-01-16T16:58:23.398Z  WARN 26144 --- [PizzaDrone] [           main] u.a.e.i.p.c.ValidateOrderControllerTest  : Skipping order due to missing 'valid' field: {orderNo=27E6BC38, orderDate=2025-01-26, orderStatus=VALID, orderValidationCode=NO_ERROR, priceTotalInPence=2400, pizzasInOrder=[{name=R5: Pizza Dream, priceInPence=1400}, {name=R5: My kind of pizza, priceInPence=900}], creditCardInformation={creditCardNumber=4391996532546809, creditCardExpiry=03/26, cvv=854}}
2025-01-16T16:58:23.398Z  WARN 26144 --- [PizzaDrone] [           main] u.a.e.i.p.c.ValidateOrderControllerTest  : Skipping order due to missing 'valid' field: {orderNo=3B4C6F3C, orderDate=2025-01-26, orderStatus=VALID, orderValidationCode=NO_ERROR, priceTotalInPence=2400, pizzasInOrder=[{name=R6: Sucuk delight, priceInPence=1400}, {name=R6: Dreams of Syria, priceInPence=900}], creditCardInformation={creditCardNumber=2720388669074829, creditCardExpiry=10/25, cvv=612}}
2025-01-16T16:58:23.398Z  WARN 26144 --- [PizzaDrone] [           main] u.a.e.i.p.c.ValidateOrderControllerTest  : Skipping order due to missing 'valid' field: {orderNo=3B1DC829, orderDate=2025-01-26, orderStatus=VALID, orderValidationCode=NO_ERROR, priceTotalInPence=2500, pizzasInOrder=[{name=R1: Margarita, priceInPence=1000}, {name=R1: Calzone, priceInPence=1400}], creditCardInformation={creditCardNumber=5397491283221605, creditCardExpiry=09/25, cvv=605}}
2025-01-16T16:58:23.398Z  WARN 26144 --- [PizzaDrone] [           main] u.a.e.i.p.c.ValidateOrderControllerTest  : Skipping order due to missing 'valid' field: {orderNo=057FF0F4, orderDate=2025-01-26, orderStatus=VALID, orderValidationCode=NO_ERROR, priceTotalInPence=2400, pizzasInOrder=[{name=R3: Super Cheese, priceInPence=1400}, {name=R3: All Shrooms, priceInPence=900}], creditCardInformation={creditCardNumber=4851946497544425, creditCardExpiry=07/25, cvv=240}}
2025-01-16T16:58:23.398Z  WARN 26144 --- [PizzaDrone] [           main] u.a.e.i.p.c.ValidateOrderControllerTest  : Skipping order due to missing 'valid' field: {orderNo=1A6073B6, orderDate=2025-01-26, orderStatus=VALID, orderValidationCode=NO_ERROR, priceTotalInPence=2400, pizzasInOrder=[{name=R4: Proper Pizza, priceInPence=1400}, {name=R4: Pineapple & Ham & Cheese, priceInPence=900}], creditCardInformation={creditCardNumber=2720564991529942, creditCardExpiry=04/25, cvv=012}}
2025-01-16T16:58:23.398Z  WARN 26144 --- [PizzaDrone] [           main] u.a.e.i.p.c.ValidateOrderControllerTest  : Skipping order due to missing 'valid' field: {orderNo=47EBC7F8, orderDate=2025-01-26, orderStatus=VALID, orderValidationCode=NO_ERROR, priceTotalInPence=2400, pizzasInOrder=[{name=R5: Pizza Dream, priceInPence=1400}, {name=R5: My kind of pizza, priceInPence=900}], creditCardInformation={creditCardNumber=5375942514778140, creditCardExpiry=07/25, cvv=979}}
2025-01-16T16:58:23.398Z  WARN 26144 --- [PizzaDrone] [           main] u.a.e.i.p.c.ValidateOrderControllerTest  : Skipping order due to missing 'valid' field: {orderNo=3CD4C88B, orderDate=2025-01-26, orderStatus=VALID, orderValidationCode=NO_ERROR, priceTotalInPence=2400, pizzasInOrder=[{name=R6: Sucuk delight, priceInPence=1400}, {name=R6: Dreams of Syria, priceInPence=900}], creditCardInformation={creditCardNumber=4211169732133350, creditCardExpiry=12/25, cvv=730}}
2025-01-16T16:58:23.398Z  WARN 26144 --- [PizzaDrone] [           main] u.a.e.i.p.c.ValidateOrderControllerTest  : Skipping order due to missing 'valid' field: {orderNo=3472D85C, orderDate=2025-01-27, orderStatus=VALID, orderValidationCode=NO_ERROR, priceTotalInPence=2500, pizzasInOrder=[{name=R1: Margarita, priceInPence=1000}, {name=R1: Calzone, priceInPence=1400}], creditCardInformation={creditCardNumber=2221473396405852, creditCardExpiry=01/26, cvv=310}}
2025-01-16T16:58:23.398Z  WARN 26144 --- [PizzaDrone] [           main] u.a.e.i.p.c.ValidateOrderControllerTest  : Skipping order due to missing 'valid' field: {orderNo=4E6D15AA, orderDate=2025-01-27, orderStatus=VALID, orderValidationCode=NO_ERROR, priceTotalInPence=2600, pizzasInOrder=[{name=R2: Meat Lover, priceInPence=1400}, {name=R2: Vegan Delight, priceInPence=1100}], creditCardInformation={creditCardNumber=4757482782165556, creditCardExpiry=11/25, cvv=719}}
2025-01-16T16:58:23.398Z  WARN 26144 --- [PizzaDrone] [           main] u.a.e.i.p.c.ValidateOrderControllerTest  : Skipping order due to missing 'valid' field: {orderNo=394EDFD2, orderDate=2025-01-27, orderStatus=VALID, orderValidationCode=NO_ERROR, priceTotalInPence=2400, pizzasInOrder=[{name=R5: Pizza Dream, priceInPence=1400}, {name=R5: My kind of pizza, priceInPence=900}], creditCardInformation={creditCardNumber=5183128722893440, creditCardExpiry=12/25, cvv=455}}
2025-01-16T16:58:23.398Z  WARN 26144 --- [PizzaDrone] [           main] u.a.e.i.p.c.ValidateOrderControllerTest  : Skipping order due to missing 'valid' field: {orderNo=51592FC9, orderDate=2025-01-27, orderStatus=VALID, orderValidationCode=NO_ERROR, priceTotalInPence=2400, pizzasInOrder=[{name=R6: Sucuk delight, priceInPence=1400}, {name=R6: Dreams of Syria, priceInPence=900}], creditCardInformation={creditCardNumber=4330845209842906, creditCardExpiry=03/26, cvv=964}}
2025-01-16T16:58:23.398Z  WARN 26144 --- [PizzaDrone] [           main] u.a.e.i.p.c.ValidateOrderControllerTest  : Skipping order due to missing 'valid' field: {orderNo=59904FE6, orderDate=2025-01-27, orderStatus=VALID, orderValidationCode=NO_ERROR, priceTotalInPence=2500, pizzasInOrder=[{name=R1: Margarita, priceInPence=1000}, {name=R1: Calzone, priceInPence=1400}], creditCardInformation={creditCardNumber=4283413410597400, creditCardExpiry=04/25, cvv=306}}
2025-01-16T16:58:23.398Z  WARN 26144 --- [PizzaDrone] [           main] u.a.e.i.p.c.ValidateOrderControllerTest  : Skipping order due to missing 'valid' field: {orderNo=60C3B58F, orderDate=2025-01-27, orderStatus=VALID, orderValidationCode=NO_ERROR, priceTotalInPence=2600, pizzasInOrder=[{name=R2: Meat Lover, priceInPence=1400}, {name=R2: Vegan Delight, priceInPence=1100}], creditCardInformation={creditCardNumber=4659922144599652, creditCardExpiry=01/26, cvv=593}}
2025-01-16T16:58:23.398Z  WARN 26144 --- [PizzaDrone] [           main] u.a.e.i.p.c.ValidateOrderControllerTest  : Skipping order due to missing 'valid' field: {orderNo=051B66B5, orderDate=2025-01-27, orderStatus=VALID, orderValidationCode=NO_ERROR, priceTotalInPence=2400, pizzasInOrder=[{name=R5: Pizza Dream, priceInPence=1400}, {name=R5: My kind of pizza, priceInPence=900}], creditCardInformation={creditCardNumber=4493918323538057, creditCardExpiry=01/26, cvv=753}}
2025-01-16T16:58:23.398Z  WARN 26144 --- [PizzaDrone] [           main] u.a.e.i.p.c.ValidateOrderControllerTest  : Skipping order due to missing 'valid' field: {orderNo=150EF44F, orderDate=2025-01-27, orderStatus=VALID, orderValidationCode=NO_ERROR, priceTotalInPence=2400, pizzasInOrder=[{name=R6: Sucuk delight, priceInPence=1400}, {name=R6: Dreams of Syria, priceInPence=900}], creditCardInformation={creditCardNumber=4250178629755771, creditCardExpiry=02/26, cvv=935}}
2025-01-16T16:58:23.398Z  WARN 26144 --- [PizzaDrone] [           main] u.a.e.i.p.c.ValidateOrderControllerTest  : Skipping order due to missing 'valid' field: {orderNo=44C9EA65, orderDate=2025-01-27, orderStatus=VALID, orderValidationCode=NO_ERROR, priceTotalInPence=2500, pizzasInOrder=[{name=R1: Margarita, priceInPence=1000}, {name=R1: Calzone, priceInPence=1400}], creditCardInformation={creditCardNumber=4940270031696853, creditCardExpiry=05/25, cvv=751}}
2025-01-16T16:58:23.398Z  WARN 26144 --- [PizzaDrone] [           main] u.a.e.i.p.c.ValidateOrderControllerTest  : Skipping order due to missing 'valid' field: {orderNo=648D2399, orderDate=2025-01-27, orderStatus=VALID, orderValidationCode=NO_ERROR, priceTotalInPence=2600, pizzasInOrder=[{name=R2: Meat Lover, priceInPence=1400}, {name=R2: Vegan Delight, priceInPence=1100}], creditCardInformation={creditCardNumber=2221099095793502, creditCardExpiry=01/26, cvv=885}}
2025-01-16T16:58:23.398Z  WARN 26144 --- [PizzaDrone] [           main] u.a.e.i.p.c.ValidateOrderControllerTest  : Skipping order due to missing 'valid' field: {orderNo=27FDBF38, orderDate=2025-01-28, orderStatus=VALID, orderValidationCode=NO_ERROR, priceTotalInPence=2500, pizzasInOrder=[{name=R1: Margarita, priceInPence=1000}, {name=R1: Calzone, priceInPence=1400}], creditCardInformation={creditCardNumber=4355800798014896, creditCardExpiry=02/25, cvv=637}}
2025-01-16T16:58:23.398Z  WARN 26144 --- [PizzaDrone] [           main] u.a.e.i.p.c.ValidateOrderControllerTest  : Skipping order due to missing 'valid' field: {orderNo=091EFBD6, orderDate=2025-01-28, orderStatus=VALID, orderValidationCode=NO_ERROR, priceTotalInPence=2600, pizzasInOrder=[{name=R2: Meat Lover, priceInPence=1400}, {name=R2: Vegan Delight, priceInPence=1100}], creditCardInformation={creditCardNumber=5498079187486941, creditCardExpiry=05/25, cvv=418}}
2025-01-16T16:58:23.398Z  WARN 26144 --- [PizzaDrone] [           main] u.a.e.i.p.c.ValidateOrderControllerTest  : Skipping order due to missing 'valid' field: {orderNo=0E091D69, orderDate=2025-01-28, orderStatus=VALID, orderValidationCode=NO_ERROR, priceTotalInPence=2400, pizzasInOrder=[{name=R4: Proper Pizza, priceInPence=1400}, {name=R4: Pineapple & Ham & Cheese, priceInPence=900}], creditCardInformation={creditCardNumber=5363901080522047, creditCardExpiry=07/25, cvv=434}}
2025-01-16T16:58:23.398Z  WARN 26144 --- [PizzaDrone] [           main] u.a.e.i.p.c.ValidateOrderControllerTest  : Skipping order due to missing 'valid' field: {orderNo=374BDBF7, orderDate=2025-01-28, orderStatus=VALID, orderValidationCode=NO_ERROR, priceTotalInPence=2400, pizzasInOrder=[{name=R6: Sucuk delight, priceInPence=1400}, {name=R6: Dreams of Syria, priceInPence=900}], creditCardInformation={creditCardNumber=5372528058919167, creditCardExpiry=05/25, cvv=254}}
2025-01-16T16:58:23.398Z  WARN 26144 --- [PizzaDrone] [           main] u.a.e.i.p.c.ValidateOrderControllerTest  : Skipping order due to missing 'valid' field: {orderNo=091371E5, orderDate=2025-01-28, orderStatus=VALID, orderValidationCode=NO_ERROR, priceTotalInPence=2400, pizzasInOrder=[{name=R7: Hot, hotter, the hottest, priceInPence=1400}, {name=R7: All you ever wanted, priceInPence=900}], creditCardInformation={creditCardNumber=5337939351860392, creditCardExpiry=06/25, cvv=504}}
2025-01-16T16:58:23.398Z  WARN 26144 --- [PizzaDrone] [           main] u.a.e.i.p.c.ValidateOrderControllerTest  : Skipping order due to missing 'valid' field: {orderNo=51DAC150, orderDate=2025-01-28, orderStatus=VALID, orderValidationCode=NO_ERROR, priceTotalInPence=2500, pizzasInOrder=[{name=R1: Margarita, priceInPence=1000}, {name=R1: Calzone, priceInPence=1400}], creditCardInformation={creditCardNumber=4522207907497939, creditCardExpiry=07/25, cvv=050}}
2025-01-16T16:58:23.398Z  WARN 26144 --- [PizzaDrone] [           main] u.a.e.i.p.c.ValidateOrderControllerTest  : Skipping order due to missing 'valid' field: {orderNo=4A63C509, orderDate=2025-01-28, orderStatus=VALID, orderValidationCode=NO_ERROR, priceTotalInPence=2600, pizzasInOrder=[{name=R2: Meat Lover, priceInPence=1400}, {name=R2: Vegan Delight, priceInPence=1100}], creditCardInformation={creditCardNumber=5313194100137365, creditCardExpiry=02/26, cvv=006}}
2025-01-16T16:58:23.398Z  WARN 26144 --- [PizzaDrone] [           main] u.a.e.i.p.c.ValidateOrderControllerTest  : Skipping order due to missing 'valid' field: {orderNo=02177BC0, orderDate=2025-01-28, orderStatus=VALID, orderValidationCode=NO_ERROR, priceTotalInPence=2400, pizzasInOrder=[{name=R4: Proper Pizza, priceInPence=1400}, {name=R4: Pineapple & Ham & Cheese, priceInPence=900}], creditCardInformation={creditCardNumber=4518691037410282, creditCardExpiry=02/26, cvv=432}}
2025-01-16T16:58:23.398Z  WARN 26144 --- [PizzaDrone] [           main] u.a.e.i.p.c.ValidateOrderControllerTest  : Skipping order due to missing 'valid' field: {orderNo=737E0C6D, orderDate=2025-01-28, orderStatus=VALID, orderValidationCode=NO_ERROR, priceTotalInPence=2400, pizzasInOrder=[{name=R6: Sucuk delight, priceInPence=1400}, {name=R6: Dreams of Syria, priceInPence=900}], creditCardInformation={creditCardNumber=4848688738716265, creditCardExpiry=05/25, cvv=233}}
2025-01-16T16:58:23.398Z  WARN 26144 --- [PizzaDrone] [           main] u.a.e.i.p.c.ValidateOrderControllerTest  : Skipping order due to missing 'valid' field: {orderNo=27FCC341, orderDate=2025-01-28, orderStatus=VALID, orderValidationCode=NO_ERROR, priceTotalInPence=2400, pizzasInOrder=[{name=R7: Hot, hotter, the hottest, priceInPence=1400}, {name=R7: All you ever wanted, priceInPence=900}], creditCardInformation={creditCardNumber=4490248719559803, creditCardExpiry=05/25, cvv=229}}
2025-01-16T16:58:23.398Z  WARN 26144 --- [PizzaDrone] [           main] u.a.e.i.p.c.ValidateOrderControllerTest  : Skipping order due to missing 'valid' field: {orderNo=33B5657D, orderDate=2025-01-29, orderStatus=VALID, orderValidationCode=NO_ERROR, priceTotalInPence=2600, pizzasInOrder=[{name=R2: Meat Lover, priceInPence=1400}, {name=R2: Vegan Delight, priceInPence=1100}], creditCardInformation={creditCardNumber=2221480611306518, creditCardExpiry=02/25, cvv=297}}
2025-01-16T16:58:23.398Z  WARN 26144 --- [PizzaDrone] [           main] u.a.e.i.p.c.ValidateOrderControllerTest  : Skipping order due to missing 'valid' field: {orderNo=06F4717A, orderDate=2025-01-29, orderStatus=VALID, orderValidationCode=NO_ERROR, priceTotalInPence=2400, pizzasInOrder=[{name=R3: Super Cheese, priceInPence=1400}, {name=R3: All Shrooms, priceInPence=900}], creditCardInformation={creditCardNumber=5403946386353680, creditCardExpiry=05/25, cvv=986}}
2025-01-16T16:58:23.398Z  WARN 26144 --- [PizzaDrone] [           main] u.a.e.i.p.c.ValidateOrderControllerTest  : Skipping order due to missing 'valid' field: {orderNo=25088569, orderDate=2025-01-29, orderStatus=VALID, orderValidationCode=NO_ERROR, priceTotalInPence=2400, pizzasInOrder=[{name=R4: Proper Pizza, priceInPence=1400}, {name=R4: Pineapple & Ham & Cheese, priceInPence=900}], creditCardInformation={creditCardNumber=4551552692529998, creditCardExpiry=10/25, cvv=930}}
2025-01-16T16:58:23.398Z  WARN 26144 --- [PizzaDrone] [           main] u.a.e.i.p.c.ValidateOrderControllerTest  : Skipping order due to missing 'valid' field: {orderNo=4C4C3DED, orderDate=2025-01-29, orderStatus=VALID, orderValidationCode=NO_ERROR, priceTotalInPence=2400, pizzasInOrder=[{name=R6: Sucuk delight, priceInPence=1400}, {name=R6: Dreams of Syria, priceInPence=900}], creditCardInformation={creditCardNumber=4225376030510338, creditCardExpiry=09/25, cvv=722}}
2025-01-16T16:58:23.398Z  WARN 26144 --- [PizzaDrone] [           main] u.a.e.i.p.c.ValidateOrderControllerTest  : Skipping order due to missing 'valid' field: {orderNo=4D6CEDF3, orderDate=2025-01-29, orderStatus=VALID, orderValidationCode=NO_ERROR, priceTotalInPence=2600, pizzasInOrder=[{name=R2: Meat Lover, priceInPence=1400}, {name=R2: Vegan Delight, priceInPence=1100}], creditCardInformation={creditCardNumber=4429606408350972, creditCardExpiry=09/25, cvv=178}}
2025-01-16T16:58:23.398Z  WARN 26144 --- [PizzaDrone] [           main] u.a.e.i.p.c.ValidateOrderControllerTest  : Skipping order due to missing 'valid' field: {orderNo=1A361683, orderDate=2025-01-29, orderStatus=VALID, orderValidationCode=NO_ERROR, priceTotalInPence=2400, pizzasInOrder=[{name=R3: Super Cheese, priceInPence=1400}, {name=R3: All Shrooms, priceInPence=900}], creditCardInformation={creditCardNumber=5378649674569584, creditCardExpiry=03/25, cvv=733}}
2025-01-16T16:58:23.398Z  WARN 26144 --- [PizzaDrone] [           main] u.a.e.i.p.c.ValidateOrderControllerTest  : Skipping order due to missing 'valid' field: {orderNo=1ED3DE3D, orderDate=2025-01-29, orderStatus=VALID, orderValidationCode=NO_ERROR, priceTotalInPence=2400, pizzasInOrder=[{name=R4: Proper Pizza, priceInPence=1400}, {name=R4: Pineapple & Ham & Cheese, priceInPence=900}], creditCardInformation={creditCardNumber=4732748639792994, creditCardExpiry=08/25, cvv=566}}
2025-01-16T16:58:23.398Z  WARN 26144 --- [PizzaDrone] [           main] u.a.e.i.p.c.ValidateOrderControllerTest  : Skipping order due to missing 'valid' field: {orderNo=59D53714, orderDate=2025-01-29, orderStatus=VALID, orderValidationCode=NO_ERROR, priceTotalInPence=2400, pizzasInOrder=[{name=R6: Sucuk delight, priceInPence=1400}, {name=R6: Dreams of Syria, priceInPence=900}], creditCardInformation={creditCardNumber=4380355081509168, creditCardExpiry=02/25, cvv=958}}
2025-01-16T16:58:23.398Z  WARN 26144 --- [PizzaDrone] [           main] u.a.e.i.p.c.ValidateOrderControllerTest  : Skipping order due to missing 'valid' field: {orderNo=27A18B91, orderDate=2025-01-29, orderStatus=VALID, orderValidationCode=NO_ERROR, priceTotalInPence=2600, pizzasInOrder=[{name=R2: Meat Lover, priceInPence=1400}, {name=R2: Vegan Delight, priceInPence=1100}], creditCardInformation={creditCardNumber=5220285838117497, creditCardExpiry=08/25, cvv=984}}
2025-01-16T16:58:23.398Z  WARN 26144 --- [PizzaDrone] [           main] u.a.e.i.p.c.ValidateOrderControllerTest  : Skipping order due to missing 'valid' field: {orderNo=3FDCDF00, orderDate=2025-01-29, orderStatus=VALID, orderValidationCode=NO_ERROR, priceTotalInPence=2400, pizzasInOrder=[{name=R3: Super Cheese, priceInPence=1400}, {name=R3: All Shrooms, priceInPence=900}], creditCardInformation={creditCardNumber=5520875176032444, creditCardExpiry=05/25, cvv=839}}
2025-01-16T16:58:23.398Z  WARN 26144 --- [PizzaDrone] [           main] u.a.e.i.p.c.ValidateOrderControllerTest  : Skipping order due to missing 'valid' field: {orderNo=49008564, orderDate=2025-01-30, orderStatus=VALID, orderValidationCode=NO_ERROR, priceTotalInPence=2600, pizzasInOrder=[{name=R2: Meat Lover, priceInPence=1400}, {name=R2: Vegan Delight, priceInPence=1100}], creditCardInformation={creditCardNumber=2720891275046768, creditCardExpiry=09/25, cvv=897}}
2025-01-16T16:58:23.398Z  WARN 26144 --- [PizzaDrone] [           main] u.a.e.i.p.c.ValidateOrderControllerTest  : Skipping order due to missing 'valid' field: {orderNo=0DE431D3, orderDate=2025-01-30, orderStatus=VALID, orderValidationCode=NO_ERROR, priceTotalInPence=2400, pizzasInOrder=[{name=R3: Super Cheese, priceInPence=1400}, {name=R3: All Shrooms, priceInPence=900}], creditCardInformation={creditCardNumber=4132279805942029, creditCardExpiry=02/26, cvv=261}}
2025-01-16T16:58:23.398Z  WARN 26144 --- [PizzaDrone] [           main] u.a.e.i.p.c.ValidateOrderControllerTest  : Skipping order due to missing 'valid' field: {orderNo=41F1A2D9, orderDate=2025-01-30, orderStatus=VALID, orderValidationCode=NO_ERROR, priceTotalInPence=2400, pizzasInOrder=[{name=R5: Pizza Dream, priceInPence=1400}, {name=R5: My kind of pizza, priceInPence=900}], creditCardInformation={creditCardNumber=5119401906093312, creditCardExpiry=09/25, cvv=203}}
2025-01-16T16:58:23.398Z  WARN 26144 --- [PizzaDrone] [           main] u.a.e.i.p.c.ValidateOrderControllerTest  : Skipping order due to missing 'valid' field: {orderNo=5DFCEA43, orderDate=2025-01-30, orderStatus=VALID, orderValidationCode=NO_ERROR, priceTotalInPence=2400, pizzasInOrder=[{name=R7: Hot, hotter, the hottest, priceInPence=1400}, {name=R7: All you ever wanted, priceInPence=900}], creditCardInformation={creditCardNumber=2720303459579739, creditCardExpiry=06/25, cvv=599}}
2025-01-16T16:58:23.398Z  WARN 26144 --- [PizzaDrone] [           main] u.a.e.i.p.c.ValidateOrderControllerTest  : Skipping order due to missing 'valid' field: {orderNo=07DA01C4, orderDate=2025-01-30, orderStatus=VALID, orderValidationCode=NO_ERROR, priceTotalInPence=2600, pizzasInOrder=[{name=R2: Meat Lover, priceInPence=1400}, {name=R2: Vegan Delight, priceInPence=1100}], creditCardInformation={creditCardNumber=5494490557872210, creditCardExpiry=01/26, cvv=497}}
2025-01-16T16:58:23.398Z  WARN 26144 --- [PizzaDrone] [           main] u.a.e.i.p.c.ValidateOrderControllerTest  : Skipping order due to missing 'valid' field: {orderNo=555F7983, orderDate=2025-01-30, orderStatus=VALID, orderValidationCode=NO_ERROR, priceTotalInPence=2400, pizzasInOrder=[{name=R3: Super Cheese, priceInPence=1400}, {name=R3: All Shrooms, priceInPence=900}], creditCardInformation={creditCardNumber=5354914012534189, creditCardExpiry=08/25, cvv=460}}
2025-01-16T16:58:23.398Z  WARN 26144 --- [PizzaDrone] [           main] u.a.e.i.p.c.ValidateOrderControllerTest  : Skipping order due to missing 'valid' field: {orderNo=493A5A8F, orderDate=2025-01-30, orderStatus=VALID, orderValidationCode=NO_ERROR, priceTotalInPence=2400, pizzasInOrder=[{name=R5: Pizza Dream, priceInPence=1400}, {name=R5: My kind of pizza, priceInPence=900}], creditCardInformation={creditCardNumber=4999616937883526, creditCardExpiry=10/25, cvv=446}}
2025-01-16T16:58:23.398Z  WARN 26144 --- [PizzaDrone] [           main] u.a.e.i.p.c.ValidateOrderControllerTest  : Skipping order due to missing 'valid' field: {orderNo=524D5D0D, orderDate=2025-01-30, orderStatus=VALID, orderValidationCode=NO_ERROR, priceTotalInPence=2400, pizzasInOrder=[{name=R7: Hot, hotter, the hottest, priceInPence=1400}, {name=R7: All you ever wanted, priceInPence=900}], creditCardInformation={creditCardNumber=5400463920735581, creditCardExpiry=01/26, cvv=807}}
2025-01-16T16:58:23.398Z  WARN 26144 --- [PizzaDrone] [           main] u.a.e.i.p.c.ValidateOrderControllerTest  : Skipping order due to missing 'valid' field: {orderNo=288D0C3D, orderDate=2025-01-30, orderStatus=VALID, orderValidationCode=NO_ERROR, priceTotalInPence=2600, pizzasInOrder=[{name=R2: Meat Lover, priceInPence=1400}, {name=R2: Vegan Delight, priceInPence=1100}], creditCardInformation={creditCardNumber=5375058189373388, creditCardExpiry=11/25, cvv=296}}
2025-01-16T16:58:23.398Z  WARN 26144 --- [PizzaDrone] [           main] u.a.e.i.p.c.ValidateOrderControllerTest  : Skipping order due to missing 'valid' field: {orderNo=04E18F4F, orderDate=2025-01-30, orderStatus=VALID, orderValidationCode=NO_ERROR, priceTotalInPence=2400, pizzasInOrder=[{name=R3: Super Cheese, priceInPence=1400}, {name=R3: All Shrooms, priceInPence=900}], creditCardInformation={creditCardNumber=5182417837459036, creditCardExpiry=11/25, cvv=777}}
2025-01-16T16:58:23.398Z  WARN 26144 --- [PizzaDrone] [           main] u.a.e.i.p.c.ValidateOrderControllerTest  : Skipping order due to missing 'valid' field: {orderNo=78FFE7AA, orderDate=2025-01-31, orderStatus=VALID, orderValidationCode=NO_ERROR, priceTotalInPence=2500, pizzasInOrder=[{name=R1: Margarita, priceInPence=1000}, {name=R1: Calzone, priceInPence=1400}], creditCardInformation={creditCardNumber=4911664103024330, creditCardExpiry=02/25, cvv=406}}
2025-01-16T16:58:23.398Z  WARN 26144 --- [PizzaDrone] [           main] u.a.e.i.p.c.ValidateOrderControllerTest  : Skipping order due to missing 'valid' field: {orderNo=1F404E20, orderDate=2025-01-31, orderStatus=VALID, orderValidationCode=NO_ERROR, priceTotalInPence=2600, pizzasInOrder=[{name=R2: Meat Lover, priceInPence=1400}, {name=R2: Vegan Delight, priceInPence=1100}], creditCardInformation={creditCardNumber=5153647662214057, creditCardExpiry=08/25, cvv=836}}
2025-01-16T16:58:23.399Z  WARN 26144 --- [PizzaDrone] [           main] u.a.e.i.p.c.ValidateOrderControllerTest  : Skipping order due to missing 'valid' field: {orderNo=1560839B, orderDate=2025-01-31, orderStatus=VALID, orderValidationCode=NO_ERROR, priceTotalInPence=2400, pizzasInOrder=[{name=R3: Super Cheese, priceInPence=1400}, {name=R3: All Shrooms, priceInPence=900}], creditCardInformation={creditCardNumber=4518311994032058, creditCardExpiry=03/25, cvv=146}}
2025-01-16T16:58:23.399Z  WARN 26144 --- [PizzaDrone] [           main] u.a.e.i.p.c.ValidateOrderControllerTest  : Skipping order due to missing 'valid' field: {orderNo=51E35F86, orderDate=2025-01-31, orderStatus=VALID, orderValidationCode=NO_ERROR, priceTotalInPence=2400, pizzasInOrder=[{name=R7: Hot, hotter, the hottest, priceInPence=1400}, {name=R7: All you ever wanted, priceInPence=900}], creditCardInformation={creditCardNumber=4745683856341115, creditCardExpiry=10/25, cvv=795}}
2025-01-16T16:58:23.399Z  WARN 26144 --- [PizzaDrone] [           main] u.a.e.i.p.c.ValidateOrderControllerTest  : Skipping order due to missing 'valid' field: {orderNo=2E44351B, orderDate=2025-01-31, orderStatus=VALID, orderValidationCode=NO_ERROR, priceTotalInPence=2500, pizzasInOrder=[{name=R1: Margarita, priceInPence=1000}, {name=R1: Calzone, priceInPence=1400}], creditCardInformation={creditCardNumber=4199592562749431, creditCardExpiry=05/25, cvv=467}}
2025-01-16T16:58:23.399Z  WARN 26144 --- [PizzaDrone] [           main] u.a.e.i.p.c.ValidateOrderControllerTest  : Skipping order due to missing 'valid' field: {orderNo=4F44DE6E, orderDate=2025-01-31, orderStatus=VALID, orderValidationCode=NO_ERROR, priceTotalInPence=2600, pizzasInOrder=[{name=R2: Meat Lover, priceInPence=1400}, {name=R2: Vegan Delight, priceInPence=1100}], creditCardInformation={creditCardNumber=4791753326314498, creditCardExpiry=11/25, cvv=281}}
2025-01-16T16:58:23.399Z  WARN 26144 --- [PizzaDrone] [           main] u.a.e.i.p.c.ValidateOrderControllerTest  : Skipping order due to missing 'valid' field: {orderNo=1E78585C, orderDate=2025-01-31, orderStatus=VALID, orderValidationCode=NO_ERROR, priceTotalInPence=2400, pizzasInOrder=[{name=R3: Super Cheese, priceInPence=1400}, {name=R3: All Shrooms, priceInPence=900}], creditCardInformation={creditCardNumber=5150598062337431, creditCardExpiry=05/25, cvv=546}}
2025-01-16T16:58:23.399Z  WARN 26144 --- [PizzaDrone] [           main] u.a.e.i.p.c.ValidateOrderControllerTest  : Skipping order due to missing 'valid' field: {orderNo=54904E1A, orderDate=2025-01-31, orderStatus=VALID, orderValidationCode=NO_ERROR, priceTotalInPence=2400, pizzasInOrder=[{name=R7: Hot, hotter, the hottest, priceInPence=1400}, {name=R7: All you ever wanted, priceInPence=900}], creditCardInformation={creditCardNumber=5475142755140261, creditCardExpiry=01/26, cvv=382}}
2025-01-16T16:58:23.399Z  WARN 26144 --- [PizzaDrone] [           main] u.a.e.i.p.c.ValidateOrderControllerTest  : Skipping order due to missing 'valid' field: {orderNo=42BADAC1, orderDate=2025-01-31, orderStatus=VALID, orderValidationCode=NO_ERROR, priceTotalInPence=2500, pizzasInOrder=[{name=R1: Margarita, priceInPence=1000}, {name=R1: Calzone, priceInPence=1400}], creditCardInformation={creditCardNumber=2720415279107697, creditCardExpiry=09/25, cvv=639}}
2025-01-16T16:58:23.399Z  WARN 26144 --- [PizzaDrone] [           main] u.a.e.i.p.c.ValidateOrderControllerTest  : Skipping order due to missing 'valid' field: {orderNo=79106F96, orderDate=2025-01-31, orderStatus=VALID, orderValidationCode=NO_ERROR, priceTotalInPence=2600, pizzasInOrder=[{name=R2: Meat Lover, priceInPence=1400}, {name=R2: Vegan Delight, priceInPence=1100}], creditCardInformation={creditCardNumber=4448261206696536, creditCardExpiry=03/26, cvv=504}}
2025-01-16T16:58:23.399Z  WARN 26144 --- [PizzaDrone] [           main] u.a.e.i.p.c.ValidateOrderControllerTest  : Skipping order due to missing 'valid' field: {orderNo=440358CB, orderDate=2025-02-01, orderStatus=VALID, orderValidationCode=NO_ERROR, priceTotalInPence=2500, pizzasInOrder=[{name=R1: Margarita, priceInPence=1000}, {name=R1: Calzone, priceInPence=1400}], creditCardInformation={creditCardNumber=4990836548485623, creditCardExpiry=01/26, cvv=208}}
2025-01-16T16:58:23.399Z  WARN 26144 --- [PizzaDrone] [           main] u.a.e.i.p.c.ValidateOrderControllerTest  : Skipping order due to missing 'valid' field: {orderNo=403FAD50, orderDate=2025-02-01, orderStatus=VALID, orderValidationCode=NO_ERROR, priceTotalInPence=2400, pizzasInOrder=[{name=R3: Super Cheese, priceInPence=1400}, {name=R3: All Shrooms, priceInPence=900}], creditCardInformation={creditCardNumber=4081552510494002, creditCardExpiry=11/25, cvv=561}}
2025-01-16T16:58:23.399Z  WARN 26144 --- [PizzaDrone] [           main] u.a.e.i.p.c.ValidateOrderControllerTest  : Skipping order due to missing 'valid' field: {orderNo=16B52FEB, orderDate=2025-02-01, orderStatus=VALID, orderValidationCode=NO_ERROR, priceTotalInPence=2400, pizzasInOrder=[{name=R4: Proper Pizza, priceInPence=1400}, {name=R4: Pineapple & Ham & Cheese, priceInPence=900}], creditCardInformation={creditCardNumber=2221250841425796, creditCardExpiry=12/25, cvv=734}}
2025-01-16T16:58:23.399Z  WARN 26144 --- [PizzaDrone] [           main] u.a.e.i.p.c.ValidateOrderControllerTest  : Skipping order due to missing 'valid' field: {orderNo=7163E1A2, orderDate=2025-02-01, orderStatus=VALID, orderValidationCode=NO_ERROR, priceTotalInPence=2400, pizzasInOrder=[{name=R5: Pizza Dream, priceInPence=1400}, {name=R5: My kind of pizza, priceInPence=900}], creditCardInformation={creditCardNumber=5462715427401081, creditCardExpiry=04/25, cvv=042}}
2025-01-16T16:58:23.399Z  WARN 26144 --- [PizzaDrone] [           main] u.a.e.i.p.c.ValidateOrderControllerTest  : Skipping order due to missing 'valid' field: {orderNo=6944BD67, orderDate=2025-02-01, orderStatus=VALID, orderValidationCode=NO_ERROR, priceTotalInPence=2400, pizzasInOrder=[{name=R6: Sucuk delight, priceInPence=1400}, {name=R6: Dreams of Syria, priceInPence=900}], creditCardInformation={creditCardNumber=5260205089375678, creditCardExpiry=04/26, cvv=429}}
2025-01-16T16:58:23.399Z  WARN 26144 --- [PizzaDrone] [           main] u.a.e.i.p.c.ValidateOrderControllerTest  : Skipping order due to missing 'valid' field: {orderNo=2CA2ED91, orderDate=2025-02-01, orderStatus=VALID, orderValidationCode=NO_ERROR, priceTotalInPence=2500, pizzasInOrder=[{name=R1: Margarita, priceInPence=1000}, {name=R1: Calzone, priceInPence=1400}], creditCardInformation={creditCardNumber=4275063156862474, creditCardExpiry=12/25, cvv=587}}
2025-01-16T16:58:23.399Z  WARN 26144 --- [PizzaDrone] [           main] u.a.e.i.p.c.ValidateOrderControllerTest  : Skipping order due to missing 'valid' field: {orderNo=6DCE9E0F, orderDate=2025-02-01, orderStatus=VALID, orderValidationCode=NO_ERROR, priceTotalInPence=2400, pizzasInOrder=[{name=R3: Super Cheese, priceInPence=1400}, {name=R3: All Shrooms, priceInPence=900}], creditCardInformation={creditCardNumber=2720934379476406, creditCardExpiry=11/25, cvv=183}}
2025-01-16T16:58:23.399Z  WARN 26144 --- [PizzaDrone] [           main] u.a.e.i.p.c.ValidateOrderControllerTest  : Skipping order due to missing 'valid' field: {orderNo=2FAC3C7B, orderDate=2025-02-01, orderStatus=VALID, orderValidationCode=NO_ERROR, priceTotalInPence=2400, pizzasInOrder=[{name=R4: Proper Pizza, priceInPence=1400}, {name=R4: Pineapple & Ham & Cheese, priceInPence=900}], creditCardInformation={creditCardNumber=2720578872510656, creditCardExpiry=07/25, cvv=439}}
2025-01-16T16:58:23.399Z  WARN 26144 --- [PizzaDrone] [           main] u.a.e.i.p.c.ValidateOrderControllerTest  : Skipping order due to missing 'valid' field: {orderNo=01A58EDC, orderDate=2025-02-01, orderStatus=VALID, orderValidationCode=NO_ERROR, priceTotalInPence=2400, pizzasInOrder=[{name=R5: Pizza Dream, priceInPence=1400}, {name=R5: My kind of pizza, priceInPence=900}], creditCardInformation={creditCardNumber=2221718725309815, creditCardExpiry=11/25, cvv=479}}
2025-01-16T16:58:23.399Z  WARN 26144 --- [PizzaDrone] [           main] u.a.e.i.p.c.ValidateOrderControllerTest  : Skipping order due to missing 'valid' field: {orderNo=74DA205C, orderDate=2025-02-01, orderStatus=VALID, orderValidationCode=NO_ERROR, priceTotalInPence=2400, pizzasInOrder=[{name=R6: Sucuk delight, priceInPence=1400}, {name=R6: Dreams of Syria, priceInPence=900}], creditCardInformation={creditCardNumber=5281381092640609, creditCardExpiry=03/26, cvv=749}}
2025-01-16T16:58:23.399Z  WARN 26144 --- [PizzaDrone] [           main] u.a.e.i.p.c.ValidateOrderControllerTest  : Skipping order due to missing 'valid' field: {orderNo=2DADEF3D, orderDate=2025-02-02, orderStatus=VALID, orderValidationCode=NO_ERROR, priceTotalInPence=2500, pizzasInOrder=[{name=R1: Margarita, priceInPence=1000}, {name=R1: Calzone, priceInPence=1400}], creditCardInformation={creditCardNumber=5235114597396469, creditCardExpiry=12/25, cvv=604}}
2025-01-16T16:58:23.399Z  WARN 26144 --- [PizzaDrone] [           main] u.a.e.i.p.c.ValidateOrderControllerTest  : Skipping order due to missing 'valid' field: {orderNo=326B34C7, orderDate=2025-02-02, orderStatus=VALID, orderValidationCode=NO_ERROR, priceTotalInPence=2400, pizzasInOrder=[{name=R3: Super Cheese, priceInPence=1400}, {name=R3: All Shrooms, priceInPence=900}], creditCardInformation={creditCardNumber=4932948218309891, creditCardExpiry=12/25, cvv=299}}
2025-01-16T16:58:23.399Z  WARN 26144 --- [PizzaDrone] [           main] u.a.e.i.p.c.ValidateOrderControllerTest  : Skipping order due to missing 'valid' field: {orderNo=2E8C504C, orderDate=2025-02-02, orderStatus=VALID, orderValidationCode=NO_ERROR, priceTotalInPence=2400, pizzasInOrder=[{name=R4: Proper Pizza, priceInPence=1400}, {name=R4: Pineapple & Ham & Cheese, priceInPence=900}], creditCardInformation={creditCardNumber=5195420204940989, creditCardExpiry=10/25, cvv=008}}
2025-01-16T16:58:23.399Z  WARN 26144 --- [PizzaDrone] [           main] u.a.e.i.p.c.ValidateOrderControllerTest  : Skipping order due to missing 'valid' field: {orderNo=3344CB23, orderDate=2025-02-02, orderStatus=VALID, orderValidationCode=NO_ERROR, priceTotalInPence=2400, pizzasInOrder=[{name=R5: Pizza Dream, priceInPence=1400}, {name=R5: My kind of pizza, priceInPence=900}], creditCardInformation={creditCardNumber=4828272779013892, creditCardExpiry=07/25, cvv=503}}
2025-01-16T16:58:23.399Z  WARN 26144 --- [PizzaDrone] [           main] u.a.e.i.p.c.ValidateOrderControllerTest  : Skipping order due to missing 'valid' field: {orderNo=0E5C49F0, orderDate=2025-02-02, orderStatus=VALID, orderValidationCode=NO_ERROR, priceTotalInPence=2400, pizzasInOrder=[{name=R6: Sucuk delight, priceInPence=1400}, {name=R6: Dreams of Syria, priceInPence=900}], creditCardInformation={creditCardNumber=4255556762280142, creditCardExpiry=07/25, cvv=522}}
2025-01-16T16:58:23.399Z  WARN 26144 --- [PizzaDrone] [           main] u.a.e.i.p.c.ValidateOrderControllerTest  : Skipping order due to missing 'valid' field: {orderNo=08AE2AF5, orderDate=2025-02-02, orderStatus=VALID, orderValidationCode=NO_ERROR, priceTotalInPence=2500, pizzasInOrder=[{name=R1: Margarita, priceInPence=1000}, {name=R1: Calzone, priceInPence=1400}], creditCardInformation={creditCardNumber=4999754772740301, creditCardExpiry=09/25, cvv=869}}
2025-01-16T16:58:23.399Z  WARN 26144 --- [PizzaDrone] [           main] u.a.e.i.p.c.ValidateOrderControllerTest  : Skipping order due to missing 'valid' field: {orderNo=26755312, orderDate=2025-02-02, orderStatus=VALID, orderValidationCode=NO_ERROR, priceTotalInPence=2400, pizzasInOrder=[{name=R3: Super Cheese, priceInPence=1400}, {name=R3: All Shrooms, priceInPence=900}], creditCardInformation={creditCardNumber=5417810193669957, creditCardExpiry=09/25, cvv=229}}
2025-01-16T16:58:23.399Z  WARN 26144 --- [PizzaDrone] [           main] u.a.e.i.p.c.ValidateOrderControllerTest  : Skipping order due to missing 'valid' field: {orderNo=63D97483, orderDate=2025-02-02, orderStatus=VALID, orderValidationCode=NO_ERROR, priceTotalInPence=2400, pizzasInOrder=[{name=R4: Proper Pizza, priceInPence=1400}, {name=R4: Pineapple & Ham & Cheese, priceInPence=900}], creditCardInformation={creditCardNumber=5107982033006073, creditCardExpiry=12/25, cvv=466}}
2025-01-16T16:58:23.399Z  WARN 26144 --- [PizzaDrone] [           main] u.a.e.i.p.c.ValidateOrderControllerTest  : Skipping order due to missing 'valid' field: {orderNo=6E2185AD, orderDate=2025-02-02, orderStatus=VALID, orderValidationCode=NO_ERROR, priceTotalInPence=2400, pizzasInOrder=[{name=R5: Pizza Dream, priceInPence=1400}, {name=R5: My kind of pizza, priceInPence=900}], creditCardInformation={creditCardNumber=4529359937601908, creditCardExpiry=11/25, cvv=865}}
2025-01-16T16:58:23.399Z  WARN 26144 --- [PizzaDrone] [           main] u.a.e.i.p.c.ValidateOrderControllerTest  : Skipping order due to missing 'valid' field: {orderNo=65D3D517, orderDate=2025-02-02, orderStatus=VALID, orderValidationCode=NO_ERROR, priceTotalInPence=2400, pizzasInOrder=[{name=R6: Sucuk delight, priceInPence=1400}, {name=R6: Dreams of Syria, priceInPence=900}], creditCardInformation={creditCardNumber=4140656234893750, creditCardExpiry=12/25, cvv=113}}
2025-01-16T16:58:23.399Z  WARN 26144 --- [PizzaDrone] [           main] u.a.e.i.p.c.ValidateOrderControllerTest  : Skipping order due to missing 'valid' field: {orderNo=0D6E8F05, orderDate=2025-02-03, orderStatus=VALID, orderValidationCode=NO_ERROR, priceTotalInPence=2500, pizzasInOrder=[{name=R1: Margarita, priceInPence=1000}, {name=R1: Calzone, priceInPence=1400}], creditCardInformation={creditCardNumber=5139522555776885, creditCardExpiry=11/25, cvv=396}}
2025-01-16T16:58:23.399Z  WARN 26144 --- [PizzaDrone] [           main] u.a.e.i.p.c.ValidateOrderControllerTest  : Skipping order due to missing 'valid' field: {orderNo=1C2D4DB2, orderDate=2025-02-03, orderStatus=VALID, orderValidationCode=NO_ERROR, priceTotalInPence=2600, pizzasInOrder=[{name=R2: Meat Lover, priceInPence=1400}, {name=R2: Vegan Delight, priceInPence=1100}], creditCardInformation={creditCardNumber=5528163745007045, creditCardExpiry=09/25, cvv=129}}
2025-01-16T16:58:23.399Z  WARN 26144 --- [PizzaDrone] [           main] u.a.e.i.p.c.ValidateOrderControllerTest  : Skipping order due to missing 'valid' field: {orderNo=690786E1, orderDate=2025-02-03, orderStatus=VALID, orderValidationCode=NO_ERROR, priceTotalInPence=2400, pizzasInOrder=[{name=R5: Pizza Dream, priceInPence=1400}, {name=R5: My kind of pizza, priceInPence=900}], creditCardInformation={creditCardNumber=4698874505460979, creditCardExpiry=06/25, cvv=157}}
2025-01-16T16:58:23.399Z  WARN 26144 --- [PizzaDrone] [           main] u.a.e.i.p.c.ValidateOrderControllerTest  : Skipping order due to missing 'valid' field: {orderNo=2EC81061, orderDate=2025-02-03, orderStatus=VALID, orderValidationCode=NO_ERROR, priceTotalInPence=2400, pizzasInOrder=[{name=R6: Sucuk delight, priceInPence=1400}, {name=R6: Dreams of Syria, priceInPence=900}], creditCardInformation={creditCardNumber=5155600850865535, creditCardExpiry=11/25, cvv=564}}
2025-01-16T16:58:23.399Z  WARN 26144 --- [PizzaDrone] [           main] u.a.e.i.p.c.ValidateOrderControllerTest  : Skipping order due to missing 'valid' field: {orderNo=32268296, orderDate=2025-02-03, orderStatus=VALID, orderValidationCode=NO_ERROR, priceTotalInPence=2500, pizzasInOrder=[{name=R1: Margarita, priceInPence=1000}, {name=R1: Calzone, priceInPence=1400}], creditCardInformation={creditCardNumber=5195970043156494, creditCardExpiry=04/25, cvv=180}}
2025-01-16T16:58:23.399Z  WARN 26144 --- [PizzaDrone] [           main] u.a.e.i.p.c.ValidateOrderControllerTest  : Skipping order due to missing 'valid' field: {orderNo=3E471DFF, orderDate=2025-02-03, orderStatus=VALID, orderValidationCode=NO_ERROR, priceTotalInPence=2600, pizzasInOrder=[{name=R2: Meat Lover, priceInPence=1400}, {name=R2: Vegan Delight, priceInPence=1100}], creditCardInformation={creditCardNumber=4951803090755990, creditCardExpiry=04/25, cvv=677}}
2025-01-16T16:58:23.399Z  WARN 26144 --- [PizzaDrone] [           main] u.a.e.i.p.c.ValidateOrderControllerTest  : Skipping order due to missing 'valid' field: {orderNo=068758F5, orderDate=2025-02-03, orderStatus=VALID, orderValidationCode=NO_ERROR, priceTotalInPence=2400, pizzasInOrder=[{name=R5: Pizza Dream, priceInPence=1400}, {name=R5: My kind of pizza, priceInPence=900}], creditCardInformation={creditCardNumber=4611696169957246, creditCardExpiry=06/25, cvv=059}}
2025-01-16T16:58:23.399Z  WARN 26144 --- [PizzaDrone] [           main] u.a.e.i.p.c.ValidateOrderControllerTest  : Skipping order due to missing 'valid' field: {orderNo=60F41AFE, orderDate=2025-02-03, orderStatus=VALID, orderValidationCode=NO_ERROR, priceTotalInPence=2400, pizzasInOrder=[{name=R6: Sucuk delight, priceInPence=1400}, {name=R6: Dreams of Syria, priceInPence=900}], creditCardInformation={creditCardNumber=2221454656275953, creditCardExpiry=10/25, cvv=310}}
2025-01-16T16:58:23.399Z  WARN 26144 --- [PizzaDrone] [           main] u.a.e.i.p.c.ValidateOrderControllerTest  : Skipping order due to missing 'valid' field: {orderNo=6CBD7C32, orderDate=2025-02-03, orderStatus=VALID, orderValidationCode=NO_ERROR, priceTotalInPence=2500, pizzasInOrder=[{name=R1: Margarita, priceInPence=1000}, {name=R1: Calzone, priceInPence=1400}], creditCardInformation={creditCardNumber=5350674510367706, creditCardExpiry=03/25, cvv=107}}
2025-01-16T16:58:23.399Z  WARN 26144 --- [PizzaDrone] [           main] u.a.e.i.p.c.ValidateOrderControllerTest  : Skipping order due to missing 'valid' field: {orderNo=3768844F, orderDate=2025-02-03, orderStatus=VALID, orderValidationCode=NO_ERROR, priceTotalInPence=2600, pizzasInOrder=[{name=R2: Meat Lover, priceInPence=1400}, {name=R2: Vegan Delight, priceInPence=1100}], creditCardInformation={creditCardNumber=4930854374412721, creditCardExpiry=12/25, cvv=788}}
2025-01-16T16:58:23.399Z  WARN 26144 --- [PizzaDrone] [           main] u.a.e.i.p.c.ValidateOrderControllerTest  : Skipping order due to missing 'valid' field: {orderNo=7F126E62, orderDate=2025-02-04, orderStatus=VALID, orderValidationCode=NO_ERROR, priceTotalInPence=2500, pizzasInOrder=[{name=R1: Margarita, priceInPence=1000}, {name=R1: Calzone, priceInPence=1400}], creditCardInformation={creditCardNumber=4693377072480227, creditCardExpiry=03/26, cvv=568}}
2025-01-16T16:58:23.399Z  WARN 26144 --- [PizzaDrone] [           main] u.a.e.i.p.c.ValidateOrderControllerTest  : Skipping order due to missing 'valid' field: {orderNo=4EC5CE3A, orderDate=2025-02-04, orderStatus=VALID, orderValidationCode=NO_ERROR, priceTotalInPence=2600, pizzasInOrder=[{name=R2: Meat Lover, priceInPence=1400}, {name=R2: Vegan Delight, priceInPence=1100}], creditCardInformation={creditCardNumber=2720876458070016, creditCardExpiry=06/25, cvv=758}}
2025-01-16T16:58:23.399Z  WARN 26144 --- [PizzaDrone] [           main] u.a.e.i.p.c.ValidateOrderControllerTest  : Skipping order due to missing 'valid' field: {orderNo=6B7F07A3, orderDate=2025-02-04, orderStatus=VALID, orderValidationCode=NO_ERROR, priceTotalInPence=2400, pizzasInOrder=[{name=R4: Proper Pizza, priceInPence=1400}, {name=R4: Pineapple & Ham & Cheese, priceInPence=900}], creditCardInformation={creditCardNumber=4948651555654836, creditCardExpiry=09/25, cvv=553}}
2025-01-16T16:58:23.399Z  WARN 26144 --- [PizzaDrone] [           main] u.a.e.i.p.c.ValidateOrderControllerTest  : Skipping order due to missing 'valid' field: {orderNo=6BB80503, orderDate=2025-02-04, orderStatus=VALID, orderValidationCode=NO_ERROR, priceTotalInPence=2400, pizzasInOrder=[{name=R6: Sucuk delight, priceInPence=1400}, {name=R6: Dreams of Syria, priceInPence=900}], creditCardInformation={creditCardNumber=4783267515727493, creditCardExpiry=04/26, cvv=714}}
2025-01-16T16:58:23.399Z  WARN 26144 --- [PizzaDrone] [           main] u.a.e.i.p.c.ValidateOrderControllerTest  : Skipping order due to missing 'valid' field: {orderNo=146A8FFD, orderDate=2025-02-04, orderStatus=VALID, orderValidationCode=NO_ERROR, priceTotalInPence=2400, pizzasInOrder=[{name=R7: Hot, hotter, the hottest, priceInPence=1400}, {name=R7: All you ever wanted, priceInPence=900}], creditCardInformation={creditCardNumber=5545146326401298, creditCardExpiry=03/26, cvv=145}}
2025-01-16T16:58:23.399Z  WARN 26144 --- [PizzaDrone] [           main] u.a.e.i.p.c.ValidateOrderControllerTest  : Skipping order due to missing 'valid' field: {orderNo=565C4568, orderDate=2025-02-04, orderStatus=VALID, orderValidationCode=NO_ERROR, priceTotalInPence=2500, pizzasInOrder=[{name=R1: Margarita, priceInPence=1000}, {name=R1: Calzone, priceInPence=1400}], creditCardInformation={creditCardNumber=4440760910349975, creditCardExpiry=03/26, cvv=667}}
2025-01-16T16:58:23.399Z  WARN 26144 --- [PizzaDrone] [           main] u.a.e.i.p.c.ValidateOrderControllerTest  : Skipping order due to missing 'valid' field: {orderNo=17755F25, orderDate=2025-02-04, orderStatus=VALID, orderValidationCode=NO_ERROR, priceTotalInPence=2600, pizzasInOrder=[{name=R2: Meat Lover, priceInPence=1400}, {name=R2: Vegan Delight, priceInPence=1100}], creditCardInformation={creditCardNumber=2720267488368481, creditCardExpiry=03/25, cvv=979}}
2025-01-16T16:58:23.399Z  WARN 26144 --- [PizzaDrone] [           main] u.a.e.i.p.c.ValidateOrderControllerTest  : Skipping order due to missing 'valid' field: {orderNo=55561D11, orderDate=2025-02-04, orderStatus=VALID, orderValidationCode=NO_ERROR, priceTotalInPence=2400, pizzasInOrder=[{name=R4: Proper Pizza, priceInPence=1400}, {name=R4: Pineapple & Ham & Cheese, priceInPence=900}], creditCardInformation={creditCardNumber=4635585750502853, creditCardExpiry=02/26, cvv=079}}
2025-01-16T16:58:23.399Z  WARN 26144 --- [PizzaDrone] [           main] u.a.e.i.p.c.ValidateOrderControllerTest  : Skipping order due to missing 'valid' field: {orderNo=3FAF3C0B, orderDate=2025-02-04, orderStatus=VALID, orderValidationCode=NO_ERROR, priceTotalInPence=2400, pizzasInOrder=[{name=R6: Sucuk delight, priceInPence=1400}, {name=R6: Dreams of Syria, priceInPence=900}], creditCardInformation={creditCardNumber=4961651099719204, creditCardExpiry=12/25, cvv=423}}
2025-01-16T16:58:23.399Z  WARN 26144 --- [PizzaDrone] [           main] u.a.e.i.p.c.ValidateOrderControllerTest  : Skipping order due to missing 'valid' field: {orderNo=67939F8C, orderDate=2025-02-04, orderStatus=VALID, orderValidationCode=NO_ERROR, priceTotalInPence=2400, pizzasInOrder=[{name=R7: Hot, hotter, the hottest, priceInPence=1400}, {name=R7: All you ever wanted, priceInPence=900}], creditCardInformation={creditCardNumber=5508885293440772, creditCardExpiry=04/25, cvv=053}}
2025-01-16T16:58:23.399Z  WARN 26144 --- [PizzaDrone] [           main] u.a.e.i.p.c.ValidateOrderControllerTest  : Skipping order due to missing 'valid' field: {orderNo=65E12E47, orderDate=2025-02-05, orderStatus=VALID, orderValidationCode=NO_ERROR, priceTotalInPence=2600, pizzasInOrder=[{name=R2: Meat Lover, priceInPence=1400}, {name=R2: Vegan Delight, priceInPence=1100}], creditCardInformation={creditCardNumber=4342722362910059, creditCardExpiry=04/26, cvv=323}}
2025-01-16T16:58:23.399Z  WARN 26144 --- [PizzaDrone] [           main] u.a.e.i.p.c.ValidateOrderControllerTest  : Skipping order due to missing 'valid' field: {orderNo=7270126E, orderDate=2025-02-05, orderStatus=VALID, orderValidationCode=NO_ERROR, priceTotalInPence=2400, pizzasInOrder=[{name=R3: Super Cheese, priceInPence=1400}, {name=R3: All Shrooms, priceInPence=900}], creditCardInformation={creditCardNumber=5355127191939181, creditCardExpiry=01/26, cvv=679}}
2025-01-16T16:58:23.399Z  WARN 26144 --- [PizzaDrone] [           main] u.a.e.i.p.c.ValidateOrderControllerTest  : Skipping order due to missing 'valid' field: {orderNo=36B98873, orderDate=2025-02-05, orderStatus=VALID, orderValidationCode=NO_ERROR, priceTotalInPence=2400, pizzasInOrder=[{name=R4: Proper Pizza, priceInPence=1400}, {name=R4: Pineapple & Ham & Cheese, priceInPence=900}], creditCardInformation={creditCardNumber=2720756912805746, creditCardExpiry=10/25, cvv=639}}
2025-01-16T16:58:23.399Z  WARN 26144 --- [PizzaDrone] [           main] u.a.e.i.p.c.ValidateOrderControllerTest  : Skipping order due to missing 'valid' field: {orderNo=17349675, orderDate=2025-02-05, orderStatus=VALID, orderValidationCode=NO_ERROR, priceTotalInPence=2400, pizzasInOrder=[{name=R6: Sucuk delight, priceInPence=1400}, {name=R6: Dreams of Syria, priceInPence=900}], creditCardInformation={creditCardNumber=5279219327094966, creditCardExpiry=04/25, cvv=829}}
2025-01-16T16:58:23.399Z  WARN 26144 --- [PizzaDrone] [           main] u.a.e.i.p.c.ValidateOrderControllerTest  : Skipping order due to missing 'valid' field: {orderNo=0E8E0BB4, orderDate=2025-02-05, orderStatus=VALID, orderValidationCode=NO_ERROR, priceTotalInPence=2600, pizzasInOrder=[{name=R2: Meat Lover, priceInPence=1400}, {name=R2: Vegan Delight, priceInPence=1100}], creditCardInformation={creditCardNumber=5345085465103954, creditCardExpiry=03/26, cvv=969}}
2025-01-16T16:58:23.399Z  WARN 26144 --- [PizzaDrone] [           main] u.a.e.i.p.c.ValidateOrderControllerTest  : Skipping order due to missing 'valid' field: {orderNo=70F7D449, orderDate=2025-02-05, orderStatus=VALID, orderValidationCode=NO_ERROR, priceTotalInPence=2400, pizzasInOrder=[{name=R3: Super Cheese, priceInPence=1400}, {name=R3: All Shrooms, priceInPence=900}], creditCardInformation={creditCardNumber=4309415736830704, creditCardExpiry=07/25, cvv=166}}
2025-01-16T16:58:23.399Z  WARN 26144 --- [PizzaDrone] [           main] u.a.e.i.p.c.ValidateOrderControllerTest  : Skipping order due to missing 'valid' field: {orderNo=716D2237, orderDate=2025-02-05, orderStatus=VALID, orderValidationCode=NO_ERROR, priceTotalInPence=2400, pizzasInOrder=[{name=R4: Proper Pizza, priceInPence=1400}, {name=R4: Pineapple & Ham & Cheese, priceInPence=900}], creditCardInformation={creditCardNumber=5410281222471236, creditCardExpiry=07/25, cvv=253}}
2025-01-16T16:58:23.399Z  WARN 26144 --- [PizzaDrone] [           main] u.a.e.i.p.c.ValidateOrderControllerTest  : Skipping order due to missing 'valid' field: {orderNo=0662EBF7, orderDate=2025-02-05, orderStatus=VALID, orderValidationCode=NO_ERROR, priceTotalInPence=2400, pizzasInOrder=[{name=R6: Sucuk delight, priceInPence=1400}, {name=R6: Dreams of Syria, priceInPence=900}], creditCardInformation={creditCardNumber=4181945648192762, creditCardExpiry=03/26, cvv=203}}
2025-01-16T16:58:23.399Z  WARN 26144 --- [PizzaDrone] [           main] u.a.e.i.p.c.ValidateOrderControllerTest  : Skipping order due to missing 'valid' field: {orderNo=07437633, orderDate=2025-02-05, orderStatus=VALID, orderValidationCode=NO_ERROR, priceTotalInPence=2600, pizzasInOrder=[{name=R2: Meat Lover, priceInPence=1400}, {name=R2: Vegan Delight, priceInPence=1100}], creditCardInformation={creditCardNumber=4497431027618288, creditCardExpiry=03/26, cvv=703}}
2025-01-16T16:58:23.399Z  WARN 26144 --- [PizzaDrone] [           main] u.a.e.i.p.c.ValidateOrderControllerTest  : Skipping order due to missing 'valid' field: {orderNo=2DF5014B, orderDate=2025-02-05, orderStatus=VALID, orderValidationCode=NO_ERROR, priceTotalInPence=2400, pizzasInOrder=[{name=R3: Super Cheese, priceInPence=1400}, {name=R3: All Shrooms, priceInPence=900}], creditCardInformation={creditCardNumber=5343773407608329, creditCardExpiry=04/26, cvv=024}}
2025-01-16T16:58:23.399Z  WARN 26144 --- [PizzaDrone] [           main] u.a.e.i.p.c.ValidateOrderControllerTest  : Skipping order due to missing 'valid' field: {orderNo=43DA9C35, orderDate=2025-02-06, orderStatus=VALID, orderValidationCode=NO_ERROR, priceTotalInPence=2600, pizzasInOrder=[{name=R2: Meat Lover, priceInPence=1400}, {name=R2: Vegan Delight, priceInPence=1100}], creditCardInformation={creditCardNumber=2221733569657930, creditCardExpiry=03/26, cvv=738}}
2025-01-16T16:58:23.399Z  WARN 26144 --- [PizzaDrone] [           main] u.a.e.i.p.c.ValidateOrderControllerTest  : Skipping order due to missing 'valid' field: {orderNo=0476B3BB, orderDate=2025-02-06, orderStatus=VALID, orderValidationCode=NO_ERROR, priceTotalInPence=2400, pizzasInOrder=[{name=R3: Super Cheese, priceInPence=1400}, {name=R3: All Shrooms, priceInPence=900}], creditCardInformation={creditCardNumber=4455109471910480, creditCardExpiry=04/26, cvv=473}}
2025-01-16T16:58:23.399Z  WARN 26144 --- [PizzaDrone] [           main] u.a.e.i.p.c.ValidateOrderControllerTest  : Skipping order due to missing 'valid' field: {orderNo=733E0EA2, orderDate=2025-02-06, orderStatus=VALID, orderValidationCode=NO_ERROR, priceTotalInPence=2400, pizzasInOrder=[{name=R5: Pizza Dream, priceInPence=1400}, {name=R5: My kind of pizza, priceInPence=900}], creditCardInformation={creditCardNumber=2221403432088487, creditCardExpiry=02/26, cvv=942}}
2025-01-16T16:58:23.399Z  WARN 26144 --- [PizzaDrone] [           main] u.a.e.i.p.c.ValidateOrderControllerTest  : Skipping order due to missing 'valid' field: {orderNo=6229DEFF, orderDate=2025-02-06, orderStatus=VALID, orderValidationCode=NO_ERROR, priceTotalInPence=2400, pizzasInOrder=[{name=R7: Hot, hotter, the hottest, priceInPence=1400}, {name=R7: All you ever wanted, priceInPence=900}], creditCardInformation={creditCardNumber=5105912228747449, creditCardExpiry=03/26, cvv=230}}
2025-01-16T16:58:23.399Z  WARN 26144 --- [PizzaDrone] [           main] u.a.e.i.p.c.ValidateOrderControllerTest  : Skipping order due to missing 'valid' field: {orderNo=314C9405, orderDate=2025-02-06, orderStatus=VALID, orderValidationCode=NO_ERROR, priceTotalInPence=2600, pizzasInOrder=[{name=R2: Meat Lover, priceInPence=1400}, {name=R2: Vegan Delight, priceInPence=1100}], creditCardInformation={creditCardNumber=4157886686386066, creditCardExpiry=03/25, cvv=859}}
2025-01-16T16:58:23.399Z  WARN 26144 --- [PizzaDrone] [           main] u.a.e.i.p.c.ValidateOrderControllerTest  : Skipping order due to missing 'valid' field: {orderNo=7A4813FF, orderDate=2025-02-06, orderStatus=VALID, orderValidationCode=NO_ERROR, priceTotalInPence=2400, pizzasInOrder=[{name=R3: Super Cheese, priceInPence=1400}, {name=R3: All Shrooms, priceInPence=900}], creditCardInformation={creditCardNumber=2221469416150981, creditCardExpiry=03/26, cvv=715}}
2025-01-16T16:58:23.399Z  WARN 26144 --- [PizzaDrone] [           main] u.a.e.i.p.c.ValidateOrderControllerTest  : Skipping order due to missing 'valid' field: {orderNo=6DC87AF1, orderDate=2025-02-06, orderStatus=VALID, orderValidationCode=NO_ERROR, priceTotalInPence=2400, pizzasInOrder=[{name=R5: Pizza Dream, priceInPence=1400}, {name=R5: My kind of pizza, priceInPence=900}], creditCardInformation={creditCardNumber=5316164986116707, creditCardExpiry=12/25, cvv=779}}
2025-01-16T16:58:23.399Z  WARN 26144 --- [PizzaDrone] [           main] u.a.e.i.p.c.ValidateOrderControllerTest  : Skipping order due to missing 'valid' field: {orderNo=35E3BB3C, orderDate=2025-02-06, orderStatus=VALID, orderValidationCode=NO_ERROR, priceTotalInPence=2400, pizzasInOrder=[{name=R7: Hot, hotter, the hottest, priceInPence=1400}, {name=R7: All you ever wanted, priceInPence=900}], creditCardInformation={creditCardNumber=4003431176425912, creditCardExpiry=04/26, cvv=057}}
2025-01-16T16:58:23.399Z  WARN 26144 --- [PizzaDrone] [           main] u.a.e.i.p.c.ValidateOrderControllerTest  : Skipping order due to missing 'valid' field: {orderNo=63E1C050, orderDate=2025-02-06, orderStatus=VALID, orderValidationCode=NO_ERROR, priceTotalInPence=2600, pizzasInOrder=[{name=R2: Meat Lover, priceInPence=1400}, {name=R2: Vegan Delight, priceInPence=1100}], creditCardInformation={creditCardNumber=4090850263756109, creditCardExpiry=05/25, cvv=584}}
2025-01-16T16:58:23.399Z  WARN 26144 --- [PizzaDrone] [           main] u.a.e.i.p.c.ValidateOrderControllerTest  : Skipping order due to missing 'valid' field: {orderNo=77A37133, orderDate=2025-02-06, orderStatus=VALID, orderValidationCode=NO_ERROR, priceTotalInPence=2400, pizzasInOrder=[{name=R3: Super Cheese, priceInPence=1400}, {name=R3: All Shrooms, priceInPence=900}], creditCardInformation={creditCardNumber=5497005461256131, creditCardExpiry=04/25, cvv=337}}
2025-01-16T16:58:23.399Z  WARN 26144 --- [PizzaDrone] [           main] u.a.e.i.p.c.ValidateOrderControllerTest  : Skipping order due to missing 'valid' field: {orderNo=74B18538, orderDate=2025-02-07, orderStatus=VALID, orderValidationCode=NO_ERROR, priceTotalInPence=2500, pizzasInOrder=[{name=R1: Margarita, priceInPence=1000}, {name=R1: Calzone, priceInPence=1400}], creditCardInformation={creditCardNumber=4935725400063255, creditCardExpiry=01/26, cvv=822}}
2025-01-16T16:58:23.399Z  WARN 26144 --- [PizzaDrone] [           main] u.a.e.i.p.c.ValidateOrderControllerTest  : Skipping order due to missing 'valid' field: {orderNo=0D230A1D, orderDate=2025-02-07, orderStatus=VALID, orderValidationCode=NO_ERROR, priceTotalInPence=2600, pizzasInOrder=[{name=R2: Meat Lover, priceInPence=1400}, {name=R2: Vegan Delight, priceInPence=1100}], creditCardInformation={creditCardNumber=5163283012258822, creditCardExpiry=02/26, cvv=223}}
2025-01-16T16:58:23.399Z  WARN 26144 --- [PizzaDrone] [           main] u.a.e.i.p.c.ValidateOrderControllerTest  : Skipping order due to missing 'valid' field: {orderNo=29D98B57, orderDate=2025-02-07, orderStatus=VALID, orderValidationCode=NO_ERROR, priceTotalInPence=2400, pizzasInOrder=[{name=R3: Super Cheese, priceInPence=1400}, {name=R3: All Shrooms, priceInPence=900}], creditCardInformation={creditCardNumber=5554061844639048, creditCardExpiry=05/25, cvv=653}}
2025-01-16T16:58:23.400Z  WARN 26144 --- [PizzaDrone] [           main] u.a.e.i.p.c.ValidateOrderControllerTest  : Skipping order due to missing 'valid' field: {orderNo=30E647D7, orderDate=2025-02-07, orderStatus=VALID, orderValidationCode=NO_ERROR, priceTotalInPence=2400, pizzasInOrder=[{name=R7: Hot, hotter, the hottest, priceInPence=1400}, {name=R7: All you ever wanted, priceInPence=900}], creditCardInformation={creditCardNumber=4230751455101891, creditCardExpiry=04/25, cvv=342}}
2025-01-16T16:58:23.400Z  WARN 26144 --- [PizzaDrone] [           main] u.a.e.i.p.c.ValidateOrderControllerTest  : Skipping order due to missing 'valid' field: {orderNo=4BEFA74A, orderDate=2025-02-07, orderStatus=VALID, orderValidationCode=NO_ERROR, priceTotalInPence=2500, pizzasInOrder=[{name=R1: Margarita, priceInPence=1000}, {name=R1: Calzone, priceInPence=1400}], creditCardInformation={creditCardNumber=4644990248602357, creditCardExpiry=12/25, cvv=967}}
2025-01-16T16:58:23.400Z  WARN 26144 --- [PizzaDrone] [           main] u.a.e.i.p.c.ValidateOrderControllerTest  : Skipping order due to missing 'valid' field: {orderNo=455FD2D1, orderDate=2025-02-07, orderStatus=VALID, orderValidationCode=NO_ERROR, priceTotalInPence=2600, pizzasInOrder=[{name=R2: Meat Lover, priceInPence=1400}, {name=R2: Vegan Delight, priceInPence=1100}], creditCardInformation={creditCardNumber=4169561875147787, creditCardExpiry=11/25, cvv=387}}
2025-01-16T16:58:23.400Z  WARN 26144 --- [PizzaDrone] [           main] u.a.e.i.p.c.ValidateOrderControllerTest  : Skipping order due to missing 'valid' field: {orderNo=75E00CBD, orderDate=2025-02-07, orderStatus=VALID, orderValidationCode=NO_ERROR, priceTotalInPence=2400, pizzasInOrder=[{name=R3: Super Cheese, priceInPence=1400}, {name=R3: All Shrooms, priceInPence=900}], creditCardInformation={creditCardNumber=4796088706122962, creditCardExpiry=04/26, cvv=696}}
2025-01-16T16:58:23.400Z  WARN 26144 --- [PizzaDrone] [           main] u.a.e.i.p.c.ValidateOrderControllerTest  : Skipping order due to missing 'valid' field: {orderNo=463F441B, orderDate=2025-02-07, orderStatus=VALID, orderValidationCode=NO_ERROR, priceTotalInPence=2400, pizzasInOrder=[{name=R7: Hot, hotter, the hottest, priceInPence=1400}, {name=R7: All you ever wanted, priceInPence=900}], creditCardInformation={creditCardNumber=5497322206294339, creditCardExpiry=05/25, cvv=929}}
2025-01-16T16:58:23.400Z  WARN 26144 --- [PizzaDrone] [           main] u.a.e.i.p.c.ValidateOrderControllerTest  : Skipping order due to missing 'valid' field: {orderNo=22CF961F, orderDate=2025-02-07, orderStatus=VALID, orderValidationCode=NO_ERROR, priceTotalInPence=2500, pizzasInOrder=[{name=R1: Margarita, priceInPence=1000}, {name=R1: Calzone, priceInPence=1400}], creditCardInformation={creditCardNumber=4892310657975054, creditCardExpiry=05/25, cvv=357}}
2025-01-16T16:58:23.400Z  WARN 26144 --- [PizzaDrone] [           main] u.a.e.i.p.c.ValidateOrderControllerTest  : Skipping order due to missing 'valid' field: {orderNo=1743228A, orderDate=2025-02-07, orderStatus=VALID, orderValidationCode=NO_ERROR, priceTotalInPence=2600, pizzasInOrder=[{name=R2: Meat Lover, priceInPence=1400}, {name=R2: Vegan Delight, priceInPence=1100}], creditCardInformation={creditCardNumber=4078165384934832, creditCardExpiry=03/25, cvv=109}}
2025-01-16T16:58:23.400Z  WARN 26144 --- [PizzaDrone] [           main] u.a.e.i.p.c.ValidateOrderControllerTest  : Skipping order due to missing 'valid' field: {orderNo=5C932EFA, orderDate=2025-02-08, orderStatus=VALID, orderValidationCode=NO_ERROR, priceTotalInPence=2500, pizzasInOrder=[{name=R1: Margarita, priceInPence=1000}, {name=R1: Calzone, priceInPence=1400}], creditCardInformation={creditCardNumber=2720199387803252, creditCardExpiry=03/25, cvv=273}}
2025-01-16T16:58:23.400Z  WARN 26144 --- [PizzaDrone] [           main] u.a.e.i.p.c.ValidateOrderControllerTest  : Skipping order due to missing 'valid' field: {orderNo=20373FED, orderDate=2025-02-08, orderStatus=VALID, orderValidationCode=NO_ERROR, priceTotalInPence=2400, pizzasInOrder=[{name=R3: Super Cheese, priceInPence=1400}, {name=R3: All Shrooms, priceInPence=900}], creditCardInformation={creditCardNumber=4507939731763917, creditCardExpiry=05/25, cvv=644}}
2025-01-16T16:58:23.400Z  WARN 26144 --- [PizzaDrone] [           main] u.a.e.i.p.c.ValidateOrderControllerTest  : Skipping order due to missing 'valid' field: {orderNo=228DAE5D, orderDate=2025-02-08, orderStatus=VALID, orderValidationCode=NO_ERROR, priceTotalInPence=2400, pizzasInOrder=[{name=R4: Proper Pizza, priceInPence=1400}, {name=R4: Pineapple & Ham & Cheese, priceInPence=900}], creditCardInformation={creditCardNumber=4422948002538090, creditCardExpiry=06/25, cvv=995}}
2025-01-16T16:58:23.400Z  WARN 26144 --- [PizzaDrone] [           main] u.a.e.i.p.c.ValidateOrderControllerTest  : Skipping order due to missing 'valid' field: {orderNo=26AE77A4, orderDate=2025-02-08, orderStatus=VALID, orderValidationCode=NO_ERROR, priceTotalInPence=2400, pizzasInOrder=[{name=R5: Pizza Dream, priceInPence=1400}, {name=R5: My kind of pizza, priceInPence=900}], creditCardInformation={creditCardNumber=4468174751878752, creditCardExpiry=08/25, cvv=932}}
2025-01-16T16:58:23.400Z  WARN 26144 --- [PizzaDrone] [           main] u.a.e.i.p.c.ValidateOrderControllerTest  : Skipping order due to missing 'valid' field: {orderNo=12582955, orderDate=2025-02-08, orderStatus=VALID, orderValidationCode=NO_ERROR, priceTotalInPence=2400, pizzasInOrder=[{name=R6: Sucuk delight, priceInPence=1400}, {name=R6: Dreams of Syria, priceInPence=900}], creditCardInformation={creditCardNumber=4956091151050189, creditCardExpiry=05/25, cvv=935}}
2025-01-16T16:58:23.400Z  WARN 26144 --- [PizzaDrone] [           main] u.a.e.i.p.c.ValidateOrderControllerTest  : Skipping order due to missing 'valid' field: {orderNo=182535D0, orderDate=2025-02-08, orderStatus=VALID, orderValidationCode=NO_ERROR, priceTotalInPence=2500, pizzasInOrder=[{name=R1: Margarita, priceInPence=1000}, {name=R1: Calzone, priceInPence=1400}], creditCardInformation={creditCardNumber=5472487317318985, creditCardExpiry=11/25, cvv=247}}
2025-01-16T16:58:23.400Z  WARN 26144 --- [PizzaDrone] [           main] u.a.e.i.p.c.ValidateOrderControllerTest  : Skipping order due to missing 'valid' field: {orderNo=71BC5E2A, orderDate=2025-02-08, orderStatus=VALID, orderValidationCode=NO_ERROR, priceTotalInPence=2400, pizzasInOrder=[{name=R3: Super Cheese, priceInPence=1400}, {name=R3: All Shrooms, priceInPence=900}], creditCardInformation={creditCardNumber=2720308308206392, creditCardExpiry=03/26, cvv=894}}
2025-01-16T16:58:23.400Z  WARN 26144 --- [PizzaDrone] [           main] u.a.e.i.p.c.ValidateOrderControllerTest  : Skipping order due to missing 'valid' field: {orderNo=1FC47E5E, orderDate=2025-02-08, orderStatus=VALID, orderValidationCode=NO_ERROR, priceTotalInPence=2400, pizzasInOrder=[{name=R4: Proper Pizza, priceInPence=1400}, {name=R4: Pineapple & Ham & Cheese, priceInPence=900}], creditCardInformation={creditCardNumber=5486088629946713, creditCardExpiry=12/25, cvv=039}}
2025-01-16T16:58:23.400Z  WARN 26144 --- [PizzaDrone] [           main] u.a.e.i.p.c.ValidateOrderControllerTest  : Skipping order due to missing 'valid' field: {orderNo=7746E94C, orderDate=2025-02-08, orderStatus=VALID, orderValidationCode=NO_ERROR, priceTotalInPence=2400, pizzasInOrder=[{name=R5: Pizza Dream, priceInPence=1400}, {name=R5: My kind of pizza, priceInPence=900}], creditCardInformation={creditCardNumber=5152006399283037, creditCardExpiry=03/26, cvv=640}}
2025-01-16T16:58:23.400Z  WARN 26144 --- [PizzaDrone] [           main] u.a.e.i.p.c.ValidateOrderControllerTest  : Skipping order due to missing 'valid' field: {orderNo=76A63CF5, orderDate=2025-02-08, orderStatus=VALID, orderValidationCode=NO_ERROR, priceTotalInPence=2400, pizzasInOrder=[{name=R6: Sucuk delight, priceInPence=1400}, {name=R6: Dreams of Syria, priceInPence=900}], creditCardInformation={creditCardNumber=5199720335373331, creditCardExpiry=08/25, cvv=227}}
2025-01-16T16:58:23.400Z  WARN 26144 --- [PizzaDrone] [           main] u.a.e.i.p.c.ValidateOrderControllerTest  : Skipping order due to missing 'valid' field: {orderNo=670FCCC0, orderDate=2025-02-09, orderStatus=VALID, orderValidationCode=NO_ERROR, priceTotalInPence=2500, pizzasInOrder=[{name=R1: Margarita, priceInPence=1000}, {name=R1: Calzone, priceInPence=1400}], creditCardInformation={creditCardNumber=4455021502455825, creditCardExpiry=03/26, cvv=553}}
2025-01-16T16:58:23.400Z  WARN 26144 --- [PizzaDrone] [           main] u.a.e.i.p.c.ValidateOrderControllerTest  : Skipping order due to missing 'valid' field: {orderNo=65E2701C, orderDate=2025-02-09, orderStatus=VALID, orderValidationCode=NO_ERROR, priceTotalInPence=2400, pizzasInOrder=[{name=R3: Super Cheese, priceInPence=1400}, {name=R3: All Shrooms, priceInPence=900}], creditCardInformation={creditCardNumber=2221136572876846, creditCardExpiry=12/25, cvv=305}}
2025-01-16T16:58:23.400Z  WARN 26144 --- [PizzaDrone] [           main] u.a.e.i.p.c.ValidateOrderControllerTest  : Skipping order due to missing 'valid' field: {orderNo=0012AD0C, orderDate=2025-02-09, orderStatus=VALID, orderValidationCode=NO_ERROR, priceTotalInPence=2400, pizzasInOrder=[{name=R4: Proper Pizza, priceInPence=1400}, {name=R4: Pineapple & Ham & Cheese, priceInPence=900}], creditCardInformation={creditCardNumber=4996408423988438, creditCardExpiry=11/25, cvv=204}}
2025-01-16T16:58:23.400Z  WARN 26144 --- [PizzaDrone] [           main] u.a.e.i.p.c.ValidateOrderControllerTest  : Skipping order due to missing 'valid' field: {orderNo=1BB747A9, orderDate=2025-02-09, orderStatus=VALID, orderValidationCode=NO_ERROR, priceTotalInPence=2400, pizzasInOrder=[{name=R5: Pizza Dream, priceInPence=1400}, {name=R5: My kind of pizza, priceInPence=900}], creditCardInformation={creditCardNumber=2221076516003737, creditCardExpiry=01/26, cvv=026}}
2025-01-16T16:58:23.400Z  WARN 26144 --- [PizzaDrone] [           main] u.a.e.i.p.c.ValidateOrderControllerTest  : Skipping order due to missing 'valid' field: {orderNo=3D76DFE7, orderDate=2025-02-09, orderStatus=VALID, orderValidationCode=NO_ERROR, priceTotalInPence=2400, pizzasInOrder=[{name=R6: Sucuk delight, priceInPence=1400}, {name=R6: Dreams of Syria, priceInPence=900}], creditCardInformation={creditCardNumber=5571042185007168, creditCardExpiry=03/25, cvv=295}}
2025-01-16T16:58:23.400Z  WARN 26144 --- [PizzaDrone] [           main] u.a.e.i.p.c.ValidateOrderControllerTest  : Skipping order due to missing 'valid' field: {orderNo=442D7B6A, orderDate=2025-02-09, orderStatus=VALID, orderValidationCode=NO_ERROR, priceTotalInPence=2500, pizzasInOrder=[{name=R1: Margarita, priceInPence=1000}, {name=R1: Calzone, priceInPence=1400}], creditCardInformation={creditCardNumber=4857888917931614, creditCardExpiry=08/25, cvv=369}}
2025-01-16T16:58:23.400Z  WARN 26144 --- [PizzaDrone] [           main] u.a.e.i.p.c.ValidateOrderControllerTest  : Skipping order due to missing 'valid' field: {orderNo=6AA637DC, orderDate=2025-02-09, orderStatus=VALID, orderValidationCode=NO_ERROR, priceTotalInPence=2400, pizzasInOrder=[{name=R3: Super Cheese, priceInPence=1400}, {name=R3: All Shrooms, priceInPence=900}], creditCardInformation={creditCardNumber=5127849858007765, creditCardExpiry=11/25, cvv=178}}
2025-01-16T16:58:23.400Z  WARN 26144 --- [PizzaDrone] [           main] u.a.e.i.p.c.ValidateOrderControllerTest  : Skipping order due to missing 'valid' field: {orderNo=37BC575F, orderDate=2025-02-09, orderStatus=VALID, orderValidationCode=NO_ERROR, priceTotalInPence=2400, pizzasInOrder=[{name=R4: Proper Pizza, priceInPence=1400}, {name=R4: Pineapple & Ham & Cheese, priceInPence=900}], creditCardInformation={creditCardNumber=4288873439726840, creditCardExpiry=08/25, cvv=803}}
2025-01-16T16:58:23.400Z  WARN 26144 --- [PizzaDrone] [           main] u.a.e.i.p.c.ValidateOrderControllerTest  : Skipping order due to missing 'valid' field: {orderNo=1438D0BF, orderDate=2025-02-09, orderStatus=VALID, orderValidationCode=NO_ERROR, priceTotalInPence=2400, pizzasInOrder=[{name=R5: Pizza Dream, priceInPence=1400}, {name=R5: My kind of pizza, priceInPence=900}], creditCardInformation={creditCardNumber=5593468239302152, creditCardExpiry=12/25, cvv=084}}
2025-01-16T16:58:23.400Z  WARN 26144 --- [PizzaDrone] [           main] u.a.e.i.p.c.ValidateOrderControllerTest  : Skipping order due to missing 'valid' field: {orderNo=4AF3B8AD, orderDate=2025-02-09, orderStatus=VALID, orderValidationCode=NO_ERROR, priceTotalInPence=2400, pizzasInOrder=[{name=R6: Sucuk delight, priceInPence=1400}, {name=R6: Dreams of Syria, priceInPence=900}], creditCardInformation={creditCardNumber=4703893672708120, creditCardExpiry=10/25, cvv=086}}
2025-01-16T16:58:23.400Z  WARN 26144 --- [PizzaDrone] [           main] u.a.e.i.p.c.ValidateOrderControllerTest  : Skipping order due to missing 'valid' field: {orderNo=3A552B72, orderDate=2025-02-10, orderStatus=VALID, orderValidationCode=NO_ERROR, priceTotalInPence=2500, pizzasInOrder=[{name=R1: Margarita, priceInPence=1000}, {name=R1: Calzone, priceInPence=1400}], creditCardInformation={creditCardNumber=4093422182684130, creditCardExpiry=04/26, cvv=329}}
2025-01-16T16:58:23.400Z  WARN 26144 --- [PizzaDrone] [           main] u.a.e.i.p.c.ValidateOrderControllerTest  : Skipping order due to missing 'valid' field: {orderNo=4057B914, orderDate=2025-02-10, orderStatus=VALID, orderValidationCode=NO_ERROR, priceTotalInPence=2600, pizzasInOrder=[{name=R2: Meat Lover, priceInPence=1400}, {name=R2: Vegan Delight, priceInPence=1100}], creditCardInformation={creditCardNumber=5230064189705533, creditCardExpiry=12/25, cvv=703}}
2025-01-16T16:58:23.400Z  WARN 26144 --- [PizzaDrone] [           main] u.a.e.i.p.c.ValidateOrderControllerTest  : Skipping order due to missing 'valid' field: {orderNo=3205D525, orderDate=2025-02-10, orderStatus=VALID, orderValidationCode=NO_ERROR, priceTotalInPence=2400, pizzasInOrder=[{name=R5: Pizza Dream, priceInPence=1400}, {name=R5: My kind of pizza, priceInPence=900}], creditCardInformation={creditCardNumber=4979132498334580, creditCardExpiry=06/25, cvv=911}}
2025-01-16T16:58:23.400Z  WARN 26144 --- [PizzaDrone] [           main] u.a.e.i.p.c.ValidateOrderControllerTest  : Skipping order due to missing 'valid' field: {orderNo=7D5AB396, orderDate=2025-02-10, orderStatus=VALID, orderValidationCode=NO_ERROR, priceTotalInPence=2400, pizzasInOrder=[{name=R6: Sucuk delight, priceInPence=1400}, {name=R6: Dreams of Syria, priceInPence=900}], creditCardInformation={creditCardNumber=2720405926199379, creditCardExpiry=03/26, cvv=531}}
2025-01-16T16:58:23.400Z  WARN 26144 --- [PizzaDrone] [           main] u.a.e.i.p.c.ValidateOrderControllerTest  : Skipping order due to missing 'valid' field: {orderNo=18712505, orderDate=2025-02-10, orderStatus=VALID, orderValidationCode=NO_ERROR, priceTotalInPence=2500, pizzasInOrder=[{name=R1: Margarita, priceInPence=1000}, {name=R1: Calzone, priceInPence=1400}], creditCardInformation={creditCardNumber=4708156331684685, creditCardExpiry=07/25, cvv=514}}
2025-01-16T16:58:23.400Z  WARN 26144 --- [PizzaDrone] [           main] u.a.e.i.p.c.ValidateOrderControllerTest  : Skipping order due to missing 'valid' field: {orderNo=77373555, orderDate=2025-02-10, orderStatus=VALID, orderValidationCode=NO_ERROR, priceTotalInPence=2600, pizzasInOrder=[{name=R2: Meat Lover, priceInPence=1400}, {name=R2: Vegan Delight, priceInPence=1100}], creditCardInformation={creditCardNumber=5351604998175981, creditCardExpiry=01/26, cvv=137}}
2025-01-16T16:58:23.400Z  WARN 26144 --- [PizzaDrone] [           main] u.a.e.i.p.c.ValidateOrderControllerTest  : Skipping order due to missing 'valid' field: {orderNo=6EC25408, orderDate=2025-02-10, orderStatus=VALID, orderValidationCode=NO_ERROR, priceTotalInPence=2400, pizzasInOrder=[{name=R5: Pizza Dream, priceInPence=1400}, {name=R5: My kind of pizza, priceInPence=900}], creditCardInformation={creditCardNumber=4710348278550047, creditCardExpiry=11/25, cvv=072}}
2025-01-16T16:58:23.400Z  WARN 26144 --- [PizzaDrone] [           main] u.a.e.i.p.c.ValidateOrderControllerTest  : Skipping order due to missing 'valid' field: {orderNo=2139AFB0, orderDate=2025-02-10, orderStatus=VALID, orderValidationCode=NO_ERROR, priceTotalInPence=2400, pizzasInOrder=[{name=R6: Sucuk delight, priceInPence=1400}, {name=R6: Dreams of Syria, priceInPence=900}], creditCardInformation={creditCardNumber=4923373399447009, creditCardExpiry=05/25, cvv=685}}
2025-01-16T16:58:23.400Z  WARN 26144 --- [PizzaDrone] [           main] u.a.e.i.p.c.ValidateOrderControllerTest  : Skipping order due to missing 'valid' field: {orderNo=7D4A6C06, orderDate=2025-02-10, orderStatus=VALID, orderValidationCode=NO_ERROR, priceTotalInPence=2500, pizzasInOrder=[{name=R1: Margarita, priceInPence=1000}, {name=R1: Calzone, priceInPence=1400}], creditCardInformation={creditCardNumber=4035840325267102, creditCardExpiry=08/25, cvv=140}}
2025-01-16T16:58:23.400Z  WARN 26144 --- [PizzaDrone] [           main] u.a.e.i.p.c.ValidateOrderControllerTest  : Skipping order due to missing 'valid' field: {orderNo=6E27BD7D, orderDate=2025-02-10, orderStatus=VALID, orderValidationCode=NO_ERROR, priceTotalInPence=2600, pizzasInOrder=[{name=R2: Meat Lover, priceInPence=1400}, {name=R2: Vegan Delight, priceInPence=1100}], creditCardInformation={creditCardNumber=2221240356085267, creditCardExpiry=03/26, cvv=738}}
2025-01-16T16:58:23.400Z  WARN 26144 --- [PizzaDrone] [           main] u.a.e.i.p.c.ValidateOrderControllerTest  : Skipping order due to missing 'valid' field: {orderNo=60752134, orderDate=2025-02-11, orderStatus=VALID, orderValidationCode=NO_ERROR, priceTotalInPence=2500, pizzasInOrder=[{name=R1: Margarita, priceInPence=1000}, {name=R1: Calzone, priceInPence=1400}], creditCardInformation={creditCardNumber=5143004835065128, creditCardExpiry=02/26, cvv=306}}
2025-01-16T16:58:23.400Z  WARN 26144 --- [PizzaDrone] [           main] u.a.e.i.p.c.ValidateOrderControllerTest  : Skipping order due to missing 'valid' field: {orderNo=31F8DC70, orderDate=2025-02-11, orderStatus=VALID, orderValidationCode=NO_ERROR, priceTotalInPence=2600, pizzasInOrder=[{name=R2: Meat Lover, priceInPence=1400}, {name=R2: Vegan Delight, priceInPence=1100}], creditCardInformation={creditCardNumber=4204626626264483, creditCardExpiry=08/25, cvv=622}}
2025-01-16T16:58:23.400Z  WARN 26144 --- [PizzaDrone] [           main] u.a.e.i.p.c.ValidateOrderControllerTest  : Skipping order due to missing 'valid' field: {orderNo=2C2DA78E, orderDate=2025-02-11, orderStatus=VALID, orderValidationCode=NO_ERROR, priceTotalInPence=2400, pizzasInOrder=[{name=R4: Proper Pizza, priceInPence=1400}, {name=R4: Pineapple & Ham & Cheese, priceInPence=900}], creditCardInformation={creditCardNumber=4584985113167736, creditCardExpiry=09/25, cvv=128}}
2025-01-16T16:58:23.400Z  WARN 26144 --- [PizzaDrone] [           main] u.a.e.i.p.c.ValidateOrderControllerTest  : Skipping order due to missing 'valid' field: {orderNo=774C9B13, orderDate=2025-02-11, orderStatus=VALID, orderValidationCode=NO_ERROR, priceTotalInPence=2400, pizzasInOrder=[{name=R6: Sucuk delight, priceInPence=1400}, {name=R6: Dreams of Syria, priceInPence=900}], creditCardInformation={creditCardNumber=4364537322120786, creditCardExpiry=06/25, cvv=926}}
2025-01-16T16:58:23.400Z  WARN 26144 --- [PizzaDrone] [           main] u.a.e.i.p.c.ValidateOrderControllerTest  : Skipping order due to missing 'valid' field: {orderNo=1FB6F2F9, orderDate=2025-02-11, orderStatus=VALID, orderValidationCode=NO_ERROR, priceTotalInPence=2400, pizzasInOrder=[{name=R7: Hot, hotter, the hottest, priceInPence=1400}, {name=R7: All you ever wanted, priceInPence=900}], creditCardInformation={creditCardNumber=5335602032941252, creditCardExpiry=03/25, cvv=516}}
2025-01-16T16:58:23.400Z  WARN 26144 --- [PizzaDrone] [           main] u.a.e.i.p.c.ValidateOrderControllerTest  : Skipping order due to missing 'valid' field: {orderNo=3B883793, orderDate=2025-02-11, orderStatus=VALID, orderValidationCode=NO_ERROR, priceTotalInPence=2500, pizzasInOrder=[{name=R1: Margarita, priceInPence=1000}, {name=R1: Calzone, priceInPence=1400}], creditCardInformation={creditCardNumber=4202229701653704, creditCardExpiry=09/25, cvv=409}}
2025-01-16T16:58:23.400Z  WARN 26144 --- [PizzaDrone] [           main] u.a.e.i.p.c.ValidateOrderControllerTest  : Skipping order due to missing 'valid' field: {orderNo=3E0F5ACE, orderDate=2025-02-11, orderStatus=VALID, orderValidationCode=NO_ERROR, priceTotalInPence=2600, pizzasInOrder=[{name=R2: Meat Lover, priceInPence=1400}, {name=R2: Vegan Delight, priceInPence=1100}], creditCardInformation={creditCardNumber=4777709102738019, creditCardExpiry=04/26, cvv=339}}
2025-01-16T16:58:23.400Z  WARN 26144 --- [PizzaDrone] [           main] u.a.e.i.p.c.ValidateOrderControllerTest  : Skipping order due to missing 'valid' field: {orderNo=31EF2B4E, orderDate=2025-02-11, orderStatus=VALID, orderValidationCode=NO_ERROR, priceTotalInPence=2400, pizzasInOrder=[{name=R4: Proper Pizza, priceInPence=1400}, {name=R4: Pineapple & Ham & Cheese, priceInPence=900}], creditCardInformation={creditCardNumber=5492963960374430, creditCardExpiry=07/25, cvv=058}}
2025-01-16T16:58:23.400Z  WARN 26144 --- [PizzaDrone] [           main] u.a.e.i.p.c.ValidateOrderControllerTest  : Skipping order due to missing 'valid' field: {orderNo=414AF3C9, orderDate=2025-02-11, orderStatus=VALID, orderValidationCode=NO_ERROR, priceTotalInPence=2400, pizzasInOrder=[{name=R6: Sucuk delight, priceInPence=1400}, {name=R6: Dreams of Syria, priceInPence=900}], creditCardInformation={creditCardNumber=5370261341664182, creditCardExpiry=06/25, cvv=591}}
2025-01-16T16:58:23.400Z  WARN 26144 --- [PizzaDrone] [           main] u.a.e.i.p.c.ValidateOrderControllerTest  : Skipping order due to missing 'valid' field: {orderNo=70994239, orderDate=2025-02-11, orderStatus=VALID, orderValidationCode=NO_ERROR, priceTotalInPence=2400, pizzasInOrder=[{name=R7: Hot, hotter, the hottest, priceInPence=1400}, {name=R7: All you ever wanted, priceInPence=900}], creditCardInformation={creditCardNumber=5246141806993478, creditCardExpiry=11/25, cvv=704}}
2025-01-16T16:58:23.400Z  WARN 26144 --- [PizzaDrone] [           main] u.a.e.i.p.c.ValidateOrderControllerTest  : Skipping order due to missing 'valid' field: {orderNo=1F5698B2, orderDate=2025-02-12, orderStatus=VALID, orderValidationCode=NO_ERROR, priceTotalInPence=2600, pizzasInOrder=[{name=R2: Meat Lover, priceInPence=1400}, {name=R2: Vegan Delight, priceInPence=1100}], creditCardInformation={creditCardNumber=4906037631981213, creditCardExpiry=08/25, cvv=992}}
2025-01-16T16:58:23.400Z  WARN 26144 --- [PizzaDrone] [           main] u.a.e.i.p.c.ValidateOrderControllerTest  : Skipping order due to missing 'valid' field: {orderNo=4CE4CB25, orderDate=2025-02-12, orderStatus=VALID, orderValidationCode=NO_ERROR, priceTotalInPence=2400, pizzasInOrder=[{name=R3: Super Cheese, priceInPence=1400}, {name=R3: All Shrooms, priceInPence=900}], creditCardInformation={creditCardNumber=4310620108167380, creditCardExpiry=07/25, cvv=520}}
2025-01-16T16:58:23.400Z  WARN 26144 --- [PizzaDrone] [           main] u.a.e.i.p.c.ValidateOrderControllerTest  : Skipping order due to missing 'valid' field: {orderNo=2ED47D92, orderDate=2025-02-12, orderStatus=VALID, orderValidationCode=NO_ERROR, priceTotalInPence=2400, pizzasInOrder=[{name=R4: Proper Pizza, priceInPence=1400}, {name=R4: Pineapple & Ham & Cheese, priceInPence=900}], creditCardInformation={creditCardNumber=4027244663189269, creditCardExpiry=02/26, cvv=580}}
2025-01-16T16:58:23.400Z  WARN 26144 --- [PizzaDrone] [           main] u.a.e.i.p.c.ValidateOrderControllerTest  : Skipping order due to missing 'valid' field: {orderNo=247423E3, orderDate=2025-02-12, orderStatus=VALID, orderValidationCode=NO_ERROR, priceTotalInPence=2400, pizzasInOrder=[{name=R6: Sucuk delight, priceInPence=1400}, {name=R6: Dreams of Syria, priceInPence=900}], creditCardInformation={creditCardNumber=4932888886658965, creditCardExpiry=03/26, cvv=752}}
2025-01-16T16:58:23.400Z  WARN 26144 --- [PizzaDrone] [           main] u.a.e.i.p.c.ValidateOrderControllerTest  : Skipping order due to missing 'valid' field: {orderNo=153021D4, orderDate=2025-02-12, orderStatus=VALID, orderValidationCode=NO_ERROR, priceTotalInPence=2600, pizzasInOrder=[{name=R2: Meat Lover, priceInPence=1400}, {name=R2: Vegan Delight, priceInPence=1100}], creditCardInformation={creditCardNumber=5496761945750906, creditCardExpiry=08/25, cvv=374}}
2025-01-16T16:58:23.400Z  WARN 26144 --- [PizzaDrone] [           main] u.a.e.i.p.c.ValidateOrderControllerTest  : Skipping order due to missing 'valid' field: {orderNo=58EA9637, orderDate=2025-02-12, orderStatus=VALID, orderValidationCode=NO_ERROR, priceTotalInPence=2400, pizzasInOrder=[{name=R3: Super Cheese, priceInPence=1400}, {name=R3: All Shrooms, priceInPence=900}], creditCardInformation={creditCardNumber=4529300074466606, creditCardExpiry=02/26, cvv=295}}
2025-01-16T16:58:23.400Z  WARN 26144 --- [PizzaDrone] [           main] u.a.e.i.p.c.ValidateOrderControllerTest  : Skipping order due to missing 'valid' field: {orderNo=56027A05, orderDate=2025-02-12, orderStatus=VALID, orderValidationCode=NO_ERROR, priceTotalInPence=2400, pizzasInOrder=[{name=R4: Proper Pizza, priceInPence=1400}, {name=R4: Pineapple & Ham & Cheese, priceInPence=900}], creditCardInformation={creditCardNumber=5277236960348048, creditCardExpiry=08/25, cvv=381}}
2025-01-16T16:58:23.400Z  WARN 26144 --- [PizzaDrone] [           main] u.a.e.i.p.c.ValidateOrderControllerTest  : Skipping order due to missing 'valid' field: {orderNo=198C78EB, orderDate=2025-02-12, orderStatus=VALID, orderValidationCode=NO_ERROR, priceTotalInPence=2400, pizzasInOrder=[{name=R6: Sucuk delight, priceInPence=1400}, {name=R6: Dreams of Syria, priceInPence=900}], creditCardInformation={creditCardNumber=2221990839676252, creditCardExpiry=05/25, cvv=891}}
2025-01-16T16:58:23.400Z  WARN 26144 --- [PizzaDrone] [           main] u.a.e.i.p.c.ValidateOrderControllerTest  : Skipping order due to missing 'valid' field: {orderNo=75357DBF, orderDate=2025-02-12, orderStatus=VALID, orderValidationCode=NO_ERROR, priceTotalInPence=2600, pizzasInOrder=[{name=R2: Meat Lover, priceInPence=1400}, {name=R2: Vegan Delight, priceInPence=1100}], creditCardInformation={creditCardNumber=4686501992652743, creditCardExpiry=07/25, cvv=860}}
2025-01-16T16:58:23.400Z  WARN 26144 --- [PizzaDrone] [           main] u.a.e.i.p.c.ValidateOrderControllerTest  : Skipping order due to missing 'valid' field: {orderNo=0787FF43, orderDate=2025-02-12, orderStatus=VALID, orderValidationCode=NO_ERROR, priceTotalInPence=2400, pizzasInOrder=[{name=R3: Super Cheese, priceInPence=1400}, {name=R3: All Shrooms, priceInPence=900}], creditCardInformation={creditCardNumber=4885454286082707, creditCardExpiry=11/25, cvv=684}}
2025-01-16T16:58:23.400Z  WARN 26144 --- [PizzaDrone] [           main] u.a.e.i.p.c.ValidateOrderControllerTest  : Skipping order due to missing 'valid' field: {orderNo=53341656, orderDate=2025-02-13, orderStatus=VALID, orderValidationCode=NO_ERROR, priceTotalInPence=2600, pizzasInOrder=[{name=R2: Meat Lover, priceInPence=1400}, {name=R2: Vegan Delight, priceInPence=1100}], creditCardInformation={creditCardNumber=5142052915453699, creditCardExpiry=07/25, cvv=744}}
2025-01-16T16:58:23.401Z  WARN 26144 --- [PizzaDrone] [           main] u.a.e.i.p.c.ValidateOrderControllerTest  : Skipping order due to missing 'valid' field: {orderNo=07BEDA12, orderDate=2025-02-13, orderStatus=VALID, orderValidationCode=NO_ERROR, priceTotalInPence=2400, pizzasInOrder=[{name=R3: Super Cheese, priceInPence=1400}, {name=R3: All Shrooms, priceInPence=900}], creditCardInformation={creditCardNumber=4944120327134034, creditCardExpiry=01/26, cvv=158}}
2025-01-16T16:58:23.401Z  WARN 26144 --- [PizzaDrone] [           main] u.a.e.i.p.c.ValidateOrderControllerTest  : Skipping order due to missing 'valid' field: {orderNo=6452EBEB, orderDate=2025-02-13, orderStatus=VALID, orderValidationCode=NO_ERROR, priceTotalInPence=2400, pizzasInOrder=[{name=R5: Pizza Dream, priceInPence=1400}, {name=R5: My kind of pizza, priceInPence=900}], creditCardInformation={creditCardNumber=4981014613372263, creditCardExpiry=04/26, cvv=251}}
2025-01-16T16:58:23.401Z  WARN 26144 --- [PizzaDrone] [           main] u.a.e.i.p.c.ValidateOrderControllerTest  : Skipping order due to missing 'valid' field: {orderNo=10B799F5, orderDate=2025-02-13, orderStatus=VALID, orderValidationCode=NO_ERROR, priceTotalInPence=2400, pizzasInOrder=[{name=R7: Hot, hotter, the hottest, priceInPence=1400}, {name=R7: All you ever wanted, priceInPence=900}], creditCardInformation={creditCardNumber=2720439046430059, creditCardExpiry=10/25, cvv=839}}
2025-01-16T16:58:23.401Z  WARN 26144 --- [PizzaDrone] [           main] u.a.e.i.p.c.ValidateOrderControllerTest  : Skipping order due to missing 'valid' field: {orderNo=27D6364B, orderDate=2025-02-13, orderStatus=VALID, orderValidationCode=NO_ERROR, priceTotalInPence=2600, pizzasInOrder=[{name=R2: Meat Lover, priceInPence=1400}, {name=R2: Vegan Delight, priceInPence=1100}], creditCardInformation={creditCardNumber=5203196173852419, creditCardExpiry=02/26, cvv=037}}
2025-01-16T16:58:23.401Z  WARN 26144 --- [PizzaDrone] [           main] u.a.e.i.p.c.ValidateOrderControllerTest  : Skipping order due to missing 'valid' field: {orderNo=1B9C8D0A, orderDate=2025-02-13, orderStatus=VALID, orderValidationCode=NO_ERROR, priceTotalInPence=2400, pizzasInOrder=[{name=R3: Super Cheese, priceInPence=1400}, {name=R3: All Shrooms, priceInPence=900}], creditCardInformation={creditCardNumber=2221627631226601, creditCardExpiry=01/26, cvv=303}}
2025-01-16T16:58:23.401Z  WARN 26144 --- [PizzaDrone] [           main] u.a.e.i.p.c.ValidateOrderControllerTest  : Skipping order due to missing 'valid' field: {orderNo=01049DDF, orderDate=2025-02-13, orderStatus=VALID, orderValidationCode=NO_ERROR, priceTotalInPence=2400, pizzasInOrder=[{name=R5: Pizza Dream, priceInPence=1400}, {name=R5: My kind of pizza, priceInPence=900}], creditCardInformation={creditCardNumber=5447670941227472, creditCardExpiry=11/25, cvv=960}}
2025-01-16T16:58:23.401Z  WARN 26144 --- [PizzaDrone] [           main] u.a.e.i.p.c.ValidateOrderControllerTest  : Skipping order due to missing 'valid' field: {orderNo=3755130A, orderDate=2025-02-13, orderStatus=VALID, orderValidationCode=NO_ERROR, priceTotalInPence=2400, pizzasInOrder=[{name=R7: Hot, hotter, the hottest, priceInPence=1400}, {name=R7: All you ever wanted, priceInPence=900}], creditCardInformation={creditCardNumber=2221795399697527, creditCardExpiry=06/25, cvv=110}}
2025-01-16T16:58:23.401Z  WARN 26144 --- [PizzaDrone] [           main] u.a.e.i.p.c.ValidateOrderControllerTest  : Skipping order due to missing 'valid' field: {orderNo=1EF62C9B, orderDate=2025-02-13, orderStatus=VALID, orderValidationCode=NO_ERROR, priceTotalInPence=2600, pizzasInOrder=[{name=R2: Meat Lover, priceInPence=1400}, {name=R2: Vegan Delight, priceInPence=1100}], creditCardInformation={creditCardNumber=4729731690179322, creditCardExpiry=05/25, cvv=505}}
2025-01-16T16:58:23.401Z  WARN 26144 --- [PizzaDrone] [           main] u.a.e.i.p.c.ValidateOrderControllerTest  : Skipping order due to missing 'valid' field: {orderNo=222D96CD, orderDate=2025-02-13, orderStatus=VALID, orderValidationCode=NO_ERROR, priceTotalInPence=2400, pizzasInOrder=[{name=R3: Super Cheese, priceInPence=1400}, {name=R3: All Shrooms, priceInPence=900}], creditCardInformation={creditCardNumber=4289798281664592, creditCardExpiry=02/26, cvv=111}}
2025-01-16T16:58:23.401Z  WARN 26144 --- [PizzaDrone] [           main] u.a.e.i.p.c.ValidateOrderControllerTest  : Skipping order due to missing 'valid' field: {orderNo=52C86806, orderDate=2025-02-14, orderStatus=VALID, orderValidationCode=NO_ERROR, priceTotalInPence=2500, pizzasInOrder=[{name=R1: Margarita, priceInPence=1000}, {name=R1: Calzone, priceInPence=1400}], creditCardInformation={creditCardNumber=5480192100610230, creditCardExpiry=04/25, cvv=636}}
2025-01-16T16:58:23.401Z  WARN 26144 --- [PizzaDrone] [           main] u.a.e.i.p.c.ValidateOrderControllerTest  : Skipping order due to missing 'valid' field: {orderNo=19B4BDED, orderDate=2025-02-14, orderStatus=VALID, orderValidationCode=NO_ERROR, priceTotalInPence=2600, pizzasInOrder=[{name=R2: Meat Lover, priceInPence=1400}, {name=R2: Vegan Delight, priceInPence=1100}], creditCardInformation={creditCardNumber=4946290514866645, creditCardExpiry=12/25, cvv=568}}
2025-01-16T16:58:23.401Z  WARN 26144 --- [PizzaDrone] [           main] u.a.e.i.p.c.ValidateOrderControllerTest  : Skipping order due to missing 'valid' field: {orderNo=60C500AF, orderDate=2025-02-14, orderStatus=VALID, orderValidationCode=NO_ERROR, priceTotalInPence=2400, pizzasInOrder=[{name=R3: Super Cheese, priceInPence=1400}, {name=R3: All Shrooms, priceInPence=900}], creditCardInformation={creditCardNumber=5247893262619612, creditCardExpiry=03/25, cvv=600}}
2025-01-16T16:58:23.401Z  WARN 26144 --- [PizzaDrone] [           main] u.a.e.i.p.c.ValidateOrderControllerTest  : Skipping order due to missing 'valid' field: {orderNo=106922A8, orderDate=2025-02-14, orderStatus=VALID, orderValidationCode=NO_ERROR, priceTotalInPence=2400, pizzasInOrder=[{name=R7: Hot, hotter, the hottest, priceInPence=1400}, {name=R7: All you ever wanted, priceInPence=900}], creditCardInformation={creditCardNumber=2221334687297103, creditCardExpiry=02/26, cvv=003}}
2025-01-16T16:58:23.401Z  WARN 26144 --- [PizzaDrone] [           main] u.a.e.i.p.c.ValidateOrderControllerTest  : Skipping order due to missing 'valid' field: {orderNo=09F1C778, orderDate=2025-02-14, orderStatus=VALID, orderValidationCode=NO_ERROR, priceTotalInPence=2500, pizzasInOrder=[{name=R1: Margarita, priceInPence=1000}, {name=R1: Calzone, priceInPence=1400}], creditCardInformation={creditCardNumber=2720066349400321, creditCardExpiry=03/25, cvv=604}}
2025-01-16T16:58:23.401Z  WARN 26144 --- [PizzaDrone] [           main] u.a.e.i.p.c.ValidateOrderControllerTest  : Skipping order due to missing 'valid' field: {orderNo=0153F928, orderDate=2025-02-14, orderStatus=VALID, orderValidationCode=NO_ERROR, priceTotalInPence=2600, pizzasInOrder=[{name=R2: Meat Lover, priceInPence=1400}, {name=R2: Vegan Delight, priceInPence=1100}], creditCardInformation={creditCardNumber=5335405466487770, creditCardExpiry=04/25, cvv=736}}
2025-01-16T16:58:23.401Z  WARN 26144 --- [PizzaDrone] [           main] u.a.e.i.p.c.ValidateOrderControllerTest  : Skipping order due to missing 'valid' field: {orderNo=2414BDAB, orderDate=2025-02-14, orderStatus=VALID, orderValidationCode=NO_ERROR, priceTotalInPence=2400, pizzasInOrder=[{name=R3: Super Cheese, priceInPence=1400}, {name=R3: All Shrooms, priceInPence=900}], creditCardInformation={creditCardNumber=5198435232034321, creditCardExpiry=01/26, cvv=342}}
2025-01-16T16:58:23.401Z  WARN 26144 --- [PizzaDrone] [           main] u.a.e.i.p.c.ValidateOrderControllerTest  : Skipping order due to missing 'valid' field: {orderNo=50F62347, orderDate=2025-02-14, orderStatus=VALID, orderValidationCode=NO_ERROR, priceTotalInPence=2400, pizzasInOrder=[{name=R7: Hot, hotter, the hottest, priceInPence=1400}, {name=R7: All you ever wanted, priceInPence=900}], creditCardInformation={creditCardNumber=5516090689943626, creditCardExpiry=03/25, cvv=594}}
2025-01-16T16:58:23.401Z  WARN 26144 --- [PizzaDrone] [           main] u.a.e.i.p.c.ValidateOrderControllerTest  : Skipping order due to missing 'valid' field: {orderNo=4F96D11B, orderDate=2025-02-14, orderStatus=VALID, orderValidationCode=NO_ERROR, priceTotalInPence=2500, pizzasInOrder=[{name=R1: Margarita, priceInPence=1000}, {name=R1: Calzone, priceInPence=1400}], creditCardInformation={creditCardNumber=5333492834226132, creditCardExpiry=03/26, cvv=675}}
2025-01-16T16:58:23.401Z  WARN 26144 --- [PizzaDrone] [           main] u.a.e.i.p.c.ValidateOrderControllerTest  : Skipping order due to missing 'valid' field: {orderNo=0E2497DB, orderDate=2025-02-14, orderStatus=VALID, orderValidationCode=NO_ERROR, priceTotalInPence=2600, pizzasInOrder=[{name=R2: Meat Lover, priceInPence=1400}, {name=R2: Vegan Delight, priceInPence=1100}], creditCardInformation={creditCardNumber=4084287391355231, creditCardExpiry=06/25, cvv=058}}
]]></system-out>
  </testcase>
</testsuite>